C:\Program Files (x86)\한국정보화진흥원\KW3C 2.0\onsgmls.exe:E:\git project\foodSen\foodSen\&DTDS\foodSen\git project\foodSen\foodSen\WebContent\WEB-INF\lib\org.springframework.web.struts-3.0.5.RELEASE.jar.txt:1:0:554664300.46:E: character "P" not allowed in prolog
C:\Program Files (x86)\한국정보화진흥원\KW3C 2.0\onsgmls.exe:E:\git project\foodSen\foodSen\&DTDS\foodSen\git project\foodSen\foodSen\WebContent\WEB-INF\lib\org.springframework.web.struts-3.0.5.RELEASE.jar.txt:5:0:554664300.46:E: character "뢞" not allowed in prolog
C:\Program Files (x86)\한국정보화진흥원\KW3C 2.0\onsgmls.exe:E:\git project\foodSen\foodSen\&DTDS\foodSen\git project\foodSen\foodSen\WebContent\WEB-INF\lib\org.springframework.web.struts-3.0.5.RELEASE.jar.txt:9:5:554664300.46:E: character "톪" not allowed in prolog
C:\Program Files (x86)\한국정보화진흥원\KW3C 2.0\onsgmls.exe:E:\git project\foodSen\foodSen\&DTDS\foodSen\git project\foodSen\foodSen\WebContent\WEB-INF\lib\org.springframework.web.struts-3.0.5.RELEASE.jar.txt:13:3:554664300.139:E: non SGML character number 8
C:\Program Files (x86)\한국정보화진흥원\KW3C 2.0\onsgmls.exe:E:\git project\foodSen\foodSen\&DTDS\foodSen\git project\foodSen\foodSen\WebContent\WEB-INF\lib\org.springframework.web.struts-3.0.5.RELEASE.jar.txt:13:5:554664300.46:E: character "톪" not allowed in prolog
C:\Program Files (x86)\한국정보화진흥원\KW3C 2.0\onsgmls.exe:E:\git project\foodSen\foodSen\&DTDS\foodSen\git project\foodSen\foodSen\WebContent\WEB-INF\lib\org.springframework.web.struts-3.0.5.RELEASE.jar.txt:17:0:554664300.46:E: character "?" not allowed in prolog
C:\Program Files (x86)\한국정보화진흥원\KW3C 2.0\onsgmls.exe:E:\git project\foodSen\foodSen\&DTDS\foodSen\git project\foodSen\foodSen\WebContent\WEB-INF\lib\org.springframework.web.struts-3.0.5.RELEASE.jar.txt:21:0:554664300.139:E: non SGML character number 18
C:\Program Files (x86)\한국정보화진흥원\KW3C 2.0\onsgmls.exe:E:\git project\foodSen\foodSen\&DTDS\foodSen\git project\foodSen\foodSen\WebContent\WEB-INF\lib\org.springframework.web.struts-3.0.5.RELEASE.jar.txt:21:1:554664300.46:E: character "?" not allowed in prolog
C:\Program Files (x86)\한국정보화진흥원\KW3C 2.0\onsgmls.exe:E:\git project\foodSen\foodSen\&DTDS\foodSen\git project\foodSen\foodSen\WebContent\WEB-INF\lib\org.springframework.web.struts-3.0.5.RELEASE.jar.txt:23:1:554664300.46:E: character "|" not allowed in prolog
C:\Program Files (x86)\한국정보화진흥원\KW3C 2.0\onsgmls.exe:E:\git project\foodSen\foodSen\&DTDS\foodSen\git project\foodSen\foodSen\WebContent\WEB-INF\lib\org.springframework.web.struts-3.0.5.RELEASE.jar.txt:26:58:554664300.139:E: non SGML character number 31
C:\Program Files (x86)\한국정보화진흥원\KW3C 2.0\onsgmls.exe:E:\git project\foodSen\foodSen\&DTDS\foodSen\git project\foodSen\foodSen\WebContent\WEB-INF\lib\org.springframework.web.struts-3.0.5.RELEASE.jar.txt:26:60:554664300.139:E: non SGML character number 127
C:\Program Files (x86)\한국정보화진흥원\KW3C 2.0\onsgmls.exe:E:\git project\foodSen\foodSen\&DTDS\foodSen\git project\foodSen\foodSen\WebContent\WEB-INF\lib\org.springframework.web.struts-3.0.5.RELEASE.jar.txt:26:78:554664300.139:E: non SGML character number 12
C:\Program Files (x86)\한국정보화진흥원\KW3C 2.0\onsgmls.exe:E:\git project\foodSen\foodSen\&DTDS\foodSen\git project\foodSen\foodSen\WebContent\WEB-INF\lib\org.springframework.web.struts-3.0.5.RELEASE.jar.txt:26:81:554664300.139:E: non SGML character number 11
C:\Program Files (x86)\한국정보화진흥원\KW3C 2.0\onsgmls.exe:E:\git project\foodSen\foodSen\&DTDS\foodSen\git project\foodSen\foodSen\WebContent\WEB-INF\lib\org.springframework.web.struts-3.0.5.RELEASE.jar.txt:26:83:554664300.139:E: non SGML character number 26
C:\Program Files (x86)\한국정보화진흥원\KW3C 2.0\onsgmls.exe:E:\git project\foodSen\foodSen\&DTDS\foodSen\git project\foodSen\foodSen\WebContent\WEB-INF\lib\org.springframework.web.struts-3.0.5.RELEASE.jar.txt:26:85:554664300.139:E: non SGML character number 22
C:\Program Files (x86)\한국정보화진흥원\KW3C 2.0\onsgmls.exe:E:\git project\foodSen\foodSen\&DTDS\foodSen\git project\foodSen\foodSen\WebContent\WEB-INF\lib\org.springframework.web.struts-3.0.5.RELEASE.jar.txt:26:87:554664300.139:E: non SGML character number 29
C:\Program Files (x86)\한국정보화진흥원\KW3C 2.0\onsgmls.exe:E:\git project\foodSen\foodSen\&DTDS\foodSen\git project\foodSen\foodSen\WebContent\WEB-INF\lib\org.springframework.web.struts-3.0.5.RELEASE.jar.txt:26:97:554664300.139:E: non SGML character number 12
C:\Program Files (x86)\한국정보화진흥원\KW3C 2.0\onsgmls.exe:E:\git project\foodSen\foodSen\&DTDS\foodSen\git project\foodSen\foodSen\WebContent\WEB-INF\lib\org.springframework.web.struts-3.0.5.RELEASE.jar.txt:26:101:554664300.139:E: non SGML character number 128
C:\Program Files (x86)\한국정보화진흥원\KW3C 2.0\onsgmls.exe:E:\git project\foodSen\foodSen\&DTDS\foodSen\git project\foodSen\foodSen\WebContent\WEB-INF\lib\org.springframework.web.struts-3.0.5.RELEASE.jar.txt:26:103:554664300.139:E: non SGML character number 18
C:\Program Files (x86)\한국정보화진흥원\KW3C 2.0\onsgmls.exe:E:\git project\foodSen\foodSen\&DTDS\foodSen\git project\foodSen\foodSen\WebContent\WEB-INF\lib\org.springframework.web.struts-3.0.5.RELEASE.jar.txt:26:106:554664300.139:E: non SGML character number 8
C:\Program Files (x86)\한국정보화진흥원\KW3C 2.0\onsgmls.exe:E:\git project\foodSen\foodSen\&DTDS\foodSen\git project\foodSen\foodSen\WebContent\WEB-INF\lib\org.springframework.web.struts-3.0.5.RELEASE.jar.txt:26:110:554664300.139:E: non SGML character number 19
C:\Program Files (x86)\한국정보화진흥원\KW3C 2.0\onsgmls.exe:E:\git project\foodSen\foodSen\&DTDS\foodSen\git project\foodSen\foodSen\WebContent\WEB-INF\lib\org.springframework.web.struts-3.0.5.RELEASE.jar.txt:26:112:554664300.139:E: non SGML character number 29
C:\Program Files (x86)\한국정보화진흥원\KW3C 2.0\onsgmls.exe:E:\git project\foodSen\foodSen\&DTDS\foodSen\git project\foodSen\foodSen\WebContent\WEB-INF\lib\org.springframework.web.struts-3.0.5.RELEASE.jar.txt:26:131:554664300.139:E: non SGML character number 19
C:\Program Files (x86)\한국정보화진흥원\KW3C 2.0\onsgmls.exe:E:\git project\foodSen\foodSen\&DTDS\foodSen\git project\foodSen\foodSen\WebContent\WEB-INF\lib\org.springframework.web.struts-3.0.5.RELEASE.jar.txt:26:149:554664300.139:E: non SGML character number 19
C:\Program Files (x86)\한국정보화진흥원\KW3C 2.0\onsgmls.exe:E:\git project\foodSen\foodSen\&DTDS\foodSen\git project\foodSen\foodSen\WebContent\WEB-INF\lib\org.springframework.web.struts-3.0.5.RELEASE.jar.txt:26:150:554664300.139:E: non SGML character number 28
C:\Program Files (x86)\한국정보화진흥원\KW3C 2.0\onsgmls.exe:E:\git project\foodSen\foodSen\&DTDS\foodSen\git project\foodSen\foodSen\WebContent\WEB-INF\lib\org.springframework.web.struts-3.0.5.RELEASE.jar.txt:26:159:554664300.139:E: non SGML character number 11
C:\Program Files (x86)\한국정보화진흥원\KW3C 2.0\onsgmls.exe:E:\git project\foodSen\foodSen\&DTDS\foodSen\git project\foodSen\foodSen\WebContent\WEB-INF\lib\org.springframework.web.struts-3.0.5.RELEASE.jar.txt:26:160:554664300.139:E: non SGML character number 31
C:\Program Files (x86)\한국정보화진흥원\KW3C 2.0\onsgmls.exe:E:\git project\foodSen\foodSen\&DTDS\foodSen\git project\foodSen\foodSen\WebContent\WEB-INF\lib\org.springframework.web.struts-3.0.5.RELEASE.jar.txt:26:199:554664300.139:E: non SGML character number 7
C:\Program Files (x86)\한국정보화진흥원\KW3C 2.0\onsgmls.exe:E:\git project\foodSen\foodSen\&DTDS\foodSen\git project\foodSen\foodSen\WebContent\WEB-INF\lib\org.springframework.web.struts-3.0.5.RELEASE.jar.txt:26:204:554664300.139:E: non SGML character number 2
C:\Program Files (x86)\한국정보화진흥원\KW3C 2.0\onsgmls.exe:E:\git project\foodSen\foodSen\&DTDS\foodSen\git project\foodSen\foodSen\WebContent\WEB-INF\lib\org.springframework.web.struts-3.0.5.RELEASE.jar.txt:26:205:554664300.139:E: non SGML character number 30
C:\Program Files (x86)\한국정보화진흥원\KW3C 2.0\onsgmls.exe:E:\git project\foodSen\foodSen\&DTDS\foodSen\git project\foodSen\foodSen\WebContent\WEB-INF\lib\org.springframework.web.struts-3.0.5.RELEASE.jar.txt:26:210:554664300.139:E: non SGML character number 15
C:\Program Files (x86)\한국정보화진흥원\KW3C 2.0\onsgmls.exe:E:\git project\foodSen\foodSen\&DTDS\foodSen\git project\foodSen\foodSen\WebContent\WEB-INF\lib\org.springframework.web.struts-3.0.5.RELEASE.jar.txt:26:214:554664300.139:E: non SGML character number 14
C:\Program Files (x86)\한국정보화진흥원\KW3C 2.0\onsgmls.exe:E:\git project\foodSen\foodSen\&DTDS\foodSen\git project\foodSen\foodSen\WebContent\WEB-INF\lib\org.springframework.web.struts-3.0.5.RELEASE.jar.txt:26:216:554664300.139:E: non SGML character number 28
C:\Program Files (x86)\한국정보화진흥원\KW3C 2.0\onsgmls.exe:E:\git project\foodSen\foodSen\&DTDS\foodSen\git project\foodSen\foodSen\WebContent\WEB-INF\lib\org.springframework.web.struts-3.0.5.RELEASE.jar.txt:26:219:554664300.46:E: character "`" not allowed in prolog
C:\Program Files (x86)\한국정보화진흥원\KW3C 2.0\onsgmls.exe:E:\git project\foodSen\foodSen\&DTDS\foodSen\git project\foodSen\foodSen\WebContent\WEB-INF\lib\org.springframework.web.struts-3.0.5.RELEASE.jar.txt:27:21:554664300.46:E: character "o" not allowed in prolog
C:\Program Files (x86)\한국정보화진흥원\KW3C 2.0\onsgmls.exe:E:\git project\foodSen\foodSen\&DTDS\foodSen\git project\foodSen\foodSen\WebContent\WEB-INF\lib\org.springframework.web.struts-3.0.5.RELEASE.jar.txt:28:0:554664300.189:E: this is not an SGML document
C:\Program Files (x86)\한국정보화진흥원\KW3C 2.0\onsgmls.exe:E:\git project\foodSen\foodSen\&DTDS\foodSen\git project\foodSen\foodSen\WebContent\WEB-INF\lib\org.springframework.web.struts-3.0.5.RELEASE.jar.txt:28:0:554664300.154:E: cannot continue because of previous errors
