C:\Program Files (x86)\한국정보화진흥원\KW3C 2.0\onsgmls.exe:E:\git project\foodSen\foodSen\&DTDS\foodSen_view\git project\foodSen\foodSen\WebContent\view\menu3\improvementCaseEdit.jsp.txt:1:0:554664300.46:E: character "<%" not allowed in prolog
C:\Program Files (x86)\한국정보화진흥원\KW3C 2.0\onsgmls.exe:E:\git project\foodSen\foodSen\&DTDS\foodSen_view\git project\foodSen\foodSen\WebContent\view\menu3\improvementCaseEdit.jsp.txt:3:0:554664300.46:E: character "<%" not allowed in prolog
C:\Program Files (x86)\한국정보화진흥원\KW3C 2.0\onsgmls.exe:E:\git project\foodSen\foodSen\&DTDS\foodSen_view\git project\foodSen\foodSen\WebContent\view\menu3\improvementCaseEdit.jsp.txt:4:0:554664300.46:E: character "<%" not allowed in prolog
C:\Program Files (x86)\한국정보화진흥원\KW3C 2.0\onsgmls.exe:E:\git project\foodSen\foodSen\&DTDS\foodSen_view\git project\foodSen\foodSen\WebContent\view\menu3\improvementCaseEdit.jsp.txt:8:0:554664300.435:E: prolog can't be omitted unless CONCUR NO and LINK EXPLICIT NO and either IMPLYDEF ELEMENT YES or IMPLYDEF DOCTYPE YES
C:\Program Files (x86)\한국정보화진흥원\KW3C 2.0\onsgmls.exe:E:\git project\foodSen\foodSen\&DTDS\foodSen_view\git project\foodSen\foodSen\WebContent\view\menu3\improvementCaseEdit.jsp.txt:8:0:554664300.187:E: no document type declaration; will parse without validation
C:\Program Files (x86)\한국정보화진흥원\KW3C 2.0\onsgmls.exe:E:\git project\foodSen\foodSen\&DTDS\foodSen_view\git project\foodSen\foodSen\WebContent\view\menu3\improvementCaseEdit.jsp.txt:9:61:554664300.64:E: document type does not allow element "link" here
C:\Program Files (x86)\한국정보화진흥원\KW3C 2.0\onsgmls.exe:E:\git project\foodSen\foodSen\&DTDS\foodSen_view\git project\foodSen\foodSen\WebContent\view\menu3\improvementCaseEdit.jsp.txt:10:63:554664300.64:E: document type does not allow element "link" here
C:\Program Files (x86)\한국정보화진흥원\KW3C 2.0\onsgmls.exe:E:\git project\foodSen\foodSen\&DTDS\foodSen_view\git project\foodSen\foodSen\WebContent\view\menu3\improvementCaseEdit.jsp.txt:14:30:554664300.64:E: document type does not allow element "script" here
C:\Program Files (x86)\한국정보화진흥원\KW3C 2.0\onsgmls.exe:E:\git project\foodSen\foodSen\&DTDS\foodSen_view\git project\foodSen\foodSen\WebContent\view\menu3\improvementCaseEdit.jsp.txt:153:23:554664300.81:E: character ";" not allowed in attribute specification list
C:\Program Files (x86)\한국정보화진흥원\KW3C 2.0\onsgmls.exe:E:\git project\foodSen\foodSen\&DTDS\foodSen_view\git project\foodSen\foodSen\WebContent\view\menu3\improvementCaseEdit.jsp.txt:162:31:554664300.81:E: character ";" not allowed in attribute specification list
C:\Program Files (x86)\한국정보화진흥원\KW3C 2.0\onsgmls.exe:E:\git project\foodSen\foodSen\&DTDS\foodSen_view\git project\foodSen\foodSen\WebContent\view\menu3\improvementCaseEdit.jsp.txt:183:57:554664300.257:E: an attribute value specification must be an attribute value literal unless SHORTTAG YES is specified
C:\Program Files (x86)\한국정보화진흥원\KW3C 2.0\onsgmls.exe:E:\git project\foodSen\foodSen\&DTDS\foodSen_view\git project\foodSen\foodSen\WebContent\view\menu3\improvementCaseEdit.jsp.txt:183:65:554664300.105:E: an attribute specification must start with a name or name token
C:\Program Files (x86)\한국정보화진흥원\KW3C 2.0\onsgmls.exe:E:\git project\foodSen\foodSen\&DTDS\foodSen_view\git project\foodSen\foodSen\WebContent\view\menu3\improvementCaseEdit.jsp.txt:184:104:554664300.79:E: end tag for element "div" which is not open
C:\Program Files (x86)\한국정보화진흥원\KW3C 2.0\onsgmls.exe:E:\git project\foodSen\foodSen\&DTDS\foodSen_view\git project\foodSen\foodSen\WebContent\view\menu3\improvementCaseEdit.jsp.txt:204:8:554664300.70:E: end tag for "hr" omitted, but OMITTAG NO was specified
C:\Program Files (x86)\한국정보화진흥원\KW3C 2.0\onsgmls.exe:E:\git project\foodSen\foodSen\&DTDS\foodSen_view\git project\foodSen\foodSen\WebContent\view\menu3\improvementCaseEdit.jsp.txt:184:95: start tag was here
C:\Program Files (x86)\한국정보화진흥원\KW3C 2.0\onsgmls.exe:E:\git project\foodSen\foodSen\&DTDS\foodSen_view\git project\foodSen\foodSen\WebContent\view\menu3\improvementCaseEdit.jsp.txt:204:8:554664300.70:E: end tag for "str.length" omitted, but OMITTAG NO was specified
C:\Program Files (x86)\한국정보화진흥원\KW3C 2.0\onsgmls.exe:E:\git project\foodSen\foodSen\&DTDS\foodSen_view\git project\foodSen\foodSen\WebContent\view\menu3\improvementCaseEdit.jsp.txt:162:20: start tag was here
C:\Program Files (x86)\한국정보화진흥원\KW3C 2.0\onsgmls.exe:E:\git project\foodSen\foodSen\&DTDS\foodSen_view\git project\foodSen\foodSen\WebContent\view\menu3\improvementCaseEdit.jsp.txt:204:8:554664300.70:E: end tag for "str.length" omitted, but OMITTAG NO was specified
C:\Program Files (x86)\한국정보화진흥원\KW3C 2.0\onsgmls.exe:E:\git project\foodSen\foodSen\&DTDS\foodSen_view\git project\foodSen\foodSen\WebContent\view\menu3\improvementCaseEdit.jsp.txt:153:12: start tag was here
C:\Program Files (x86)\한국정보화진흥원\KW3C 2.0\onsgmls.exe:E:\git project\foodSen\foodSen\&DTDS\foodSen_view\git project\foodSen\foodSen\WebContent\view\menu3\improvementCaseEdit.jsp.txt:208:19:554664300.64:E: document type does not allow element "div" here
C:\Program Files (x86)\한국정보화진흥원\KW3C 2.0\onsgmls.exe:E:\git project\foodSen\foodSen\&DTDS\foodSen_view\git project\foodSen\foodSen\WebContent\view\menu3\improvementCaseEdit.jsp.txt:337:94:554664300.338:W: cannot generate system identifier for general entity "userinput"
C:\Program Files (x86)\한국정보화진흥원\KW3C 2.0\onsgmls.exe:E:\git project\foodSen\foodSen\&DTDS\foodSen_view\git project\foodSen\foodSen\WebContent\view\menu3\improvementCaseEdit.jsp.txt:337:94:554664300.25:E: general entity "userinput" not defined and no default entity
C:\Program Files (x86)\한국정보화진흥원\KW3C 2.0\onsgmls.exe:E:\git project\foodSen\foodSen\&DTDS\foodSen_view\git project\foodSen\foodSen\WebContent\view\menu3\improvementCaseEdit.jsp.txt:337:103:554664300.325:E: reference to entity "userinput" for which no system identifier could be generated
C:\Program Files (x86)\한국정보화진흥원\KW3C 2.0\onsgmls.exe:E:\git project\foodSen\foodSen\&DTDS\foodSen_view\git project\foodSen\foodSen\WebContent\view\menu3\improvementCaseEdit.jsp.txt:337:93: entity was defined here
C:\Program Files (x86)\한국정보화진흥원\KW3C 2.0\onsgmls.exe:E:\git project\foodSen\foodSen\&DTDS\foodSen_view\git project\foodSen\foodSen\WebContent\view\menu3\improvementCaseEdit.jsp.txt:337:117:554664300.338:W: cannot generate system identifier for general entity "currentPage"
C:\Program Files (x86)\한국정보화진흥원\KW3C 2.0\onsgmls.exe:E:\git project\foodSen\foodSen\&DTDS\foodSen_view\git project\foodSen\foodSen\WebContent\view\menu3\improvementCaseEdit.jsp.txt:337:117:554664300.25:E: general entity "currentPage" not defined and no default entity
C:\Program Files (x86)\한국정보화진흥원\KW3C 2.0\onsgmls.exe:E:\git project\foodSen\foodSen\&DTDS\foodSen_view\git project\foodSen\foodSen\WebContent\view\menu3\improvementCaseEdit.jsp.txt:337:128:554664300.325:E: reference to entity "currentPage" for which no system identifier could be generated
C:\Program Files (x86)\한국정보화진흥원\KW3C 2.0\onsgmls.exe:E:\git project\foodSen\foodSen\&DTDS\foodSen_view\git project\foodSen\foodSen\WebContent\view\menu3\improvementCaseEdit.jsp.txt:337:116: entity was defined here
C:\Program Files (x86)\한국정보화진흥원\KW3C 2.0\onsgmls.exe:E:\git project\foodSen\foodSen\&DTDS\foodSen_view\git project\foodSen\foodSen\WebContent\view\menu3\improvementCaseEdit.jsp.txt:359:45:554664300.64:E: document type does not allow element "jsp:include" here
