C:\Program Files (x86)\한국정보화진흥원\KW3C 2.0\onsgmls.exe:E:\git project\foodSen\foodSen\&DTDS\foodSen\git project\foodSen\foodSen\WebContent\images\sub\safety\sub_stitle_05Off.gif.txt:1:0:554664300.46:E: character "G" not allowed in prolog
C:\Program Files (x86)\한국정보화진흥원\KW3C 2.0\onsgmls.exe:E:\git project\foodSen\foodSen\&DTDS\foodSen\git project\foodSen\foodSen\WebContent\images\sub\safety\sub_stitle_05Off.gif.txt:1:140:554664300.435:E: prolog can't be omitted unless CONCUR NO and LINK EXPLICIT NO and either IMPLYDEF ELEMENT YES or IMPLYDEF DOCTYPE YES
C:\Program Files (x86)\한국정보화진흥원\KW3C 2.0\onsgmls.exe:E:\git project\foodSen\foodSen\&DTDS\foodSen\git project\foodSen\foodSen\WebContent\images\sub\safety\sub_stitle_05Off.gif.txt:1:140:554664300.187:E: no document type declaration; will parse without validation
C:\Program Files (x86)\한국정보화진흥원\KW3C 2.0\onsgmls.exe:E:\git project\foodSen\foodSen\&DTDS\foodSen\git project\foodSen\foodSen\WebContent\images\sub\safety\sub_stitle_05Off.gif.txt:1:866:554664300.139:E: non SGML character number 1
C:\Program Files (x86)\한국정보화진흥원\KW3C 2.0\onsgmls.exe:E:\git project\foodSen\foodSen\&DTDS\foodSen\git project\foodSen\foodSen\WebContent\images\sub\safety\sub_stitle_05Off.gif.txt:1:866:554664300.63:E: character data is not allowed here
C:\Program Files (x86)\한국정보화진흥원\KW3C 2.0\onsgmls.exe:E:\git project\foodSen\foodSen\&DTDS\foodSen\git project\foodSen\foodSen\WebContent\images\sub\safety\sub_stitle_05Off.gif.txt:1:931:554664300.139:E: non SGML character number 128
C:\Program Files (x86)\한국정보화진흥원\KW3C 2.0\onsgmls.exe:E:\git project\foodSen\foodSen\&DTDS\foodSen\git project\foodSen\foodSen\WebContent\images\sub\safety\sub_stitle_05Off.gif.txt:1:932:554664300.139:E: non SGML character number 127
C:\Program Files (x86)\한국정보화진흥원\KW3C 2.0\onsgmls.exe:E:\git project\foodSen\foodSen\&DTDS\foodSen\git project\foodSen\foodSen\WebContent\images\sub\safety\sub_stitle_05Off.gif.txt:1:1028:554664300.139:E: non SGML character number 31
C:\Program Files (x86)\한국정보화진흥원\KW3C 2.0\onsgmls.exe:E:\git project\foodSen\foodSen\&DTDS\foodSen\git project\foodSen\foodSen\WebContent\images\sub\safety\sub_stitle_05Off.gif.txt:1:1029:554664300.139:E: non SGML character number 30
C:\Program Files (x86)\한국정보화진흥원\KW3C 2.0\onsgmls.exe:E:\git project\foodSen\foodSen\&DTDS\foodSen\git project\foodSen\foodSen\WebContent\images\sub\safety\sub_stitle_05Off.gif.txt:1:1030:554664300.139:E: non SGML character number 29
C:\Program Files (x86)\한국정보화진흥원\KW3C 2.0\onsgmls.exe:E:\git project\foodSen\foodSen\&DTDS\foodSen\git project\foodSen\foodSen\WebContent\images\sub\safety\sub_stitle_05Off.gif.txt:1:1031:554664300.139:E: non SGML character number 28
C:\Program Files (x86)\한국정보화진흥원\KW3C 2.0\onsgmls.exe:E:\git project\foodSen\foodSen\&DTDS\foodSen\git project\foodSen\foodSen\WebContent\images\sub\safety\sub_stitle_05Off.gif.txt:1:1032:554664300.139:E: non SGML character number 27
C:\Program Files (x86)\한국정보화진흥원\KW3C 2.0\onsgmls.exe:E:\git project\foodSen\foodSen\&DTDS\foodSen\git project\foodSen\foodSen\WebContent\images\sub\safety\sub_stitle_05Off.gif.txt:1:1033:554664300.139:E: non SGML character number 26
C:\Program Files (x86)\한국정보화진흥원\KW3C 2.0\onsgmls.exe:E:\git project\foodSen\foodSen\&DTDS\foodSen\git project\foodSen\foodSen\WebContent\images\sub\safety\sub_stitle_05Off.gif.txt:1:1034:554664300.139:E: non SGML character number 25
C:\Program Files (x86)\한국정보화진흥원\KW3C 2.0\onsgmls.exe:E:\git project\foodSen\foodSen\&DTDS\foodSen\git project\foodSen\foodSen\WebContent\images\sub\safety\sub_stitle_05Off.gif.txt:1:1035:554664300.139:E: non SGML character number 24
C:\Program Files (x86)\한국정보화진흥원\KW3C 2.0\onsgmls.exe:E:\git project\foodSen\foodSen\&DTDS\foodSen\git project\foodSen\foodSen\WebContent\images\sub\safety\sub_stitle_05Off.gif.txt:1:1036:554664300.139:E: non SGML character number 23
C:\Program Files (x86)\한국정보화진흥원\KW3C 2.0\onsgmls.exe:E:\git project\foodSen\foodSen\&DTDS\foodSen\git project\foodSen\foodSen\WebContent\images\sub\safety\sub_stitle_05Off.gif.txt:1:1037:554664300.139:E: non SGML character number 22
C:\Program Files (x86)\한국정보화진흥원\KW3C 2.0\onsgmls.exe:E:\git project\foodSen\foodSen\&DTDS\foodSen\git project\foodSen\foodSen\WebContent\images\sub\safety\sub_stitle_05Off.gif.txt:1:1038:554664300.139:E: non SGML character number 21
C:\Program Files (x86)\한국정보화진흥원\KW3C 2.0\onsgmls.exe:E:\git project\foodSen\foodSen\&DTDS\foodSen\git project\foodSen\foodSen\WebContent\images\sub\safety\sub_stitle_05Off.gif.txt:1:1039:554664300.139:E: non SGML character number 20
C:\Program Files (x86)\한국정보화진흥원\KW3C 2.0\onsgmls.exe:E:\git project\foodSen\foodSen\&DTDS\foodSen\git project\foodSen\foodSen\WebContent\images\sub\safety\sub_stitle_05Off.gif.txt:1:1040:554664300.139:E: non SGML character number 19
C:\Program Files (x86)\한국정보화진흥원\KW3C 2.0\onsgmls.exe:E:\git project\foodSen\foodSen\&DTDS\foodSen\git project\foodSen\foodSen\WebContent\images\sub\safety\sub_stitle_05Off.gif.txt:1:1041:554664300.139:E: non SGML character number 18
C:\Program Files (x86)\한국정보화진흥원\KW3C 2.0\onsgmls.exe:E:\git project\foodSen\foodSen\&DTDS\foodSen\git project\foodSen\foodSen\WebContent\images\sub\safety\sub_stitle_05Off.gif.txt:1:1042:554664300.139:E: non SGML character number 17
C:\Program Files (x86)\한국정보화진흥원\KW3C 2.0\onsgmls.exe:E:\git project\foodSen\foodSen\&DTDS\foodSen\git project\foodSen\foodSen\WebContent\images\sub\safety\sub_stitle_05Off.gif.txt:1:1043:554664300.139:E: non SGML character number 16
C:\Program Files (x86)\한국정보화진흥원\KW3C 2.0\onsgmls.exe:E:\git project\foodSen\foodSen\&DTDS\foodSen\git project\foodSen\foodSen\WebContent\images\sub\safety\sub_stitle_05Off.gif.txt:1:1044:554664300.139:E: non SGML character number 15
C:\Program Files (x86)\한국정보화진흥원\KW3C 2.0\onsgmls.exe:E:\git project\foodSen\foodSen\&DTDS\foodSen\git project\foodSen\foodSen\WebContent\images\sub\safety\sub_stitle_05Off.gif.txt:1:1045:554664300.139:E: non SGML character number 14
C:\Program Files (x86)\한국정보화진흥원\KW3C 2.0\onsgmls.exe:E:\git project\foodSen\foodSen\&DTDS\foodSen\git project\foodSen\foodSen\WebContent\images\sub\safety\sub_stitle_05Off.gif.txt:1:1046:554664300.139:E: non SGML character number 12
C:\Program Files (x86)\한국정보화진흥원\KW3C 2.0\onsgmls.exe:E:\git project\foodSen\foodSen\&DTDS\foodSen\git project\foodSen\foodSen\WebContent\images\sub\safety\sub_stitle_05Off.gif.txt:1:1047:554664300.139:E: non SGML character number 11
C:\Program Files (x86)\한국정보화진흥원\KW3C 2.0\onsgmls.exe:E:\git project\foodSen\foodSen\&DTDS\foodSen\git project\foodSen\foodSen\WebContent\images\sub\safety\sub_stitle_05Off.gif.txt:2:1:554664300.139:E: non SGML character number 8
C:\Program Files (x86)\한국정보화진흥원\KW3C 2.0\onsgmls.exe:E:\git project\foodSen\foodSen\&DTDS\foodSen\git project\foodSen\foodSen\WebContent\images\sub\safety\sub_stitle_05Off.gif.txt:2:2:554664300.139:E: non SGML character number 7
C:\Program Files (x86)\한국정보화진흥원\KW3C 2.0\onsgmls.exe:E:\git project\foodSen\foodSen\&DTDS\foodSen\git project\foodSen\foodSen\WebContent\images\sub\safety\sub_stitle_05Off.gif.txt:2:3:554664300.139:E: non SGML character number 6
C:\Program Files (x86)\한국정보화진흥원\KW3C 2.0\onsgmls.exe:E:\git project\foodSen\foodSen\&DTDS\foodSen\git project\foodSen\foodSen\WebContent\images\sub\safety\sub_stitle_05Off.gif.txt:2:4:554664300.139:E: non SGML character number 5
C:\Program Files (x86)\한국정보화진흥원\KW3C 2.0\onsgmls.exe:E:\git project\foodSen\foodSen\&DTDS\foodSen\git project\foodSen\foodSen\WebContent\images\sub\safety\sub_stitle_05Off.gif.txt:2:5:554664300.139:E: non SGML character number 4
C:\Program Files (x86)\한국정보화진흥원\KW3C 2.0\onsgmls.exe:E:\git project\foodSen\foodSen\&DTDS\foodSen\git project\foodSen\foodSen\WebContent\images\sub\safety\sub_stitle_05Off.gif.txt:2:6:554664300.139:E: non SGML character number 3
C:\Program Files (x86)\한국정보화진흥원\KW3C 2.0\onsgmls.exe:E:\git project\foodSen\foodSen\&DTDS\foodSen\git project\foodSen\foodSen\WebContent\images\sub\safety\sub_stitle_05Off.gif.txt:2:7:554664300.139:E: non SGML character number 2
C:\Program Files (x86)\한국정보화진흥원\KW3C 2.0\onsgmls.exe:E:\git project\foodSen\foodSen\&DTDS\foodSen\git project\foodSen\foodSen\WebContent\images\sub\safety\sub_stitle_05Off.gif.txt:2:8:554664300.139:E: non SGML character number 1
C:\Program Files (x86)\한국정보화진흥원\KW3C 2.0\onsgmls.exe:E:\git project\foodSen\foodSen\&DTDS\foodSen\git project\foodSen\foodSen\WebContent\images\sub\safety\sub_stitle_05Off.gif.txt:2:27:554664300.139:E: non SGML character number 5
C:\Program Files (x86)\한국정보화진흥원\KW3C 2.0\onsgmls.exe:E:\git project\foodSen\foodSen\&DTDS\foodSen\git project\foodSen\foodSen\WebContent\images\sub\safety\sub_stitle_05Off.gif.txt:2:48:554664300.139:E: non SGML character number 2
C:\Program Files (x86)\한국정보화진흥원\KW3C 2.0\onsgmls.exe:E:\git project\foodSen\foodSen\&DTDS\foodSen\git project\foodSen\foodSen\WebContent\images\sub\safety\sub_stitle_05Off.gif.txt:2:53:554664300.139:E: non SGML character number 26
C:\Program Files (x86)\한국정보화진흥원\KW3C 2.0\onsgmls.exe:E:\git project\foodSen\foodSen\&DTDS\foodSen\git project\foodSen\foodSen\WebContent\images\sub\safety\sub_stitle_05Off.gif.txt:2:82:554664300.139:E: non SGML character number 128
C:\Program Files (x86)\한국정보화진흥원\KW3C 2.0\onsgmls.exe:E:\git project\foodSen\foodSen\&DTDS\foodSen\git project\foodSen\foodSen\WebContent\images\sub\safety\sub_stitle_05Off.gif.txt:2:88:554664300.139:E: non SGML character number 128
C:\Program Files (x86)\한국정보화진흥원\KW3C 2.0\onsgmls.exe:E:\git project\foodSen\foodSen\&DTDS\foodSen\git project\foodSen\foodSen\WebContent\images\sub\safety\sub_stitle_05Off.gif.txt:2:91:554664300.139:E: non SGML character number 5
C:\Program Files (x86)\한국정보화진흥원\KW3C 2.0\onsgmls.exe:E:\git project\foodSen\foodSen\&DTDS\foodSen\git project\foodSen\foodSen\WebContent\images\sub\safety\sub_stitle_05Off.gif.txt:2:92:554664300.139:E: non SGML character number 1
C:\Program Files (x86)\한국정보화진흥원\KW3C 2.0\onsgmls.exe:E:\git project\foodSen\foodSen\&DTDS\foodSen\git project\foodSen\foodSen\WebContent\images\sub\safety\sub_stitle_05Off.gif.txt:2:95:554664300.139:E: non SGML character number 7
C:\Program Files (x86)\한국정보화진흥원\KW3C 2.0\onsgmls.exe:E:\git project\foodSen\foodSen\&DTDS\foodSen\git project\foodSen\foodSen\WebContent\images\sub\safety\sub_stitle_05Off.gif.txt:2:96:554664300.139:E: non SGML character number 7
C:\Program Files (x86)\한국정보화진흥원\KW3C 2.0\onsgmls.exe:E:\git project\foodSen\foodSen\&DTDS\foodSen\git project\foodSen\foodSen\WebContent\images\sub\safety\sub_stitle_05Off.gif.txt:2:99:554664300.139:E: non SGML character number 1
C:\Program Files (x86)\한국정보화진흥원\KW3C 2.0\onsgmls.exe:E:\git project\foodSen\foodSen\&DTDS\foodSen\git project\foodSen\foodSen\WebContent\images\sub\safety\sub_stitle_05Off.gif.txt:2:100:554664300.139:E: non SGML character number 5
C:\Program Files (x86)\한국정보화진흥원\KW3C 2.0\onsgmls.exe:E:\git project\foodSen\foodSen\&DTDS\foodSen\git project\foodSen\foodSen\WebContent\images\sub\safety\sub_stitle_05Off.gif.txt:2:108:554664300.139:E: non SGML character number 7
C:\Program Files (x86)\한국정보화진흥원\KW3C 2.0\onsgmls.exe:E:\git project\foodSen\foodSen\&DTDS\foodSen\git project\foodSen\foodSen\WebContent\images\sub\safety\sub_stitle_05Off.gif.txt:2:109:554664300.139:E: non SGML character number 12
C:\Program Files (x86)\한국정보화진흥원\KW3C 2.0\onsgmls.exe:E:\git project\foodSen\foodSen\&DTDS\foodSen\git project\foodSen\foodSen\WebContent\images\sub\safety\sub_stitle_05Off.gif.txt:2:110:554664300.139:E: non SGML character number 22
C:\Program Files (x86)\한국정보화진흥원\KW3C 2.0\onsgmls.exe:E:\git project\foodSen\foodSen\&DTDS\foodSen\git project\foodSen\foodSen\WebContent\images\sub\safety\sub_stitle_05Off.gif.txt:2:111:554664300.139:E: non SGML character number 12
C:\Program Files (x86)\한국정보화진흥원\KW3C 2.0\onsgmls.exe:E:\git project\foodSen\foodSen\&DTDS\foodSen\git project\foodSen\foodSen\WebContent\images\sub\safety\sub_stitle_05Off.gif.txt:2:113:554664300.139:E: non SGML character number 25
C:\Program Files (x86)\한국정보화진흥원\KW3C 2.0\onsgmls.exe:E:\git project\foodSen\foodSen\&DTDS\foodSen\git project\foodSen\foodSen\WebContent\images\sub\safety\sub_stitle_05Off.gif.txt:2:115:554664300.139:E: non SGML character number 1
C:\Program Files (x86)\한국정보화진흥원\KW3C 2.0\onsgmls.exe:E:\git project\foodSen\foodSen\&DTDS\foodSen\git project\foodSen\foodSen\WebContent\images\sub\safety\sub_stitle_05Off.gif.txt:2:116:554664300.139:E: non SGML character number 8
C:\Program Files (x86)\한국정보화진흥원\KW3C 2.0\onsgmls.exe:E:\git project\foodSen\foodSen\&DTDS\foodSen\git project\foodSen\foodSen\WebContent\images\sub\safety\sub_stitle_05Off.gif.txt:2:118:554664300.139:E: non SGML character number 25
C:\Program Files (x86)\한국정보화진흥원\KW3C 2.0\onsgmls.exe:E:\git project\foodSen\foodSen\&DTDS\foodSen\git project\foodSen\foodSen\WebContent\images\sub\safety\sub_stitle_05Off.gif.txt:2:119:554664300.139:E: non SGML character number 1
C:\Program Files (x86)\한국정보화진흥원\KW3C 2.0\onsgmls.exe:E:\git project\foodSen\foodSen\&DTDS\foodSen\git project\foodSen\foodSen\WebContent\images\sub\safety\sub_stitle_05Off.gif.txt:2:121:554664300.139:E: non SGML character number 4
C:\Program Files (x86)\한국정보화진흥원\KW3C 2.0\onsgmls.exe:E:\git project\foodSen\foodSen\&DTDS\foodSen\git project\foodSen\foodSen\WebContent\images\sub\safety\sub_stitle_05Off.gif.txt:2:124:554664300.139:E: non SGML character number 22
C:\Program Files (x86)\한국정보화진흥원\KW3C 2.0\onsgmls.exe:E:\git project\foodSen\foodSen\&DTDS\foodSen\git project\foodSen\foodSen\WebContent\images\sub\safety\sub_stitle_05Off.gif.txt:2:125:554664300.139:E: non SGML character number 22
C:\Program Files (x86)\한국정보화진흥원\KW3C 2.0\onsgmls.exe:E:\git project\foodSen\foodSen\&DTDS\foodSen\git project\foodSen\foodSen\WebContent\images\sub\safety\sub_stitle_05Off.gif.txt:2:132:554664300.139:E: non SGML character number 25
C:\Program Files (x86)\한국정보화진흥원\KW3C 2.0\onsgmls.exe:E:\git project\foodSen\foodSen\&DTDS\foodSen\git project\foodSen\foodSen\WebContent\images\sub\safety\sub_stitle_05Off.gif.txt:2:134:554664300.253:E: entity reference illegal after document element
C:\Program Files (x86)\한국정보화진흥원\KW3C 2.0\onsgmls.exe:E:\git project\foodSen\foodSen\&DTDS\foodSen\git project\foodSen\foodSen\WebContent\images\sub\safety\sub_stitle_05Off.gif.txt:2:135:554664300.338:W: cannot generate system identifier for general entity "ぞ"
C:\Program Files (x86)\한국정보화진흥원\KW3C 2.0\onsgmls.exe:E:\git project\foodSen\foodSen\&DTDS\foodSen\git project\foodSen\foodSen\WebContent\images\sub\safety\sub_stitle_05Off.gif.txt:2:135:554664300.25:E: general entity "ぞ" not defined and no default entity
C:\Program Files (x86)\한국정보화진흥원\KW3C 2.0\onsgmls.exe:E:\git project\foodSen\foodSen\&DTDS\foodSen\git project\foodSen\foodSen\WebContent\images\sub\safety\sub_stitle_05Off.gif.txt:2:136:554664300.325:E: reference to entity "ぞ" for which no system identifier could be generated
C:\Program Files (x86)\한국정보화진흥원\KW3C 2.0\onsgmls.exe:E:\git project\foodSen\foodSen\&DTDS\foodSen\git project\foodSen\foodSen\WebContent\images\sub\safety\sub_stitle_05Off.gif.txt:2:134: entity was defined here
C:\Program Files (x86)\한국정보화진흥원\KW3C 2.0\onsgmls.exe:E:\git project\foodSen\foodSen\&DTDS\foodSen\git project\foodSen\foodSen\WebContent\images\sub\safety\sub_stitle_05Off.gif.txt:2:136:554664300.139:E: non SGML character number 22
C:\Program Files (x86)\한국정보화진흥원\KW3C 2.0\onsgmls.exe:E:\git project\foodSen\foodSen\&DTDS\foodSen\git project\foodSen\foodSen\WebContent\images\sub\safety\sub_stitle_05Off.gif.txt:2:139:554664300.139:E: non SGML character number 7
C:\Program Files (x86)\한국정보화진흥원\KW3C 2.0\onsgmls.exe:E:\git project\foodSen\foodSen\&DTDS\foodSen\git project\foodSen\foodSen\WebContent\images\sub\safety\sub_stitle_05Off.gif.txt:3:1:554664300.139:E: non SGML character number 25
C:\Program Files (x86)\한국정보화진흥원\KW3C 2.0\onsgmls.exe:E:\git project\foodSen\foodSen\&DTDS\foodSen\git project\foodSen\foodSen\WebContent\images\sub\safety\sub_stitle_05Off.gif.txt:3:3:554664300.139:E: non SGML character number 6
C:\Program Files (x86)\한국정보화진흥원\KW3C 2.0\onsgmls.exe:E:\git project\foodSen\foodSen\&DTDS\foodSen\git project\foodSen\foodSen\WebContent\images\sub\safety\sub_stitle_05Off.gif.txt:3:6:554664300.139:E: non SGML character number 4
C:\Program Files (x86)\한국정보화진흥원\KW3C 2.0\onsgmls.exe:E:\git project\foodSen\foodSen\&DTDS\foodSen\git project\foodSen\foodSen\WebContent\images\sub\safety\sub_stitle_05Off.gif.txt:3:7:554664300.139:E: non SGML character number 1
C:\Program Files (x86)\한국정보화진흥원\KW3C 2.0\onsgmls.exe:E:\git project\foodSen\foodSen\&DTDS\foodSen\git project\foodSen\foodSen\WebContent\images\sub\safety\sub_stitle_05Off.gif.txt:3:13:554664300.139:E: non SGML character number 14
C:\Program Files (x86)\한국정보화진흥원\KW3C 2.0\onsgmls.exe:E:\git project\foodSen\foodSen\&DTDS\foodSen\git project\foodSen\foodSen\WebContent\images\sub\safety\sub_stitle_05Off.gif.txt:3:15:554664300.139:E: non SGML character number 11
C:\Program Files (x86)\한국정보화진흥원\KW3C 2.0\onsgmls.exe:E:\git project\foodSen\foodSen\&DTDS\foodSen\git project\foodSen\foodSen\WebContent\images\sub\safety\sub_stitle_05Off.gif.txt:3:18:554664300.139:E: non SGML character number 15
C:\Program Files (x86)\한국정보화진흥원\KW3C 2.0\onsgmls.exe:E:\git project\foodSen\foodSen\&DTDS\foodSen\git project\foodSen\foodSen\WebContent\images\sub\safety\sub_stitle_05Off.gif.txt:3:22:554664300.139:E: non SGML character number 4
C:\Program Files (x86)\한국정보화진흥원\KW3C 2.0\onsgmls.exe:E:\git project\foodSen\foodSen\&DTDS\foodSen\git project\foodSen\foodSen\WebContent\images\sub\safety\sub_stitle_05Off.gif.txt:3:23:554664300.139:E: non SGML character number 11
C:\Program Files (x86)\한국정보화진흥원\KW3C 2.0\onsgmls.exe:E:\git project\foodSen\foodSen\&DTDS\foodSen\git project\foodSen\foodSen\WebContent\images\sub\safety\sub_stitle_05Off.gif.txt:3:25:554664300.139:E: non SGML character number 12
C:\Program Files (x86)\한국정보화진흥원\KW3C 2.0\onsgmls.exe:E:\git project\foodSen\foodSen\&DTDS\foodSen\git project\foodSen\foodSen\WebContent\images\sub\safety\sub_stitle_05Off.gif.txt:3:26:554664300.139:E: non SGML character number 8
C:\Program Files (x86)\한국정보화진흥원\KW3C 2.0\onsgmls.exe:E:\git project\foodSen\foodSen\&DTDS\foodSen\git project\foodSen\foodSen\WebContent\images\sub\safety\sub_stitle_05Off.gif.txt:3:33:554664300.139:E: non SGML character number 17
C:\Program Files (x86)\한국정보화진흥원\KW3C 2.0\onsgmls.exe:E:\git project\foodSen\foodSen\&DTDS\foodSen\git project\foodSen\foodSen\WebContent\images\sub\safety\sub_stitle_05Off.gif.txt:3:34:554664300.139:E: non SGML character number 11
C:\Program Files (x86)\한국정보화진흥원\KW3C 2.0\onsgmls.exe:E:\git project\foodSen\foodSen\&DTDS\foodSen\git project\foodSen\foodSen\WebContent\images\sub\safety\sub_stitle_05Off.gif.txt:3:43:554664300.139:E: non SGML character number 2
C:\Program Files (x86)\한국정보화진흥원\KW3C 2.0\onsgmls.exe:E:\git project\foodSen\foodSen\&DTDS\foodSen\git project\foodSen\foodSen\WebContent\images\sub\safety\sub_stitle_05Off.gif.txt:3:53:554664300.139:E: non SGML character number 25
C:\Program Files (x86)\한국정보화진흥원\KW3C 2.0\onsgmls.exe:E:\git project\foodSen\foodSen\&DTDS\foodSen\git project\foodSen\foodSen\WebContent\images\sub\safety\sub_stitle_05Off.gif.txt:3:64:554664300.139:E: non SGML character number 24
C:\Program Files (x86)\한국정보화진흥원\KW3C 2.0\onsgmls.exe:E:\git project\foodSen\foodSen\&DTDS\foodSen\git project\foodSen\foodSen\WebContent\images\sub\safety\sub_stitle_05Off.gif.txt:3:66:554664300.139:E: non SGML character number 1
C:\Program Files (x86)\한국정보화진흥원\KW3C 2.0\onsgmls.exe:E:\git project\foodSen\foodSen\&DTDS\foodSen\git project\foodSen\foodSen\WebContent\images\sub\safety\sub_stitle_05Off.gif.txt:3:68:554664300.139:E: non SGML character number 18
C:\Program Files (x86)\한국정보화진흥원\KW3C 2.0\onsgmls.exe:E:\git project\foodSen\foodSen\&DTDS\foodSen\git project\foodSen\foodSen\WebContent\images\sub\safety\sub_stitle_05Off.gif.txt:3:69:554664300.139:E: non SGML character number 26
C:\Program Files (x86)\한국정보화진흥원\KW3C 2.0\onsgmls.exe:E:\git project\foodSen\foodSen\&DTDS\foodSen\git project\foodSen\foodSen\WebContent\images\sub\safety\sub_stitle_05Off.gif.txt:3:81:554664300.139:E: non SGML character number 18
C:\Program Files (x86)\한국정보화진흥원\KW3C 2.0\onsgmls.exe:E:\git project\foodSen\foodSen\&DTDS\foodSen\git project\foodSen\foodSen\WebContent\images\sub\safety\sub_stitle_05Off.gif.txt:3:82:554664300.139:E: non SGML character number 4
C:\Program Files (x86)\한국정보화진흥원\KW3C 2.0\onsgmls.exe:E:\git project\foodSen\foodSen\&DTDS\foodSen\git project\foodSen\foodSen\WebContent\images\sub\safety\sub_stitle_05Off.gif.txt:3:95:554664300.139:E: non SGML character number 8
C:\Program Files (x86)\한국정보화진흥원\KW3C 2.0\onsgmls.exe:E:\git project\foodSen\foodSen\&DTDS\foodSen\git project\foodSen\foodSen\WebContent\images\sub\safety\sub_stitle_05Off.gif.txt:3:105:554664300.139:E: non SGML character number 4
C:\Program Files (x86)\한국정보화진흥원\KW3C 2.0\onsgmls.exe:E:\git project\foodSen\foodSen\&DTDS\foodSen\git project\foodSen\foodSen\WebContent\images\sub\safety\sub_stitle_05Off.gif.txt:3:111:554664300.139:E: non SGML character number 2
C:\Program Files (x86)\한국정보화진흥원\KW3C 2.0\onsgmls.exe:E:\git project\foodSen\foodSen\&DTDS\foodSen\git project\foodSen\foodSen\WebContent\images\sub\safety\sub_stitle_05Off.gif.txt:3:116:554664300.139:E: non SGML character number 23
C:\Program Files (x86)\한국정보화진흥원\KW3C 2.0\onsgmls.exe:E:\git project\foodSen\foodSen\&DTDS\foodSen\git project\foodSen\foodSen\WebContent\images\sub\safety\sub_stitle_05Off.gif.txt:3:117:554664300.139:E: non SGML character number 2
C:\Program Files (x86)\한국정보화진흥원\KW3C 2.0\onsgmls.exe:E:\git project\foodSen\foodSen\&DTDS\foodSen\git project\foodSen\foodSen\WebContent\images\sub\safety\sub_stitle_05Off.gif.txt:3:119:554664300.139:E: non SGML character number 6
C:\Program Files (x86)\한국정보화진흥원\KW3C 2.0\onsgmls.exe:E:\git project\foodSen\foodSen\&DTDS\foodSen\git project\foodSen\foodSen\WebContent\images\sub\safety\sub_stitle_05Off.gif.txt:3:121:554664300.139:E: non SGML character number 16
C:\Program Files (x86)\한국정보화진흥원\KW3C 2.0\onsgmls.exe:E:\git project\foodSen\foodSen\&DTDS\foodSen\git project\foodSen\foodSen\WebContent\images\sub\safety\sub_stitle_05Off.gif.txt:3:132:554664300.139:E: non SGML character number 8
C:\Program Files (x86)\한국정보화진흥원\KW3C 2.0\onsgmls.exe:E:\git project\foodSen\foodSen\&DTDS\foodSen\git project\foodSen\foodSen\WebContent\images\sub\safety\sub_stitle_05Off.gif.txt:3:137:554664300.139:E: non SGML character number 127
C:\Program Files (x86)\한국정보화진흥원\KW3C 2.0\onsgmls.exe:E:\git project\foodSen\foodSen\&DTDS\foodSen\git project\foodSen\foodSen\WebContent\images\sub\safety\sub_stitle_05Off.gif.txt:3:141:554664300.139:E: non SGML character number 1
C:\Program Files (x86)\한국정보화진흥원\KW3C 2.0\onsgmls.exe:E:\git project\foodSen\foodSen\&DTDS\foodSen\git project\foodSen\foodSen\WebContent\images\sub\safety\sub_stitle_05Off.gif.txt:3:142:554664300.139:E: non SGML character number 4
C:\Program Files (x86)\한국정보화진흥원\KW3C 2.0\onsgmls.exe:E:\git project\foodSen\foodSen\&DTDS\foodSen\git project\foodSen\foodSen\WebContent\images\sub\safety\sub_stitle_05Off.gif.txt:3:150:554664300.139:E: non SGML character number 3
C:\Program Files (x86)\한국정보화진흥원\KW3C 2.0\onsgmls.exe:E:\git project\foodSen\foodSen\&DTDS\foodSen\git project\foodSen\foodSen\WebContent\images\sub\safety\sub_stitle_05Off.gif.txt:3:154:554664300.139:E: non SGML character number 28
C:\Program Files (x86)\한국정보화진흥원\KW3C 2.0\onsgmls.exe:E:\git project\foodSen\foodSen\&DTDS\foodSen\git project\foodSen\foodSen\WebContent\images\sub\safety\sub_stitle_05Off.gif.txt:3:162:554664300.139:E: non SGML character number 4
C:\Program Files (x86)\한국정보화진흥원\KW3C 2.0\onsgmls.exe:E:\git project\foodSen\foodSen\&DTDS\foodSen\git project\foodSen\foodSen\WebContent\images\sub\safety\sub_stitle_05Off.gif.txt:3:163:554664300.139:E: non SGML character number 14
C:\Program Files (x86)\한국정보화진흥원\KW3C 2.0\onsgmls.exe:E:\git project\foodSen\foodSen\&DTDS\foodSen\git project\foodSen\foodSen\WebContent\images\sub\safety\sub_stitle_05Off.gif.txt:3:164:554664300.139:E: non SGML character number 14
C:\Program Files (x86)\한국정보화진흥원\KW3C 2.0\onsgmls.exe:E:\git project\foodSen\foodSen\&DTDS\foodSen\git project\foodSen\foodSen\WebContent\images\sub\safety\sub_stitle_05Off.gif.txt:3:165:554664300.139:E: non SGML character number 4
C:\Program Files (x86)\한국정보화진흥원\KW3C 2.0\onsgmls.exe:E:\git project\foodSen\foodSen\&DTDS\foodSen\git project\foodSen\foodSen\WebContent\images\sub\safety\sub_stitle_05Off.gif.txt:3:170:554664300.139:E: non SGML character number 15
C:\Program Files (x86)\한국정보화진흥원\KW3C 2.0\onsgmls.exe:E:\git project\foodSen\foodSen\&DTDS\foodSen\git project\foodSen\foodSen\WebContent\images\sub\safety\sub_stitle_05Off.gif.txt:3:177:554664300.139:E: non SGML character number 29
C:\Program Files (x86)\한국정보화진흥원\KW3C 2.0\onsgmls.exe:E:\git project\foodSen\foodSen\&DTDS\foodSen\git project\foodSen\foodSen\WebContent\images\sub\safety\sub_stitle_05Off.gif.txt:3:192:554664300.139:E: non SGML character number 16
C:\Program Files (x86)\한국정보화진흥원\KW3C 2.0\onsgmls.exe:E:\git project\foodSen\foodSen\&DTDS\foodSen\git project\foodSen\foodSen\WebContent\images\sub\safety\sub_stitle_05Off.gif.txt:3:193:554664300.139:E: non SGML character number 128
C:\Program Files (x86)\한국정보화진흥원\KW3C 2.0\onsgmls.exe:E:\git project\foodSen\foodSen\&DTDS\foodSen\git project\foodSen\foodSen\WebContent\images\sub\safety\sub_stitle_05Off.gif.txt:3:199:554664300.139:E: non SGML character number 28
C:\Program Files (x86)\한국정보화진흥원\KW3C 2.0\onsgmls.exe:E:\git project\foodSen\foodSen\&DTDS\foodSen\git project\foodSen\foodSen\WebContent\images\sub\safety\sub_stitle_05Off.gif.txt:3:204:554664300.139:E: non SGML character number 8
C:\Program Files (x86)\한국정보화진흥원\KW3C 2.0\onsgmls.exe:E:\git project\foodSen\foodSen\&DTDS\foodSen\git project\foodSen\foodSen\WebContent\images\sub\safety\sub_stitle_05Off.gif.txt:3:205:554664300.139:E: non SGML character number 24
C:\Program Files (x86)\한국정보화진흥원\KW3C 2.0\onsgmls.exe:E:\git project\foodSen\foodSen\&DTDS\foodSen\git project\foodSen\foodSen\WebContent\images\sub\safety\sub_stitle_05Off.gif.txt:3:209:554664300.139:E: non SGML character number 1
C:\Program Files (x86)\한국정보화진흥원\KW3C 2.0\onsgmls.exe:E:\git project\foodSen\foodSen\&DTDS\foodSen\git project\foodSen\foodSen\WebContent\images\sub\safety\sub_stitle_05Off.gif.txt:3:217:554664300.139:E: non SGML character number 5
C:\Program Files (x86)\한국정보화진흥원\KW3C 2.0\onsgmls.exe:E:\git project\foodSen\foodSen\&DTDS\foodSen\git project\foodSen\foodSen\WebContent\images\sub\safety\sub_stitle_05Off.gif.txt:3:221:554664300.139:E: non SGML character number 5
C:\Program Files (x86)\한국정보화진흥원\KW3C 2.0\onsgmls.exe:E:\git project\foodSen\foodSen\&DTDS\foodSen\git project\foodSen\foodSen\WebContent\images\sub\safety\sub_stitle_05Off.gif.txt:3:223:554664300.139:E: non SGML character number 24
C:\Program Files (x86)\한국정보화진흥원\KW3C 2.0\onsgmls.exe:E:\git project\foodSen\foodSen\&DTDS\foodSen\git project\foodSen\foodSen\WebContent\images\sub\safety\sub_stitle_05Off.gif.txt:4:2:554664300.139:E: non SGML character number 27
C:\Program Files (x86)\한국정보화진흥원\KW3C 2.0\onsgmls.exe:E:\git project\foodSen\foodSen\&DTDS\foodSen\git project\foodSen\foodSen\WebContent\images\sub\safety\sub_stitle_05Off.gif.txt:4:3:554664300.139:E: non SGML character number 20
C:\Program Files (x86)\한국정보화진흥원\KW3C 2.0\onsgmls.exe:E:\git project\foodSen\foodSen\&DTDS\foodSen\git project\foodSen\foodSen\WebContent\images\sub\safety\sub_stitle_05Off.gif.txt:4:6:554664300.139:E: non SGML character number 1
C:\Program Files (x86)\한국정보화진흥원\KW3C 2.0\onsgmls.exe:E:\git project\foodSen\foodSen\&DTDS\foodSen\git project\foodSen\foodSen\WebContent\images\sub\safety\sub_stitle_05Off.gif.txt:4:8:554664300.139:E: non SGML character number 17
C:\Program Files (x86)\한국정보화진흥원\KW3C 2.0\onsgmls.exe:E:\git project\foodSen\foodSen\&DTDS\foodSen\git project\foodSen\foodSen\WebContent\images\sub\safety\sub_stitle_05Off.gif.txt:4:19:554664300.139:E: non SGML character number 6
C:\Program Files (x86)\한국정보화진흥원\KW3C 2.0\onsgmls.exe:E:\git project\foodSen\foodSen\&DTDS\foodSen\git project\foodSen\foodSen\WebContent\images\sub\safety\sub_stitle_05Off.gif.txt:4:20:554664300.139:E: non SGML character number 128
C:\Program Files (x86)\한국정보화진흥원\KW3C 2.0\onsgmls.exe:E:\git project\foodSen\foodSen\&DTDS\foodSen\git project\foodSen\foodSen\WebContent\images\sub\safety\sub_stitle_05Off.gif.txt:4:27:554664300.139:E: non SGML character number 11
C:\Program Files (x86)\한국정보화진흥원\KW3C 2.0\onsgmls.exe:E:\git project\foodSen\foodSen\&DTDS\foodSen\git project\foodSen\foodSen\WebContent\images\sub\safety\sub_stitle_05Off.gif.txt:4:29:554664300.139:E: non SGML character number 1
C:\Program Files (x86)\한국정보화진흥원\KW3C 2.0\onsgmls.exe:E:\git project\foodSen\foodSen\&DTDS\foodSen\git project\foodSen\foodSen\WebContent\images\sub\safety\sub_stitle_05Off.gif.txt:4:34:554664300.139:E: non SGML character number 11
C:\Program Files (x86)\한국정보화진흥원\KW3C 2.0\onsgmls.exe:E:\git project\foodSen\foodSen\&DTDS\foodSen\git project\foodSen\foodSen\WebContent\images\sub\safety\sub_stitle_05Off.gif.txt:4:45:554664300.139:E: non SGML character number 17
C:\Program Files (x86)\한국정보화진흥원\KW3C 2.0\onsgmls.exe:E:\git project\foodSen\foodSen\&DTDS\foodSen\git project\foodSen\foodSen\WebContent\images\sub\safety\sub_stitle_05Off.gif.txt:4:53:554664300.139:E: non SGML character number 17
C:\Program Files (x86)\한국정보화진흥원\KW3C 2.0\onsgmls.exe:E:\git project\foodSen\foodSen\&DTDS\foodSen\git project\foodSen\foodSen\WebContent\images\sub\safety\sub_stitle_05Off.gif.txt:5:2:554664300.139:E: non SGML character number 8
C:\Program Files (x86)\한국정보화진흥원\KW3C 2.0\onsgmls.exe:E:\git project\foodSen\foodSen\&DTDS\foodSen\git project\foodSen\foodSen\WebContent\images\sub\safety\sub_stitle_05Off.gif.txt:5:6:554664300.139:E: non SGML character number 5
C:\Program Files (x86)\한국정보화진흥원\KW3C 2.0\onsgmls.exe:E:\git project\foodSen\foodSen\&DTDS\foodSen\git project\foodSen\foodSen\WebContent\images\sub\safety\sub_stitle_05Off.gif.txt:5:15:554664300.139:E: non SGML character number 12
C:\Program Files (x86)\한국정보화진흥원\KW3C 2.0\onsgmls.exe:E:\git project\foodSen\foodSen\&DTDS\foodSen\git project\foodSen\foodSen\WebContent\images\sub\safety\sub_stitle_05Off.gif.txt:5:17:554664300.139:E: non SGML character number 12
C:\Program Files (x86)\한국정보화진흥원\KW3C 2.0\onsgmls.exe:E:\git project\foodSen\foodSen\&DTDS\foodSen\git project\foodSen\foodSen\WebContent\images\sub\safety\sub_stitle_05Off.gif.txt:5:26:554664300.253:E: entity reference illegal after document element
C:\Program Files (x86)\한국정보화진흥원\KW3C 2.0\onsgmls.exe:E:\git project\foodSen\foodSen\&DTDS\foodSen\git project\foodSen\foodSen\WebContent\images\sub\safety\sub_stitle_05Off.gif.txt:5:27:554664300.338:W: cannot generate system identifier for general entity "C"
C:\Program Files (x86)\한국정보화진흥원\KW3C 2.0\onsgmls.exe:E:\git project\foodSen\foodSen\&DTDS\foodSen\git project\foodSen\foodSen\WebContent\images\sub\safety\sub_stitle_05Off.gif.txt:5:27:554664300.25:E: general entity "C" not defined and no default entity
C:\Program Files (x86)\한국정보화진흥원\KW3C 2.0\onsgmls.exe:E:\git project\foodSen\foodSen\&DTDS\foodSen\git project\foodSen\foodSen\WebContent\images\sub\safety\sub_stitle_05Off.gif.txt:5:28:554664300.325:E: reference to entity "C" for which no system identifier could be generated
C:\Program Files (x86)\한국정보화진흥원\KW3C 2.0\onsgmls.exe:E:\git project\foodSen\foodSen\&DTDS\foodSen\git project\foodSen\foodSen\WebContent\images\sub\safety\sub_stitle_05Off.gif.txt:5:26: entity was defined here
C:\Program Files (x86)\한국정보화진흥원\KW3C 2.0\onsgmls.exe:E:\git project\foodSen\foodSen\&DTDS\foodSen\git project\foodSen\foodSen\WebContent\images\sub\safety\sub_stitle_05Off.gif.txt:5:28:554664300.139:E: non SGML character number 128
C:\Program Files (x86)\한국정보화진흥원\KW3C 2.0\onsgmls.exe:E:\git project\foodSen\foodSen\&DTDS\foodSen\git project\foodSen\foodSen\WebContent\images\sub\safety\sub_stitle_05Off.gif.txt:5:35:554664300.139:E: non SGML character number 128
C:\Program Files (x86)\한국정보화진흥원\KW3C 2.0\onsgmls.exe:E:\git project\foodSen\foodSen\&DTDS\foodSen\git project\foodSen\foodSen\WebContent\images\sub\safety\sub_stitle_05Off.gif.txt:5:38:554664300.139:E: non SGML character number 128
C:\Program Files (x86)\한국정보화진흥원\KW3C 2.0\onsgmls.exe:E:\git project\foodSen\foodSen\&DTDS\foodSen\git project\foodSen\foodSen\WebContent\images\sub\safety\sub_stitle_05Off.gif.txt:5:43:554664300.139:E: non SGML character number 11
C:\Program Files (x86)\한국정보화진흥원\KW3C 2.0\onsgmls.exe:E:\git project\foodSen\foodSen\&DTDS\foodSen\git project\foodSen\foodSen\WebContent\images\sub\safety\sub_stitle_05Off.gif.txt:5:61:554664300.139:E: non SGML character number 7
C:\Program Files (x86)\한국정보화진흥원\KW3C 2.0\onsgmls.exe:E:\git project\foodSen\foodSen\&DTDS\foodSen\git project\foodSen\foodSen\WebContent\images\sub\safety\sub_stitle_05Off.gif.txt:5:71:554664300.139:E: non SGML character number 8
C:\Program Files (x86)\한국정보화진흥원\KW3C 2.0\onsgmls.exe:E:\git project\foodSen\foodSen\&DTDS\foodSen\git project\foodSen\foodSen\WebContent\images\sub\safety\sub_stitle_05Off.gif.txt:5:73:554664300.139:E: non SGML character number 2
C:\Program Files (x86)\한국정보화진흥원\KW3C 2.0\onsgmls.exe:E:\git project\foodSen\foodSen\&DTDS\foodSen\git project\foodSen\foodSen\WebContent\images\sub\safety\sub_stitle_05Off.gif.txt:5:79:554664300.139:E: non SGML character number 27
C:\Program Files (x86)\한국정보화진흥원\KW3C 2.0\onsgmls.exe:E:\git project\foodSen\foodSen\&DTDS\foodSen\git project\foodSen\foodSen\WebContent\images\sub\safety\sub_stitle_05Off.gif.txt:5:80:554664300.139:E: non SGML character number 4
C:\Program Files (x86)\한국정보화진흥원\KW3C 2.0\onsgmls.exe:E:\git project\foodSen\foodSen\&DTDS\foodSen\git project\foodSen\foodSen\WebContent\images\sub\safety\sub_stitle_05Off.gif.txt:5:83:554664300.139:E: non SGML character number 16
C:\Program Files (x86)\한국정보화진흥원\KW3C 2.0\onsgmls.exe:E:\git project\foodSen\foodSen\&DTDS\foodSen\git project\foodSen\foodSen\WebContent\images\sub\safety\sub_stitle_05Off.gif.txt:5:90:554664300.139:E: non SGML character number 6
C:\Program Files (x86)\한국정보화진흥원\KW3C 2.0\onsgmls.exe:E:\git project\foodSen\foodSen\&DTDS\foodSen\git project\foodSen\foodSen\WebContent\images\sub\safety\sub_stitle_05Off.gif.txt:5:92:554664300.139:E: non SGML character number 21
C:\Program Files (x86)\한국정보화진흥원\KW3C 2.0\onsgmls.exe:E:\git project\foodSen\foodSen\&DTDS\foodSen\git project\foodSen\foodSen\WebContent\images\sub\safety\sub_stitle_05Off.gif.txt:6:6:554664300.139:E: non SGML character number 24
C:\Program Files (x86)\한국정보화진흥원\KW3C 2.0\onsgmls.exe:E:\git project\foodSen\foodSen\&DTDS\foodSen\git project\foodSen\foodSen\WebContent\images\sub\safety\sub_stitle_05Off.gif.txt:6:19:554664300.139:E: non SGML character number 19
C:\Program Files (x86)\한국정보화진흥원\KW3C 2.0\onsgmls.exe:E:\git project\foodSen\foodSen\&DTDS\foodSen\git project\foodSen\foodSen\WebContent\images\sub\safety\sub_stitle_05Off.gif.txt:8:3:554664300.139:E: non SGML character number 11
C:\Program Files (x86)\한국정보화진흥원\KW3C 2.0\onsgmls.exe:E:\git project\foodSen\foodSen\&DTDS\foodSen\git project\foodSen\foodSen\WebContent\images\sub\safety\sub_stitle_05Off.gif.txt:8:10:554664300.139:E: non SGML character number 25
C:\Program Files (x86)\한국정보화진흥원\KW3C 2.0\onsgmls.exe:E:\git project\foodSen\foodSen\&DTDS\foodSen\git project\foodSen\foodSen\WebContent\images\sub\safety\sub_stitle_05Off.gif.txt:8:11:554664300.139:E: non SGML character number 11
C:\Program Files (x86)\한국정보화진흥원\KW3C 2.0\onsgmls.exe:E:\git project\foodSen\foodSen\&DTDS\foodSen\git project\foodSen\foodSen\WebContent\images\sub\safety\sub_stitle_05Off.gif.txt:8:12:554664300.139:E: non SGML character number 29
C:\Program Files (x86)\한국정보화진흥원\KW3C 2.0\onsgmls.exe:E:\git project\foodSen\foodSen\&DTDS\foodSen\git project\foodSen\foodSen\WebContent\images\sub\safety\sub_stitle_05Off.gif.txt:10:16:554664300.139:E: non SGML character number 27
C:\Program Files (x86)\한국정보화진흥원\KW3C 2.0\onsgmls.exe:E:\git project\foodSen\foodSen\&DTDS\foodSen\git project\foodSen\foodSen\WebContent\images\sub\safety\sub_stitle_05Off.gif.txt:10:20:554664300.139:E: non SGML character number 5
C:\Program Files (x86)\한국정보화진흥원\KW3C 2.0\onsgmls.exe:E:\git project\foodSen\foodSen\&DTDS\foodSen\git project\foodSen\foodSen\WebContent\images\sub\safety\sub_stitle_05Off.gif.txt:10:22:554664300.139:E: non SGML character number 6
C:\Program Files (x86)\한국정보화진흥원\KW3C 2.0\onsgmls.exe:E:\git project\foodSen\foodSen\&DTDS\foodSen\git project\foodSen\foodSen\WebContent\images\sub\safety\sub_stitle_05Off.gif.txt:10:25:554664300.139:E: non SGML character number 23
C:\Program Files (x86)\한국정보화진흥원\KW3C 2.0\onsgmls.exe:E:\git project\foodSen\foodSen\&DTDS\foodSen\git project\foodSen\foodSen\WebContent\images\sub\safety\sub_stitle_05Off.gif.txt:10:28:554664300.139:E: non SGML character number 26
C:\Program Files (x86)\한국정보화진흥원\KW3C 2.0\onsgmls.exe:E:\git project\foodSen\foodSen\&DTDS\foodSen\git project\foodSen\foodSen\WebContent\images\sub\safety\sub_stitle_05Off.gif.txt:10:29:554664300.139:E: non SGML character number 24
C:\Program Files (x86)\한국정보화진흥원\KW3C 2.0\onsgmls.exe:E:\git project\foodSen\foodSen\&DTDS\foodSen\git project\foodSen\foodSen\WebContent\images\sub\safety\sub_stitle_05Off.gif.txt:10:35:554664300.139:E: non SGML character number 11
C:\Program Files (x86)\한국정보화진흥원\KW3C 2.0\onsgmls.exe:E:\git project\foodSen\foodSen\&DTDS\foodSen\git project\foodSen\foodSen\WebContent\images\sub\safety\sub_stitle_05Off.gif.txt:10:39:554664300.139:E: non SGML character number 12
C:\Program Files (x86)\한국정보화진흥원\KW3C 2.0\onsgmls.exe:E:\git project\foodSen\foodSen\&DTDS\foodSen\git project\foodSen\foodSen\WebContent\images\sub\safety\sub_stitle_05Off.gif.txt:10:42:554664300.139:E: non SGML character number 20
C:\Program Files (x86)\한국정보화진흥원\KW3C 2.0\onsgmls.exe:E:\git project\foodSen\foodSen\&DTDS\foodSen\git project\foodSen\foodSen\WebContent\images\sub\safety\sub_stitle_05Off.gif.txt:10:48:554664300.139:E: non SGML character number 5
C:\Program Files (x86)\한국정보화진흥원\KW3C 2.0\onsgmls.exe:E:\git project\foodSen\foodSen\&DTDS\foodSen\git project\foodSen\foodSen\WebContent\images\sub\safety\sub_stitle_05Off.gif.txt:10:49:554664300.139:E: non SGML character number 16
C:\Program Files (x86)\한국정보화진흥원\KW3C 2.0\onsgmls.exe:E:\git project\foodSen\foodSen\&DTDS\foodSen\git project\foodSen\foodSen\WebContent\images\sub\safety\sub_stitle_05Off.gif.txt:10:65:554664300.139:E: non SGML character number 4
C:\Program Files (x86)\한국정보화진흥원\KW3C 2.0\onsgmls.exe:E:\git project\foodSen\foodSen\&DTDS\foodSen\git project\foodSen\foodSen\WebContent\images\sub\safety\sub_stitle_05Off.gif.txt:10:69:554664300.139:E: non SGML character number 21
C:\Program Files (x86)\한국정보화진흥원\KW3C 2.0\onsgmls.exe:E:\git project\foodSen\foodSen\&DTDS\foodSen\git project\foodSen\foodSen\WebContent\images\sub\safety\sub_stitle_05Off.gif.txt:10:73:554664300.139:E: non SGML character number 3
C:\Program Files (x86)\한국정보화진흥원\KW3C 2.0\onsgmls.exe:E:\git project\foodSen\foodSen\&DTDS\foodSen\git project\foodSen\foodSen\WebContent\images\sub\safety\sub_stitle_05Off.gif.txt:10:78:554664300.102:E: entity end not allowed in processing instruction
