C:\Program Files (x86)\한국정보화진흥원\KW3C 2.0\onsgmls.exe:E:\git project\foodSen\foodSen\&DTDS\foodSen\git project\foodSen\foodSen\WebContent\images\sub\etc\btn_join_01.gif.txt:1:0:554664300.46:E: character "G" not allowed in prolog
C:\Program Files (x86)\한국정보화진흥원\KW3C 2.0\onsgmls.exe:E:\git project\foodSen\foodSen\&DTDS\foodSen\git project\foodSen\foodSen\WebContent\images\sub\etc\btn_join_01.gif.txt:1:108:554664300.435:E: prolog can't be omitted unless CONCUR NO and LINK EXPLICIT NO and either IMPLYDEF ELEMENT YES or IMPLYDEF DOCTYPE YES
C:\Program Files (x86)\한국정보화진흥원\KW3C 2.0\onsgmls.exe:E:\git project\foodSen\foodSen\&DTDS\foodSen\git project\foodSen\foodSen\WebContent\images\sub\etc\btn_join_01.gif.txt:1:108:554664300.187:E: no document type declaration; will parse without validation
C:\Program Files (x86)\한국정보화진흥원\KW3C 2.0\onsgmls.exe:E:\git project\foodSen\foodSen\&DTDS\foodSen\git project\foodSen\foodSen\WebContent\images\sub\etc\btn_join_01.gif.txt:1:834:554664300.139:E: non SGML character number 1
C:\Program Files (x86)\한국정보화진흥원\KW3C 2.0\onsgmls.exe:E:\git project\foodSen\foodSen\&DTDS\foodSen\git project\foodSen\foodSen\WebContent\images\sub\etc\btn_join_01.gif.txt:1:834:554664300.63:E: character data is not allowed here
C:\Program Files (x86)\한국정보화진흥원\KW3C 2.0\onsgmls.exe:E:\git project\foodSen\foodSen\&DTDS\foodSen\git project\foodSen\foodSen\WebContent\images\sub\etc\btn_join_01.gif.txt:1:899:554664300.139:E: non SGML character number 128
C:\Program Files (x86)\한국정보화진흥원\KW3C 2.0\onsgmls.exe:E:\git project\foodSen\foodSen\&DTDS\foodSen\git project\foodSen\foodSen\WebContent\images\sub\etc\btn_join_01.gif.txt:1:900:554664300.139:E: non SGML character number 127
C:\Program Files (x86)\한국정보화진흥원\KW3C 2.0\onsgmls.exe:E:\git project\foodSen\foodSen\&DTDS\foodSen\git project\foodSen\foodSen\WebContent\images\sub\etc\btn_join_01.gif.txt:1:996:554664300.139:E: non SGML character number 31
C:\Program Files (x86)\한국정보화진흥원\KW3C 2.0\onsgmls.exe:E:\git project\foodSen\foodSen\&DTDS\foodSen\git project\foodSen\foodSen\WebContent\images\sub\etc\btn_join_01.gif.txt:1:997:554664300.139:E: non SGML character number 30
C:\Program Files (x86)\한국정보화진흥원\KW3C 2.0\onsgmls.exe:E:\git project\foodSen\foodSen\&DTDS\foodSen\git project\foodSen\foodSen\WebContent\images\sub\etc\btn_join_01.gif.txt:1:998:554664300.139:E: non SGML character number 29
C:\Program Files (x86)\한국정보화진흥원\KW3C 2.0\onsgmls.exe:E:\git project\foodSen\foodSen\&DTDS\foodSen\git project\foodSen\foodSen\WebContent\images\sub\etc\btn_join_01.gif.txt:1:999:554664300.139:E: non SGML character number 28
C:\Program Files (x86)\한국정보화진흥원\KW3C 2.0\onsgmls.exe:E:\git project\foodSen\foodSen\&DTDS\foodSen\git project\foodSen\foodSen\WebContent\images\sub\etc\btn_join_01.gif.txt:1:1000:554664300.139:E: non SGML character number 27
C:\Program Files (x86)\한국정보화진흥원\KW3C 2.0\onsgmls.exe:E:\git project\foodSen\foodSen\&DTDS\foodSen\git project\foodSen\foodSen\WebContent\images\sub\etc\btn_join_01.gif.txt:1:1001:554664300.139:E: non SGML character number 26
C:\Program Files (x86)\한국정보화진흥원\KW3C 2.0\onsgmls.exe:E:\git project\foodSen\foodSen\&DTDS\foodSen\git project\foodSen\foodSen\WebContent\images\sub\etc\btn_join_01.gif.txt:1:1002:554664300.139:E: non SGML character number 25
C:\Program Files (x86)\한국정보화진흥원\KW3C 2.0\onsgmls.exe:E:\git project\foodSen\foodSen\&DTDS\foodSen\git project\foodSen\foodSen\WebContent\images\sub\etc\btn_join_01.gif.txt:1:1003:554664300.139:E: non SGML character number 24
C:\Program Files (x86)\한국정보화진흥원\KW3C 2.0\onsgmls.exe:E:\git project\foodSen\foodSen\&DTDS\foodSen\git project\foodSen\foodSen\WebContent\images\sub\etc\btn_join_01.gif.txt:1:1004:554664300.139:E: non SGML character number 23
C:\Program Files (x86)\한국정보화진흥원\KW3C 2.0\onsgmls.exe:E:\git project\foodSen\foodSen\&DTDS\foodSen\git project\foodSen\foodSen\WebContent\images\sub\etc\btn_join_01.gif.txt:1:1005:554664300.139:E: non SGML character number 22
C:\Program Files (x86)\한국정보화진흥원\KW3C 2.0\onsgmls.exe:E:\git project\foodSen\foodSen\&DTDS\foodSen\git project\foodSen\foodSen\WebContent\images\sub\etc\btn_join_01.gif.txt:1:1006:554664300.139:E: non SGML character number 21
C:\Program Files (x86)\한국정보화진흥원\KW3C 2.0\onsgmls.exe:E:\git project\foodSen\foodSen\&DTDS\foodSen\git project\foodSen\foodSen\WebContent\images\sub\etc\btn_join_01.gif.txt:1:1007:554664300.139:E: non SGML character number 20
C:\Program Files (x86)\한국정보화진흥원\KW3C 2.0\onsgmls.exe:E:\git project\foodSen\foodSen\&DTDS\foodSen\git project\foodSen\foodSen\WebContent\images\sub\etc\btn_join_01.gif.txt:1:1008:554664300.139:E: non SGML character number 19
C:\Program Files (x86)\한국정보화진흥원\KW3C 2.0\onsgmls.exe:E:\git project\foodSen\foodSen\&DTDS\foodSen\git project\foodSen\foodSen\WebContent\images\sub\etc\btn_join_01.gif.txt:1:1009:554664300.139:E: non SGML character number 18
C:\Program Files (x86)\한국정보화진흥원\KW3C 2.0\onsgmls.exe:E:\git project\foodSen\foodSen\&DTDS\foodSen\git project\foodSen\foodSen\WebContent\images\sub\etc\btn_join_01.gif.txt:1:1010:554664300.139:E: non SGML character number 17
C:\Program Files (x86)\한국정보화진흥원\KW3C 2.0\onsgmls.exe:E:\git project\foodSen\foodSen\&DTDS\foodSen\git project\foodSen\foodSen\WebContent\images\sub\etc\btn_join_01.gif.txt:1:1011:554664300.139:E: non SGML character number 16
C:\Program Files (x86)\한국정보화진흥원\KW3C 2.0\onsgmls.exe:E:\git project\foodSen\foodSen\&DTDS\foodSen\git project\foodSen\foodSen\WebContent\images\sub\etc\btn_join_01.gif.txt:1:1012:554664300.139:E: non SGML character number 15
C:\Program Files (x86)\한국정보화진흥원\KW3C 2.0\onsgmls.exe:E:\git project\foodSen\foodSen\&DTDS\foodSen\git project\foodSen\foodSen\WebContent\images\sub\etc\btn_join_01.gif.txt:1:1013:554664300.139:E: non SGML character number 14
C:\Program Files (x86)\한국정보화진흥원\KW3C 2.0\onsgmls.exe:E:\git project\foodSen\foodSen\&DTDS\foodSen\git project\foodSen\foodSen\WebContent\images\sub\etc\btn_join_01.gif.txt:1:1014:554664300.139:E: non SGML character number 12
C:\Program Files (x86)\한국정보화진흥원\KW3C 2.0\onsgmls.exe:E:\git project\foodSen\foodSen\&DTDS\foodSen\git project\foodSen\foodSen\WebContent\images\sub\etc\btn_join_01.gif.txt:1:1015:554664300.139:E: non SGML character number 11
C:\Program Files (x86)\한국정보화진흥원\KW3C 2.0\onsgmls.exe:E:\git project\foodSen\foodSen\&DTDS\foodSen\git project\foodSen\foodSen\WebContent\images\sub\etc\btn_join_01.gif.txt:2:1:554664300.139:E: non SGML character number 8
C:\Program Files (x86)\한국정보화진흥원\KW3C 2.0\onsgmls.exe:E:\git project\foodSen\foodSen\&DTDS\foodSen\git project\foodSen\foodSen\WebContent\images\sub\etc\btn_join_01.gif.txt:2:2:554664300.139:E: non SGML character number 7
C:\Program Files (x86)\한국정보화진흥원\KW3C 2.0\onsgmls.exe:E:\git project\foodSen\foodSen\&DTDS\foodSen\git project\foodSen\foodSen\WebContent\images\sub\etc\btn_join_01.gif.txt:2:3:554664300.139:E: non SGML character number 6
C:\Program Files (x86)\한국정보화진흥원\KW3C 2.0\onsgmls.exe:E:\git project\foodSen\foodSen\&DTDS\foodSen\git project\foodSen\foodSen\WebContent\images\sub\etc\btn_join_01.gif.txt:2:4:554664300.139:E: non SGML character number 5
C:\Program Files (x86)\한국정보화진흥원\KW3C 2.0\onsgmls.exe:E:\git project\foodSen\foodSen\&DTDS\foodSen\git project\foodSen\foodSen\WebContent\images\sub\etc\btn_join_01.gif.txt:2:5:554664300.139:E: non SGML character number 4
C:\Program Files (x86)\한국정보화진흥원\KW3C 2.0\onsgmls.exe:E:\git project\foodSen\foodSen\&DTDS\foodSen\git project\foodSen\foodSen\WebContent\images\sub\etc\btn_join_01.gif.txt:2:6:554664300.139:E: non SGML character number 3
C:\Program Files (x86)\한국정보화진흥원\KW3C 2.0\onsgmls.exe:E:\git project\foodSen\foodSen\&DTDS\foodSen\git project\foodSen\foodSen\WebContent\images\sub\etc\btn_join_01.gif.txt:2:7:554664300.139:E: non SGML character number 2
C:\Program Files (x86)\한국정보화진흥원\KW3C 2.0\onsgmls.exe:E:\git project\foodSen\foodSen\&DTDS\foodSen\git project\foodSen\foodSen\WebContent\images\sub\etc\btn_join_01.gif.txt:2:8:554664300.139:E: non SGML character number 1
C:\Program Files (x86)\한국정보화진흥원\KW3C 2.0\onsgmls.exe:E:\git project\foodSen\foodSen\&DTDS\foodSen\git project\foodSen\foodSen\WebContent\images\sub\etc\btn_join_01.gif.txt:2:25:554664300.139:E: non SGML character number 26
C:\Program Files (x86)\한국정보화진흥원\KW3C 2.0\onsgmls.exe:E:\git project\foodSen\foodSen\&DTDS\foodSen\git project\foodSen\foodSen\WebContent\images\sub\etc\btn_join_01.gif.txt:2:28:554664300.139:E: non SGML character number 4
C:\Program Files (x86)\한국정보화진흥원\KW3C 2.0\onsgmls.exe:E:\git project\foodSen\foodSen\&DTDS\foodSen\git project\foodSen\foodSen\WebContent\images\sub\etc\btn_join_01.gif.txt:2:63:554664300.139:E: non SGML character number 19
C:\Program Files (x86)\한국정보화진흥원\KW3C 2.0\onsgmls.exe:E:\git project\foodSen\foodSen\&DTDS\foodSen\git project\foodSen\foodSen\WebContent\images\sub\etc\btn_join_01.gif.txt:2:65:554664300.139:E: non SGML character number 29
C:\Program Files (x86)\한국정보화진흥원\KW3C 2.0\onsgmls.exe:E:\git project\foodSen\foodSen\&DTDS\foodSen\git project\foodSen\foodSen\WebContent\images\sub\etc\btn_join_01.gif.txt:2:66:554664300.139:E: non SGML character number 6
C:\Program Files (x86)\한국정보화진흥원\KW3C 2.0\onsgmls.exe:E:\git project\foodSen\foodSen\&DTDS\foodSen\git project\foodSen\foodSen\WebContent\images\sub\etc\btn_join_01.gif.txt:2:69:554664300.139:E: non SGML character number 3
C:\Program Files (x86)\한국정보화진흥원\KW3C 2.0\onsgmls.exe:E:\git project\foodSen\foodSen\&DTDS\foodSen\git project\foodSen\foodSen\WebContent\images\sub\etc\btn_join_01.gif.txt:2:76:554664300.139:E: non SGML character number 127
C:\Program Files (x86)\한국정보화진흥원\KW3C 2.0\onsgmls.exe:E:\git project\foodSen\foodSen\&DTDS\foodSen\git project\foodSen\foodSen\WebContent\images\sub\etc\btn_join_01.gif.txt:2:80:554664300.139:E: non SGML character number 28
C:\Program Files (x86)\한국정보화진흥원\KW3C 2.0\onsgmls.exe:E:\git project\foodSen\foodSen\&DTDS\foodSen\git project\foodSen\foodSen\WebContent\images\sub\etc\btn_join_01.gif.txt:2:86:554664300.139:E: non SGML character number 14
C:\Program Files (x86)\한국정보화진흥원\KW3C 2.0\onsgmls.exe:E:\git project\foodSen\foodSen\&DTDS\foodSen\git project\foodSen\foodSen\WebContent\images\sub\etc\btn_join_01.gif.txt:2:97:554664300.139:E: non SGML character number 128
C:\Program Files (x86)\한국정보화진흥원\KW3C 2.0\onsgmls.exe:E:\git project\foodSen\foodSen\&DTDS\foodSen\git project\foodSen\foodSen\WebContent\images\sub\etc\btn_join_01.gif.txt:2:98:554664300.139:E: non SGML character number 127
C:\Program Files (x86)\한국정보화진흥원\KW3C 2.0\onsgmls.exe:E:\git project\foodSen\foodSen\&DTDS\foodSen\git project\foodSen\foodSen\WebContent\images\sub\etc\btn_join_01.gif.txt:2:100:554664300.139:E: non SGML character number 128
C:\Program Files (x86)\한국정보화진흥원\KW3C 2.0\onsgmls.exe:E:\git project\foodSen\foodSen\&DTDS\foodSen\git project\foodSen\foodSen\WebContent\images\sub\etc\btn_join_01.gif.txt:2:143:554664300.139:E: non SGML character number 7
C:\Program Files (x86)\한국정보화진흥원\KW3C 2.0\onsgmls.exe:E:\git project\foodSen\foodSen\&DTDS\foodSen\git project\foodSen\foodSen\WebContent\images\sub\etc\btn_join_01.gif.txt:2:144:554664300.139:E: non SGML character number 2
C:\Program Files (x86)\한국정보화진흥원\KW3C 2.0\onsgmls.exe:E:\git project\foodSen\foodSen\&DTDS\foodSen\git project\foodSen\foodSen\WebContent\images\sub\etc\btn_join_01.gif.txt:3:1:554664300.139:E: non SGML character number 12
C:\Program Files (x86)\한국정보화진흥원\KW3C 2.0\onsgmls.exe:E:\git project\foodSen\foodSen\&DTDS\foodSen\git project\foodSen\foodSen\WebContent\images\sub\etc\btn_join_01.gif.txt:3:7:554664300.139:E: non SGML character number 4
C:\Program Files (x86)\한국정보화진흥원\KW3C 2.0\onsgmls.exe:E:\git project\foodSen\foodSen\&DTDS\foodSen\git project\foodSen\foodSen\WebContent\images\sub\etc\btn_join_01.gif.txt:3:8:554664300.139:E: non SGML character number 6
C:\Program Files (x86)\한국정보화진흥원\KW3C 2.0\onsgmls.exe:E:\git project\foodSen\foodSen\&DTDS\foodSen\git project\foodSen\foodSen\WebContent\images\sub\etc\btn_join_01.gif.txt:3:11:554664300.139:E: non SGML character number 20
C:\Program Files (x86)\한국정보화진흥원\KW3C 2.0\onsgmls.exe:E:\git project\foodSen\foodSen\&DTDS\foodSen\git project\foodSen\foodSen\WebContent\images\sub\etc\btn_join_01.gif.txt:3:12:554664300.139:E: non SGML character number 7
C:\Program Files (x86)\한국정보화진흥원\KW3C 2.0\onsgmls.exe:E:\git project\foodSen\foodSen\&DTDS\foodSen\git project\foodSen\foodSen\WebContent\images\sub\etc\btn_join_01.gif.txt:3:13:554664300.139:E: non SGML character number 11
C:\Program Files (x86)\한국정보화진흥원\KW3C 2.0\onsgmls.exe:E:\git project\foodSen\foodSen\&DTDS\foodSen\git project\foodSen\foodSen\WebContent\images\sub\etc\btn_join_01.gif.txt:3:20:554664300.139:E: non SGML character number 18
C:\Program Files (x86)\한국정보화진흥원\KW3C 2.0\onsgmls.exe:E:\git project\foodSen\foodSen\&DTDS\foodSen\git project\foodSen\foodSen\WebContent\images\sub\etc\btn_join_01.gif.txt:3:21:554664300.139:E: non SGML character number 17
C:\Program Files (x86)\한국정보화진흥원\KW3C 2.0\onsgmls.exe:E:\git project\foodSen\foodSen\&DTDS\foodSen\git project\foodSen\foodSen\WebContent\images\sub\etc\btn_join_01.gif.txt:3:25:554664300.102:E: entity end not allowed in processing instruction
