C:\Program Files (x86)\한국정보화진흥원\KW3C 2.0\onsgmls.exe:E:\git project\foodSen\foodSen\&DTDS\foodSen HTML\git project\foodSen\foodSen\WebContent\view\member\memberEdit.jsp.txt:1:0:554664300.46:E: character "<%" not allowed in prolog
C:\Program Files (x86)\한국정보화진흥원\KW3C 2.0\onsgmls.exe:E:\git project\foodSen\foodSen\&DTDS\foodSen HTML\git project\foodSen\foodSen\WebContent\view\member\memberEdit.jsp.txt:3:0:554664300.46:E: character "<%" not allowed in prolog
C:\Program Files (x86)\한국정보화진흥원\KW3C 2.0\onsgmls.exe:E:\git project\foodSen\foodSen\&DTDS\foodSen HTML\git project\foodSen\foodSen\WebContent\view\member\memberEdit.jsp.txt:5:0:554664300.435:E: prolog can't be omitted unless CONCUR NO and LINK EXPLICIT NO and either IMPLYDEF ELEMENT YES or IMPLYDEF DOCTYPE YES
C:\Program Files (x86)\한국정보화진흥원\KW3C 2.0\onsgmls.exe:E:\git project\foodSen\foodSen\&DTDS\foodSen HTML\git project\foodSen\foodSen\WebContent\view\member\memberEdit.jsp.txt:5:0:554664300.344:E: no document type declaration; implying "<!DOCTYPE HTML SYSTEM>"
C:\Program Files (x86)\한국정보화진흥원\KW3C 2.0\onsgmls.exe:E:\git project\foodSen\foodSen\&DTDS\foodSen HTML\git project\foodSen\foodSen\WebContent\view\member\memberEdit.jsp.txt:7:8:554664300.139:E: non SGML character number 49688
C:\Program Files (x86)\한국정보화진흥원\KW3C 2.0\onsgmls.exe:E:\git project\foodSen\foodSen\&DTDS\foodSen HTML\git project\foodSen\foodSen\WebContent\view\member\memberEdit.jsp.txt:7:9:554664300.139:E: non SGML character number 51221
C:\Program Files (x86)\한국정보화진흥원\KW3C 2.0\onsgmls.exe:E:\git project\foodSen\foodSen\&DTDS\foodSen HTML\git project\foodSen\foodSen\WebContent\view\member\memberEdit.jsp.txt:7:10:554664300.139:E: non SGML character number 54616
C:\Program Files (x86)\한국정보화진흥원\KW3C 2.0\onsgmls.exe:E:\git project\foodSen\foodSen\&DTDS\foodSen HTML\git project\foodSen\foodSen\WebContent\view\member\memberEdit.jsp.txt:7:11:554664300.139:E: non SGML character number 44592
C:\Program Files (x86)\한국정보화진흥원\KW3C 2.0\onsgmls.exe:E:\git project\foodSen\foodSen\&DTDS\foodSen HTML\git project\foodSen\foodSen\WebContent\view\member\memberEdit.jsp.txt:9:14:554664300.108:E: there is no attribute "TYPE"
C:\Program Files (x86)\한국정보화진흥원\KW3C 2.0\onsgmls.exe:E:\git project\foodSen\foodSen\&DTDS\foodSen HTML\git project\foodSen\foodSen\WebContent\view\member\memberEdit.jsp.txt:9:31:554664300.76:E: element "SCRIPT" undefined
C:\Program Files (x86)\한국정보화진흥원\KW3C 2.0\onsgmls.exe:E:\git project\foodSen\foodSen\&DTDS\foodSen HTML\git project\foodSen\foodSen\WebContent\view\member\memberEdit.jsp.txt:10:9:554664300.139:E: non SGML character number 50976
C:\Program Files (x86)\한국정보화진흥원\KW3C 2.0\onsgmls.exe:E:\git project\foodSen\foodSen\&DTDS\foodSen HTML\git project\foodSen\foodSen\WebContent\view\member\memberEdit.jsp.txt:10:10:554664300.139:E: non SGML character number 54952
C:\Program Files (x86)\한국정보화진흥원\KW3C 2.0\onsgmls.exe:E:\git project\foodSen\foodSen\&DTDS\foodSen HTML\git project\foodSen\foodSen\WebContent\view\member\memberEdit.jsp.txt:10:11:554664300.139:E: non SGML character number 49457
C:\Program Files (x86)\한국정보화진흥원\KW3C 2.0\onsgmls.exe:E:\git project\foodSen\foodSen\&DTDS\foodSen HTML\git project\foodSen\foodSen\WebContent\view\member\memberEdit.jsp.txt:10:12:554664300.139:E: non SGML character number 44160
C:\Program Files (x86)\한국정보화진흥원\KW3C 2.0\onsgmls.exe:E:\git project\foodSen\foodSen\&DTDS\foodSen HTML\git project\foodSen\foodSen\WebContent\view\member\memberEdit.jsp.txt:10:13:554664300.139:E: non SGML character number 49324
C:\Program Files (x86)\한국정보화진흥원\KW3C 2.0\onsgmls.exe:E:\git project\foodSen\foodSen\&DTDS\foodSen HTML\git project\foodSen\foodSen\WebContent\view\member\memberEdit.jsp.txt:15:11:554664300.139:E: non SGML character number 48708
C:\Program Files (x86)\한국정보화진흥원\KW3C 2.0\onsgmls.exe:E:\git project\foodSen\foodSen\&DTDS\foodSen HTML\git project\foodSen\foodSen\WebContent\view\member\memberEdit.jsp.txt:15:12:554664300.139:E: non SGML character number 48128
C:\Program Files (x86)\한국정보화진흥원\KW3C 2.0\onsgmls.exe:E:\git project\foodSen\foodSen\&DTDS\foodSen HTML\git project\foodSen\foodSen\WebContent\view\member\memberEdit.jsp.txt:15:13:554664300.139:E: non SGML character number 48264
C:\Program Files (x86)\한국정보화진흥원\KW3C 2.0\onsgmls.exe:E:\git project\foodSen\foodSen\&DTDS\foodSen HTML\git project\foodSen\foodSen\WebContent\view\member\memberEdit.jsp.txt:15:14:554664300.139:E: non SGML character number 54840
C:\Program Files (x86)\한국정보화진흥원\KW3C 2.0\onsgmls.exe:E:\git project\foodSen\foodSen\&DTDS\foodSen HTML\git project\foodSen\foodSen\WebContent\view\member\memberEdit.jsp.txt:15:15:554664300.139:E: non SGML character number 47484
C:\Program Files (x86)\한국정보화진흥원\KW3C 2.0\onsgmls.exe:E:\git project\foodSen\foodSen\&DTDS\foodSen HTML\git project\foodSen\foodSen\WebContent\view\member\memberEdit.jsp.txt:15:17:554664300.139:E: non SGML character number 51077
C:\Program Files (x86)\한국정보화진흥원\KW3C 2.0\onsgmls.exe:E:\git project\foodSen\foodSen\&DTDS\foodSen HTML\git project\foodSen\foodSen\WebContent\view\member\memberEdit.jsp.txt:15:18:554664300.139:E: non SGML character number 47141
C:\Program Files (x86)\한국정보화진흥원\KW3C 2.0\onsgmls.exe:E:\git project\foodSen\foodSen\&DTDS\foodSen HTML\git project\foodSen\foodSen\WebContent\view\member\memberEdit.jsp.txt:15:19:554664300.139:E: non SGML character number 54644
C:\Program Files (x86)\한국정보화진흥원\KW3C 2.0\onsgmls.exe:E:\git project\foodSen\foodSen\&DTDS\foodSen HTML\git project\foodSen\foodSen\WebContent\view\member\memberEdit.jsp.txt:15:20:554664300.139:E: non SGML character number 51452
C:\Program Files (x86)\한국정보화진흥원\KW3C 2.0\onsgmls.exe:E:\git project\foodSen\foodSen\&DTDS\foodSen HTML\git project\foodSen\foodSen\WebContent\view\member\memberEdit.jsp.txt:15:21:554664300.139:E: non SGML character number 49464
C:\Program Files (x86)\한국정보화진흥원\KW3C 2.0\onsgmls.exe:E:\git project\foodSen\foodSen\&DTDS\foodSen HTML\git project\foodSen\foodSen\WebContent\view\member\memberEdit.jsp.txt:15:22:554664300.139:E: non SGML character number 50836
C:\Program Files (x86)\한국정보화진흥원\KW3C 2.0\onsgmls.exe:E:\git project\foodSen\foodSen\&DTDS\foodSen HTML\git project\foodSen\foodSen\WebContent\view\member\memberEdit.jsp.txt:20:11:554664300.139:E: non SGML character number 54617
C:\Program Files (x86)\한국정보화진흥원\KW3C 2.0\onsgmls.exe:E:\git project\foodSen\foodSen\&DTDS\foodSen HTML\git project\foodSen\foodSen\WebContent\view\member\memberEdit.jsp.txt:20:12:554664300.139:E: non SGML character number 44368
C:\Program Files (x86)\한국정보화진흥원\KW3C 2.0\onsgmls.exe:E:\git project\foodSen\foodSen\&DTDS\foodSen HTML\git project\foodSen\foodSen\WebContent\view\member\memberEdit.jsp.txt:20:13:554664300.139:E: non SGML character number 47749
C:\Program Files (x86)\한국정보화진흥원\KW3C 2.0\onsgmls.exe:E:\git project\foodSen\foodSen\&DTDS\foodSen HTML\git project\foodSen\foodSen\WebContent\view\member\memberEdit.jsp.txt:20:14:554664300.139:E: non SGML character number 51012
C:\Program Files (x86)\한국정보화진흥원\KW3C 2.0\onsgmls.exe:E:\git project\foodSen\foodSen\&DTDS\foodSen HTML\git project\foodSen\foodSen\WebContent\view\member\memberEdit.jsp.txt:20:16:554664300.139:E: non SGML character number 51077
C:\Program Files (x86)\한국정보화진흥원\KW3C 2.0\onsgmls.exe:E:\git project\foodSen\foodSen\&DTDS\foodSen HTML\git project\foodSen\foodSen\WebContent\view\member\memberEdit.jsp.txt:20:17:554664300.139:E: non SGML character number 47141
C:\Program Files (x86)\한국정보화진흥원\KW3C 2.0\onsgmls.exe:E:\git project\foodSen\foodSen\&DTDS\foodSen HTML\git project\foodSen\foodSen\WebContent\view\member\memberEdit.jsp.txt:20:18:554664300.139:E: non SGML character number 54644
C:\Program Files (x86)\한국정보화진흥원\KW3C 2.0\onsgmls.exe:E:\git project\foodSen\foodSen\&DTDS\foodSen HTML\git project\foodSen\foodSen\WebContent\view\member\memberEdit.jsp.txt:20:19:554664300.139:E: non SGML character number 51452
C:\Program Files (x86)\한국정보화진흥원\KW3C 2.0\onsgmls.exe:E:\git project\foodSen\foodSen\&DTDS\foodSen HTML\git project\foodSen\foodSen\WebContent\view\member\memberEdit.jsp.txt:20:20:554664300.139:E: non SGML character number 49464
C:\Program Files (x86)\한국정보화진흥원\KW3C 2.0\onsgmls.exe:E:\git project\foodSen\foodSen\&DTDS\foodSen HTML\git project\foodSen\foodSen\WebContent\view\member\memberEdit.jsp.txt:20:21:554664300.139:E: non SGML character number 50836
C:\Program Files (x86)\한국정보화진흥원\KW3C 2.0\onsgmls.exe:E:\git project\foodSen\foodSen\&DTDS\foodSen HTML\git project\foodSen\foodSen\WebContent\view\member\memberEdit.jsp.txt:25:11:554664300.139:E: non SGML character number 51060
C:\Program Files (x86)\한국정보화진흥원\KW3C 2.0\onsgmls.exe:E:\git project\foodSen\foodSen\&DTDS\foodSen HTML\git project\foodSen\foodSen\WebContent\view\member\memberEdit.jsp.txt:25:12:554664300.139:E: non SGML character number 47700
C:\Program Files (x86)\한국정보화진흥원\KW3C 2.0\onsgmls.exe:E:\git project\foodSen\foodSen\&DTDS\foodSen HTML\git project\foodSen\foodSen\WebContent\view\member\memberEdit.jsp.txt:25:13:554664300.139:E: non SGML character number 51068
C:\Program Files (x86)\한국정보화진흥원\KW3C 2.0\onsgmls.exe:E:\git project\foodSen\foodSen\&DTDS\foodSen HTML\git project\foodSen\foodSen\WebContent\view\member\memberEdit.jsp.txt:25:14:554664300.139:E: non SGML character number 51012
C:\Program Files (x86)\한국정보화진흥원\KW3C 2.0\onsgmls.exe:E:\git project\foodSen\foodSen\&DTDS\foodSen HTML\git project\foodSen\foodSen\WebContent\view\member\memberEdit.jsp.txt:25:16:554664300.139:E: non SGML character number 51077
C:\Program Files (x86)\한국정보화진흥원\KW3C 2.0\onsgmls.exe:E:\git project\foodSen\foodSen\&DTDS\foodSen HTML\git project\foodSen\foodSen\WebContent\view\member\memberEdit.jsp.txt:25:17:554664300.139:E: non SGML character number 47141
C:\Program Files (x86)\한국정보화진흥원\KW3C 2.0\onsgmls.exe:E:\git project\foodSen\foodSen\&DTDS\foodSen HTML\git project\foodSen\foodSen\WebContent\view\member\memberEdit.jsp.txt:25:18:554664300.139:E: non SGML character number 54644
C:\Program Files (x86)\한국정보화진흥원\KW3C 2.0\onsgmls.exe:E:\git project\foodSen\foodSen\&DTDS\foodSen HTML\git project\foodSen\foodSen\WebContent\view\member\memberEdit.jsp.txt:25:19:554664300.139:E: non SGML character number 51452
C:\Program Files (x86)\한국정보화진흥원\KW3C 2.0\onsgmls.exe:E:\git project\foodSen\foodSen\&DTDS\foodSen HTML\git project\foodSen\foodSen\WebContent\view\member\memberEdit.jsp.txt:25:20:554664300.139:E: non SGML character number 49464
C:\Program Files (x86)\한국정보화진흥원\KW3C 2.0\onsgmls.exe:E:\git project\foodSen\foodSen\&DTDS\foodSen HTML\git project\foodSen\foodSen\WebContent\view\member\memberEdit.jsp.txt:25:21:554664300.139:E: non SGML character number 50836
C:\Program Files (x86)\한국정보화진흥원\KW3C 2.0\onsgmls.exe:E:\git project\foodSen\foodSen\&DTDS\foodSen HTML\git project\foodSen\foodSen\WebContent\view\member\memberEdit.jsp.txt:32:4:554664300.139:E: non SGML character number 51060
C:\Program Files (x86)\한국정보화진흥원\KW3C 2.0\onsgmls.exe:E:\git project\foodSen\foodSen\&DTDS\foodSen HTML\git project\foodSen\foodSen\WebContent\view\member\memberEdit.jsp.txt:32:5:554664300.139:E: non SGML character number 47700
C:\Program Files (x86)\한국정보화진흥원\KW3C 2.0\onsgmls.exe:E:\git project\foodSen\foodSen\&DTDS\foodSen HTML\git project\foodSen\foodSen\WebContent\view\member\memberEdit.jsp.txt:32:6:554664300.139:E: non SGML character number 51068
C:\Program Files (x86)\한국정보화진흥원\KW3C 2.0\onsgmls.exe:E:\git project\foodSen\foodSen\&DTDS\foodSen HTML\git project\foodSen\foodSen\WebContent\view\member\memberEdit.jsp.txt:32:7:554664300.139:E: non SGML character number 54805
C:\Program Files (x86)\한국정보화진흥원\KW3C 2.0\onsgmls.exe:E:\git project\foodSen\foodSen\&DTDS\foodSen HTML\git project\foodSen\foodSen\WebContent\view\member\memberEdit.jsp.txt:32:8:554664300.139:E: non SGML character number 49885
C:\Program Files (x86)\한국정보화진흥원\KW3C 2.0\onsgmls.exe:E:\git project\foodSen\foodSen\&DTDS\foodSen HTML\git project\foodSen\foodSen\WebContent\view\member\memberEdit.jsp.txt:32:10:554664300.139:E: non SGML character number 52404
C:\Program Files (x86)\한국정보화진흥원\KW3C 2.0\onsgmls.exe:E:\git project\foodSen\foodSen\&DTDS\foodSen HTML\git project\foodSen\foodSen\WebContent\view\member\memberEdit.jsp.txt:32:11:554664300.139:E: non SGML character number 53356
C:\Program Files (x86)\한국정보화진흥원\KW3C 2.0\onsgmls.exe:E:\git project\foodSen\foodSen\&DTDS\foodSen HTML\git project\foodSen\foodSen\WebContent\view\member\memberEdit.jsp.txt:35:23:554664300.139:E: non SGML character number 51068
C:\Program Files (x86)\한국정보화진흥원\KW3C 2.0\onsgmls.exe:E:\git project\foodSen\foodSen\&DTDS\foodSen HTML\git project\foodSen\foodSen\WebContent\view\member\memberEdit.jsp.txt:35:24:554664300.139:E: non SGML character number 46412
C:\Program Files (x86)\한국정보화진흥원\KW3C 2.0\onsgmls.exe:E:\git project\foodSen\foodSen\&DTDS\foodSen HTML\git project\foodSen\foodSen\WebContent\view\member\memberEdit.jsp.txt:35:25:554664300.139:E: non SGML character number 50752
C:\Program Files (x86)\한국정보화진흥원\KW3C 2.0\onsgmls.exe:E:\git project\foodSen\foodSen\&DTDS\foodSen HTML\git project\foodSen\foodSen\WebContent\view\member\memberEdit.jsp.txt:35:46:554664300.139:E: non SGML character number 51068
C:\Program Files (x86)\한국정보화진흥원\KW3C 2.0\onsgmls.exe:E:\git project\foodSen\foodSen\&DTDS\foodSen HTML\git project\foodSen\foodSen\WebContent\view\member\memberEdit.jsp.txt:35:47:554664300.139:E: non SGML character number 46412
C:\Program Files (x86)\한국정보화진흥원\KW3C 2.0\onsgmls.exe:E:\git project\foodSen\foodSen\&DTDS\foodSen HTML\git project\foodSen\foodSen\WebContent\view\member\memberEdit.jsp.txt:35:48:554664300.139:E: non SGML character number 51032
C:\Program Files (x86)\한국정보화진흥원\KW3C 2.0\onsgmls.exe:E:\git project\foodSen\foodSen\&DTDS\foodSen HTML\git project\foodSen\foodSen\WebContent\view\member\memberEdit.jsp.txt:35:50:554664300.139:E: non SGML character number 54805
C:\Program Files (x86)\한국정보화진흥원\KW3C 2.0\onsgmls.exe:E:\git project\foodSen\foodSen\&DTDS\foodSen HTML\git project\foodSen\foodSen\WebContent\view\member\memberEdit.jsp.txt:35:51:554664300.139:E: non SGML character number 49885
C:\Program Files (x86)\한국정보화진흥원\KW3C 2.0\onsgmls.exe:E:\git project\foodSen\foodSen\&DTDS\foodSen HTML\git project\foodSen\foodSen\WebContent\view\member\memberEdit.jsp.txt:35:53:554664300.139:E: non SGML character number 52404
C:\Program Files (x86)\한국정보화진흥원\KW3C 2.0\onsgmls.exe:E:\git project\foodSen\foodSen\&DTDS\foodSen HTML\git project\foodSen\foodSen\WebContent\view\member\memberEdit.jsp.txt:35:54:554664300.139:E: non SGML character number 53356
C:\Program Files (x86)\한국정보화진흥원\KW3C 2.0\onsgmls.exe:E:\git project\foodSen\foodSen\&DTDS\foodSen HTML\git project\foodSen\foodSen\WebContent\view\member\memberEdit.jsp.txt:37:11:554664300.139:E: non SGML character number 51060
C:\Program Files (x86)\한국정보화진흥원\KW3C 2.0\onsgmls.exe:E:\git project\foodSen\foodSen\&DTDS\foodSen HTML\git project\foodSen\foodSen\WebContent\view\member\memberEdit.jsp.txt:37:12:554664300.139:E: non SGML character number 47700
C:\Program Files (x86)\한국정보화진흥원\KW3C 2.0\onsgmls.exe:E:\git project\foodSen\foodSen\&DTDS\foodSen HTML\git project\foodSen\foodSen\WebContent\view\member\memberEdit.jsp.txt:37:13:554664300.139:E: non SGML character number 51068
C:\Program Files (x86)\한국정보화진흥원\KW3C 2.0\onsgmls.exe:E:\git project\foodSen\foodSen\&DTDS\foodSen HTML\git project\foodSen\foodSen\WebContent\view\member\memberEdit.jsp.txt:37:14:554664300.139:E: non SGML character number 51060
C:\Program Files (x86)\한국정보화진흥원\KW3C 2.0\onsgmls.exe:E:\git project\foodSen\foodSen\&DTDS\foodSen HTML\git project\foodSen\foodSen\WebContent\view\member\memberEdit.jsp.txt:37:16:554664300.139:E: non SGML character number 47582
C:\Program Files (x86)\한국정보화진흥원\KW3C 2.0\onsgmls.exe:E:\git project\foodSen\foodSen\&DTDS\foodSen HTML\git project\foodSen\foodSen\WebContent\view\member\memberEdit.jsp.txt:37:17:554664300.139:E: non SGML character number 51648
C:\Program Files (x86)\한국정보화진흥원\KW3C 2.0\onsgmls.exe:E:\git project\foodSen\foodSen\&DTDS\foodSen HTML\git project\foodSen\foodSen\WebContent\view\member\memberEdit.jsp.txt:37:19:554664300.139:E: non SGML character number 50506
C:\Program Files (x86)\한국정보화진흥원\KW3C 2.0\onsgmls.exe:E:\git project\foodSen\foodSen\&DTDS\foodSen HTML\git project\foodSen\foodSen\WebContent\view\member\memberEdit.jsp.txt:37:20:554664300.139:E: non SGML character number 49845
C:\Program Files (x86)\한국정보화진흥원\KW3C 2.0\onsgmls.exe:E:\git project\foodSen\foodSen\&DTDS\foodSen HTML\git project\foodSen\foodSen\WebContent\view\member\memberEdit.jsp.txt:37:21:554664300.139:E: non SGML character number 45768
C:\Program Files (x86)\한국정보화진흥원\KW3C 2.0\onsgmls.exe:E:\git project\foodSen\foodSen\&DTDS\foodSen HTML\git project\foodSen\foodSen\WebContent\view\member\memberEdit.jsp.txt:37:22:554664300.139:E: non SGML character number 45796
C:\Program Files (x86)\한국정보화진흥원\KW3C 2.0\onsgmls.exe:E:\git project\foodSen\foodSen\&DTDS\foodSen HTML\git project\foodSen\foodSen\WebContent\view\member\memberEdit.jsp.txt:41:4:554664300.139:E: non SGML character number 51204
C:\Program Files (x86)\한국정보화진흥원\KW3C 2.0\onsgmls.exe:E:\git project\foodSen\foodSen\&DTDS\foodSen HTML\git project\foodSen\foodSen\WebContent\view\member\memberEdit.jsp.txt:41:5:554664300.139:E: non SGML character number 54868
C:\Program Files (x86)\한국정보화진흥원\KW3C 2.0\onsgmls.exe:E:\git project\foodSen\foodSen\&DTDS\foodSen HTML\git project\foodSen\foodSen\WebContent\view\member\memberEdit.jsp.txt:41:6:554664300.139:E: non SGML character number 48264
C:\Program Files (x86)\한국정보화진흥원\KW3C 2.0\onsgmls.exe:E:\git project\foodSen\foodSen\&DTDS\foodSen HTML\git project\foodSen\foodSen\WebContent\view\member\memberEdit.jsp.txt:41:7:554664300.139:E: non SGML character number 54840
C:\Program Files (x86)\한국정보화진흥원\KW3C 2.0\onsgmls.exe:E:\git project\foodSen\foodSen\&DTDS\foodSen HTML\git project\foodSen\foodSen\WebContent\view\member\memberEdit.jsp.txt:41:13:554664300.139:E: non SGML character number 51088
C:\Program Files (x86)\한국정보화진흥원\KW3C 2.0\onsgmls.exe:E:\git project\foodSen\foodSen\&DTDS\foodSen HTML\git project\foodSen\foodSen\WebContent\view\member\memberEdit.jsp.txt:41:14:554664300.139:E: non SGML character number 46041
C:\Program Files (x86)\한국정보화진흥원\KW3C 2.0\onsgmls.exe:E:\git project\foodSen\foodSen\&DTDS\foodSen HTML\git project\foodSen\foodSen\WebContent\view\member\memberEdit.jsp.txt:41:15:554664300.139:E: non SGML character number 47560
C:\Program Files (x86)\한국정보화진흥원\KW3C 2.0\onsgmls.exe:E:\git project\foodSen\foodSen\&DTDS\foodSen HTML\git project\foodSen\foodSen\WebContent\view\member\memberEdit.jsp.txt:41:16:554664300.139:E: non SGML character number 49828
C:\Program Files (x86)\한국정보화진흥원\KW3C 2.0\onsgmls.exe:E:\git project\foodSen\foodSen\&DTDS\foodSen HTML\git project\foodSen\foodSen\WebContent\view\member\memberEdit.jsp.txt:41:17:554664300.139:E: non SGML character number 53433
C:\Program Files (x86)\한국정보화진흥원\KW3C 2.0\onsgmls.exe:E:\git project\foodSen\foodSen\&DTDS\foodSen HTML\git project\foodSen\foodSen\WebContent\view\member\memberEdit.jsp.txt:87:5:554664300.139:E: non SGML character number 51204
C:\Program Files (x86)\한국정보화진흥원\KW3C 2.0\onsgmls.exe:E:\git project\foodSen\foodSen\&DTDS\foodSen HTML\git project\foodSen\foodSen\WebContent\view\member\memberEdit.jsp.txt:87:6:554664300.139:E: non SGML character number 54868
C:\Program Files (x86)\한국정보화진흥원\KW3C 2.0\onsgmls.exe:E:\git project\foodSen\foodSen\&DTDS\foodSen HTML\git project\foodSen\foodSen\WebContent\view\member\memberEdit.jsp.txt:87:7:554664300.139:E: non SGML character number 48264
C:\Program Files (x86)\한국정보화진흥원\KW3C 2.0\onsgmls.exe:E:\git project\foodSen\foodSen\&DTDS\foodSen HTML\git project\foodSen\foodSen\WebContent\view\member\memberEdit.jsp.txt:87:8:554664300.139:E: non SGML character number 54840
C:\Program Files (x86)\한국정보화진흥원\KW3C 2.0\onsgmls.exe:E:\git project\foodSen\foodSen\&DTDS\foodSen HTML\git project\foodSen\foodSen\WebContent\view\member\memberEdit.jsp.txt:87:10:554664300.139:E: non SGML character number 51088
C:\Program Files (x86)\한국정보화진흥원\KW3C 2.0\onsgmls.exe:E:\git project\foodSen\foodSen\&DTDS\foodSen HTML\git project\foodSen\foodSen\WebContent\view\member\memberEdit.jsp.txt:87:11:554664300.139:E: non SGML character number 46041
C:\Program Files (x86)\한국정보화진흥원\KW3C 2.0\onsgmls.exe:E:\git project\foodSen\foodSen\&DTDS\foodSen HTML\git project\foodSen\foodSen\WebContent\view\member\memberEdit.jsp.txt:87:12:554664300.139:E: non SGML character number 47560
C:\Program Files (x86)\한국정보화진흥원\KW3C 2.0\onsgmls.exe:E:\git project\foodSen\foodSen\&DTDS\foodSen HTML\git project\foodSen\foodSen\WebContent\view\member\memberEdit.jsp.txt:87:13:554664300.139:E: non SGML character number 49828
C:\Program Files (x86)\한국정보화진흥원\KW3C 2.0\onsgmls.exe:E:\git project\foodSen\foodSen\&DTDS\foodSen HTML\git project\foodSen\foodSen\WebContent\view\member\memberEdit.jsp.txt:87:14:554664300.139:E: non SGML character number 53433
C:\Program Files (x86)\한국정보화진흥원\KW3C 2.0\onsgmls.exe:E:\git project\foodSen\foodSen\&DTDS\foodSen HTML\git project\foodSen\foodSen\WebContent\view\member\memberEdit.jsp.txt:87:16:554664300.139:E: non SGML character number 51333
C:\Program Files (x86)\한국정보화진흥원\KW3C 2.0\onsgmls.exe:E:\git project\foodSen\foodSen\&DTDS\foodSen HTML\git project\foodSen\foodSen\WebContent\view\member\memberEdit.jsp.txt:87:17:554664300.139:E: non SGML character number 47308
C:\Program Files (x86)\한국정보화진흥원\KW3C 2.0\onsgmls.exe:E:\git project\foodSen\foodSen\&DTDS\foodSen HTML\git project\foodSen\foodSen\WebContent\view\member\memberEdit.jsp.txt:93:10:554664300.108:E: there is no attribute "ALIGN"
C:\Program Files (x86)\한국정보화진흥원\KW3C 2.0\onsgmls.exe:E:\git project\foodSen\foodSen\&DTDS\foodSen HTML\git project\foodSen\foodSen\WebContent\view\member\memberEdit.jsp.txt:93:19:554664300.139:E: non SGML character number 44032
C:\Program Files (x86)\한국정보화진흥원\KW3C 2.0\onsgmls.exe:E:\git project\foodSen\foodSen\&DTDS\foodSen HTML\git project\foodSen\foodSen\WebContent\view\member\memberEdit.jsp.txt:93:20:554664300.139:E: non SGML character number 49345
C:\Program Files (x86)\한국정보화진흥원\KW3C 2.0\onsgmls.exe:E:\git project\foodSen\foodSen\&DTDS\foodSen HTML\git project\foodSen\foodSen\WebContent\view\member\memberEdit.jsp.txt:93:22:554664300.139:E: non SGML character number 49436
C:\Program Files (x86)\한국정보화진흥원\KW3C 2.0\onsgmls.exe:E:\git project\foodSen\foodSen\&DTDS\foodSen HTML\git project\foodSen\foodSen\WebContent\view\member\memberEdit.jsp.txt:93:23:554664300.139:E: non SGML character number 50872
C:\Program Files (x86)\한국정보화진흥원\KW3C 2.0\onsgmls.exe:E:\git project\foodSen\foodSen\&DTDS\foodSen HTML\git project\foodSen\foodSen\WebContent\view\member\memberEdit.jsp.txt:93:24:554664300.139:E: non SGML character number 49884
C:\Program Files (x86)\한국정보화진흥원\KW3C 2.0\onsgmls.exe:E:\git project\foodSen\foodSen\&DTDS\foodSen HTML\git project\foodSen\foodSen\WebContent\view\member\memberEdit.jsp.txt:93:25:554664300.139:E: non SGML character number 53945
C:\Program Files (x86)\한국정보화진흥원\KW3C 2.0\onsgmls.exe:E:\git project\foodSen\foodSen\&DTDS\foodSen HTML\git project\foodSen\foodSen\WebContent\view\member\memberEdit.jsp.txt:93:26:554664300.139:E: non SGML character number 48324
C:\Program Files (x86)\한국정보화진흥원\KW3C 2.0\onsgmls.exe:E:\git project\foodSen\foodSen\&DTDS\foodSen HTML\git project\foodSen\foodSen\WebContent\view\member\memberEdit.jsp.txt:93:27:554664300.139:E: non SGML character number 44368
C:\Program Files (x86)\한국정보화진흥원\KW3C 2.0\onsgmls.exe:E:\git project\foodSen\foodSen\&DTDS\foodSen HTML\git project\foodSen\foodSen\WebContent\view\member\memberEdit.jsp.txt:93:28:554664300.139:E: non SGML character number 50977
C:\Program Files (x86)\한국정보화진흥원\KW3C 2.0\onsgmls.exe:E:\git project\foodSen\foodSen\&DTDS\foodSen HTML\git project\foodSen\foodSen\WebContent\view\member\memberEdit.jsp.txt:93:29:554664300.139:E: non SGML character number 52397
C:\Program Files (x86)\한국정보화진흥원\KW3C 2.0\onsgmls.exe:E:\git project\foodSen\foodSen\&DTDS\foodSen HTML\git project\foodSen\foodSen\WebContent\view\member\memberEdit.jsp.txt:93:31:554664300.139:E: non SGML character number 54856
C:\Program Files (x86)\한국정보화진흥원\KW3C 2.0\onsgmls.exe:E:\git project\foodSen\foodSen\&DTDS\foodSen HTML\git project\foodSen\foodSen\WebContent\view\member\memberEdit.jsp.txt:93:32:554664300.139:E: non SGML character number 54168
C:\Program Files (x86)\한국정보화진흥원\KW3C 2.0\onsgmls.exe:E:\git project\foodSen\foodSen\&DTDS\foodSen HTML\git project\foodSen\foodSen\WebContent\view\member\memberEdit.jsp.txt:93:33:554664300.139:E: non SGML character number 51060
C:\Program Files (x86)\한국정보화진흥원\KW3C 2.0\onsgmls.exe:E:\git project\foodSen\foodSen\&DTDS\foodSen HTML\git project\foodSen\foodSen\WebContent\view\member\memberEdit.jsp.txt:93:34:554664300.139:E: non SGML character number 51648
C:\Program Files (x86)\한국정보화진흥원\KW3C 2.0\onsgmls.exe:E:\git project\foodSen\foodSen\&DTDS\foodSen HTML\git project\foodSen\foodSen\WebContent\view\member\memberEdit.jsp.txt:93:36:554664300.139:E: non SGML character number 54924
C:\Program Files (x86)\한국정보화진흥원\KW3C 2.0\onsgmls.exe:E:\git project\foodSen\foodSen\&DTDS\foodSen HTML\git project\foodSen\foodSen\WebContent\view\member\memberEdit.jsp.txt:93:37:554664300.139:E: non SGML character number 50896
C:\Program Files (x86)\한국정보화진흥원\KW3C 2.0\onsgmls.exe:E:\git project\foodSen\foodSen\&DTDS\foodSen HTML\git project\foodSen\foodSen\WebContent\view\member\memberEdit.jsp.txt:93:38:554664300.139:E: non SGML character number 49688
C:\Program Files (x86)\한국정보화진흥원\KW3C 2.0\onsgmls.exe:E:\git project\foodSen\foodSen\&DTDS\foodSen HTML\git project\foodSen\foodSen\WebContent\view\member\memberEdit.jsp.txt:93:39:554664300.139:E: non SGML character number 51221
C:\Program Files (x86)\한국정보화진흥원\KW3C 2.0\onsgmls.exe:E:\git project\foodSen\foodSen\&DTDS\foodSen HTML\git project\foodSen\foodSen\WebContent\view\member\memberEdit.jsp.txt:95:5:554664300.64:E: document type does not allow element "BODY" here
C:\Program Files (x86)\한국정보화진흥원\KW3C 2.0\onsgmls.exe:E:\git project\foodSen\foodSen\&DTDS\foodSen HTML\git project\foodSen\foodSen\WebContent\view\member\memberEdit.jsp.txt:97:11:554664300.108:E: there is no attribute "NAME"
C:\Program Files (x86)\한국정보화진흥원\KW3C 2.0\onsgmls.exe:E:\git project\foodSen\foodSen\&DTDS\foodSen HTML\git project\foodSen\foodSen\WebContent\view\member\memberEdit.jsp.txt:97:83:554664300.108:E: there is no attribute "ONSUBMIT"
C:\Program Files (x86)\한국정보화진흥원\KW3C 2.0\onsgmls.exe:E:\git project\foodSen\foodSen\&DTDS\foodSen HTML\git project\foodSen\foodSen\WebContent\view\member\memberEdit.jsp.txt:99:15:554664300.108:E: there is no attribute "BORDER"
C:\Program Files (x86)\한국정보화진흥원\KW3C 2.0\onsgmls.exe:E:\git project\foodSen\foodSen\&DTDS\foodSen HTML\git project\foodSen\foodSen\WebContent\view\member\memberEdit.jsp.txt:99:25:554664300.108:E: there is no attribute "ALIGN"
C:\Program Files (x86)\한국정보화진흥원\KW3C 2.0\onsgmls.exe:E:\git project\foodSen\foodSen\&DTDS\foodSen HTML\git project\foodSen\foodSen\WebContent\view\member\memberEdit.jsp.txt:99:40:554664300.108:E: there is no attribute "WIDTH"
C:\Program Files (x86)\한국정보화진흥원\KW3C 2.0\onsgmls.exe:E:\git project\foodSen\foodSen\&DTDS\foodSen HTML\git project\foodSen\foodSen\WebContent\view\member\memberEdit.jsp.txt:99:58:554664300.108:E: there is no attribute "BORDERCOLOR"
C:\Program Files (x86)\한국정보화진흥원\KW3C 2.0\onsgmls.exe:E:\git project\foodSen\foodSen\&DTDS\foodSen HTML\git project\foodSen\foodSen\WebContent\view\member\memberEdit.jsp.txt:99:67:554664300.76:E: element "TABLE" undefined
C:\Program Files (x86)\한국정보화진흥원\KW3C 2.0\onsgmls.exe:E:\git project\foodSen\foodSen\&DTDS\foodSen HTML\git project\foodSen\foodSen\WebContent\view\member\memberEdit.jsp.txt:101:7:554664300.139:E: non SGML character number 49464
C:\Program Files (x86)\한국정보화진흥원\KW3C 2.0\onsgmls.exe:E:\git project\foodSen\foodSen\&DTDS\foodSen HTML\git project\foodSen\foodSen\WebContent\view\member\memberEdit.jsp.txt:101:8:554664300.139:E: non SGML character number 49496
C:\Program Files (x86)\한국정보화진흥원\KW3C 2.0\onsgmls.exe:E:\git project\foodSen\foodSen\&DTDS\foodSen HTML\git project\foodSen\foodSen\WebContent\view\member\memberEdit.jsp.txt:101:9:554664300.139:E: non SGML character number 51060
C:\Program Files (x86)\한국정보화진흥원\KW3C 2.0\onsgmls.exe:E:\git project\foodSen\foodSen\&DTDS\foodSen HTML\git project\foodSen\foodSen\WebContent\view\member\memberEdit.jsp.txt:101:11:554664300.139:E: non SGML character number 50630
C:\Program Files (x86)\한국정보화진흥원\KW3C 2.0\onsgmls.exe:E:\git project\foodSen\foodSen\&DTDS\foodSen HTML\git project\foodSen\foodSen\WebContent\view\member\memberEdit.jsp.txt:101:12:554664300.139:E: non SGML character number 45716
C:\Program Files (x86)\한국정보화진흥원\KW3C 2.0\onsgmls.exe:E:\git project\foodSen\foodSen\&DTDS\foodSen HTML\git project\foodSen\foodSen\WebContent\view\member\memberEdit.jsp.txt:101:14:554664300.139:E: non SGML character number 44221
C:\Program Files (x86)\한국정보화진흥원\KW3C 2.0\onsgmls.exe:E:\git project\foodSen\foodSen\&DTDS\foodSen HTML\git project\foodSen\foodSen\WebContent\view\member\memberEdit.jsp.txt:101:15:554664300.139:E: non SGML character number 50864
C:\Program Files (x86)\한국정보화진흥원\KW3C 2.0\onsgmls.exe:E:\git project\foodSen\foodSen\&DTDS\foodSen HTML\git project\foodSen\foodSen\WebContent\view\member\memberEdit.jsp.txt:102:4:554664300.81:E: character ":" not allowed in attribute specification list
C:\Program Files (x86)\한국정보화진흥원\KW3C 2.0\onsgmls.exe:E:\git project\foodSen\foodSen\&DTDS\foodSen HTML\git project\foodSen\foodSen\WebContent\view\member\memberEdit.jsp.txt:102:4:554664300.76:E: element "C" undefined
C:\Program Files (x86)\한국정보화진흥원\KW3C 2.0\onsgmls.exe:E:\git project\foodSen\foodSen\&DTDS\foodSen HTML\git project\foodSen\foodSen\WebContent\view\member\memberEdit.jsp.txt:103:6:554664300.76:E: element "TR" undefined
C:\Program Files (x86)\한국정보화진흥원\KW3C 2.0\onsgmls.exe:E:\git project\foodSen\foodSen\&DTDS\foodSen HTML\git project\foodSen\foodSen\WebContent\view\member\memberEdit.jsp.txt:104:16:554664300.108:E: there is no attribute "COLSPAN"
C:\Program Files (x86)\한국정보화진흥원\KW3C 2.0\onsgmls.exe:E:\git project\foodSen\foodSen\&DTDS\foodSen HTML\git project\foodSen\foodSen\WebContent\view\member\memberEdit.jsp.txt:104:26:554664300.108:E: there is no attribute "ALIGN"
C:\Program Files (x86)\한국정보화진흥원\KW3C 2.0\onsgmls.exe:E:\git project\foodSen\foodSen\&DTDS\foodSen HTML\git project\foodSen\foodSen\WebContent\view\member\memberEdit.jsp.txt:104:34:554664300.76:E: element "TD" undefined
C:\Program Files (x86)\한국정보화진흥원\KW3C 2.0\onsgmls.exe:E:\git project\foodSen\foodSen\&DTDS\foodSen HTML\git project\foodSen\foodSen\WebContent\view\member\memberEdit.jsp.txt:105:5:554664300.139:E: non SGML character number 47196
C:\Program Files (x86)\한국정보화진흥원\KW3C 2.0\onsgmls.exe:E:\git project\foodSen\foodSen\&DTDS\foodSen HTML\git project\foodSen\foodSen\WebContent\view\member\memberEdit.jsp.txt:105:6:554664300.139:E: non SGML character number 44536
C:\Program Files (x86)\한국정보화진흥원\KW3C 2.0\onsgmls.exe:E:\git project\foodSen\foodSen\&DTDS\foodSen HTML\git project\foodSen\foodSen\WebContent\view\member\memberEdit.jsp.txt:105:7:554664300.139:E: non SGML character number 51064
C:\Program Files (x86)\한국정보화진흥원\KW3C 2.0\onsgmls.exe:E:\git project\foodSen\foodSen\&DTDS\foodSen HTML\git project\foodSen\foodSen\WebContent\view\member\memberEdit.jsp.txt:105:9:554664300.139:E: non SGML character number 54980
C:\Program Files (x86)\한국정보화진흥원\KW3C 2.0\onsgmls.exe:E:\git project\foodSen\foodSen\&DTDS\foodSen HTML\git project\foodSen\foodSen\WebContent\view\member\memberEdit.jsp.txt:105:11:554664300.139:E: non SGML character number 51060
C:\Program Files (x86)\한국정보화진흥원\KW3C 2.0\onsgmls.exe:E:\git project\foodSen\foodSen\&DTDS\foodSen HTML\git project\foodSen\foodSen\WebContent\view\member\memberEdit.jsp.txt:105:12:554664300.139:E: non SGML character number 50857
C:\Program Files (x86)\한국정보화진흥원\KW3C 2.0\onsgmls.exe:E:\git project\foodSen\foodSen\&DTDS\foodSen HTML\git project\foodSen\foodSen\WebContent\view\member\memberEdit.jsp.txt:105:13:554664300.139:E: non SGML character number 54644
C:\Program Files (x86)\한국정보화진흥원\KW3C 2.0\onsgmls.exe:E:\git project\foodSen\foodSen\&DTDS\foodSen HTML\git project\foodSen\foodSen\WebContent\view\member\memberEdit.jsp.txt:105:15:554664300.139:E: non SGML character number 51452
C:\Program Files (x86)\한국정보화진흥원\KW3C 2.0\onsgmls.exe:E:\git project\foodSen\foodSen\&DTDS\foodSen HTML\git project\foodSen\foodSen\WebContent\view\member\memberEdit.jsp.txt:105:16:554664300.139:E: non SGML character number 49464
C:\Program Files (x86)\한국정보화진흥원\KW3C 2.0\onsgmls.exe:E:\git project\foodSen\foodSen\&DTDS\foodSen HTML\git project\foodSen\foodSen\WebContent\view\member\memberEdit.jsp.txt:105:17:554664300.139:E: non SGML character number 50836
C:\Program Files (x86)\한국정보화진흥원\KW3C 2.0\onsgmls.exe:E:\git project\foodSen\foodSen\&DTDS\foodSen HTML\git project\foodSen\foodSen\WebContent\view\member\memberEdit.jsp.txt:108:5:554664300.61:E: character ":" not allowed in end tag
C:\Program Files (x86)\한국정보화진흥원\KW3C 2.0\onsgmls.exe:E:\git project\foodSen\foodSen\&DTDS\foodSen HTML\git project\foodSen\foodSen\WebContent\view\member\memberEdit.jsp.txt:109:10:554664300.139:E: non SGML character number 49464
C:\Program Files (x86)\한국정보화진흥원\KW3C 2.0\onsgmls.exe:E:\git project\foodSen\foodSen\&DTDS\foodSen HTML\git project\foodSen\foodSen\WebContent\view\member\memberEdit.jsp.txt:109:11:554664300.139:E: non SGML character number 49496
C:\Program Files (x86)\한국정보화진흥원\KW3C 2.0\onsgmls.exe:E:\git project\foodSen\foodSen\&DTDS\foodSen HTML\git project\foodSen\foodSen\WebContent\view\member\memberEdit.jsp.txt:109:12:554664300.139:E: non SGML character number 51060
C:\Program Files (x86)\한국정보화진흥원\KW3C 2.0\onsgmls.exe:E:\git project\foodSen\foodSen\&DTDS\foodSen HTML\git project\foodSen\foodSen\WebContent\view\member\memberEdit.jsp.txt:109:14:554664300.139:E: non SGML character number 50630
C:\Program Files (x86)\한국정보화진흥원\KW3C 2.0\onsgmls.exe:E:\git project\foodSen\foodSen\&DTDS\foodSen HTML\git project\foodSen\foodSen\WebContent\view\member\memberEdit.jsp.txt:109:15:554664300.139:E: non SGML character number 45716
C:\Program Files (x86)\한국정보화진흥원\KW3C 2.0\onsgmls.exe:E:\git project\foodSen\foodSen\&DTDS\foodSen HTML\git project\foodSen\foodSen\WebContent\view\member\memberEdit.jsp.txt:109:17:554664300.139:E: non SGML character number 44221
C:\Program Files (x86)\한국정보화진흥원\KW3C 2.0\onsgmls.exe:E:\git project\foodSen\foodSen\&DTDS\foodSen HTML\git project\foodSen\foodSen\WebContent\view\member\memberEdit.jsp.txt:109:18:554664300.139:E: non SGML character number 50864
C:\Program Files (x86)\한국정보화진흥원\KW3C 2.0\onsgmls.exe:E:\git project\foodSen\foodSen\&DTDS\foodSen HTML\git project\foodSen\foodSen\WebContent\view\member\memberEdit.jsp.txt:112:7:554664300.139:E: non SGML character number 49464
C:\Program Files (x86)\한국정보화진흥원\KW3C 2.0\onsgmls.exe:E:\git project\foodSen\foodSen\&DTDS\foodSen HTML\git project\foodSen\foodSen\WebContent\view\member\memberEdit.jsp.txt:112:8:554664300.139:E: non SGML character number 49496
C:\Program Files (x86)\한국정보화진흥원\KW3C 2.0\onsgmls.exe:E:\git project\foodSen\foodSen\&DTDS\foodSen HTML\git project\foodSen\foodSen\WebContent\view\member\memberEdit.jsp.txt:112:9:554664300.139:E: non SGML character number 51060
C:\Program Files (x86)\한국정보화진흥원\KW3C 2.0\onsgmls.exe:E:\git project\foodSen\foodSen\&DTDS\foodSen HTML\git project\foodSen\foodSen\WebContent\view\member\memberEdit.jsp.txt:112:11:554664300.139:E: non SGML character number 51080
C:\Program Files (x86)\한국정보화진흥원\KW3C 2.0\onsgmls.exe:E:\git project\foodSen\foodSen\&DTDS\foodSen HTML\git project\foodSen\foodSen\WebContent\view\member\memberEdit.jsp.txt:112:12:554664300.139:E: non SGML character number 45716
C:\Program Files (x86)\한국정보화진흥원\KW3C 2.0\onsgmls.exe:E:\git project\foodSen\foodSen\&DTDS\foodSen HTML\git project\foodSen\foodSen\WebContent\view\member\memberEdit.jsp.txt:112:14:554664300.139:E: non SGML character number 44221
C:\Program Files (x86)\한국정보화진흥원\KW3C 2.0\onsgmls.exe:E:\git project\foodSen\foodSen\&DTDS\foodSen HTML\git project\foodSen\foodSen\WebContent\view\member\memberEdit.jsp.txt:112:15:554664300.139:E: non SGML character number 50864
C:\Program Files (x86)\한국정보화진흥원\KW3C 2.0\onsgmls.exe:E:\git project\foodSen\foodSen\&DTDS\foodSen HTML\git project\foodSen\foodSen\WebContent\view\member\memberEdit.jsp.txt:113:4:554664300.81:E: character ":" not allowed in attribute specification list
C:\Program Files (x86)\한국정보화진흥원\KW3C 2.0\onsgmls.exe:E:\git project\foodSen\foodSen\&DTDS\foodSen HTML\git project\foodSen\foodSen\WebContent\view\member\memberEdit.jsp.txt:113:4:554664300.76:E: element "C" undefined
C:\Program Files (x86)\한국정보화진흥원\KW3C 2.0\onsgmls.exe:E:\git project\foodSen\foodSen\&DTDS\foodSen HTML\git project\foodSen\foodSen\WebContent\view\member\memberEdit.jsp.txt:114:6:554664300.76:E: element "TR" undefined
C:\Program Files (x86)\한국정보화진흥원\KW3C 2.0\onsgmls.exe:E:\git project\foodSen\foodSen\&DTDS\foodSen HTML\git project\foodSen\foodSen\WebContent\view\member\memberEdit.jsp.txt:115:14:554664300.108:E: there is no attribute "WIDTH"
C:\Program Files (x86)\한국정보화진흥원\KW3C 2.0\onsgmls.exe:E:\git project\foodSen\foodSen\&DTDS\foodSen HTML\git project\foodSen\foodSen\WebContent\view\member\memberEdit.jsp.txt:115:27:554664300.108:E: there is no attribute "HEIGHT"
C:\Program Files (x86)\한국정보화진흥원\KW3C 2.0\onsgmls.exe:E:\git project\foodSen\foodSen\&DTDS\foodSen HTML\git project\foodSen\foodSen\WebContent\view\member\memberEdit.jsp.txt:115:44:554664300.76:E: element "TD" undefined
C:\Program Files (x86)\한국정보화진흥원\KW3C 2.0\onsgmls.exe:E:\git project\foodSen\foodSen\&DTDS\foodSen HTML\git project\foodSen\foodSen\WebContent\view\member\memberEdit.jsp.txt:115:45:554664300.139:E: non SGML character number 50500
C:\Program Files (x86)\한국정보화진흥원\KW3C 2.0\onsgmls.exe:E:\git project\foodSen\foodSen\&DTDS\foodSen HTML\git project\foodSen\foodSen\WebContent\view\member\memberEdit.jsp.txt:115:46:554664300.139:E: non SGML character number 51060
C:\Program Files (x86)\한국정보화진흥원\KW3C 2.0\onsgmls.exe:E:\git project\foodSen\foodSen\&DTDS\foodSen HTML\git project\foodSen\foodSen\WebContent\view\member\memberEdit.jsp.txt:115:47:554664300.139:E: non SGML character number 46356
C:\Program Files (x86)\한국정보화진흥원\KW3C 2.0\onsgmls.exe:E:\git project\foodSen\foodSen\&DTDS\foodSen HTML\git project\foodSen\foodSen\WebContent\view\member\memberEdit.jsp.txt:116:43:554664300.76:E: element "TD" undefined
C:\Program Files (x86)\한국정보화진흥원\KW3C 2.0\onsgmls.exe:E:\git project\foodSen\foodSen\&DTDS\foodSen HTML\git project\foodSen\foodSen\WebContent\view\member\memberEdit.jsp.txt:121:6:554664300.76:E: element "TR" undefined
C:\Program Files (x86)\한국정보화진흥원\KW3C 2.0\onsgmls.exe:E:\git project\foodSen\foodSen\&DTDS\foodSen HTML\git project\foodSen\foodSen\WebContent\view\member\memberEdit.jsp.txt:122:44:554664300.76:E: element "TD" undefined
C:\Program Files (x86)\한국정보화진흥원\KW3C 2.0\onsgmls.exe:E:\git project\foodSen\foodSen\&DTDS\foodSen HTML\git project\foodSen\foodSen\WebContent\view\member\memberEdit.jsp.txt:122:45:554664300.139:E: non SGML character number 48708
C:\Program Files (x86)\한국정보화진흥원\KW3C 2.0\onsgmls.exe:E:\git project\foodSen\foodSen\&DTDS\foodSen HTML\git project\foodSen\foodSen\WebContent\view\member\memberEdit.jsp.txt:122:46:554664300.139:E: non SGML character number 48128
C:\Program Files (x86)\한국정보화진흥원\KW3C 2.0\onsgmls.exe:E:\git project\foodSen\foodSen\&DTDS\foodSen HTML\git project\foodSen\foodSen\WebContent\view\member\memberEdit.jsp.txt:122:47:554664300.139:E: non SGML character number 48264
C:\Program Files (x86)\한국정보화진흥원\KW3C 2.0\onsgmls.exe:E:\git project\foodSen\foodSen\&DTDS\foodSen HTML\git project\foodSen\foodSen\WebContent\view\member\memberEdit.jsp.txt:122:48:554664300.139:E: non SGML character number 54840
C:\Program Files (x86)\한국정보화진흥원\KW3C 2.0\onsgmls.exe:E:\git project\foodSen\foodSen\&DTDS\foodSen HTML\git project\foodSen\foodSen\WebContent\view\member\memberEdit.jsp.txt:123:43:554664300.76:E: element "TD" undefined
C:\Program Files (x86)\한국정보화진흥원\KW3C 2.0\onsgmls.exe:E:\git project\foodSen\foodSen\&DTDS\foodSen HTML\git project\foodSen\foodSen\WebContent\view\member\memberEdit.jsp.txt:124:46:554664300.108:E: there is no attribute "ID"
C:\Program Files (x86)\한국정보화진흥원\KW3C 2.0\onsgmls.exe:E:\git project\foodSen\foodSen\&DTDS\foodSen HTML\git project\foodSen\foodSen\WebContent\view\member\memberEdit.jsp.txt:125:17:554664300.108:E: there is no attribute "COLOR"
C:\Program Files (x86)\한국정보화진흥원\KW3C 2.0\onsgmls.exe:E:\git project\foodSen\foodSen\&DTDS\foodSen HTML\git project\foodSen\foodSen\WebContent\view\member\memberEdit.jsp.txt:125:29:554664300.108:E: there is no attribute "SIZE"
C:\Program Files (x86)\한국정보화진흥원\KW3C 2.0\onsgmls.exe:E:\git project\foodSen\foodSen\&DTDS\foodSen HTML\git project\foodSen\foodSen\WebContent\view\member\memberEdit.jsp.txt:125:32:554664300.76:E: element "FONT" undefined
C:\Program Files (x86)\한국정보화진흥원\KW3C 2.0\onsgmls.exe:E:\git project\foodSen\foodSen\&DTDS\foodSen HTML\git project\foodSen\foodSen\WebContent\view\member\memberEdit.jsp.txt:125:33:554664300.139:E: non SGML character number 48708
C:\Program Files (x86)\한국정보화진흥원\KW3C 2.0\onsgmls.exe:E:\git project\foodSen\foodSen\&DTDS\foodSen HTML\git project\foodSen\foodSen\WebContent\view\member\memberEdit.jsp.txt:125:34:554664300.139:E: non SGML character number 48128
C:\Program Files (x86)\한국정보화진흥원\KW3C 2.0\onsgmls.exe:E:\git project\foodSen\foodSen\&DTDS\foodSen HTML\git project\foodSen\foodSen\WebContent\view\member\memberEdit.jsp.txt:125:35:554664300.139:E: non SGML character number 48264
C:\Program Files (x86)\한국정보화진흥원\KW3C 2.0\onsgmls.exe:E:\git project\foodSen\foodSen\&DTDS\foodSen HTML\git project\foodSen\foodSen\WebContent\view\member\memberEdit.jsp.txt:125:36:554664300.139:E: non SGML character number 54840
C:\Program Files (x86)\한국정보화진흥원\KW3C 2.0\onsgmls.exe:E:\git project\foodSen\foodSen\&DTDS\foodSen HTML\git project\foodSen\foodSen\WebContent\view\member\memberEdit.jsp.txt:125:37:554664300.139:E: non SGML character number 45716
C:\Program Files (x86)\한국정보화진흥원\KW3C 2.0\onsgmls.exe:E:\git project\foodSen\foodSen\&DTDS\foodSen HTML\git project\foodSen\foodSen\WebContent\view\member\memberEdit.jsp.txt:125:39:554664300.139:E: non SGML character number 52572
C:\Program Files (x86)\한국정보화진흥원\KW3C 2.0\onsgmls.exe:E:\git project\foodSen\foodSen\&DTDS\foodSen HTML\git project\foodSen\foodSen\WebContent\view\member\memberEdit.jsp.txt:125:40:554664300.139:E: non SGML character number 45824
C:\Program Files (x86)\한국정보화진흥원\KW3C 2.0\onsgmls.exe:E:\git project\foodSen\foodSen\&DTDS\foodSen HTML\git project\foodSen\foodSen\WebContent\view\member\memberEdit.jsp.txt:125:44:554664300.139:E: non SGML character number 51088
C:\Program Files (x86)\한국정보화진흥원\KW3C 2.0\onsgmls.exe:E:\git project\foodSen\foodSen\&DTDS\foodSen HTML\git project\foodSen\foodSen\WebContent\view\member\memberEdit.jsp.txt:125:45:554664300.139:E: non SGML character number 47532
C:\Program Files (x86)\한국정보화진흥원\KW3C 2.0\onsgmls.exe:E:\git project\foodSen\foodSen\&DTDS\foodSen HTML\git project\foodSen\foodSen\WebContent\view\member\memberEdit.jsp.txt:125:46:554664300.139:E: non SGML character number 44620
C:\Program Files (x86)\한국정보화진흥원\KW3C 2.0\onsgmls.exe:E:\git project\foodSen\foodSen\&DTDS\foodSen HTML\git project\foodSen\foodSen\WebContent\view\member\memberEdit.jsp.txt:125:47:554664300.139:E: non SGML character number 51648
C:\Program Files (x86)\한국정보화진흥원\KW3C 2.0\onsgmls.exe:E:\git project\foodSen\foodSen\&DTDS\foodSen HTML\git project\foodSen\foodSen\WebContent\view\member\memberEdit.jsp.txt:125:49:554664300.139:E: non SGML character number 51077
C:\Program Files (x86)\한국정보화진흥원\KW3C 2.0\onsgmls.exe:E:\git project\foodSen\foodSen\&DTDS\foodSen HTML\git project\foodSen\foodSen\WebContent\view\member\memberEdit.jsp.txt:125:50:554664300.139:E: non SGML character number 47141
C:\Program Files (x86)\한국정보화진흥원\KW3C 2.0\onsgmls.exe:E:\git project\foodSen\foodSen\&DTDS\foodSen HTML\git project\foodSen\foodSen\WebContent\view\member\memberEdit.jsp.txt:125:51:554664300.139:E: non SGML character number 44032
C:\Program Files (x86)\한국정보화진흥원\KW3C 2.0\onsgmls.exe:E:\git project\foodSen\foodSen\&DTDS\foodSen HTML\git project\foodSen\foodSen\WebContent\view\member\memberEdit.jsp.txt:125:52:554664300.139:E: non SGML character number 45733
C:\Program Files (x86)\한국정보화진흥원\KW3C 2.0\onsgmls.exe:E:\git project\foodSen\foodSen\&DTDS\foodSen HTML\git project\foodSen\foodSen\WebContent\view\member\memberEdit.jsp.txt:125:53:554664300.139:E: non SGML character number 54633
C:\Program Files (x86)\한국정보화진흥원\KW3C 2.0\onsgmls.exe:E:\git project\foodSen\foodSen\&DTDS\foodSen HTML\git project\foodSen\foodSen\WebContent\view\member\memberEdit.jsp.txt:125:54:554664300.139:E: non SGML character number 45768
C:\Program Files (x86)\한국정보화진흥원\KW3C 2.0\onsgmls.exe:E:\git project\foodSen\foodSen\&DTDS\foodSen HTML\git project\foodSen\foodSen\WebContent\view\member\memberEdit.jsp.txt:125:55:554664300.139:E: non SGML character number 45796
C:\Program Files (x86)\한국정보화진흥원\KW3C 2.0\onsgmls.exe:E:\git project\foodSen\foodSen\&DTDS\foodSen HTML\git project\foodSen\foodSen\WebContent\view\member\memberEdit.jsp.txt:129:6:554664300.76:E: element "TR" undefined
C:\Program Files (x86)\한국정보화진흥원\KW3C 2.0\onsgmls.exe:E:\git project\foodSen\foodSen\&DTDS\foodSen HTML\git project\foodSen\foodSen\WebContent\view\member\memberEdit.jsp.txt:130:44:554664300.76:E: element "TD" undefined
C:\Program Files (x86)\한국정보화진흥원\KW3C 2.0\onsgmls.exe:E:\git project\foodSen\foodSen\&DTDS\foodSen HTML\git project\foodSen\foodSen\WebContent\view\member\memberEdit.jsp.txt:130:45:554664300.139:E: non SGML character number 51060
C:\Program Files (x86)\한국정보화진흥원\KW3C 2.0\onsgmls.exe:E:\git project\foodSen\foodSen\&DTDS\foodSen HTML\git project\foodSen\foodSen\WebContent\view\member\memberEdit.jsp.txt:130:47:554664300.338:W: cannot generate system identifier for general entity "nbsp"
C:\Program Files (x86)\한국정보화진흥원\KW3C 2.0\onsgmls.exe:E:\git project\foodSen\foodSen\&DTDS\foodSen HTML\git project\foodSen\foodSen\WebContent\view\member\memberEdit.jsp.txt:130:47:554664300.25:E: general entity "nbsp" not defined and no default entity
C:\Program Files (x86)\한국정보화진흥원\KW3C 2.0\onsgmls.exe:E:\git project\foodSen\foodSen\&DTDS\foodSen HTML\git project\foodSen\foodSen\WebContent\view\member\memberEdit.jsp.txt:130:51:554664300.325:E: reference to entity "nbsp" for which no system identifier could be generated
C:\Program Files (x86)\한국정보화진흥원\KW3C 2.0\onsgmls.exe:E:\git project\foodSen\foodSen\&DTDS\foodSen HTML\git project\foodSen\foodSen\WebContent\view\member\memberEdit.jsp.txt:130:46: entity was defined here
C:\Program Files (x86)\한국정보화진흥원\KW3C 2.0\onsgmls.exe:E:\git project\foodSen\foodSen\&DTDS\foodSen HTML\git project\foodSen\foodSen\WebContent\view\member\memberEdit.jsp.txt:130:52:554664300.139:E: non SGML character number 47492
C:\Program Files (x86)\한국정보화진흥원\KW3C 2.0\onsgmls.exe:E:\git project\foodSen\foodSen\&DTDS\foodSen HTML\git project\foodSen\foodSen\WebContent\view\member\memberEdit.jsp.txt:131:43:554664300.76:E: element "TD" undefined
C:\Program Files (x86)\한국정보화진흥원\KW3C 2.0\onsgmls.exe:E:\git project\foodSen\foodSen\&DTDS\foodSen HTML\git project\foodSen\foodSen\WebContent\view\member\memberEdit.jsp.txt:136:6:554664300.76:E: element "TR" undefined
C:\Program Files (x86)\한국정보화진흥원\KW3C 2.0\onsgmls.exe:E:\git project\foodSen\foodSen\&DTDS\foodSen HTML\git project\foodSen\foodSen\WebContent\view\member\memberEdit.jsp.txt:137:44:554664300.76:E: element "TD" undefined
C:\Program Files (x86)\한국정보화진흥원\KW3C 2.0\onsgmls.exe:E:\git project\foodSen\foodSen\&DTDS\foodSen HTML\git project\foodSen\foodSen\WebContent\view\member\memberEdit.jsp.txt:137:45:554664300.139:E: non SGML character number 54617
C:\Program Files (x86)\한국정보화진흥원\KW3C 2.0\onsgmls.exe:E:\git project\foodSen\foodSen\&DTDS\foodSen HTML\git project\foodSen\foodSen\WebContent\view\member\memberEdit.jsp.txt:137:46:554664300.139:E: non SGML character number 44368
C:\Program Files (x86)\한국정보화진흥원\KW3C 2.0\onsgmls.exe:E:\git project\foodSen\foodSen\&DTDS\foodSen HTML\git project\foodSen\foodSen\WebContent\view\member\memberEdit.jsp.txt:137:47:554664300.139:E: non SGML character number 47749
C:\Program Files (x86)\한국정보화진흥원\KW3C 2.0\onsgmls.exe:E:\git project\foodSen\foodSen\&DTDS\foodSen HTML\git project\foodSen\foodSen\WebContent\view\member\memberEdit.jsp.txt:138:43:554664300.76:E: element "TD" undefined
C:\Program Files (x86)\한국정보화진흥원\KW3C 2.0\onsgmls.exe:E:\git project\foodSen\foodSen\&DTDS\foodSen HTML\git project\foodSen\foodSen\WebContent\view\member\memberEdit.jsp.txt:140:32:554664300.76:E: element "FONT" undefined
C:\Program Files (x86)\한국정보화진흥원\KW3C 2.0\onsgmls.exe:E:\git project\foodSen\foodSen\&DTDS\foodSen HTML\git project\foodSen\foodSen\WebContent\view\member\memberEdit.jsp.txt:140:33:554664300.139:E: non SGML character number 52572
C:\Program Files (x86)\한국정보화진흥원\KW3C 2.0\onsgmls.exe:E:\git project\foodSen\foodSen\&DTDS\foodSen HTML\git project\foodSen\foodSen\WebContent\view\member\memberEdit.jsp.txt:140:34:554664300.139:E: non SGML character number 45824
C:\Program Files (x86)\한국정보화진흥원\KW3C 2.0\onsgmls.exe:E:\git project\foodSen\foodSen\&DTDS\foodSen HTML\git project\foodSen\foodSen\WebContent\view\member\memberEdit.jsp.txt:140:37:554664300.139:E: non SGML character number 51088
C:\Program Files (x86)\한국정보화진흥원\KW3C 2.0\onsgmls.exe:E:\git project\foodSen\foodSen\&DTDS\foodSen HTML\git project\foodSen\foodSen\WebContent\view\member\memberEdit.jsp.txt:140:39:554664300.139:E: non SGML character number 51077
C:\Program Files (x86)\한국정보화진흥원\KW3C 2.0\onsgmls.exe:E:\git project\foodSen\foodSen\&DTDS\foodSen HTML\git project\foodSen\foodSen\WebContent\view\member\memberEdit.jsp.txt:140:40:554664300.139:E: non SGML character number 47141
C:\Program Files (x86)\한국정보화진흥원\KW3C 2.0\onsgmls.exe:E:\git project\foodSen\foodSen\&DTDS\foodSen HTML\git project\foodSen\foodSen\WebContent\view\member\memberEdit.jsp.txt:144:6:554664300.76:E: element "TR" undefined
C:\Program Files (x86)\한국정보화진흥원\KW3C 2.0\onsgmls.exe:E:\git project\foodSen\foodSen\&DTDS\foodSen HTML\git project\foodSen\foodSen\WebContent\view\member\memberEdit.jsp.txt:145:44:554664300.76:E: element "TD" undefined
C:\Program Files (x86)\한국정보화진흥원\KW3C 2.0\onsgmls.exe:E:\git project\foodSen\foodSen\&DTDS\foodSen HTML\git project\foodSen\foodSen\WebContent\view\member\memberEdit.jsp.txt:145:45:554664300.139:E: non SGML character number 54617
C:\Program Files (x86)\한국정보화진흥원\KW3C 2.0\onsgmls.exe:E:\git project\foodSen\foodSen\&DTDS\foodSen HTML\git project\foodSen\foodSen\WebContent\view\member\memberEdit.jsp.txt:145:46:554664300.139:E: non SGML character number 44368
C:\Program Files (x86)\한국정보화진흥원\KW3C 2.0\onsgmls.exe:E:\git project\foodSen\foodSen\&DTDS\foodSen HTML\git project\foodSen\foodSen\WebContent\view\member\memberEdit.jsp.txt:145:47:554664300.139:E: non SGML character number 51333
C:\Program Files (x86)\한국정보화진흥원\KW3C 2.0\onsgmls.exe:E:\git project\foodSen\foodSen\&DTDS\foodSen HTML\git project\foodSen\foodSen\WebContent\view\member\memberEdit.jsp.txt:145:48:554664300.139:E: non SGML character number 47448
C:\Program Files (x86)\한국정보화진흥원\KW3C 2.0\onsgmls.exe:E:\git project\foodSen\foodSen\&DTDS\foodSen HTML\git project\foodSen\foodSen\WebContent\view\member\memberEdit.jsp.txt:146:43:554664300.76:E: element "TD" undefined
C:\Program Files (x86)\한국정보화진흥원\KW3C 2.0\onsgmls.exe:E:\git project\foodSen\foodSen\&DTDS\foodSen HTML\git project\foodSen\foodSen\WebContent\view\member\memberEdit.jsp.txt:148:7:554664300.81:E: character ":" not allowed in attribute specification list
C:\Program Files (x86)\한국정보화진흥원\KW3C 2.0\onsgmls.exe:E:\git project\foodSen\foodSen\&DTDS\foodSen HTML\git project\foodSen\foodSen\WebContent\view\member\memberEdit.jsp.txt:148:7:554664300.76:E: element "C" undefined
C:\Program Files (x86)\한국정보화진흥원\KW3C 2.0\onsgmls.exe:E:\git project\foodSen\foodSen\&DTDS\foodSen HTML\git project\foodSen\foodSen\WebContent\view\member\memberEdit.jsp.txt:149:23:554664300.76:E: element "FONT" undefined
C:\Program Files (x86)\한국정보화진흥원\KW3C 2.0\onsgmls.exe:E:\git project\foodSen\foodSen\&DTDS\foodSen HTML\git project\foodSen\foodSen\WebContent\view\member\memberEdit.jsp.txt:149:24:554664300.139:E: non SGML character number 44288
C:\Program Files (x86)\한국정보화진흥원\KW3C 2.0\onsgmls.exe:E:\git project\foodSen\foodSen\&DTDS\foodSen HTML\git project\foodSen\foodSen\WebContent\view\member\memberEdit.jsp.txt:149:25:554664300.139:E: non SGML character number 47532
C:\Program Files (x86)\한국정보화진흥원\KW3C 2.0\onsgmls.exe:E:\git project\foodSen\foodSen\&DTDS\foodSen HTML\git project\foodSen\foodSen\WebContent\view\member\memberEdit.jsp.txt:149:26:554664300.139:E: non SGML character number 51088
C:\Program Files (x86)\한국정보화진흥원\KW3C 2.0\onsgmls.exe:E:\git project\foodSen\foodSen\&DTDS\foodSen HTML\git project\foodSen\foodSen\WebContent\view\member\memberEdit.jsp.txt:150:8:554664300.61:E: character ":" not allowed in end tag
C:\Program Files (x86)\한국정보화진흥원\KW3C 2.0\onsgmls.exe:E:\git project\foodSen\foodSen\&DTDS\foodSen HTML\git project\foodSen\foodSen\WebContent\view\member\memberEdit.jsp.txt:152:7:554664300.81:E: character ":" not allowed in attribute specification list
C:\Program Files (x86)\한국정보화진흥원\KW3C 2.0\onsgmls.exe:E:\git project\foodSen\foodSen\&DTDS\foodSen HTML\git project\foodSen\foodSen\WebContent\view\member\memberEdit.jsp.txt:152:7:554664300.76:E: element "C" undefined
C:\Program Files (x86)\한국정보화진흥원\KW3C 2.0\onsgmls.exe:E:\git project\foodSen\foodSen\&DTDS\foodSen HTML\git project\foodSen\foodSen\WebContent\view\member\memberEdit.jsp.txt:154:37:554664300.139:E: non SGML character number 52488
C:\Program Files (x86)\한국정보화진흥원\KW3C 2.0\onsgmls.exe:E:\git project\foodSen\foodSen\&DTDS\foodSen HTML\git project\foodSen\foodSen\WebContent\view\member\memberEdit.jsp.txt:154:38:554664300.139:E: non SGML character number 46321
C:\Program Files (x86)\한국정보화진흥원\KW3C 2.0\onsgmls.exe:E:\git project\foodSen\foodSen\&DTDS\foodSen HTML\git project\foodSen\foodSen\WebContent\view\member\memberEdit.jsp.txt:154:39:554664300.139:E: non SGML character number 54617
C:\Program Files (x86)\한국정보화진흥원\KW3C 2.0\onsgmls.exe:E:\git project\foodSen\foodSen\&DTDS\foodSen HTML\git project\foodSen\foodSen\WebContent\view\member\memberEdit.jsp.txt:154:40:554664300.139:E: non SGML character number 44368
C:\Program Files (x86)\한국정보화진흥원\KW3C 2.0\onsgmls.exe:E:\git project\foodSen\foodSen\&DTDS\foodSen HTML\git project\foodSen\foodSen\WebContent\view\member\memberEdit.jsp.txt:155:28:554664300.139:E: non SGML character number 51473
C:\Program Files (x86)\한국정보화진흥원\KW3C 2.0\onsgmls.exe:E:\git project\foodSen\foodSen\&DTDS\foodSen HTML\git project\foodSen\foodSen\WebContent\view\member\memberEdit.jsp.txt:155:29:554664300.139:E: non SGML character number 54617
C:\Program Files (x86)\한국정보화진흥원\KW3C 2.0\onsgmls.exe:E:\git project\foodSen\foodSen\&DTDS\foodSen HTML\git project\foodSen\foodSen\WebContent\view\member\memberEdit.jsp.txt:155:30:554664300.139:E: non SGML character number 44368
C:\Program Files (x86)\한국정보화진흥원\KW3C 2.0\onsgmls.exe:E:\git project\foodSen\foodSen\&DTDS\foodSen HTML\git project\foodSen\foodSen\WebContent\view\member\memberEdit.jsp.txt:156:28:554664300.139:E: non SGML character number 44256
C:\Program Files (x86)\한국정보화진흥원\KW3C 2.0\onsgmls.exe:E:\git project\foodSen\foodSen\&DTDS\foodSen HTML\git project\foodSen\foodSen\WebContent\view\member\memberEdit.jsp.txt:156:29:554664300.139:E: non SGML character number 46321
C:\Program Files (x86)\한국정보화진흥원\KW3C 2.0\onsgmls.exe:E:\git project\foodSen\foodSen\&DTDS\foodSen HTML\git project\foodSen\foodSen\WebContent\view\member\memberEdit.jsp.txt:156:30:554664300.139:E: non SGML character number 54617
C:\Program Files (x86)\한국정보화진흥원\KW3C 2.0\onsgmls.exe:E:\git project\foodSen\foodSen\&DTDS\foodSen HTML\git project\foodSen\foodSen\WebContent\view\member\memberEdit.jsp.txt:156:31:554664300.139:E: non SGML character number 44368
C:\Program Files (x86)\한국정보화진흥원\KW3C 2.0\onsgmls.exe:E:\git project\foodSen\foodSen\&DTDS\foodSen HTML\git project\foodSen\foodSen\WebContent\view\member\memberEdit.jsp.txt:157:28:554664300.139:E: non SGML character number 53945
C:\Program Files (x86)\한국정보화진흥원\KW3C 2.0\onsgmls.exe:E:\git project\foodSen\foodSen\&DTDS\foodSen HTML\git project\foodSen\foodSen\WebContent\view\member\memberEdit.jsp.txt:157:29:554664300.139:E: non SGML character number 49688
C:\Program Files (x86)\한국정보화진흥원\KW3C 2.0\onsgmls.exe:E:\git project\foodSen\foodSen\&DTDS\foodSen HTML\git project\foodSen\foodSen\WebContent\view\member\memberEdit.jsp.txt:157:30:554664300.139:E: non SGML character number 54617
C:\Program Files (x86)\한국정보화진흥원\KW3C 2.0\onsgmls.exe:E:\git project\foodSen\foodSen\&DTDS\foodSen HTML\git project\foodSen\foodSen\WebContent\view\member\memberEdit.jsp.txt:157:31:554664300.139:E: non SGML character number 44368
C:\Program Files (x86)\한국정보화진흥원\KW3C 2.0\onsgmls.exe:E:\git project\foodSen\foodSen\&DTDS\foodSen HTML\git project\foodSen\foodSen\WebContent\view\member\memberEdit.jsp.txt:158:28:554664300.139:E: non SGML character number 44033
C:\Program Files (x86)\한국정보화진흥원\KW3C 2.0\onsgmls.exe:E:\git project\foodSen\foodSen\&DTDS\foodSen HTML\git project\foodSen\foodSen\WebContent\view\member\memberEdit.jsp.txt:158:29:554664300.139:E: non SGML character number 51333
C:\Program Files (x86)\한국정보화진흥원\KW3C 2.0\onsgmls.exe:E:\git project\foodSen\foodSen\&DTDS\foodSen HTML\git project\foodSen\foodSen\WebContent\view\member\memberEdit.jsp.txt:160:8:554664300.61:E: character ":" not allowed in end tag
C:\Program Files (x86)\한국정보화진흥원\KW3C 2.0\onsgmls.exe:E:\git project\foodSen\foodSen\&DTDS\foodSen HTML\git project\foodSen\foodSen\WebContent\view\member\memberEdit.jsp.txt:162:7:554664300.81:E: character ":" not allowed in attribute specification list
C:\Program Files (x86)\한국정보화진흥원\KW3C 2.0\onsgmls.exe:E:\git project\foodSen\foodSen\&DTDS\foodSen HTML\git project\foodSen\foodSen\WebContent\view\member\memberEdit.jsp.txt:162:7:554664300.76:E: element "C" undefined
C:\Program Files (x86)\한국정보화진흥원\KW3C 2.0\onsgmls.exe:E:\git project\foodSen\foodSen\&DTDS\foodSen HTML\git project\foodSen\foodSen\WebContent\view\member\memberEdit.jsp.txt:164:28:554664300.139:E: non SGML character number 52488
C:\Program Files (x86)\한국정보화진흥원\KW3C 2.0\onsgmls.exe:E:\git project\foodSen\foodSen\&DTDS\foodSen HTML\git project\foodSen\foodSen\WebContent\view\member\memberEdit.jsp.txt:164:29:554664300.139:E: non SGML character number 46321
C:\Program Files (x86)\한국정보화진흥원\KW3C 2.0\onsgmls.exe:E:\git project\foodSen\foodSen\&DTDS\foodSen HTML\git project\foodSen\foodSen\WebContent\view\member\memberEdit.jsp.txt:164:30:554664300.139:E: non SGML character number 54617
C:\Program Files (x86)\한국정보화진흥원\KW3C 2.0\onsgmls.exe:E:\git project\foodSen\foodSen\&DTDS\foodSen HTML\git project\foodSen\foodSen\WebContent\view\member\memberEdit.jsp.txt:164:31:554664300.139:E: non SGML character number 44368
C:\Program Files (x86)\한국정보화진흥원\KW3C 2.0\onsgmls.exe:E:\git project\foodSen\foodSen\&DTDS\foodSen HTML\git project\foodSen\foodSen\WebContent\view\member\memberEdit.jsp.txt:165:37:554664300.139:E: non SGML character number 51473
C:\Program Files (x86)\한국정보화진흥원\KW3C 2.0\onsgmls.exe:E:\git project\foodSen\foodSen\&DTDS\foodSen HTML\git project\foodSen\foodSen\WebContent\view\member\memberEdit.jsp.txt:165:38:554664300.139:E: non SGML character number 54617
C:\Program Files (x86)\한국정보화진흥원\KW3C 2.0\onsgmls.exe:E:\git project\foodSen\foodSen\&DTDS\foodSen HTML\git project\foodSen\foodSen\WebContent\view\member\memberEdit.jsp.txt:165:39:554664300.139:E: non SGML character number 44368
C:\Program Files (x86)\한국정보화진흥원\KW3C 2.0\onsgmls.exe:E:\git project\foodSen\foodSen\&DTDS\foodSen HTML\git project\foodSen\foodSen\WebContent\view\member\memberEdit.jsp.txt:166:28:554664300.139:E: non SGML character number 44256
C:\Program Files (x86)\한국정보화진흥원\KW3C 2.0\onsgmls.exe:E:\git project\foodSen\foodSen\&DTDS\foodSen HTML\git project\foodSen\foodSen\WebContent\view\member\memberEdit.jsp.txt:166:29:554664300.139:E: non SGML character number 46321
C:\Program Files (x86)\한국정보화진흥원\KW3C 2.0\onsgmls.exe:E:\git project\foodSen\foodSen\&DTDS\foodSen HTML\git project\foodSen\foodSen\WebContent\view\member\memberEdit.jsp.txt:166:30:554664300.139:E: non SGML character number 54617
C:\Program Files (x86)\한국정보화진흥원\KW3C 2.0\onsgmls.exe:E:\git project\foodSen\foodSen\&DTDS\foodSen HTML\git project\foodSen\foodSen\WebContent\view\member\memberEdit.jsp.txt:166:31:554664300.139:E: non SGML character number 44368
C:\Program Files (x86)\한국정보화진흥원\KW3C 2.0\onsgmls.exe:E:\git project\foodSen\foodSen\&DTDS\foodSen HTML\git project\foodSen\foodSen\WebContent\view\member\memberEdit.jsp.txt:167:28:554664300.139:E: non SGML character number 53945
C:\Program Files (x86)\한국정보화진흥원\KW3C 2.0\onsgmls.exe:E:\git project\foodSen\foodSen\&DTDS\foodSen HTML\git project\foodSen\foodSen\WebContent\view\member\memberEdit.jsp.txt:167:29:554664300.139:E: non SGML character number 49688
C:\Program Files (x86)\한국정보화진흥원\KW3C 2.0\onsgmls.exe:E:\git project\foodSen\foodSen\&DTDS\foodSen HTML\git project\foodSen\foodSen\WebContent\view\member\memberEdit.jsp.txt:167:30:554664300.139:E: non SGML character number 54617
C:\Program Files (x86)\한국정보화진흥원\KW3C 2.0\onsgmls.exe:E:\git project\foodSen\foodSen\&DTDS\foodSen HTML\git project\foodSen\foodSen\WebContent\view\member\memberEdit.jsp.txt:167:31:554664300.139:E: non SGML character number 44368
C:\Program Files (x86)\한국정보화진흥원\KW3C 2.0\onsgmls.exe:E:\git project\foodSen\foodSen\&DTDS\foodSen HTML\git project\foodSen\foodSen\WebContent\view\member\memberEdit.jsp.txt:168:28:554664300.139:E: non SGML character number 44033
C:\Program Files (x86)\한국정보화진흥원\KW3C 2.0\onsgmls.exe:E:\git project\foodSen\foodSen\&DTDS\foodSen HTML\git project\foodSen\foodSen\WebContent\view\member\memberEdit.jsp.txt:168:29:554664300.139:E: non SGML character number 51333
C:\Program Files (x86)\한국정보화진흥원\KW3C 2.0\onsgmls.exe:E:\git project\foodSen\foodSen\&DTDS\foodSen HTML\git project\foodSen\foodSen\WebContent\view\member\memberEdit.jsp.txt:170:8:554664300.61:E: character ":" not allowed in end tag
C:\Program Files (x86)\한국정보화진흥원\KW3C 2.0\onsgmls.exe:E:\git project\foodSen\foodSen\&DTDS\foodSen HTML\git project\foodSen\foodSen\WebContent\view\member\memberEdit.jsp.txt:172:7:554664300.81:E: character ":" not allowed in attribute specification list
C:\Program Files (x86)\한국정보화진흥원\KW3C 2.0\onsgmls.exe:E:\git project\foodSen\foodSen\&DTDS\foodSen HTML\git project\foodSen\foodSen\WebContent\view\member\memberEdit.jsp.txt:172:7:554664300.76:E: element "C" undefined
C:\Program Files (x86)\한국정보화진흥원\KW3C 2.0\onsgmls.exe:E:\git project\foodSen\foodSen\&DTDS\foodSen HTML\git project\foodSen\foodSen\WebContent\view\member\memberEdit.jsp.txt:174:28:554664300.139:E: non SGML character number 52488
C:\Program Files (x86)\한국정보화진흥원\KW3C 2.0\onsgmls.exe:E:\git project\foodSen\foodSen\&DTDS\foodSen HTML\git project\foodSen\foodSen\WebContent\view\member\memberEdit.jsp.txt:174:29:554664300.139:E: non SGML character number 46321
C:\Program Files (x86)\한국정보화진흥원\KW3C 2.0\onsgmls.exe:E:\git project\foodSen\foodSen\&DTDS\foodSen HTML\git project\foodSen\foodSen\WebContent\view\member\memberEdit.jsp.txt:174:30:554664300.139:E: non SGML character number 54617
C:\Program Files (x86)\한국정보화진흥원\KW3C 2.0\onsgmls.exe:E:\git project\foodSen\foodSen\&DTDS\foodSen HTML\git project\foodSen\foodSen\WebContent\view\member\memberEdit.jsp.txt:174:31:554664300.139:E: non SGML character number 44368
C:\Program Files (x86)\한국정보화진흥원\KW3C 2.0\onsgmls.exe:E:\git project\foodSen\foodSen\&DTDS\foodSen HTML\git project\foodSen\foodSen\WebContent\view\member\memberEdit.jsp.txt:175:28:554664300.139:E: non SGML character number 51473
C:\Program Files (x86)\한국정보화진흥원\KW3C 2.0\onsgmls.exe:E:\git project\foodSen\foodSen\&DTDS\foodSen HTML\git project\foodSen\foodSen\WebContent\view\member\memberEdit.jsp.txt:175:29:554664300.139:E: non SGML character number 54617
C:\Program Files (x86)\한국정보화진흥원\KW3C 2.0\onsgmls.exe:E:\git project\foodSen\foodSen\&DTDS\foodSen HTML\git project\foodSen\foodSen\WebContent\view\member\memberEdit.jsp.txt:175:30:554664300.139:E: non SGML character number 44368
C:\Program Files (x86)\한국정보화진흥원\KW3C 2.0\onsgmls.exe:E:\git project\foodSen\foodSen\&DTDS\foodSen HTML\git project\foodSen\foodSen\WebContent\view\member\memberEdit.jsp.txt:176:37:554664300.139:E: non SGML character number 44256
C:\Program Files (x86)\한국정보화진흥원\KW3C 2.0\onsgmls.exe:E:\git project\foodSen\foodSen\&DTDS\foodSen HTML\git project\foodSen\foodSen\WebContent\view\member\memberEdit.jsp.txt:176:38:554664300.139:E: non SGML character number 46321
C:\Program Files (x86)\한국정보화진흥원\KW3C 2.0\onsgmls.exe:E:\git project\foodSen\foodSen\&DTDS\foodSen HTML\git project\foodSen\foodSen\WebContent\view\member\memberEdit.jsp.txt:176:39:554664300.139:E: non SGML character number 54617
C:\Program Files (x86)\한국정보화진흥원\KW3C 2.0\onsgmls.exe:E:\git project\foodSen\foodSen\&DTDS\foodSen HTML\git project\foodSen\foodSen\WebContent\view\member\memberEdit.jsp.txt:176:40:554664300.139:E: non SGML character number 44368
C:\Program Files (x86)\한국정보화진흥원\KW3C 2.0\onsgmls.exe:E:\git project\foodSen\foodSen\&DTDS\foodSen HTML\git project\foodSen\foodSen\WebContent\view\member\memberEdit.jsp.txt:177:28:554664300.139:E: non SGML character number 53945
C:\Program Files (x86)\한국정보화진흥원\KW3C 2.0\onsgmls.exe:E:\git project\foodSen\foodSen\&DTDS\foodSen HTML\git project\foodSen\foodSen\WebContent\view\member\memberEdit.jsp.txt:177:29:554664300.139:E: non SGML character number 49688
C:\Program Files (x86)\한국정보화진흥원\KW3C 2.0\onsgmls.exe:E:\git project\foodSen\foodSen\&DTDS\foodSen HTML\git project\foodSen\foodSen\WebContent\view\member\memberEdit.jsp.txt:177:30:554664300.139:E: non SGML character number 54617
C:\Program Files (x86)\한국정보화진흥원\KW3C 2.0\onsgmls.exe:E:\git project\foodSen\foodSen\&DTDS\foodSen HTML\git project\foodSen\foodSen\WebContent\view\member\memberEdit.jsp.txt:177:31:554664300.139:E: non SGML character number 44368
C:\Program Files (x86)\한국정보화진흥원\KW3C 2.0\onsgmls.exe:E:\git project\foodSen\foodSen\&DTDS\foodSen HTML\git project\foodSen\foodSen\WebContent\view\member\memberEdit.jsp.txt:178:28:554664300.139:E: non SGML character number 44033
C:\Program Files (x86)\한국정보화진흥원\KW3C 2.0\onsgmls.exe:E:\git project\foodSen\foodSen\&DTDS\foodSen HTML\git project\foodSen\foodSen\WebContent\view\member\memberEdit.jsp.txt:178:29:554664300.139:E: non SGML character number 51333
C:\Program Files (x86)\한국정보화진흥원\KW3C 2.0\onsgmls.exe:E:\git project\foodSen\foodSen\&DTDS\foodSen HTML\git project\foodSen\foodSen\WebContent\view\member\memberEdit.jsp.txt:180:8:554664300.61:E: character ":" not allowed in end tag
C:\Program Files (x86)\한국정보화진흥원\KW3C 2.0\onsgmls.exe:E:\git project\foodSen\foodSen\&DTDS\foodSen HTML\git project\foodSen\foodSen\WebContent\view\member\memberEdit.jsp.txt:182:7:554664300.81:E: character ":" not allowed in attribute specification list
C:\Program Files (x86)\한국정보화진흥원\KW3C 2.0\onsgmls.exe:E:\git project\foodSen\foodSen\&DTDS\foodSen HTML\git project\foodSen\foodSen\WebContent\view\member\memberEdit.jsp.txt:182:7:554664300.76:E: element "C" undefined
C:\Program Files (x86)\한국정보화진흥원\KW3C 2.0\onsgmls.exe:E:\git project\foodSen\foodSen\&DTDS\foodSen HTML\git project\foodSen\foodSen\WebContent\view\member\memberEdit.jsp.txt:184:28:554664300.139:E: non SGML character number 52488
C:\Program Files (x86)\한국정보화진흥원\KW3C 2.0\onsgmls.exe:E:\git project\foodSen\foodSen\&DTDS\foodSen HTML\git project\foodSen\foodSen\WebContent\view\member\memberEdit.jsp.txt:184:29:554664300.139:E: non SGML character number 46321
C:\Program Files (x86)\한국정보화진흥원\KW3C 2.0\onsgmls.exe:E:\git project\foodSen\foodSen\&DTDS\foodSen HTML\git project\foodSen\foodSen\WebContent\view\member\memberEdit.jsp.txt:184:30:554664300.139:E: non SGML character number 54617
C:\Program Files (x86)\한국정보화진흥원\KW3C 2.0\onsgmls.exe:E:\git project\foodSen\foodSen\&DTDS\foodSen HTML\git project\foodSen\foodSen\WebContent\view\member\memberEdit.jsp.txt:184:31:554664300.139:E: non SGML character number 44368
C:\Program Files (x86)\한국정보화진흥원\KW3C 2.0\onsgmls.exe:E:\git project\foodSen\foodSen\&DTDS\foodSen HTML\git project\foodSen\foodSen\WebContent\view\member\memberEdit.jsp.txt:185:28:554664300.139:E: non SGML character number 51473
C:\Program Files (x86)\한국정보화진흥원\KW3C 2.0\onsgmls.exe:E:\git project\foodSen\foodSen\&DTDS\foodSen HTML\git project\foodSen\foodSen\WebContent\view\member\memberEdit.jsp.txt:185:29:554664300.139:E: non SGML character number 54617
C:\Program Files (x86)\한국정보화진흥원\KW3C 2.0\onsgmls.exe:E:\git project\foodSen\foodSen\&DTDS\foodSen HTML\git project\foodSen\foodSen\WebContent\view\member\memberEdit.jsp.txt:185:30:554664300.139:E: non SGML character number 44368
C:\Program Files (x86)\한국정보화진흥원\KW3C 2.0\onsgmls.exe:E:\git project\foodSen\foodSen\&DTDS\foodSen HTML\git project\foodSen\foodSen\WebContent\view\member\memberEdit.jsp.txt:186:28:554664300.139:E: non SGML character number 44256
C:\Program Files (x86)\한국정보화진흥원\KW3C 2.0\onsgmls.exe:E:\git project\foodSen\foodSen\&DTDS\foodSen HTML\git project\foodSen\foodSen\WebContent\view\member\memberEdit.jsp.txt:186:29:554664300.139:E: non SGML character number 46321
C:\Program Files (x86)\한국정보화진흥원\KW3C 2.0\onsgmls.exe:E:\git project\foodSen\foodSen\&DTDS\foodSen HTML\git project\foodSen\foodSen\WebContent\view\member\memberEdit.jsp.txt:186:30:554664300.139:E: non SGML character number 54617
C:\Program Files (x86)\한국정보화진흥원\KW3C 2.0\onsgmls.exe:E:\git project\foodSen\foodSen\&DTDS\foodSen HTML\git project\foodSen\foodSen\WebContent\view\member\memberEdit.jsp.txt:186:31:554664300.139:E: non SGML character number 44368
C:\Program Files (x86)\한국정보화진흥원\KW3C 2.0\onsgmls.exe:E:\git project\foodSen\foodSen\&DTDS\foodSen HTML\git project\foodSen\foodSen\WebContent\view\member\memberEdit.jsp.txt:187:37:554664300.139:E: non SGML character number 53945
C:\Program Files (x86)\한국정보화진흥원\KW3C 2.0\onsgmls.exe:E:\git project\foodSen\foodSen\&DTDS\foodSen HTML\git project\foodSen\foodSen\WebContent\view\member\memberEdit.jsp.txt:187:38:554664300.139:E: non SGML character number 49688
C:\Program Files (x86)\한국정보화진흥원\KW3C 2.0\onsgmls.exe:E:\git project\foodSen\foodSen\&DTDS\foodSen HTML\git project\foodSen\foodSen\WebContent\view\member\memberEdit.jsp.txt:187:39:554664300.139:E: non SGML character number 54617
C:\Program Files (x86)\한국정보화진흥원\KW3C 2.0\onsgmls.exe:E:\git project\foodSen\foodSen\&DTDS\foodSen HTML\git project\foodSen\foodSen\WebContent\view\member\memberEdit.jsp.txt:187:40:554664300.139:E: non SGML character number 44368
C:\Program Files (x86)\한국정보화진흥원\KW3C 2.0\onsgmls.exe:E:\git project\foodSen\foodSen\&DTDS\foodSen HTML\git project\foodSen\foodSen\WebContent\view\member\memberEdit.jsp.txt:188:28:554664300.139:E: non SGML character number 44033
C:\Program Files (x86)\한국정보화진흥원\KW3C 2.0\onsgmls.exe:E:\git project\foodSen\foodSen\&DTDS\foodSen HTML\git project\foodSen\foodSen\WebContent\view\member\memberEdit.jsp.txt:188:29:554664300.139:E: non SGML character number 51333
C:\Program Files (x86)\한국정보화진흥원\KW3C 2.0\onsgmls.exe:E:\git project\foodSen\foodSen\&DTDS\foodSen HTML\git project\foodSen\foodSen\WebContent\view\member\memberEdit.jsp.txt:190:8:554664300.61:E: character ":" not allowed in end tag
C:\Program Files (x86)\한국정보화진흥원\KW3C 2.0\onsgmls.exe:E:\git project\foodSen\foodSen\&DTDS\foodSen HTML\git project\foodSen\foodSen\WebContent\view\member\memberEdit.jsp.txt:192:7:554664300.81:E: character ":" not allowed in attribute specification list
C:\Program Files (x86)\한국정보화진흥원\KW3C 2.0\onsgmls.exe:E:\git project\foodSen\foodSen\&DTDS\foodSen HTML\git project\foodSen\foodSen\WebContent\view\member\memberEdit.jsp.txt:192:7:554664300.76:E: element "C" undefined
C:\Program Files (x86)\한국정보화진흥원\KW3C 2.0\onsgmls.exe:E:\git project\foodSen\foodSen\&DTDS\foodSen HTML\git project\foodSen\foodSen\WebContent\view\member\memberEdit.jsp.txt:194:28:554664300.139:E: non SGML character number 52488
C:\Program Files (x86)\한국정보화진흥원\KW3C 2.0\onsgmls.exe:E:\git project\foodSen\foodSen\&DTDS\foodSen HTML\git project\foodSen\foodSen\WebContent\view\member\memberEdit.jsp.txt:194:29:554664300.139:E: non SGML character number 46321
C:\Program Files (x86)\한국정보화진흥원\KW3C 2.0\onsgmls.exe:E:\git project\foodSen\foodSen\&DTDS\foodSen HTML\git project\foodSen\foodSen\WebContent\view\member\memberEdit.jsp.txt:194:30:554664300.139:E: non SGML character number 54617
C:\Program Files (x86)\한국정보화진흥원\KW3C 2.0\onsgmls.exe:E:\git project\foodSen\foodSen\&DTDS\foodSen HTML\git project\foodSen\foodSen\WebContent\view\member\memberEdit.jsp.txt:194:31:554664300.139:E: non SGML character number 44368
C:\Program Files (x86)\한국정보화진흥원\KW3C 2.0\onsgmls.exe:E:\git project\foodSen\foodSen\&DTDS\foodSen HTML\git project\foodSen\foodSen\WebContent\view\member\memberEdit.jsp.txt:195:28:554664300.139:E: non SGML character number 51473
C:\Program Files (x86)\한국정보화진흥원\KW3C 2.0\onsgmls.exe:E:\git project\foodSen\foodSen\&DTDS\foodSen HTML\git project\foodSen\foodSen\WebContent\view\member\memberEdit.jsp.txt:195:29:554664300.139:E: non SGML character number 54617
C:\Program Files (x86)\한국정보화진흥원\KW3C 2.0\onsgmls.exe:E:\git project\foodSen\foodSen\&DTDS\foodSen HTML\git project\foodSen\foodSen\WebContent\view\member\memberEdit.jsp.txt:195:30:554664300.139:E: non SGML character number 44368
C:\Program Files (x86)\한국정보화진흥원\KW3C 2.0\onsgmls.exe:E:\git project\foodSen\foodSen\&DTDS\foodSen HTML\git project\foodSen\foodSen\WebContent\view\member\memberEdit.jsp.txt:196:28:554664300.139:E: non SGML character number 44256
C:\Program Files (x86)\한국정보화진흥원\KW3C 2.0\onsgmls.exe:E:\git project\foodSen\foodSen\&DTDS\foodSen HTML\git project\foodSen\foodSen\WebContent\view\member\memberEdit.jsp.txt:196:29:554664300.139:E: non SGML character number 46321
C:\Program Files (x86)\한국정보화진흥원\KW3C 2.0\onsgmls.exe:E:\git project\foodSen\foodSen\&DTDS\foodSen HTML\git project\foodSen\foodSen\WebContent\view\member\memberEdit.jsp.txt:196:30:554664300.139:E: non SGML character number 54617
C:\Program Files (x86)\한국정보화진흥원\KW3C 2.0\onsgmls.exe:E:\git project\foodSen\foodSen\&DTDS\foodSen HTML\git project\foodSen\foodSen\WebContent\view\member\memberEdit.jsp.txt:196:31:554664300.139:E: non SGML character number 44368
C:\Program Files (x86)\한국정보화진흥원\KW3C 2.0\onsgmls.exe:E:\git project\foodSen\foodSen\&DTDS\foodSen HTML\git project\foodSen\foodSen\WebContent\view\member\memberEdit.jsp.txt:197:28:554664300.139:E: non SGML character number 53945
C:\Program Files (x86)\한국정보화진흥원\KW3C 2.0\onsgmls.exe:E:\git project\foodSen\foodSen\&DTDS\foodSen HTML\git project\foodSen\foodSen\WebContent\view\member\memberEdit.jsp.txt:197:29:554664300.139:E: non SGML character number 49688
C:\Program Files (x86)\한국정보화진흥원\KW3C 2.0\onsgmls.exe:E:\git project\foodSen\foodSen\&DTDS\foodSen HTML\git project\foodSen\foodSen\WebContent\view\member\memberEdit.jsp.txt:197:30:554664300.139:E: non SGML character number 54617
C:\Program Files (x86)\한국정보화진흥원\KW3C 2.0\onsgmls.exe:E:\git project\foodSen\foodSen\&DTDS\foodSen HTML\git project\foodSen\foodSen\WebContent\view\member\memberEdit.jsp.txt:197:31:554664300.139:E: non SGML character number 44368
C:\Program Files (x86)\한국정보화진흥원\KW3C 2.0\onsgmls.exe:E:\git project\foodSen\foodSen\&DTDS\foodSen HTML\git project\foodSen\foodSen\WebContent\view\member\memberEdit.jsp.txt:198:37:554664300.139:E: non SGML character number 44033
C:\Program Files (x86)\한국정보화진흥원\KW3C 2.0\onsgmls.exe:E:\git project\foodSen\foodSen\&DTDS\foodSen HTML\git project\foodSen\foodSen\WebContent\view\member\memberEdit.jsp.txt:198:38:554664300.139:E: non SGML character number 51333
C:\Program Files (x86)\한국정보화진흥원\KW3C 2.0\onsgmls.exe:E:\git project\foodSen\foodSen\&DTDS\foodSen HTML\git project\foodSen\foodSen\WebContent\view\member\memberEdit.jsp.txt:200:8:554664300.61:E: character ":" not allowed in end tag
C:\Program Files (x86)\한국정보화진흥원\KW3C 2.0\onsgmls.exe:E:\git project\foodSen\foodSen\&DTDS\foodSen HTML\git project\foodSen\foodSen\WebContent\view\member\memberEdit.jsp.txt:205:6:554664300.76:E: element "TR" undefined
C:\Program Files (x86)\한국정보화진흥원\KW3C 2.0\onsgmls.exe:E:\git project\foodSen\foodSen\&DTDS\foodSen HTML\git project\foodSen\foodSen\WebContent\view\member\memberEdit.jsp.txt:206:44:554664300.76:E: element "TD" undefined
C:\Program Files (x86)\한국정보화진흥원\KW3C 2.0\onsgmls.exe:E:\git project\foodSen\foodSen\&DTDS\foodSen HTML\git project\foodSen\foodSen\WebContent\view\member\memberEdit.jsp.txt:206:45:554664300.139:E: non SGML character number 51649
C:\Program Files (x86)\한국정보화진흥원\KW3C 2.0\onsgmls.exe:E:\git project\foodSen\foodSen\&DTDS\foodSen HTML\git project\foodSen\foodSen\WebContent\view\member\memberEdit.jsp.txt:206:46:554664300.139:E: non SGML character number 50948
C:\Program Files (x86)\한국정보화진흥원\KW3C 2.0\onsgmls.exe:E:\git project\foodSen\foodSen\&DTDS\foodSen HTML\git project\foodSen\foodSen\WebContent\view\member\memberEdit.jsp.txt:207:43:554664300.76:E: element "TD" undefined
C:\Program Files (x86)\한국정보화진흥원\KW3C 2.0\onsgmls.exe:E:\git project\foodSen\foodSen\&DTDS\foodSen HTML\git project\foodSen\foodSen\WebContent\view\member\memberEdit.jsp.txt:209:7:554664300.81:E: character ":" not allowed in attribute specification list
C:\Program Files (x86)\한국정보화진흥원\KW3C 2.0\onsgmls.exe:E:\git project\foodSen\foodSen\&DTDS\foodSen HTML\git project\foodSen\foodSen\WebContent\view\member\memberEdit.jsp.txt:209:7:554664300.76:E: element "C" undefined
C:\Program Files (x86)\한국정보화진흥원\KW3C 2.0\onsgmls.exe:E:\git project\foodSen\foodSen\&DTDS\foodSen HTML\git project\foodSen\foodSen\WebContent\view\member\memberEdit.jsp.txt:210:23:554664300.76:E: element "FONT" undefined
C:\Program Files (x86)\한국정보화진흥원\KW3C 2.0\onsgmls.exe:E:\git project\foodSen\foodSen\&DTDS\foodSen HTML\git project\foodSen\foodSen\WebContent\view\member\memberEdit.jsp.txt:210:24:554664300.139:E: non SGML character number 44288
C:\Program Files (x86)\한국정보화진흥원\KW3C 2.0\onsgmls.exe:E:\git project\foodSen\foodSen\&DTDS\foodSen HTML\git project\foodSen\foodSen\WebContent\view\member\memberEdit.jsp.txt:210:25:554664300.139:E: non SGML character number 47532
C:\Program Files (x86)\한국정보화진흥원\KW3C 2.0\onsgmls.exe:E:\git project\foodSen\foodSen\&DTDS\foodSen HTML\git project\foodSen\foodSen\WebContent\view\member\memberEdit.jsp.txt:210:26:554664300.139:E: non SGML character number 51088
C:\Program Files (x86)\한국정보화진흥원\KW3C 2.0\onsgmls.exe:E:\git project\foodSen\foodSen\&DTDS\foodSen HTML\git project\foodSen\foodSen\WebContent\view\member\memberEdit.jsp.txt:211:8:554664300.61:E: character ":" not allowed in end tag
C:\Program Files (x86)\한국정보화진흥원\KW3C 2.0\onsgmls.exe:E:\git project\foodSen\foodSen\&DTDS\foodSen HTML\git project\foodSen\foodSen\WebContent\view\member\memberEdit.jsp.txt:213:7:554664300.81:E: character ":" not allowed in attribute specification list
C:\Program Files (x86)\한국정보화진흥원\KW3C 2.0\onsgmls.exe:E:\git project\foodSen\foodSen\&DTDS\foodSen HTML\git project\foodSen\foodSen\WebContent\view\member\memberEdit.jsp.txt:213:7:554664300.76:E: element "C" undefined
C:\Program Files (x86)\한국정보화진흥원\KW3C 2.0\onsgmls.exe:E:\git project\foodSen\foodSen\&DTDS\foodSen HTML\git project\foodSen\foodSen\WebContent\view\member\memberEdit.jsp.txt:215:37:554664300.139:E: non SGML character number 50689
C:\Program Files (x86)\한국정보화진흥원\KW3C 2.0\onsgmls.exe:E:\git project\foodSen\foodSen\&DTDS\foodSen HTML\git project\foodSen\foodSen\WebContent\view\member\memberEdit.jsp.txt:215:38:554664300.139:E: non SGML character number 50577
C:\Program Files (x86)\한국정보화진흥원\KW3C 2.0\onsgmls.exe:E:\git project\foodSen\foodSen\&DTDS\foodSen HTML\git project\foodSen\foodSen\WebContent\view\member\memberEdit.jsp.txt:215:39:554664300.139:E: non SGML character number 49324
C:\Program Files (x86)\한국정보화진흥원\KW3C 2.0\onsgmls.exe:E:\git project\foodSen\foodSen\&DTDS\foodSen HTML\git project\foodSen\foodSen\WebContent\view\member\memberEdit.jsp.txt:216:28:554664300.139:E: non SGML character number 51312
C:\Program Files (x86)\한국정보화진흥원\KW3C 2.0\onsgmls.exe:E:\git project\foodSen\foodSen\&DTDS\foodSen HTML\git project\foodSen\foodSen\WebContent\view\member\memberEdit.jsp.txt:216:29:554664300.139:E: non SGML character number 47532
C:\Program Files (x86)\한국정보화진흥원\KW3C 2.0\onsgmls.exe:E:\git project\foodSen\foodSen\&DTDS\foodSen HTML\git project\foodSen\foodSen\WebContent\view\member\memberEdit.jsp.txt:216:30:554664300.139:E: non SGML character number 50896
C:\Program Files (x86)\한국정보화진흥원\KW3C 2.0\onsgmls.exe:E:\git project\foodSen\foodSen\&DTDS\foodSen HTML\git project\foodSen\foodSen\WebContent\view\member\memberEdit.jsp.txt:217:28:554664300.139:E: non SGML character number 44368
C:\Program Files (x86)\한국정보화진흥원\KW3C 2.0\onsgmls.exe:E:\git project\foodSen\foodSen\&DTDS\foodSen HTML\git project\foodSen\foodSen\WebContent\view\member\memberEdit.jsp.txt:217:29:554664300.139:E: non SGML character number 51649
C:\Program Files (x86)\한국정보화진흥원\KW3C 2.0\onsgmls.exe:E:\git project\foodSen\foodSen\&DTDS\foodSen HTML\git project\foodSen\foodSen\WebContent\view\member\memberEdit.jsp.txt:217:30:554664300.139:E: non SGML character number 50896
C:\Program Files (x86)\한국정보화진흥원\KW3C 2.0\onsgmls.exe:E:\git project\foodSen\foodSen\&DTDS\foodSen HTML\git project\foodSen\foodSen\WebContent\view\member\memberEdit.jsp.txt:219:8:554664300.61:E: character ":" not allowed in end tag
C:\Program Files (x86)\한국정보화진흥원\KW3C 2.0\onsgmls.exe:E:\git project\foodSen\foodSen\&DTDS\foodSen HTML\git project\foodSen\foodSen\WebContent\view\member\memberEdit.jsp.txt:221:7:554664300.81:E: character ":" not allowed in attribute specification list
C:\Program Files (x86)\한국정보화진흥원\KW3C 2.0\onsgmls.exe:E:\git project\foodSen\foodSen\&DTDS\foodSen HTML\git project\foodSen\foodSen\WebContent\view\member\memberEdit.jsp.txt:221:7:554664300.76:E: element "C" undefined
C:\Program Files (x86)\한국정보화진흥원\KW3C 2.0\onsgmls.exe:E:\git project\foodSen\foodSen\&DTDS\foodSen HTML\git project\foodSen\foodSen\WebContent\view\member\memberEdit.jsp.txt:223:28:554664300.139:E: non SGML character number 50689
C:\Program Files (x86)\한국정보화진흥원\KW3C 2.0\onsgmls.exe:E:\git project\foodSen\foodSen\&DTDS\foodSen HTML\git project\foodSen\foodSen\WebContent\view\member\memberEdit.jsp.txt:223:29:554664300.139:E: non SGML character number 50577
C:\Program Files (x86)\한국정보화진흥원\KW3C 2.0\onsgmls.exe:E:\git project\foodSen\foodSen\&DTDS\foodSen HTML\git project\foodSen\foodSen\WebContent\view\member\memberEdit.jsp.txt:223:30:554664300.139:E: non SGML character number 49324
C:\Program Files (x86)\한국정보화진흥원\KW3C 2.0\onsgmls.exe:E:\git project\foodSen\foodSen\&DTDS\foodSen HTML\git project\foodSen\foodSen\WebContent\view\member\memberEdit.jsp.txt:224:37:554664300.139:E: non SGML character number 51312
C:\Program Files (x86)\한국정보화진흥원\KW3C 2.0\onsgmls.exe:E:\git project\foodSen\foodSen\&DTDS\foodSen HTML\git project\foodSen\foodSen\WebContent\view\member\memberEdit.jsp.txt:224:38:554664300.139:E: non SGML character number 47532
C:\Program Files (x86)\한국정보화진흥원\KW3C 2.0\onsgmls.exe:E:\git project\foodSen\foodSen\&DTDS\foodSen HTML\git project\foodSen\foodSen\WebContent\view\member\memberEdit.jsp.txt:224:39:554664300.139:E: non SGML character number 50896
C:\Program Files (x86)\한국정보화진흥원\KW3C 2.0\onsgmls.exe:E:\git project\foodSen\foodSen\&DTDS\foodSen HTML\git project\foodSen\foodSen\WebContent\view\member\memberEdit.jsp.txt:225:28:554664300.139:E: non SGML character number 44368
C:\Program Files (x86)\한국정보화진흥원\KW3C 2.0\onsgmls.exe:E:\git project\foodSen\foodSen\&DTDS\foodSen HTML\git project\foodSen\foodSen\WebContent\view\member\memberEdit.jsp.txt:225:29:554664300.139:E: non SGML character number 51649
C:\Program Files (x86)\한국정보화진흥원\KW3C 2.0\onsgmls.exe:E:\git project\foodSen\foodSen\&DTDS\foodSen HTML\git project\foodSen\foodSen\WebContent\view\member\memberEdit.jsp.txt:225:30:554664300.139:E: non SGML character number 50896
C:\Program Files (x86)\한국정보화진흥원\KW3C 2.0\onsgmls.exe:E:\git project\foodSen\foodSen\&DTDS\foodSen HTML\git project\foodSen\foodSen\WebContent\view\member\memberEdit.jsp.txt:227:8:554664300.61:E: character ":" not allowed in end tag
C:\Program Files (x86)\한국정보화진흥원\KW3C 2.0\onsgmls.exe:E:\git project\foodSen\foodSen\&DTDS\foodSen HTML\git project\foodSen\foodSen\WebContent\view\member\memberEdit.jsp.txt:229:7:554664300.81:E: character ":" not allowed in attribute specification list
C:\Program Files (x86)\한국정보화진흥원\KW3C 2.0\onsgmls.exe:E:\git project\foodSen\foodSen\&DTDS\foodSen HTML\git project\foodSen\foodSen\WebContent\view\member\memberEdit.jsp.txt:229:7:554664300.76:E: element "C" undefined
C:\Program Files (x86)\한국정보화진흥원\KW3C 2.0\onsgmls.exe:E:\git project\foodSen\foodSen\&DTDS\foodSen HTML\git project\foodSen\foodSen\WebContent\view\member\memberEdit.jsp.txt:231:28:554664300.139:E: non SGML character number 50689
C:\Program Files (x86)\한국정보화진흥원\KW3C 2.0\onsgmls.exe:E:\git project\foodSen\foodSen\&DTDS\foodSen HTML\git project\foodSen\foodSen\WebContent\view\member\memberEdit.jsp.txt:231:29:554664300.139:E: non SGML character number 50577
C:\Program Files (x86)\한국정보화진흥원\KW3C 2.0\onsgmls.exe:E:\git project\foodSen\foodSen\&DTDS\foodSen HTML\git project\foodSen\foodSen\WebContent\view\member\memberEdit.jsp.txt:231:30:554664300.139:E: non SGML character number 49324
C:\Program Files (x86)\한국정보화진흥원\KW3C 2.0\onsgmls.exe:E:\git project\foodSen\foodSen\&DTDS\foodSen HTML\git project\foodSen\foodSen\WebContent\view\member\memberEdit.jsp.txt:232:28:554664300.139:E: non SGML character number 51312
C:\Program Files (x86)\한국정보화진흥원\KW3C 2.0\onsgmls.exe:E:\git project\foodSen\foodSen\&DTDS\foodSen HTML\git project\foodSen\foodSen\WebContent\view\member\memberEdit.jsp.txt:232:29:554664300.139:E: non SGML character number 47532
C:\Program Files (x86)\한국정보화진흥원\KW3C 2.0\onsgmls.exe:E:\git project\foodSen\foodSen\&DTDS\foodSen HTML\git project\foodSen\foodSen\WebContent\view\member\memberEdit.jsp.txt:232:30:554664300.139:E: non SGML character number 50896
C:\Program Files (x86)\한국정보화진흥원\KW3C 2.0\onsgmls.exe:E:\git project\foodSen\foodSen\&DTDS\foodSen HTML\git project\foodSen\foodSen\WebContent\view\member\memberEdit.jsp.txt:233:37:554664300.139:E: non SGML character number 44368
C:\Program Files (x86)\한국정보화진흥원\KW3C 2.0\onsgmls.exe:E:\git project\foodSen\foodSen\&DTDS\foodSen HTML\git project\foodSen\foodSen\WebContent\view\member\memberEdit.jsp.txt:233:38:554664300.139:E: non SGML character number 51649
C:\Program Files (x86)\한국정보화진흥원\KW3C 2.0\onsgmls.exe:E:\git project\foodSen\foodSen\&DTDS\foodSen HTML\git project\foodSen\foodSen\WebContent\view\member\memberEdit.jsp.txt:233:39:554664300.139:E: non SGML character number 50896
C:\Program Files (x86)\한국정보화진흥원\KW3C 2.0\onsgmls.exe:E:\git project\foodSen\foodSen\&DTDS\foodSen HTML\git project\foodSen\foodSen\WebContent\view\member\memberEdit.jsp.txt:235:8:554664300.61:E: character ":" not allowed in end tag
C:\Program Files (x86)\한국정보화진흥원\KW3C 2.0\onsgmls.exe:E:\git project\foodSen\foodSen\&DTDS\foodSen HTML\git project\foodSen\foodSen\WebContent\view\member\memberEdit.jsp.txt:240:6:554664300.76:E: element "TR" undefined
C:\Program Files (x86)\한국정보화진흥원\KW3C 2.0\onsgmls.exe:E:\git project\foodSen\foodSen\&DTDS\foodSen HTML\git project\foodSen\foodSen\WebContent\view\member\memberEdit.jsp.txt:241:45:554664300.76:E: element "TD" undefined
C:\Program Files (x86)\한국정보화진흥원\KW3C 2.0\onsgmls.exe:E:\git project\foodSen\foodSen\&DTDS\foodSen HTML\git project\foodSen\foodSen\WebContent\view\member\memberEdit.jsp.txt:241:46:554664300.139:E: non SGML character number 51060
C:\Program Files (x86)\한국정보화진흥원\KW3C 2.0\onsgmls.exe:E:\git project\foodSen\foodSen\&DTDS\foodSen HTML\git project\foodSen\foodSen\WebContent\view\member\memberEdit.jsp.txt:241:47:554664300.139:E: non SGML character number 47700
C:\Program Files (x86)\한국정보화진흥원\KW3C 2.0\onsgmls.exe:E:\git project\foodSen\foodSen\&DTDS\foodSen HTML\git project\foodSen\foodSen\WebContent\view\member\memberEdit.jsp.txt:241:48:554664300.139:E: non SGML character number 51068
C:\Program Files (x86)\한국정보화진흥원\KW3C 2.0\onsgmls.exe:E:\git project\foodSen\foodSen\&DTDS\foodSen HTML\git project\foodSen\foodSen\WebContent\view\member\memberEdit.jsp.txt:242:44:554664300.76:E: element "TD" undefined
C:\Program Files (x86)\한국정보화진흥원\KW3C 2.0\onsgmls.exe:E:\git project\foodSen\foodSen\&DTDS\foodSen HTML\git project\foodSen\foodSen\WebContent\view\member\memberEdit.jsp.txt:243:121:554664300.108:E: there is no attribute "ONBLUR"
C:\Program Files (x86)\한국정보화진흥원\KW3C 2.0\onsgmls.exe:E:\git project\foodSen\foodSen\&DTDS\foodSen HTML\git project\foodSen\foodSen\WebContent\view\member\memberEdit.jsp.txt:245:32:554664300.76:E: element "FONT" undefined
C:\Program Files (x86)\한국정보화진흥원\KW3C 2.0\onsgmls.exe:E:\git project\foodSen\foodSen\&DTDS\foodSen HTML\git project\foodSen\foodSen\WebContent\view\member\memberEdit.jsp.txt:245:33:554664300.139:E: non SGML character number 47784
C:\Program Files (x86)\한국정보화진흥원\KW3C 2.0\onsgmls.exe:E:\git project\foodSen\foodSen\&DTDS\foodSen HTML\git project\foodSen\foodSen\WebContent\view\member\memberEdit.jsp.txt:245:34:554664300.139:E: non SGML character number 46304
C:\Program Files (x86)\한국정보화진흥원\KW3C 2.0\onsgmls.exe:E:\git project\foodSen\foodSen\&DTDS\foodSen HTML\git project\foodSen\foodSen\WebContent\view\member\memberEdit.jsp.txt:245:36:554664300.139:E: non SGML character number 51452
C:\Program Files (x86)\한국정보화진흥원\KW3C 2.0\onsgmls.exe:E:\git project\foodSen\foodSen\&DTDS\foodSen HTML\git project\foodSen\foodSen\WebContent\view\member\memberEdit.jsp.txt:245:37:554664300.139:E: non SGML character number 49548
C:\Program Files (x86)\한국정보화진흥원\KW3C 2.0\onsgmls.exe:E:\git project\foodSen\foodSen\&DTDS\foodSen HTML\git project\foodSen\foodSen\WebContent\view\member\memberEdit.jsp.txt:245:38:554664300.139:E: non SGML character number 47484
C:\Program Files (x86)\한국정보화진흥원\KW3C 2.0\onsgmls.exe:E:\git project\foodSen\foodSen\&DTDS\foodSen HTML\git project\foodSen\foodSen\WebContent\view\member\memberEdit.jsp.txt:245:40:554664300.139:E: non SGML character number 44592
C:\Program Files (x86)\한국정보화진흥원\KW3C 2.0\onsgmls.exe:E:\git project\foodSen\foodSen\&DTDS\foodSen HTML\git project\foodSen\foodSen\WebContent\view\member\memberEdit.jsp.txt:245:41:554664300.139:E: non SGML character number 51077
C:\Program Files (x86)\한국정보화진흥원\KW3C 2.0\onsgmls.exe:E:\git project\foodSen\foodSen\&DTDS\foodSen HTML\git project\foodSen\foodSen\WebContent\view\member\memberEdit.jsp.txt:245:42:554664300.139:E: non SGML character number 54644
C:\Program Files (x86)\한국정보화진흥원\KW3C 2.0\onsgmls.exe:E:\git project\foodSen\foodSen\&DTDS\foodSen HTML\git project\foodSen\foodSen\WebContent\view\member\memberEdit.jsp.txt:245:43:554664300.139:E: non SGML character number 51452
C:\Program Files (x86)\한국정보화진흥원\KW3C 2.0\onsgmls.exe:E:\git project\foodSen\foodSen\&DTDS\foodSen HTML\git project\foodSen\foodSen\WebContent\view\member\memberEdit.jsp.txt:245:44:554664300.139:E: non SGML character number 49464
C:\Program Files (x86)\한국정보화진흥원\KW3C 2.0\onsgmls.exe:E:\git project\foodSen\foodSen\&DTDS\foodSen HTML\git project\foodSen\foodSen\WebContent\view\member\memberEdit.jsp.txt:245:45:554664300.139:E: non SGML character number 50836
C:\Program Files (x86)\한국정보화진흥원\KW3C 2.0\onsgmls.exe:E:\git project\foodSen\foodSen\&DTDS\foodSen HTML\git project\foodSen\foodSen\WebContent\view\member\memberEdit.jsp.txt:245:48:554664300.139:E: non SGML character number 52572
C:\Program Files (x86)\한국정보화진흥원\KW3C 2.0\onsgmls.exe:E:\git project\foodSen\foodSen\&DTDS\foodSen HTML\git project\foodSen\foodSen\WebContent\view\member\memberEdit.jsp.txt:245:49:554664300.139:E: non SGML character number 45824
C:\Program Files (x86)\한국정보화진흥원\KW3C 2.0\onsgmls.exe:E:\git project\foodSen\foodSen\&DTDS\foodSen HTML\git project\foodSen\foodSen\WebContent\view\member\memberEdit.jsp.txt:245:52:554664300.139:E: non SGML character number 51088
C:\Program Files (x86)\한국정보화진흥원\KW3C 2.0\onsgmls.exe:E:\git project\foodSen\foodSen\&DTDS\foodSen HTML\git project\foodSen\foodSen\WebContent\view\member\memberEdit.jsp.txt:249:6:554664300.76:E: element "TR" undefined
C:\Program Files (x86)\한국정보화진흥원\KW3C 2.0\onsgmls.exe:E:\git project\foodSen\foodSen\&DTDS\foodSen HTML\git project\foodSen\foodSen\WebContent\view\member\memberEdit.jsp.txt:250:45:554664300.76:E: element "TD" undefined
C:\Program Files (x86)\한국정보화진흥원\KW3C 2.0\onsgmls.exe:E:\git project\foodSen\foodSen\&DTDS\foodSen HTML\git project\foodSen\foodSen\WebContent\view\member\memberEdit.jsp.txt:250:46:554664300.139:E: non SGML character number 54256
C:\Program Files (x86)\한국정보화진흥원\KW3C 2.0\onsgmls.exe:E:\git project\foodSen\foodSen\&DTDS\foodSen HTML\git project\foodSen\foodSen\WebContent\view\member\memberEdit.jsp.txt:250:47:554664300.139:E: non SGML character number 48264
C:\Program Files (x86)\한국정보화진흥원\KW3C 2.0\onsgmls.exe:E:\git project\foodSen\foodSen\&DTDS\foodSen HTML\git project\foodSen\foodSen\WebContent\view\member\memberEdit.jsp.txt:250:48:554664300.139:E: non SGML character number 54840
C:\Program Files (x86)\한국정보화진흥원\KW3C 2.0\onsgmls.exe:E:\git project\foodSen\foodSen\&DTDS\foodSen HTML\git project\foodSen\foodSen\WebContent\view\member\memberEdit.jsp.txt:251:44:554664300.76:E: element "TD" undefined
C:\Program Files (x86)\한국정보화진흥원\KW3C 2.0\onsgmls.exe:E:\git project\foodSen\foodSen\&DTDS\foodSen HTML\git project\foodSen\foodSen\WebContent\view\member\memberEdit.jsp.txt:252:83:554664300.108:E: there is no attribute "ONKEYDOWN"
C:\Program Files (x86)\한국정보화진흥원\KW3C 2.0\onsgmls.exe:E:\git project\foodSen\foodSen\&DTDS\foodSen HTML\git project\foodSen\foodSen\WebContent\view\member\memberEdit.jsp.txt:252:106:554664300.108:E: there is no attribute "ONKEYUP"
C:\Program Files (x86)\한국정보화진흥원\KW3C 2.0\onsgmls.exe:E:\git project\foodSen\foodSen\&DTDS\foodSen HTML\git project\foodSen\foodSen\WebContent\view\member\memberEdit.jsp.txt:256:6:554664300.76:E: element "TR" undefined
C:\Program Files (x86)\한국정보화진흥원\KW3C 2.0\onsgmls.exe:E:\git project\foodSen\foodSen\&DTDS\foodSen HTML\git project\foodSen\foodSen\WebContent\view\member\memberEdit.jsp.txt:257:43:554664300.76:E: element "TD" undefined
C:\Program Files (x86)\한국정보화진흥원\KW3C 2.0\onsgmls.exe:E:\git project\foodSen\foodSen\&DTDS\foodSen HTML\git project\foodSen\foodSen\WebContent\view\member\memberEdit.jsp.txt:258:47:554664300.139:E: non SGML character number 49688
C:\Program Files (x86)\한국정보화진흥원\KW3C 2.0\onsgmls.exe:E:\git project\foodSen\foodSen\&DTDS\foodSen HTML\git project\foodSen\foodSen\WebContent\view\member\memberEdit.jsp.txt:258:48:554664300.139:E: non SGML character number 51221
C:\Program Files (x86)\한국정보화진흥원\KW3C 2.0\onsgmls.exe:E:\git project\foodSen\foodSen\&DTDS\foodSen HTML\git project\foodSen\foodSen\WebContent\view\member\memberEdit.jsp.txt:261:5:554664300.61:E: character ":" not allowed in end tag
C:\Program Files (x86)\한국정보화진흥원\KW3C 2.0\onsgmls.exe:E:\git project\foodSen\foodSen\&DTDS\foodSen HTML\git project\foodSen\foodSen\WebContent\view\member\memberEdit.jsp.txt:262:10:554664300.139:E: non SGML character number 49464
C:\Program Files (x86)\한국정보화진흥원\KW3C 2.0\onsgmls.exe:E:\git project\foodSen\foodSen\&DTDS\foodSen HTML\git project\foodSen\foodSen\WebContent\view\member\memberEdit.jsp.txt:262:11:554664300.139:E: non SGML character number 49496
C:\Program Files (x86)\한국정보화진흥원\KW3C 2.0\onsgmls.exe:E:\git project\foodSen\foodSen\&DTDS\foodSen HTML\git project\foodSen\foodSen\WebContent\view\member\memberEdit.jsp.txt:262:12:554664300.139:E: non SGML character number 51060
C:\Program Files (x86)\한국정보화진흥원\KW3C 2.0\onsgmls.exe:E:\git project\foodSen\foodSen\&DTDS\foodSen HTML\git project\foodSen\foodSen\WebContent\view\member\memberEdit.jsp.txt:262:14:554664300.139:E: non SGML character number 51080
C:\Program Files (x86)\한국정보화진흥원\KW3C 2.0\onsgmls.exe:E:\git project\foodSen\foodSen\&DTDS\foodSen HTML\git project\foodSen\foodSen\WebContent\view\member\memberEdit.jsp.txt:262:15:554664300.139:E: non SGML character number 45716
C:\Program Files (x86)\한국정보화진흥원\KW3C 2.0\onsgmls.exe:E:\git project\foodSen\foodSen\&DTDS\foodSen HTML\git project\foodSen\foodSen\WebContent\view\member\memberEdit.jsp.txt:262:17:554664300.139:E: non SGML character number 44221
C:\Program Files (x86)\한국정보화진흥원\KW3C 2.0\onsgmls.exe:E:\git project\foodSen\foodSen\&DTDS\foodSen HTML\git project\foodSen\foodSen\WebContent\view\member\memberEdit.jsp.txt:262:18:554664300.139:E: non SGML character number 50864
