C:\Program Files (x86)\한국정보화진흥원\KW3C 2.0\onsgmls.exe:E:\git project\foodSen\foodSen\&DTDS\foodSen HTML\git project\foodSen\foodSen\WebContent\view\menu6\research\researchList.jsp.txt:1:0:554664300.46:E: character "<%" not allowed in prolog
C:\Program Files (x86)\한국정보화진흥원\KW3C 2.0\onsgmls.exe:E:\git project\foodSen\foodSen\&DTDS\foodSen HTML\git project\foodSen\foodSen\WebContent\view\menu6\research\researchList.jsp.txt:3:0:554664300.46:E: character "<%" not allowed in prolog
C:\Program Files (x86)\한국정보화진흥원\KW3C 2.0\onsgmls.exe:E:\git project\foodSen\foodSen\&DTDS\foodSen HTML\git project\foodSen\foodSen\WebContent\view\menu6\research\researchList.jsp.txt:4:0:554664300.46:E: character "<%" not allowed in prolog
C:\Program Files (x86)\한국정보화진흥원\KW3C 2.0\onsgmls.exe:E:\git project\foodSen\foodSen\&DTDS\foodSen HTML\git project\foodSen\foodSen\WebContent\view\menu6\research\researchList.jsp.txt:7:0:554664300.435:E: prolog can't be omitted unless CONCUR NO and LINK EXPLICIT NO and either IMPLYDEF ELEMENT YES or IMPLYDEF DOCTYPE YES
C:\Program Files (x86)\한국정보화진흥원\KW3C 2.0\onsgmls.exe:E:\git project\foodSen\foodSen\&DTDS\foodSen HTML\git project\foodSen\foodSen\WebContent\view\menu6\research\researchList.jsp.txt:7:0:554664300.187:E: no document type declaration; will parse without validation
C:\Program Files (x86)\한국정보화진흥원\KW3C 2.0\onsgmls.exe:E:\git project\foodSen\foodSen\&DTDS\foodSen HTML\git project\foodSen\foodSen\WebContent\view\menu6\research\researchList.jsp.txt:7:4:554664300.81:E: character ":" not allowed in attribute specification list
C:\Program Files (x86)\한국정보화진흥원\KW3C 2.0\onsgmls.exe:E:\git project\foodSen\foodSen\&DTDS\foodSen HTML\git project\foodSen\foodSen\WebContent\view\menu6\research\researchList.jsp.txt:34:23:554664300.81:E: character ";" not allowed in attribute specification list
C:\Program Files (x86)\한국정보화진흥원\KW3C 2.0\onsgmls.exe:E:\git project\foodSen\foodSen\&DTDS\foodSen HTML\git project\foodSen\foodSen\WebContent\view\menu6\research\researchList.jsp.txt:35:61:554664300.139:E: non SGML character number 47928
C:\Program Files (x86)\한국정보화진흥원\KW3C 2.0\onsgmls.exe:E:\git project\foodSen\foodSen\&DTDS\foodSen HTML\git project\foodSen\foodSen\WebContent\view\menu6\research\researchList.jsp.txt:35:62:554664300.139:E: non SGML character number 51088
C:\Program Files (x86)\한국정보화진흥원\KW3C 2.0\onsgmls.exe:E:\git project\foodSen\foodSen\&DTDS\foodSen HTML\git project\foodSen\foodSen\WebContent\view\menu6\research\researchList.jsp.txt:35:63:554664300.139:E: non SGML character number 50676
C:\Program Files (x86)\한국정보화진흥원\KW3C 2.0\onsgmls.exe:E:\git project\foodSen\foodSen\&DTDS\foodSen HTML\git project\foodSen\foodSen\WebContent\view\menu6\research\researchList.jsp.txt:35:68:554664300.139:E: non SGML character number 47928
C:\Program Files (x86)\한국정보화진흥원\KW3C 2.0\onsgmls.exe:E:\git project\foodSen\foodSen\&DTDS\foodSen HTML\git project\foodSen\foodSen\WebContent\view\menu6\research\researchList.jsp.txt:35:69:554664300.139:E: non SGML character number 51088
C:\Program Files (x86)\한국정보화진흥원\KW3C 2.0\onsgmls.exe:E:\git project\foodSen\foodSen\&DTDS\foodSen HTML\git project\foodSen\foodSen\WebContent\view\menu6\research\researchList.jsp.txt:35:70:554664300.139:E: non SGML character number 50676
C:\Program Files (x86)\한국정보화진흥원\KW3C 2.0\onsgmls.exe:E:\git project\foodSen\foodSen\&DTDS\foodSen HTML\git project\foodSen\foodSen\WebContent\view\menu6\research\researchList.jsp.txt:35:71:554664300.139:E: non SGML character number 51012
C:\Program Files (x86)\한국정보화진흥원\KW3C 2.0\onsgmls.exe:E:\git project\foodSen\foodSen\&DTDS\foodSen HTML\git project\foodSen\foodSen\WebContent\view\menu6\research\researchList.jsp.txt:35:73:554664300.139:E: non SGML character number 50976
C:\Program Files (x86)\한국정보화진흥원\KW3C 2.0\onsgmls.exe:E:\git project\foodSen\foodSen\&DTDS\foodSen HTML\git project\foodSen\foodSen\WebContent\view\menu6\research\researchList.jsp.txt:35:74:554664300.139:E: non SGML character number 45768
C:\Program Files (x86)\한국정보화진흥원\KW3C 2.0\onsgmls.exe:E:\git project\foodSen\foodSen\&DTDS\foodSen HTML\git project\foodSen\foodSen\WebContent\view\menu6\research\researchList.jsp.txt:35:75:554664300.139:E: non SGML character number 53076
C:\Program Files (x86)\한국정보화진흥원\KW3C 2.0\onsgmls.exe:E:\git project\foodSen\foodSen\&DTDS\foodSen HTML\git project\foodSen\foodSen\WebContent\view\menu6\research\researchList.jsp.txt:35:76:554664300.139:E: non SGML character number 46300
C:\Program Files (x86)\한국정보화진흥원\KW3C 2.0\onsgmls.exe:E:\git project\foodSen\foodSen\&DTDS\foodSen HTML\git project\foodSen\foodSen\WebContent\view\menu6\research\researchList.jsp.txt:35:77:554664300.139:E: non SGML character number 44050
C:\Program Files (x86)\한국정보화진흥원\KW3C 2.0\onsgmls.exe:E:\git project\foodSen\foodSen\&DTDS\foodSen HTML\git project\foodSen\foodSen\WebContent\view\menu6\research\researchList.jsp.txt:35:78:554664300.139:E: non SGML character number 51004
C:\Program Files (x86)\한국정보화진흥원\KW3C 2.0\onsgmls.exe:E:\git project\foodSen\foodSen\&DTDS\foodSen HTML\git project\foodSen\foodSen\WebContent\view\menu6\research\researchList.jsp.txt:35:79:554664300.139:E: non SGML character number 47196
C:\Program Files (x86)\한국정보화진흥원\KW3C 2.0\onsgmls.exe:E:\git project\foodSen\foodSen\&DTDS\foodSen HTML\git project\foodSen\foodSen\WebContent\view\menu6\research\researchList.jsp.txt:35:81:554664300.139:E: non SGML character number 48320
C:\Program Files (x86)\한국정보화진흥원\KW3C 2.0\onsgmls.exe:E:\git project\foodSen\foodSen\&DTDS\foodSen HTML\git project\foodSen\foodSen\WebContent\view\menu6\research\researchList.jsp.txt:35:82:554664300.139:E: non SGML character number 54872
C:\Program Files (x86)\한국정보화진흥원\KW3C 2.0\onsgmls.exe:E:\git project\foodSen\foodSen\&DTDS\foodSen HTML\git project\foodSen\foodSen\WebContent\view\menu6\research\researchList.jsp.txt:35:83:554664300.139:E: non SGML character number 54616
C:\Program Files (x86)\한국정보화진흥원\KW3C 2.0\onsgmls.exe:E:\git project\foodSen\foodSen\&DTDS\foodSen HTML\git project\foodSen\foodSen\WebContent\view\menu6\research\researchList.jsp.txt:35:84:554664300.139:E: non SGML character number 50668
C:\Program Files (x86)\한국정보화진흥원\KW3C 2.0\onsgmls.exe:E:\git project\foodSen\foodSen\&DTDS\foodSen HTML\git project\foodSen\foodSen\WebContent\view\menu6\research\researchList.jsp.txt:35:89:554664300.139:E: non SGML character number 48372
C:\Program Files (x86)\한국정보화진흥원\KW3C 2.0\onsgmls.exe:E:\git project\foodSen\foodSen\&DTDS\foodSen HTML\git project\foodSen\foodSen\WebContent\view\menu6\research\researchList.jsp.txt:35:90:554664300.139:E: non SGML character number 45796
C:\Program Files (x86)\한국정보화진흥원\KW3C 2.0\onsgmls.exe:E:\git project\foodSen\foodSen\&DTDS\foodSen HTML\git project\foodSen\foodSen\WebContent\view\menu6\research\researchList.jsp.txt:35:92:554664300.139:E: non SGML character number 53356
C:\Program Files (x86)\한국정보화진흥원\KW3C 2.0\onsgmls.exe:E:\git project\foodSen\foodSen\&DTDS\foodSen HTML\git project\foodSen\foodSen\WebContent\view\menu6\research\researchList.jsp.txt:35:93:554664300.139:E: non SGML character number 47732
C:\Program Files (x86)\한국정보화진흥원\KW3C 2.0\onsgmls.exe:E:\git project\foodSen\foodSen\&DTDS\foodSen HTML\git project\foodSen\foodSen\WebContent\view\menu6\research\researchList.jsp.txt:35:95:554664300.139:E: non SGML character number 54620
C:\Program Files (x86)\한국정보화진흥원\KW3C 2.0\onsgmls.exe:E:\git project\foodSen\foodSen\&DTDS\foodSen HTML\git project\foodSen\foodSen\WebContent\view\menu6\research\researchList.jsp.txt:35:96:554664300.139:E: non SGML character number 44544
C:\Program Files (x86)\한국정보화진흥원\KW3C 2.0\onsgmls.exe:E:\git project\foodSen\foodSen\&DTDS\foodSen HTML\git project\foodSen\foodSen\WebContent\view\menu6\research\researchList.jsp.txt:38:6:554664300.139:E: non SGML character number 47928
C:\Program Files (x86)\한국정보화진흥원\KW3C 2.0\onsgmls.exe:E:\git project\foodSen\foodSen\&DTDS\foodSen HTML\git project\foodSen\foodSen\WebContent\view\menu6\research\researchList.jsp.txt:38:7:554664300.139:E: non SGML character number 51088
C:\Program Files (x86)\한국정보화진흥원\KW3C 2.0\onsgmls.exe:E:\git project\foodSen\foodSen\&DTDS\foodSen HTML\git project\foodSen\foodSen\WebContent\view\menu6\research\researchList.jsp.txt:38:8:554664300.139:E: non SGML character number 50676
C:\Program Files (x86)\한국정보화진흥원\KW3C 2.0\onsgmls.exe:E:\git project\foodSen\foodSen\&DTDS\foodSen HTML\git project\foodSen\foodSen\WebContent\view\menu6\research\researchList.jsp.txt:38:9:554664300.139:E: non SGML character number 51032
C:\Program Files (x86)\한국정보화진흥원\KW3C 2.0\onsgmls.exe:E:\git project\foodSen\foodSen\&DTDS\foodSen HTML\git project\foodSen\foodSen\WebContent\view\menu6\research\researchList.jsp.txt:38:15:554664300.139:E: non SGML character number 49688
C:\Program Files (x86)\한국정보화진흥원\KW3C 2.0\onsgmls.exe:E:\git project\foodSen\foodSen\&DTDS\foodSen HTML\git project\foodSen\foodSen\WebContent\view\menu6\research\researchList.jsp.txt:38:16:554664300.139:E: non SGML character number 47484
C:\Program Files (x86)\한국정보화진흥원\KW3C 2.0\onsgmls.exe:E:\git project\foodSen\foodSen\&DTDS\foodSen HTML\git project\foodSen\foodSen\WebContent\view\menu6\research\researchList.jsp.txt:38:18:554664300.139:E: non SGML character number 44396
C:\Program Files (x86)\한국정보화진흥원\KW3C 2.0\onsgmls.exe:E:\git project\foodSen\foodSen\&DTDS\foodSen HTML\git project\foodSen\foodSen\WebContent\view\menu6\research\researchList.jsp.txt:38:19:554664300.139:E: non SGML character number 54616
C:\Program Files (x86)\한국정보화진흥원\KW3C 2.0\onsgmls.exe:E:\git project\foodSen\foodSen\&DTDS\foodSen HTML\git project\foodSen\foodSen\WebContent\view\menu6\research\researchList.jsp.txt:38:20:554664300.139:E: non SGML character number 45716
C:\Program Files (x86)\한국정보화진흥원\KW3C 2.0\onsgmls.exe:E:\git project\foodSen\foodSen\&DTDS\foodSen HTML\git project\foodSen\foodSen\WebContent\view\menu6\research\researchList.jsp.txt:38:22:554664300.139:E: non SGML character number 54632
C:\Program Files (x86)\한국정보화진흥원\KW3C 2.0\onsgmls.exe:E:\git project\foodSen\foodSen\&DTDS\foodSen HTML\git project\foodSen\foodSen\WebContent\view\menu6\research\researchList.jsp.txt:38:23:554664300.139:E: non SGML character number 49688
C:\Program Files (x86)\한국정보화진흥원\KW3C 2.0\onsgmls.exe:E:\git project\foodSen\foodSen\&DTDS\foodSen HTML\git project\foodSen\foodSen\WebContent\view\menu6\research\researchList.jsp.txt:38:27:554664300.139:E: non SGML character number 54620
C:\Program Files (x86)\한국정보화진흥원\KW3C 2.0\onsgmls.exe:E:\git project\foodSen\foodSen\&DTDS\foodSen HTML\git project\foodSen\foodSen\WebContent\view\menu6\research\researchList.jsp.txt:38:28:554664300.139:E: non SGML character number 44544
C:\Program Files (x86)\한국정보화진흥원\KW3C 2.0\onsgmls.exe:E:\git project\foodSen\foodSen\&DTDS\foodSen HTML\git project\foodSen\foodSen\WebContent\view\menu6\research\researchList.jsp.txt:38:29:554664300.139:E: non SGML character number 51060
C:\Program Files (x86)\한국정보화진흥원\KW3C 2.0\onsgmls.exe:E:\git project\foodSen\foodSen\&DTDS\foodSen HTML\git project\foodSen\foodSen\WebContent\view\menu6\research\researchList.jsp.txt:38:30:554664300.139:E: non SGML character number 46972
C:\Program Files (x86)\한국정보화진흥원\KW3C 2.0\onsgmls.exe:E:\git project\foodSen\foodSen\&DTDS\foodSen HTML\git project\foodSen\foodSen\WebContent\view\menu6\research\researchList.jsp.txt:38:31:554664300.139:E: non SGML character number 47732
C:\Program Files (x86)\한국정보화진흥원\KW3C 2.0\onsgmls.exe:E:\git project\foodSen\foodSen\&DTDS\foodSen HTML\git project\foodSen\foodSen\WebContent\view\menu6\research\researchList.jsp.txt:38:33:554664300.139:E: non SGML character number 44544
C:\Program Files (x86)\한국정보화진흥원\KW3C 2.0\onsgmls.exe:E:\git project\foodSen\foodSen\&DTDS\foodSen HTML\git project\foodSen\foodSen\WebContent\view\menu6\research\researchList.jsp.txt:38:34:554664300.139:E: non SGML character number 51088
C:\Program Files (x86)\한국정보화진흥원\KW3C 2.0\onsgmls.exe:E:\git project\foodSen\foodSen\&DTDS\foodSen HTML\git project\foodSen\foodSen\WebContent\view\menu6\research\researchList.jsp.txt:38:35:554664300.139:E: non SGML character number 45817
C:\Program Files (x86)\한국정보화진흥원\KW3C 2.0\onsgmls.exe:E:\git project\foodSen\foodSen\&DTDS\foodSen HTML\git project\foodSen\foodSen\WebContent\view\menu6\research\researchList.jsp.txt:38:45:554664300.139:E: non SGML character number 44536
C:\Program Files (x86)\한국정보화진흥원\KW3C 2.0\onsgmls.exe:E:\git project\foodSen\foodSen\&DTDS\foodSen HTML\git project\foodSen\foodSen\WebContent\view\menu6\research\researchList.jsp.txt:38:46:554664300.139:E: non SGML character number 50808
C:\Program Files (x86)\한국정보화진흥원\KW3C 2.0\onsgmls.exe:E:\git project\foodSen\foodSen\&DTDS\foodSen HTML\git project\foodSen\foodSen\WebContent\view\menu6\research\researchList.jsp.txt:38:47:554664300.139:E: non SGML character number 50640
C:\Program Files (x86)\한국정보화진흥원\KW3C 2.0\onsgmls.exe:E:\git project\foodSen\foodSen\&DTDS\foodSen HTML\git project\foodSen\foodSen\WebContent\view\menu6\research\researchList.jsp.txt:38:48:554664300.139:E: non SGML character number 45716
C:\Program Files (x86)\한국정보화진흥원\KW3C 2.0\onsgmls.exe:E:\git project\foodSen\foodSen\&DTDS\foodSen HTML\git project\foodSen\foodSen\WebContent\view\menu6\research\researchList.jsp.txt:38:55:554664300.139:E: non SGML character number 47196
C:\Program Files (x86)\한국정보화진흥원\KW3C 2.0\onsgmls.exe:E:\git project\foodSen\foodSen\&DTDS\foodSen HTML\git project\foodSen\foodSen\WebContent\view\menu6\research\researchList.jsp.txt:38:57:554664300.139:E: non SGML character number 44228
C:\Program Files (x86)\한국정보화진흥원\KW3C 2.0\onsgmls.exe:E:\git project\foodSen\foodSen\&DTDS\foodSen HTML\git project\foodSen\foodSen\WebContent\view\menu6\research\researchList.jsp.txt:38:58:554664300.139:E: non SGML character number 49328
C:\Program Files (x86)\한국정보화진흥원\KW3C 2.0\onsgmls.exe:E:\git project\foodSen\foodSen\&DTDS\foodSen HTML\git project\foodSen\foodSen\WebContent\view\menu6\research\researchList.jsp.txt:38:59:554664300.139:E: non SGML character number 54620
C:\Program Files (x86)\한국정보화진흥원\KW3C 2.0\onsgmls.exe:E:\git project\foodSen\foodSen\&DTDS\foodSen HTML\git project\foodSen\foodSen\WebContent\view\menu6\research\researchList.jsp.txt:38:60:554664300.139:E: non SGML character number 45796
C:\Program Files (x86)\한국정보화진흥원\KW3C 2.0\onsgmls.exe:E:\git project\foodSen\foodSen\&DTDS\foodSen HTML\git project\foodSen\foodSen\WebContent\view\menu6\research\researchList.jsp.txt:43:34:554664300.81:E: character ";" not allowed in attribute specification list
C:\Program Files (x86)\한국정보화진흥원\KW3C 2.0\onsgmls.exe:E:\git project\foodSen\foodSen\&DTDS\foodSen HTML\git project\foodSen\foodSen\WebContent\view\menu6\research\researchList.jsp.txt:48:7:554664300.139:E: non SGML character number 47928
C:\Program Files (x86)\한국정보화진흥원\KW3C 2.0\onsgmls.exe:E:\git project\foodSen\foodSen\&DTDS\foodSen HTML\git project\foodSen\foodSen\WebContent\view\menu6\research\researchList.jsp.txt:48:8:554664300.139:E: non SGML character number 51088
C:\Program Files (x86)\한국정보화진흥원\KW3C 2.0\onsgmls.exe:E:\git project\foodSen\foodSen\&DTDS\foodSen HTML\git project\foodSen\foodSen\WebContent\view\menu6\research\researchList.jsp.txt:48:9:554664300.139:E: non SGML character number 50676
C:\Program Files (x86)\한국정보화진흥원\KW3C 2.0\onsgmls.exe:E:\git project\foodSen\foodSen\&DTDS\foodSen HTML\git project\foodSen\foodSen\WebContent\view\menu6\research\researchList.jsp.txt:48:10:554664300.139:E: non SGML character number 51012
C:\Program Files (x86)\한국정보화진흥원\KW3C 2.0\onsgmls.exe:E:\git project\foodSen\foodSen\&DTDS\foodSen HTML\git project\foodSen\foodSen\WebContent\view\menu6\research\researchList.jsp.txt:48:12:554664300.139:E: non SGML character number 51096
C:\Program Files (x86)\한국정보화진흥원\KW3C 2.0\onsgmls.exe:E:\git project\foodSen\foodSen\&DTDS\foodSen HTML\git project\foodSen\foodSen\WebContent\view\menu6\research\researchList.jsp.txt:48:13:554664300.139:E: non SGML character number 46972
C:\Program Files (x86)\한국정보화진흥원\KW3C 2.0\onsgmls.exe:E:\git project\foodSen\foodSen\&DTDS\foodSen HTML\git project\foodSen\foodSen\WebContent\view\menu6\research\researchList.jsp.txt:48:14:554664300.139:E: non SGML character number 51452
C:\Program Files (x86)\한국정보화진흥원\KW3C 2.0\onsgmls.exe:E:\git project\foodSen\foodSen\&DTDS\foodSen HTML\git project\foodSen\foodSen\WebContent\view\menu6\research\researchList.jsp.txt:48:15:554664300.139:E: non SGML character number 45716
C:\Program Files (x86)\한국정보화진흥원\KW3C 2.0\onsgmls.exe:E:\git project\foodSen\foodSen\&DTDS\foodSen HTML\git project\foodSen\foodSen\WebContent\view\menu6\research\researchList.jsp.txt:48:17:554664300.139:E: non SGML character number 54632
C:\Program Files (x86)\한국정보화진흥원\KW3C 2.0\onsgmls.exe:E:\git project\foodSen\foodSen\&DTDS\foodSen HTML\git project\foodSen\foodSen\WebContent\view\menu6\research\researchList.jsp.txt:48:18:554664300.139:E: non SGML character number 49688
C:\Program Files (x86)\한국정보화진흥원\KW3C 2.0\onsgmls.exe:E:\git project\foodSen\foodSen\&DTDS\foodSen HTML\git project\foodSen\foodSen\WebContent\view\menu6\research\researchList.jsp.txt:48:22:554664300.139:E: non SGML character number 50896
C:\Program Files (x86)\한국정보화진흥원\KW3C 2.0\onsgmls.exe:E:\git project\foodSen\foodSen\&DTDS\foodSen HTML\git project\foodSen\foodSen\WebContent\view\menu6\research\researchList.jsp.txt:48:23:554664300.139:E: non SGML character number 54616
C:\Program Files (x86)\한국정보화진흥원\KW3C 2.0\onsgmls.exe:E:\git project\foodSen\foodSen\&DTDS\foodSen HTML\git project\foodSen\foodSen\WebContent\view\menu6\research\researchList.jsp.txt:48:24:554664300.139:E: non SGML character number 45716
C:\Program Files (x86)\한국정보화진흥원\KW3C 2.0\onsgmls.exe:E:\git project\foodSen\foodSen\&DTDS\foodSen HTML\git project\foodSen\foodSen\WebContent\view\menu6\research\researchList.jsp.txt:48:30:554664300.139:E: non SGML character number 49688
C:\Program Files (x86)\한국정보화진흥원\KW3C 2.0\onsgmls.exe:E:\git project\foodSen\foodSen\&DTDS\foodSen HTML\git project\foodSen\foodSen\WebContent\view\menu6\research\researchList.jsp.txt:48:31:554664300.139:E: non SGML character number 47564
C:\Program Files (x86)\한국정보화진흥원\KW3C 2.0\onsgmls.exe:E:\git project\foodSen\foodSen\&DTDS\foodSen HTML\git project\foodSen\foodSen\WebContent\view\menu6\research\researchList.jsp.txt:48:32:554664300.139:E: non SGML character number 53372
C:\Program Files (x86)\한국정보화진흥원\KW3C 2.0\onsgmls.exe:E:\git project\foodSen\foodSen\&DTDS\foodSen HTML\git project\foodSen\foodSen\WebContent\view\menu6\research\researchList.jsp.txt:48:34:554664300.139:E: non SGML character number 51096
C:\Program Files (x86)\한국정보화진흥원\KW3C 2.0\onsgmls.exe:E:\git project\foodSen\foodSen\&DTDS\foodSen HTML\git project\foodSen\foodSen\WebContent\view\menu6\research\researchList.jsp.txt:48:35:554664300.139:E: non SGML character number 46972
C:\Program Files (x86)\한국정보화진흥원\KW3C 2.0\onsgmls.exe:E:\git project\foodSen\foodSen\&DTDS\foodSen HTML\git project\foodSen\foodSen\WebContent\view\menu6\research\researchList.jsp.txt:48:36:554664300.139:E: non SGML character number 51452
C:\Program Files (x86)\한국정보화진흥원\KW3C 2.0\onsgmls.exe:E:\git project\foodSen\foodSen\&DTDS\foodSen HTML\git project\foodSen\foodSen\WebContent\view\menu6\research\researchList.jsp.txt:48:37:554664300.139:E: non SGML character number 44256
C:\Program Files (x86)\한국정보화진흥원\KW3C 2.0\onsgmls.exe:E:\git project\foodSen\foodSen\&DTDS\foodSen HTML\git project\foodSen\foodSen\WebContent\view\menu6\research\researchList.jsp.txt:48:44:554664300.139:E: non SGML character number 51012
C:\Program Files (x86)\한국정보화진흥원\KW3C 2.0\onsgmls.exe:E:\git project\foodSen\foodSen\&DTDS\foodSen HTML\git project\foodSen\foodSen\WebContent\view\menu6\research\researchList.jsp.txt:48:46:554664300.139:E: non SGML character number 48537
C:\Program Files (x86)\한국정보화진흥원\KW3C 2.0\onsgmls.exe:E:\git project\foodSen\foodSen\&DTDS\foodSen HTML\git project\foodSen\foodSen\WebContent\view\menu6\research\researchList.jsp.txt:48:47:554664300.139:E: non SGML character number 50668
C:\Program Files (x86)\한국정보화진흥원\KW3C 2.0\onsgmls.exe:E:\git project\foodSen\foodSen\&DTDS\foodSen HTML\git project\foodSen\foodSen\WebContent\view\menu6\research\researchList.jsp.txt:48:48:554664300.139:E: non SGML character number 51456
C:\Program Files (x86)\한국정보화진흥원\KW3C 2.0\onsgmls.exe:E:\git project\foodSen\foodSen\&DTDS\foodSen HTML\git project\foodSen\foodSen\WebContent\view\menu6\research\researchList.jsp.txt:48:49:554664300.139:E: non SGML character number 45796
C:\Program Files (x86)\한국정보화진흥원\KW3C 2.0\onsgmls.exe:E:\git project\foodSen\foodSen\&DTDS\foodSen HTML\git project\foodSen\foodSen\WebContent\view\menu6\research\researchList.jsp.txt:51:34:554664300.139:E: non SGML character number 54045
C:\Program Files (x86)\한국정보화진흥원\KW3C 2.0\onsgmls.exe:E:\git project\foodSen\foodSen\&DTDS\foodSen HTML\git project\foodSen\foodSen\WebContent\view\menu6\research\researchList.jsp.txt:51:35:554664300.139:E: non SGML character number 50629
C:\Program Files (x86)\한국정보화진흥원\KW3C 2.0\onsgmls.exe:E:\git project\foodSen\foodSen\&DTDS\foodSen HTML\git project\foodSen\foodSen\WebContent\view\menu6\research\researchList.jsp.txt:51:36:554664300.139:E: non SGML character number 50640
C:\Program Files (x86)\한국정보화진흥원\KW3C 2.0\onsgmls.exe:E:\git project\foodSen\foodSen\&DTDS\foodSen HTML\git project\foodSen\foodSen\WebContent\view\menu6\research\researchList.jsp.txt:51:38:554664300.139:E: non SGML character number 45336
C:\Program Files (x86)\한국정보화진흥원\KW3C 2.0\onsgmls.exe:E:\git project\foodSen\foodSen\&DTDS\foodSen HTML\git project\foodSen\foodSen\WebContent\view\menu6\research\researchList.jsp.txt:51:39:554664300.139:E: non SGML character number 44600
C:\Program Files (x86)\한국정보화진흥원\KW3C 2.0\onsgmls.exe:E:\git project\foodSen\foodSen\&DTDS\foodSen HTML\git project\foodSen\foodSen\WebContent\view\menu6\research\researchList.jsp.txt:51:41:554664300.139:E: non SGML character number 48512
C:\Program Files (x86)\한국정보화진흥원\KW3C 2.0\onsgmls.exe:E:\git project\foodSen\foodSen\&DTDS\foodSen HTML\git project\foodSen\foodSen\WebContent\view\menu6\research\researchList.jsp.txt:51:42:554664300.139:E: non SGML character number 47784
C:\Program Files (x86)\한국정보화진흥원\KW3C 2.0\onsgmls.exe:E:\git project\foodSen\foodSen\&DTDS\foodSen HTML\git project\foodSen\foodSen\WebContent\view\menu6\research\researchList.jsp.txt:51:43:554664300.139:E: non SGML character number 52285
C:\Program Files (x86)\한국정보화진흥원\KW3C 2.0\onsgmls.exe:E:\git project\foodSen\foodSen\&DTDS\foodSen HTML\git project\foodSen\foodSen\WebContent\view\menu6\research\researchList.jsp.txt:51:44:554664300.139:E: non SGML character number 51032
C:\Program Files (x86)\한국정보화진흥원\KW3C 2.0\onsgmls.exe:E:\git project\foodSen\foodSen\&DTDS\foodSen HTML\git project\foodSen\foodSen\WebContent\view\menu6\research\researchList.jsp.txt:51:46:554664300.139:E: non SGML character number 54268
C:\Program Files (x86)\한국정보화진흥원\KW3C 2.0\onsgmls.exe:E:\git project\foodSen\foodSen\&DTDS\foodSen HTML\git project\foodSen\foodSen\WebContent\view\menu6\research\researchList.jsp.txt:53:34:554664300.139:E: non SGML character number 54268
C:\Program Files (x86)\한국정보화진흥원\KW3C 2.0\onsgmls.exe:E:\git project\foodSen\foodSen\&DTDS\foodSen HTML\git project\foodSen\foodSen\WebContent\view\menu6\research\researchList.jsp.txt:53:35:554664300.139:E: non SGML character number 51032
C:\Program Files (x86)\한국정보화진흥원\KW3C 2.0\onsgmls.exe:E:\git project\foodSen\foodSen\&DTDS\foodSen HTML\git project\foodSen\foodSen\WebContent\view\menu6\research\researchList.jsp.txt:53:37:554664300.139:E: non SGML character number 44050
C:\Program Files (x86)\한국정보화진흥원\KW3C 2.0\onsgmls.exe:E:\git project\foodSen\foodSen\&DTDS\foodSen HTML\git project\foodSen\foodSen\WebContent\view\menu6\research\researchList.jsp.txt:53:38:554664300.139:E: non SGML character number 46308
C:\Program Files (x86)\한국정보화진흥원\KW3C 2.0\onsgmls.exe:E:\git project\foodSen\foodSen\&DTDS\foodSen HTML\git project\foodSen\foodSen\WebContent\view\menu6\research\researchList.jsp.txt:53:39:554664300.139:E: non SGML character number 51012
C:\Program Files (x86)\한국정보화진흥원\KW3C 2.0\onsgmls.exe:E:\git project\foodSen\foodSen\&DTDS\foodSen HTML\git project\foodSen\foodSen\WebContent\view\menu6\research\researchList.jsp.txt:53:41:554664300.139:E: non SGML character number 49483
C:\Program Files (x86)\한국정보화진흥원\KW3C 2.0\onsgmls.exe:E:\git project\foodSen\foodSen\&DTDS\foodSen HTML\git project\foodSen\foodSen\WebContent\view\menu6\research\researchList.jsp.txt:53:42:554664300.139:E: non SGML character number 54021
C:\Program Files (x86)\한국정보화진흥원\KW3C 2.0\onsgmls.exe:E:\git project\foodSen\foodSen\&DTDS\foodSen HTML\git project\foodSen\foodSen\WebContent\view\menu6\research\researchList.jsp.txt:53:43:554664300.139:E: non SGML character number 54620
C:\Program Files (x86)\한국정보화진흥원\KW3C 2.0\onsgmls.exe:E:\git project\foodSen\foodSen\&DTDS\foodSen HTML\git project\foodSen\foodSen\WebContent\view\menu6\research\researchList.jsp.txt:53:44:554664300.139:E: non SGML character number 45796
C:\Program Files (x86)\한국정보화진흥원\KW3C 2.0\onsgmls.exe:E:\git project\foodSen\foodSen\&DTDS\foodSen HTML\git project\foodSen\foodSen\WebContent\view\menu6\research\researchList.jsp.txt:55:4:554664300.139:E: non SGML character number 48712
C:\Program Files (x86)\한국정보화진흥원\KW3C 2.0\onsgmls.exe:E:\git project\foodSen\foodSen\&DTDS\foodSen HTML\git project\foodSen\foodSen\WebContent\view\menu6\research\researchList.jsp.txt:55:5:554664300.139:E: non SGML character number 54168
C:\Program Files (x86)\한국정보화진흥원\KW3C 2.0\onsgmls.exe:E:\git project\foodSen\foodSen\&DTDS\foodSen HTML\git project\foodSen\foodSen\WebContent\view\menu6\research\researchList.jsp.txt:55:6:554664300.139:E: non SGML character number 51060
C:\Program Files (x86)\한국정보화진흥원\KW3C 2.0\onsgmls.exe:E:\git project\foodSen\foodSen\&DTDS\foodSen HTML\git project\foodSen\foodSen\WebContent\view\menu6\research\researchList.jsp.txt:55:7:554664300.139:E: non SGML character number 51648
C:\Program Files (x86)\한국정보화진흥원\KW3C 2.0\onsgmls.exe:E:\git project\foodSen\foodSen\&DTDS\foodSen HTML\git project\foodSen\foodSen\WebContent\view\menu6\research\researchList.jsp.txt:55:8:554664300.139:E: non SGML character number 47196
C:\Program Files (x86)\한국정보화진흥원\KW3C 2.0\onsgmls.exe:E:\git project\foodSen\foodSen\&DTDS\foodSen HTML\git project\foodSen\foodSen\WebContent\view\menu6\research\researchList.jsp.txt:55:10:554664300.139:E: non SGML character number 54045
C:\Program Files (x86)\한국정보화진흥원\KW3C 2.0\onsgmls.exe:E:\git project\foodSen\foodSen\&DTDS\foodSen HTML\git project\foodSen\foodSen\WebContent\view\menu6\research\researchList.jsp.txt:55:11:554664300.139:E: non SGML character number 50629
C:\Program Files (x86)\한국정보화진흥원\KW3C 2.0\onsgmls.exe:E:\git project\foodSen\foodSen\&DTDS\foodSen HTML\git project\foodSen\foodSen\WebContent\view\menu6\research\researchList.jsp.txt:55:12:554664300.139:E: non SGML character number 52285
C:\Program Files (x86)\한국정보화진흥원\KW3C 2.0\onsgmls.exe:E:\git project\foodSen\foodSen\&DTDS\foodSen HTML\git project\foodSen\foodSen\WebContent\view\menu6\research\researchList.jsp.txt:55:13:554664300.139:E: non SGML character number 51012
C:\Program Files (x86)\한국정보화진흥원\KW3C 2.0\onsgmls.exe:E:\git project\foodSen\foodSen\&DTDS\foodSen HTML\git project\foodSen\foodSen\WebContent\view\menu6\research\researchList.jsp.txt:55:15:554664300.139:E: non SGML character number 50864
C:\Program Files (x86)\한국정보화진흥원\KW3C 2.0\onsgmls.exe:E:\git project\foodSen\foodSen\&DTDS\foodSen HTML\git project\foodSen\foodSen\WebContent\view\menu6\research\researchList.jsp.txt:55:16:554664300.139:E: non SGML character number 49440
C:\Program Files (x86)\한국정보화진흥원\KW3C 2.0\onsgmls.exe:E:\git project\foodSen\foodSen\&DTDS\foodSen HTML\git project\foodSen\foodSen\WebContent\view\menu6\research\researchList.jsp.txt:55:18:554664300.139:E: non SGML character number 54616
C:\Program Files (x86)\한국정보화진흥원\KW3C 2.0\onsgmls.exe:E:\git project\foodSen\foodSen\&DTDS\foodSen HTML\git project\foodSen\foodSen\WebContent\view\menu6\research\researchList.jsp.txt:55:19:554664300.139:E: non SGML character number 45208
C:\Program Files (x86)\한국정보화진흥원\KW3C 2.0\onsgmls.exe:E:\git project\foodSen\foodSen\&DTDS\foodSen HTML\git project\foodSen\foodSen\WebContent\view\menu6\research\researchList.jsp.txt:55:21:554664300.139:E: non SGML character number 46916
C:\Program Files (x86)\한국정보화진흥원\KW3C 2.0\onsgmls.exe:E:\git project\foodSen\foodSen\&DTDS\foodSen HTML\git project\foodSen\foodSen\WebContent\view\menu6\research\researchList.jsp.txt:55:22:554664300.139:E: non SGML character number 50868
C:\Program Files (x86)\한국정보화진흥원\KW3C 2.0\onsgmls.exe:E:\git project\foodSen\foodSen\&DTDS\foodSen HTML\git project\foodSen\foodSen\WebContent\view\menu6\research\researchList.jsp.txt:55:23:554664300.139:E: non SGML character number 45796
C:\Program Files (x86)\한국정보화진흥원\KW3C 2.0\onsgmls.exe:E:\git project\foodSen\foodSen\&DTDS\foodSen HTML\git project\foodSen\foodSen\WebContent\view\menu6\research\researchList.jsp.txt:58:4:554664300.139:E: non SGML character number 48512
C:\Program Files (x86)\한국정보화진흥원\KW3C 2.0\onsgmls.exe:E:\git project\foodSen\foodSen\&DTDS\foodSen HTML\git project\foodSen\foodSen\WebContent\view\menu6\research\researchList.jsp.txt:58:5:554664300.139:E: non SGML character number 47784
C:\Program Files (x86)\한국정보화진흥원\KW3C 2.0\onsgmls.exe:E:\git project\foodSen\foodSen\&DTDS\foodSen HTML\git project\foodSen\foodSen\WebContent\view\menu6\research\researchList.jsp.txt:58:6:554664300.139:E: non SGML character number 52285
C:\Program Files (x86)\한국정보화진흥원\KW3C 2.0\onsgmls.exe:E:\git project\foodSen\foodSen\&DTDS\foodSen HTML\git project\foodSen\foodSen\WebContent\view\menu6\research\researchList.jsp.txt:58:7:554664300.139:E: non SGML character number 51032
C:\Program Files (x86)\한국정보화진흥원\KW3C 2.0\onsgmls.exe:E:\git project\foodSen\foodSen\&DTDS\foodSen HTML\git project\foodSen\foodSen\WebContent\view\menu6\research\researchList.jsp.txt:58:9:554664300.139:E: non SGML character number 53440
C:\Program Files (x86)\한국정보화진흥원\KW3C 2.0\onsgmls.exe:E:\git project\foodSen\foodSen\&DTDS\foodSen HTML\git project\foodSen\foodSen\WebContent\view\menu6\research\researchList.jsp.txt:58:10:554664300.139:E: non SGML character number 44191
C:\Program Files (x86)\한국정보화진흥원\KW3C 2.0\onsgmls.exe:E:\git project\foodSen\foodSen\&DTDS\foodSen HTML\git project\foodSen\foodSen\WebContent\view\menu6\research\researchList.jsp.txt:58:11:554664300.139:E: non SGML character number 51012
C:\Program Files (x86)\한국정보화진흥원\KW3C 2.0\onsgmls.exe:E:\git project\foodSen\foodSen\&DTDS\foodSen HTML\git project\foodSen\foodSen\WebContent\view\menu6\research\researchList.jsp.txt:58:13:554664300.139:E: non SGML character number 48712
C:\Program Files (x86)\한국정보화진흥원\KW3C 2.0\onsgmls.exe:E:\git project\foodSen\foodSen\&DTDS\foodSen HTML\git project\foodSen\foodSen\WebContent\view\menu6\research\researchList.jsp.txt:58:14:554664300.139:E: non SGML character number 54168
C:\Program Files (x86)\한국정보화진흥원\KW3C 2.0\onsgmls.exe:E:\git project\foodSen\foodSen\&DTDS\foodSen HTML\git project\foodSen\foodSen\WebContent\view\menu6\research\researchList.jsp.txt:58:15:554664300.139:E: non SGML character number 51060
C:\Program Files (x86)\한국정보화진흥원\KW3C 2.0\onsgmls.exe:E:\git project\foodSen\foodSen\&DTDS\foodSen HTML\git project\foodSen\foodSen\WebContent\view\menu6\research\researchList.jsp.txt:58:16:554664300.139:E: non SGML character number 51648
C:\Program Files (x86)\한국정보화진흥원\KW3C 2.0\onsgmls.exe:E:\git project\foodSen\foodSen\&DTDS\foodSen HTML\git project\foodSen\foodSen\WebContent\view\menu6\research\researchList.jsp.txt:58:17:554664300.139:E: non SGML character number 47196
C:\Program Files (x86)\한국정보화진흥원\KW3C 2.0\onsgmls.exe:E:\git project\foodSen\foodSen\&DTDS\foodSen HTML\git project\foodSen\foodSen\WebContent\view\menu6\research\researchList.jsp.txt:58:19:554664300.139:E: non SGML character number 46916
C:\Program Files (x86)\한국정보화진흥원\KW3C 2.0\onsgmls.exe:E:\git project\foodSen\foodSen\&DTDS\foodSen HTML\git project\foodSen\foodSen\WebContent\view\menu6\research\researchList.jsp.txt:58:20:554664300.139:E: non SGML character number 50868
C:\Program Files (x86)\한국정보화진흥원\KW3C 2.0\onsgmls.exe:E:\git project\foodSen\foodSen\&DTDS\foodSen HTML\git project\foodSen\foodSen\WebContent\view\menu6\research\researchList.jsp.txt:58:22:554664300.139:E: non SGML character number 54045
C:\Program Files (x86)\한국정보화진흥원\KW3C 2.0\onsgmls.exe:E:\git project\foodSen\foodSen\&DTDS\foodSen HTML\git project\foodSen\foodSen\WebContent\view\menu6\research\researchList.jsp.txt:58:23:554664300.139:E: non SGML character number 50629
C:\Program Files (x86)\한국정보화진흥원\KW3C 2.0\onsgmls.exe:E:\git project\foodSen\foodSen\&DTDS\foodSen HTML\git project\foodSen\foodSen\WebContent\view\menu6\research\researchList.jsp.txt:58:24:554664300.139:E: non SGML character number 52285
C:\Program Files (x86)\한국정보화진흥원\KW3C 2.0\onsgmls.exe:E:\git project\foodSen\foodSen\&DTDS\foodSen HTML\git project\foodSen\foodSen\WebContent\view\menu6\research\researchList.jsp.txt:58:25:554664300.139:E: non SGML character number 51032
C:\Program Files (x86)\한국정보화진흥원\KW3C 2.0\onsgmls.exe:E:\git project\foodSen\foodSen\&DTDS\foodSen HTML\git project\foodSen\foodSen\WebContent\view\menu6\research\researchList.jsp.txt:58:27:554664300.139:E: non SGML character number 51060
C:\Program Files (x86)\한국정보화진흥원\KW3C 2.0\onsgmls.exe:E:\git project\foodSen\foodSen\&DTDS\foodSen HTML\git project\foodSen\foodSen\WebContent\view\menu6\research\researchList.jsp.txt:58:28:554664300.139:E: non SGML character number 47492
C:\Program Files (x86)\한국정보화진흥원\KW3C 2.0\onsgmls.exe:E:\git project\foodSen\foodSen\&DTDS\foodSen HTML\git project\foodSen\foodSen\WebContent\view\menu6\research\researchList.jsp.txt:58:29:554664300.139:E: non SGML character number 51004
C:\Program Files (x86)\한국정보화진흥원\KW3C 2.0\onsgmls.exe:E:\git project\foodSen\foodSen\&DTDS\foodSen HTML\git project\foodSen\foodSen\WebContent\view\menu6\research\researchList.jsp.txt:58:30:554664300.139:E: non SGML character number 47196
C:\Program Files (x86)\한국정보화진흥원\KW3C 2.0\onsgmls.exe:E:\git project\foodSen\foodSen\&DTDS\foodSen HTML\git project\foodSen\foodSen\WebContent\view\menu6\research\researchList.jsp.txt:58:32:554664300.139:E: non SGML character number 54620
C:\Program Files (x86)\한국정보화진흥원\KW3C 2.0\onsgmls.exe:E:\git project\foodSen\foodSen\&DTDS\foodSen HTML\git project\foodSen\foodSen\WebContent\view\menu6\research\researchList.jsp.txt:58:33:554664300.139:E: non SGML character number 45796
C:\Program Files (x86)\한국정보화진흥원\KW3C 2.0\onsgmls.exe:E:\git project\foodSen\foodSen\&DTDS\foodSen HTML\git project\foodSen\foodSen\WebContent\view\menu6\research\researchList.jsp.txt:61:4:554664300.139:E: non SGML character number 45336
C:\Program Files (x86)\한국정보화진흥원\KW3C 2.0\onsgmls.exe:E:\git project\foodSen\foodSen\&DTDS\foodSen HTML\git project\foodSen\foodSen\WebContent\view\menu6\research\researchList.jsp.txt:61:5:554664300.139:E: non SGML character number 44600
C:\Program Files (x86)\한국정보화진흥원\KW3C 2.0\onsgmls.exe:E:\git project\foodSen\foodSen\&DTDS\foodSen HTML\git project\foodSen\foodSen\WebContent\view\menu6\research\researchList.jsp.txt:61:7:554664300.139:E: non SGML character number 54268
C:\Program Files (x86)\한국정보화진흥원\KW3C 2.0\onsgmls.exe:E:\git project\foodSen\foodSen\&DTDS\foodSen HTML\git project\foodSen\foodSen\WebContent\view\menu6\research\researchList.jsp.txt:61:8:554664300.139:E: non SGML character number 51032
C:\Program Files (x86)\한국정보화진흥원\KW3C 2.0\onsgmls.exe:E:\git project\foodSen\foodSen\&DTDS\foodSen HTML\git project\foodSen\foodSen\WebContent\view\menu6\research\researchList.jsp.txt:61:16:554664300.139:E: non SGML character number 51012
C:\Program Files (x86)\한국정보화진흥원\KW3C 2.0\onsgmls.exe:E:\git project\foodSen\foodSen\&DTDS\foodSen HTML\git project\foodSen\foodSen\WebContent\view\menu6\research\researchList.jsp.txt:61:18:554664300.139:E: non SGML character number 54045
C:\Program Files (x86)\한국정보화진흥원\KW3C 2.0\onsgmls.exe:E:\git project\foodSen\foodSen\&DTDS\foodSen HTML\git project\foodSen\foodSen\WebContent\view\menu6\research\researchList.jsp.txt:61:19:554664300.139:E: non SGML character number 50629
C:\Program Files (x86)\한국정보화진흥원\KW3C 2.0\onsgmls.exe:E:\git project\foodSen\foodSen\&DTDS\foodSen HTML\git project\foodSen\foodSen\WebContent\view\menu6\research\researchList.jsp.txt:61:20:554664300.139:E: non SGML character number 50640
C:\Program Files (x86)\한국정보화진흥원\KW3C 2.0\onsgmls.exe:E:\git project\foodSen\foodSen\&DTDS\foodSen HTML\git project\foodSen\foodSen\WebContent\view\menu6\research\researchList.jsp.txt:61:22:554664300.139:E: non SGML character number 45208
C:\Program Files (x86)\한국정보화진흥원\KW3C 2.0\onsgmls.exe:E:\git project\foodSen\foodSen\&DTDS\foodSen HTML\git project\foodSen\foodSen\WebContent\view\menu6\research\researchList.jsp.txt:61:23:554664300.139:E: non SGML character number 53440
C:\Program Files (x86)\한국정보화진흥원\KW3C 2.0\onsgmls.exe:E:\git project\foodSen\foodSen\&DTDS\foodSen HTML\git project\foodSen\foodSen\WebContent\view\menu6\research\researchList.jsp.txt:61:24:554664300.139:E: non SGML character number 45244
C:\Program Files (x86)\한국정보화진흥원\KW3C 2.0\onsgmls.exe:E:\git project\foodSen\foodSen\&DTDS\foodSen HTML\git project\foodSen\foodSen\WebContent\view\menu6\research\researchList.jsp.txt:61:26:554664300.139:E: non SGML character number 54168
C:\Program Files (x86)\한국정보화진흥원\KW3C 2.0\onsgmls.exe:E:\git project\foodSen\foodSen\&DTDS\foodSen HTML\git project\foodSen\foodSen\WebContent\view\menu6\research\researchList.jsp.txt:61:27:554664300.139:E: non SGML character number 51060
C:\Program Files (x86)\한국정보화진흥원\KW3C 2.0\onsgmls.exe:E:\git project\foodSen\foodSen\&DTDS\foodSen HTML\git project\foodSen\foodSen\WebContent\view\menu6\research\researchList.jsp.txt:61:28:554664300.139:E: non SGML character number 51648
C:\Program Files (x86)\한국정보화진흥원\KW3C 2.0\onsgmls.exe:E:\git project\foodSen\foodSen\&DTDS\foodSen HTML\git project\foodSen\foodSen\WebContent\view\menu6\research\researchList.jsp.txt:61:29:554664300.139:E: non SGML character number 47196
C:\Program Files (x86)\한국정보화진흥원\KW3C 2.0\onsgmls.exe:E:\git project\foodSen\foodSen\&DTDS\foodSen HTML\git project\foodSen\foodSen\WebContent\view\menu6\research\researchList.jsp.txt:61:31:554664300.139:E: non SGML character number 54620
C:\Program Files (x86)\한국정보화진흥원\KW3C 2.0\onsgmls.exe:E:\git project\foodSen\foodSen\&DTDS\foodSen HTML\git project\foodSen\foodSen\WebContent\view\menu6\research\researchList.jsp.txt:61:32:554664300.139:E: non SGML character number 45796
C:\Program Files (x86)\한국정보화진흥원\KW3C 2.0\onsgmls.exe:E:\git project\foodSen\foodSen\&DTDS\foodSen HTML\git project\foodSen\foodSen\WebContent\view\menu6\research\researchList.jsp.txt:64:4:554664300.139:E: non SGML character number 54045
C:\Program Files (x86)\한국정보화진흥원\KW3C 2.0\onsgmls.exe:E:\git project\foodSen\foodSen\&DTDS\foodSen HTML\git project\foodSen\foodSen\WebContent\view\menu6\research\researchList.jsp.txt:64:5:554664300.139:E: non SGML character number 50629
C:\Program Files (x86)\한국정보화진흥원\KW3C 2.0\onsgmls.exe:E:\git project\foodSen\foodSen\&DTDS\foodSen HTML\git project\foodSen\foodSen\WebContent\view\menu6\research\researchList.jsp.txt:64:6:554664300.139:E: non SGML character number 51004
C:\Program Files (x86)\한국정보화진흥원\KW3C 2.0\onsgmls.exe:E:\git project\foodSen\foodSen\&DTDS\foodSen HTML\git project\foodSen\foodSen\WebContent\view\menu6\research\researchList.jsp.txt:64:7:554664300.139:E: non SGML character number 47196
C:\Program Files (x86)\한국정보화진흥원\KW3C 2.0\onsgmls.exe:E:\git project\foodSen\foodSen\&DTDS\foodSen HTML\git project\foodSen\foodSen\WebContent\view\menu6\research\researchList.jsp.txt:64:9:554664300.139:E: non SGML character number 45336
C:\Program Files (x86)\한국정보화진흥원\KW3C 2.0\onsgmls.exe:E:\git project\foodSen\foodSen\&DTDS\foodSen HTML\git project\foodSen\foodSen\WebContent\view\menu6\research\researchList.jsp.txt:64:10:554664300.139:E: non SGML character number 44600
C:\Program Files (x86)\한국정보화진흥원\KW3C 2.0\onsgmls.exe:E:\git project\foodSen\foodSen\&DTDS\foodSen HTML\git project\foodSen\foodSen\WebContent\view\menu6\research\researchList.jsp.txt:64:12:554664300.139:E: non SGML character number 44050
C:\Program Files (x86)\한국정보화진흥원\KW3C 2.0\onsgmls.exe:E:\git project\foodSen\foodSen\&DTDS\foodSen HTML\git project\foodSen\foodSen\WebContent\view\menu6\research\researchList.jsp.txt:64:13:554664300.139:E: non SGML character number 51012
C:\Program Files (x86)\한국정보화진흥원\KW3C 2.0\onsgmls.exe:E:\git project\foodSen\foodSen\&DTDS\foodSen HTML\git project\foodSen\foodSen\WebContent\view\menu6\research\researchList.jsp.txt:64:15:554664300.139:E: non SGML character number 44032
C:\Program Files (x86)\한국정보화진흥원\KW3C 2.0\onsgmls.exe:E:\git project\foodSen\foodSen\&DTDS\foodSen HTML\git project\foodSen\foodSen\WebContent\view\menu6\research\researchList.jsp.txt:64:16:554664300.139:E: non SGML character number 51648
C:\Program Files (x86)\한국정보화진흥원\KW3C 2.0\onsgmls.exe:E:\git project\foodSen\foodSen\&DTDS\foodSen HTML\git project\foodSen\foodSen\WebContent\view\menu6\research\researchList.jsp.txt:64:17:554664300.139:E: non SGML character number 44256
C:\Program Files (x86)\한국정보화진흥원\KW3C 2.0\onsgmls.exe:E:\git project\foodSen\foodSen\&DTDS\foodSen HTML\git project\foodSen\foodSen\WebContent\view\menu6\research\researchList.jsp.txt:64:18:554664300.139:E: non SGML character number 51080
C:\Program Files (x86)\한국정보화진흥원\KW3C 2.0\onsgmls.exe:E:\git project\foodSen\foodSen\&DTDS\foodSen HTML\git project\foodSen\foodSen\WebContent\view\menu6\research\researchList.jsp.txt:64:19:554664300.139:E: non SGML character number 45716
C:\Program Files (x86)\한국정보화진흥원\KW3C 2.0\onsgmls.exe:E:\git project\foodSen\foodSen\&DTDS\foodSen HTML\git project\foodSen\foodSen\WebContent\view\menu6\research\researchList.jsp.txt:64:21:554664300.139:E: non SGML character number 54268
C:\Program Files (x86)\한국정보화진흥원\KW3C 2.0\onsgmls.exe:E:\git project\foodSen\foodSen\&DTDS\foodSen HTML\git project\foodSen\foodSen\WebContent\view\menu6\research\researchList.jsp.txt:64:22:554664300.139:E: non SGML character number 51012
C:\Program Files (x86)\한국정보화진흥원\KW3C 2.0\onsgmls.exe:E:\git project\foodSen\foodSen\&DTDS\foodSen HTML\git project\foodSen\foodSen\WebContent\view\menu6\research\researchList.jsp.txt:64:31:554664300.139:E: non SGML character number 54620
C:\Program Files (x86)\한국정보화진흥원\KW3C 2.0\onsgmls.exe:E:\git project\foodSen\foodSen\&DTDS\foodSen HTML\git project\foodSen\foodSen\WebContent\view\menu6\research\researchList.jsp.txt:64:32:554664300.139:E: non SGML character number 45796
C:\Program Files (x86)\한국정보화진흥원\KW3C 2.0\onsgmls.exe:E:\git project\foodSen\foodSen\&DTDS\foodSen HTML\git project\foodSen\foodSen\WebContent\view\menu6\research\researchList.jsp.txt:67:8:554664300.79:E: end tag for element "SCRIPT" which is not open
C:\Program Files (x86)\한국정보화진흥원\KW3C 2.0\onsgmls.exe:E:\git project\foodSen\foodSen\&DTDS\foodSen HTML\git project\foodSen\foodSen\WebContent\view\menu6\research\researchList.jsp.txt:74:63:554664300.139:E: non SGML character number 44148
C:\Program Files (x86)\한국정보화진흥원\KW3C 2.0\onsgmls.exe:E:\git project\foodSen\foodSen\&DTDS\foodSen HTML\git project\foodSen\foodSen\WebContent\view\menu6\research\researchList.jsp.txt:74:64:554664300.139:E: non SGML character number 44053
C:\Program Files (x86)\한국정보화진흥원\KW3C 2.0\onsgmls.exe:E:\git project\foodSen\foodSen\&DTDS\foodSen HTML\git project\foodSen\foodSen\WebContent\view\menu6\research\researchList.jsp.txt:74:65:554664300.139:E: non SGML character number 54620
C:\Program Files (x86)\한국정보화진흥원\KW3C 2.0\onsgmls.exe:E:\git project\foodSen\foodSen\&DTDS\foodSen HTML\git project\foodSen\foodSen\WebContent\view\menu6\research\researchList.jsp.txt:74:67:554664300.139:E: non SGML character number 44553
C:\Program Files (x86)\한국정보화진흥원\KW3C 2.0\onsgmls.exe:E:\git project\foodSen\foodSen\&DTDS\foodSen HTML\git project\foodSen\foodSen\WebContent\view\menu6\research\researchList.jsp.txt:74:68:554664300.139:E: non SGML character number 49885
C:\Program Files (x86)\한국정보화진흥원\KW3C 2.0\onsgmls.exe:E:\git project\foodSen\foodSen\&DTDS\foodSen HTML\git project\foodSen\foodSen\WebContent\view\menu6\research\researchList.jsp.txt:74:70:554664300.139:E: non SGML character number 54665
C:\Program Files (x86)\한국정보화진흥원\KW3C 2.0\onsgmls.exe:E:\git project\foodSen\foodSen\&DTDS\foodSen HTML\git project\foodSen\foodSen\WebContent\view\menu6\research\researchList.jsp.txt:74:71:554664300.139:E: non SGML character number 48373
C:\Program Files (x86)\한국정보화진흥원\KW3C 2.0\onsgmls.exe:E:\git project\foodSen\foodSen\&DTDS\foodSen HTML\git project\foodSen\foodSen\WebContent\view\menu6\research\researchList.jsp.txt:74:72:554664300.139:E: non SGML character number 54620
C:\Program Files (x86)\한국정보화진흥원\KW3C 2.0\onsgmls.exe:E:\git project\foodSen\foodSen\&DTDS\foodSen HTML\git project\foodSen\foodSen\WebContent\view\menu6\research\researchList.jsp.txt:74:74:554664300.139:E: non SGML character number 54617
C:\Program Files (x86)\한국정보화진흥원\KW3C 2.0\onsgmls.exe:E:\git project\foodSen\foodSen\&DTDS\foodSen HTML\git project\foodSen\foodSen\WebContent\view\menu6\research\researchList.jsp.txt:74:75:554664300.139:E: non SGML character number 44368
C:\Program Files (x86)\한국정보화진흥원\KW3C 2.0\onsgmls.exe:E:\git project\foodSen\foodSen\&DTDS\foodSen HTML\git project\foodSen\foodSen\WebContent\view\menu6\research\researchList.jsp.txt:76:7:554664300.139:E: non SGML character number 51340
C:\Program Files (x86)\한국정보화진흥원\KW3C 2.0\onsgmls.exe:E:\git project\foodSen\foodSen\&DTDS\foodSen HTML\git project\foodSen\foodSen\WebContent\view\menu6\research\researchList.jsp.txt:76:8:554664300.139:E: non SGML character number 52769
C:\Program Files (x86)\한국정보화진흥원\KW3C 2.0\onsgmls.exe:E:\git project\foodSen\foodSen\&DTDS\foodSen HTML\git project\foodSen\foodSen\WebContent\view\menu6\research\researchList.jsp.txt:76:9:554664300.139:E: non SGML character number 47700
C:\Program Files (x86)\한국정보화진흥원\KW3C 2.0\onsgmls.exe:E:\git project\foodSen\foodSen\&DTDS\foodSen HTML\git project\foodSen\foodSen\WebContent\view\menu6\research\researchList.jsp.txt:76:10:554664300.139:E: non SGML character number 45684
C:\Program Files (x86)\한국정보화진흥원\KW3C 2.0\onsgmls.exe:E:\git project\foodSen\foodSen\&DTDS\foodSen HTML\git project\foodSen\foodSen\WebContent\view\menu6\research\researchList.jsp.txt:77:6:554664300.81:E: character ":" not allowed in attribute specification list
C:\Program Files (x86)\한국정보화진흥원\KW3C 2.0\onsgmls.exe:E:\git project\foodSen\foodSen\&DTDS\foodSen HTML\git project\foodSen\foodSen\WebContent\view\menu6\research\researchList.jsp.txt:78:10:554664300.139:E: non SGML character number 51340
C:\Program Files (x86)\한국정보화진흥원\KW3C 2.0\onsgmls.exe:E:\git project\foodSen\foodSen\&DTDS\foodSen HTML\git project\foodSen\foodSen\WebContent\view\menu6\research\researchList.jsp.txt:78:11:554664300.139:E: non SGML character number 52769
C:\Program Files (x86)\한국정보화진흥원\KW3C 2.0\onsgmls.exe:E:\git project\foodSen\foodSen\&DTDS\foodSen HTML\git project\foodSen\foodSen\WebContent\view\menu6\research\researchList.jsp.txt:78:12:554664300.139:E: non SGML character number 47700
C:\Program Files (x86)\한국정보화진흥원\KW3C 2.0\onsgmls.exe:E:\git project\foodSen\foodSen\&DTDS\foodSen HTML\git project\foodSen\foodSen\WebContent\view\menu6\research\researchList.jsp.txt:78:13:554664300.139:E: non SGML character number 45684
C:\Program Files (x86)\한국정보화진흥원\KW3C 2.0\onsgmls.exe:E:\git project\foodSen\foodSen\&DTDS\foodSen HTML\git project\foodSen\foodSen\WebContent\view\menu6\research\researchList.jsp.txt:81:7:554664300.139:E: non SGML character number 50864
C:\Program Files (x86)\한국정보화진흥원\KW3C 2.0\onsgmls.exe:E:\git project\foodSen\foodSen\&DTDS\foodSen HTML\git project\foodSen\foodSen\WebContent\view\menu6\research\researchList.jsp.txt:81:8:554664300.139:E: non SGML character number 52769
C:\Program Files (x86)\한국정보화진흥원\KW3C 2.0\onsgmls.exe:E:\git project\foodSen\foodSen\&DTDS\foodSen HTML\git project\foodSen\foodSen\WebContent\view\menu6\research\researchList.jsp.txt:81:10:554664300.139:E: non SGML character number 52968
C:\Program Files (x86)\한국정보화진흥원\KW3C 2.0\onsgmls.exe:E:\git project\foodSen\foodSen\&DTDS\foodSen HTML\git project\foodSen\foodSen\WebContent\view\menu6\research\researchList.jsp.txt:81:11:554664300.139:E: non SGML character number 53584
C:\Program Files (x86)\한국정보화진흥원\KW3C 2.0\onsgmls.exe:E:\git project\foodSen\foodSen\&DTDS\foodSen HTML\git project\foodSen\foodSen\WebContent\view\menu6\research\researchList.jsp.txt:81:12:554664300.139:E: non SGML character number 52768
C:\Program Files (x86)\한국정보화진흥원\KW3C 2.0\onsgmls.exe:E:\git project\foodSen\foodSen\&DTDS\foodSen HTML\git project\foodSen\foodSen\WebContent\view\menu6\research\researchList.jsp.txt:84:8:554664300.139:E: non SGML character number 50864
C:\Program Files (x86)\한국정보화진흥원\KW3C 2.0\onsgmls.exe:E:\git project\foodSen\foodSen\&DTDS\foodSen HTML\git project\foodSen\foodSen\WebContent\view\menu6\research\researchList.jsp.txt:84:9:554664300.139:E: non SGML character number 52769
C:\Program Files (x86)\한국정보화진흥원\KW3C 2.0\onsgmls.exe:E:\git project\foodSen\foodSen\&DTDS\foodSen HTML\git project\foodSen\foodSen\WebContent\view\menu6\research\researchList.jsp.txt:84:10:554664300.139:E: non SGML character number 49345
C:\Program Files (x86)\한국정보화진흥원\KW3C 2.0\onsgmls.exe:E:\git project\foodSen\foodSen\&DTDS\foodSen HTML\git project\foodSen\foodSen\WebContent\view\menu6\research\researchList.jsp.txt:84:11:554664300.139:E: non SGML character number 45800
C:\Program Files (x86)\한국정보화진흥원\KW3C 2.0\onsgmls.exe:E:\git project\foodSen\foodSen\&DTDS\foodSen HTML\git project\foodSen\foodSen\WebContent\view\menu6\research\researchList.jsp.txt:84:13:554664300.139:E: non SGML character number 51228
C:\Program Files (x86)\한국정보화진흥원\KW3C 2.0\onsgmls.exe:E:\git project\foodSen\foodSen\&DTDS\foodSen HTML\git project\foodSen\foodSen\WebContent\view\menu6\research\researchList.jsp.txt:84:14:554664300.139:E: non SGML character number 47785
C:\Program Files (x86)\한국정보화진흥원\KW3C 2.0\onsgmls.exe:E:\git project\foodSen\foodSen\&DTDS\foodSen HTML\git project\foodSen\foodSen\WebContent\view\menu6\research\researchList.jsp.txt:85:62:554664300.139:E: non SGML character number 49444
C:\Program Files (x86)\한국정보화진흥원\KW3C 2.0\onsgmls.exe:E:\git project\foodSen\foodSen\&DTDS\foodSen HTML\git project\foodSen\foodSen\WebContent\view\menu6\research\researchList.jsp.txt:85:63:554664300.139:E: non SGML character number 47928
C:\Program Files (x86)\한국정보화진흥원\KW3C 2.0\onsgmls.exe:E:\git project\foodSen\foodSen\&DTDS\foodSen HTML\git project\foodSen\foodSen\WebContent\view\menu6\research\researchList.jsp.txt:85:64:554664300.139:E: non SGML character number 51312
C:\Program Files (x86)\한국정보화진흥원\KW3C 2.0\onsgmls.exe:E:\git project\foodSen\foodSen\&DTDS\foodSen HTML\git project\foodSen\foodSen\WebContent\view\menu6\research\researchList.jsp.txt:85:65:554664300.139:E: non SGML character number 49324
C:\Program Files (x86)\한국정보화진흥원\KW3C 2.0\onsgmls.exe:E:\git project\foodSen\foodSen\&DTDS\foodSen HTML\git project\foodSen\foodSen\WebContent\view\menu6\research\researchList.jsp.txt:86:11:554664300.139:E: non SGML character number 50864
C:\Program Files (x86)\한국정보화진흥원\KW3C 2.0\onsgmls.exe:E:\git project\foodSen\foodSen\&DTDS\foodSen HTML\git project\foodSen\foodSen\WebContent\view\menu6\research\researchList.jsp.txt:86:12:554664300.139:E: non SGML character number 52769
C:\Program Files (x86)\한국정보화진흥원\KW3C 2.0\onsgmls.exe:E:\git project\foodSen\foodSen\&DTDS\foodSen HTML\git project\foodSen\foodSen\WebContent\view\menu6\research\researchList.jsp.txt:86:13:554664300.139:E: non SGML character number 49345
C:\Program Files (x86)\한국정보화진흥원\KW3C 2.0\onsgmls.exe:E:\git project\foodSen\foodSen\&DTDS\foodSen HTML\git project\foodSen\foodSen\WebContent\view\menu6\research\researchList.jsp.txt:86:14:554664300.139:E: non SGML character number 45800
C:\Program Files (x86)\한국정보화진흥원\KW3C 2.0\onsgmls.exe:E:\git project\foodSen\foodSen\&DTDS\foodSen HTML\git project\foodSen\foodSen\WebContent\view\menu6\research\researchList.jsp.txt:86:16:554664300.139:E: non SGML character number 51228
C:\Program Files (x86)\한국정보화진흥원\KW3C 2.0\onsgmls.exe:E:\git project\foodSen\foodSen\&DTDS\foodSen HTML\git project\foodSen\foodSen\WebContent\view\menu6\research\researchList.jsp.txt:86:17:554664300.139:E: non SGML character number 47785
C:\Program Files (x86)\한국정보화진흥원\KW3C 2.0\onsgmls.exe:E:\git project\foodSen\foodSen\&DTDS\foodSen HTML\git project\foodSen\foodSen\WebContent\view\menu6\research\researchList.jsp.txt:89:8:554664300.139:E: non SGML character number 50864
C:\Program Files (x86)\한국정보화진흥원\KW3C 2.0\onsgmls.exe:E:\git project\foodSen\foodSen\&DTDS\foodSen HTML\git project\foodSen\foodSen\WebContent\view\menu6\research\researchList.jsp.txt:89:9:554664300.139:E: non SGML character number 52769
C:\Program Files (x86)\한국정보화진흥원\KW3C 2.0\onsgmls.exe:E:\git project\foodSen\foodSen\&DTDS\foodSen HTML\git project\foodSen\foodSen\WebContent\view\menu6\research\researchList.jsp.txt:89:10:554664300.139:E: non SGML character number 49345
C:\Program Files (x86)\한국정보화진흥원\KW3C 2.0\onsgmls.exe:E:\git project\foodSen\foodSen\&DTDS\foodSen HTML\git project\foodSen\foodSen\WebContent\view\menu6\research\researchList.jsp.txt:89:11:554664300.139:E: non SGML character number 45800
C:\Program Files (x86)\한국정보화진흥원\KW3C 2.0\onsgmls.exe:E:\git project\foodSen\foodSen\&DTDS\foodSen HTML\git project\foodSen\foodSen\WebContent\view\menu6\research\researchList.jsp.txt:89:13:554664300.139:E: non SGML character number 44221
C:\Program Files (x86)\한국정보화진흥원\KW3C 2.0\onsgmls.exe:E:\git project\foodSen\foodSen\&DTDS\foodSen HTML\git project\foodSen\foodSen\WebContent\view\menu6\research\researchList.jsp.txt:89:14:554664300.139:E: non SGML character number 47196
C:\Program Files (x86)\한국정보화진흥원\KW3C 2.0\onsgmls.exe:E:\git project\foodSen\foodSen\&DTDS\foodSen HTML\git project\foodSen\foodSen\WebContent\view\menu6\research\researchList.jsp.txt:89:16:554664300.139:E: non SGML character number 51221
C:\Program Files (x86)\한국정보화진흥원\KW3C 2.0\onsgmls.exe:E:\git project\foodSen\foodSen\&DTDS\foodSen HTML\git project\foodSen\foodSen\WebContent\view\menu6\research\researchList.jsp.txt:89:17:554664300.139:E: non SGML character number 48372
C:\Program Files (x86)\한국정보화진흥원\KW3C 2.0\onsgmls.exe:E:\git project\foodSen\foodSen\&DTDS\foodSen HTML\git project\foodSen\foodSen\WebContent\view\menu6\research\researchList.jsp.txt:90:77:554664300.139:E: non SGML character number 52280
C:\Program Files (x86)\한국정보화진흥원\KW3C 2.0\onsgmls.exe:E:\git project\foodSen\foodSen\&DTDS\foodSen HTML\git project\foodSen\foodSen\WebContent\view\menu6\research\researchList.jsp.txt:90:78:554664300.139:E: non SGML character number 50668
C:\Program Files (x86)\한국정보화진흥원\KW3C 2.0\onsgmls.exe:E:\git project\foodSen\foodSen\&DTDS\foodSen HTML\git project\foodSen\foodSen\WebContent\view\menu6\research\researchList.jsp.txt:90:79:554664300.139:E: non SGML character number 47560
C:\Program Files (x86)\한국정보화진흥원\KW3C 2.0\onsgmls.exe:E:\git project\foodSen\foodSen\&DTDS\foodSen HTML\git project\foodSen\foodSen\WebContent\view\menu6\research\researchList.jsp.txt:90:80:554664300.139:E: non SGML character number 45817
C:\Program Files (x86)\한국정보화진흥원\KW3C 2.0\onsgmls.exe:E:\git project\foodSen\foodSen\&DTDS\foodSen HTML\git project\foodSen\foodSen\WebContent\view\menu6\research\researchList.jsp.txt:90:129:554664300.139:E: non SGML character number 45796
C:\Program Files (x86)\한국정보화진흥원\KW3C 2.0\onsgmls.exe:E:\git project\foodSen\foodSen\&DTDS\foodSen HTML\git project\foodSen\foodSen\WebContent\view\menu6\research\researchList.jsp.txt:90:130:554664300.139:E: non SGML character number 51020
C:\Program Files (x86)\한국정보화진흥원\KW3C 2.0\onsgmls.exe:E:\git project\foodSen\foodSen\&DTDS\foodSen HTML\git project\foodSen\foodSen\WebContent\view\menu6\research\researchList.jsp.txt:90:144:554664300.139:E: non SGML character number 49444
C:\Program Files (x86)\한국정보화진흥원\KW3C 2.0\onsgmls.exe:E:\git project\foodSen\foodSen\&DTDS\foodSen HTML\git project\foodSen\foodSen\WebContent\view\menu6\research\researchList.jsp.txt:90:145:554664300.139:E: non SGML character number 47928
C:\Program Files (x86)\한국정보화진흥원\KW3C 2.0\onsgmls.exe:E:\git project\foodSen\foodSen\&DTDS\foodSen HTML\git project\foodSen\foodSen\WebContent\view\menu6\research\researchList.jsp.txt:90:146:554664300.139:E: non SGML character number 51312
C:\Program Files (x86)\한국정보화진흥원\KW3C 2.0\onsgmls.exe:E:\git project\foodSen\foodSen\&DTDS\foodSen HTML\git project\foodSen\foodSen\WebContent\view\menu6\research\researchList.jsp.txt:90:147:554664300.139:E: non SGML character number 49324
C:\Program Files (x86)\한국정보화진흥원\KW3C 2.0\onsgmls.exe:E:\git project\foodSen\foodSen\&DTDS\foodSen HTML\git project\foodSen\foodSen\WebContent\view\menu6\research\researchList.jsp.txt:92:11:554664300.139:E: non SGML character number 50864
C:\Program Files (x86)\한국정보화진흥원\KW3C 2.0\onsgmls.exe:E:\git project\foodSen\foodSen\&DTDS\foodSen HTML\git project\foodSen\foodSen\WebContent\view\menu6\research\researchList.jsp.txt:92:12:554664300.139:E: non SGML character number 52769
C:\Program Files (x86)\한국정보화진흥원\KW3C 2.0\onsgmls.exe:E:\git project\foodSen\foodSen\&DTDS\foodSen HTML\git project\foodSen\foodSen\WebContent\view\menu6\research\researchList.jsp.txt:92:13:554664300.139:E: non SGML character number 49345
C:\Program Files (x86)\한국정보화진흥원\KW3C 2.0\onsgmls.exe:E:\git project\foodSen\foodSen\&DTDS\foodSen HTML\git project\foodSen\foodSen\WebContent\view\menu6\research\researchList.jsp.txt:92:14:554664300.139:E: non SGML character number 45800
C:\Program Files (x86)\한국정보화진흥원\KW3C 2.0\onsgmls.exe:E:\git project\foodSen\foodSen\&DTDS\foodSen HTML\git project\foodSen\foodSen\WebContent\view\menu6\research\researchList.jsp.txt:92:16:554664300.139:E: non SGML character number 44221
C:\Program Files (x86)\한국정보화진흥원\KW3C 2.0\onsgmls.exe:E:\git project\foodSen\foodSen\&DTDS\foodSen HTML\git project\foodSen\foodSen\WebContent\view\menu6\research\researchList.jsp.txt:92:17:554664300.139:E: non SGML character number 47196
C:\Program Files (x86)\한국정보화진흥원\KW3C 2.0\onsgmls.exe:E:\git project\foodSen\foodSen\&DTDS\foodSen HTML\git project\foodSen\foodSen\WebContent\view\menu6\research\researchList.jsp.txt:92:19:554664300.139:E: non SGML character number 51221
C:\Program Files (x86)\한국정보화진흥원\KW3C 2.0\onsgmls.exe:E:\git project\foodSen\foodSen\&DTDS\foodSen HTML\git project\foodSen\foodSen\WebContent\view\menu6\research\researchList.jsp.txt:92:20:554664300.139:E: non SGML character number 48372
C:\Program Files (x86)\한국정보화진흥원\KW3C 2.0\onsgmls.exe:E:\git project\foodSen\foodSen\&DTDS\foodSen HTML\git project\foodSen\foodSen\WebContent\view\menu6\research\researchList.jsp.txt:94:8:554664300.139:E: non SGML character number 44172
C:\Program Files (x86)\한국정보화진흥원\KW3C 2.0\onsgmls.exe:E:\git project\foodSen\foodSen\&DTDS\foodSen HTML\git project\foodSen\foodSen\WebContent\view\menu6\research\researchList.jsp.txt:94:9:554664300.139:E: non SGML character number 49884
C:\Program Files (x86)\한국정보화진흥원\KW3C 2.0\onsgmls.exe:E:\git project\foodSen\foodSen\&DTDS\foodSen HTML\git project\foodSen\foodSen\WebContent\view\menu6\research\researchList.jsp.txt:94:10:554664300.139:E: non SGML character number 54032
C:\Program Files (x86)\한국정보화진흥원\KW3C 2.0\onsgmls.exe:E:\git project\foodSen\foodSen\&DTDS\foodSen HTML\git project\foodSen\foodSen\WebContent\view\menu6\research\researchList.jsp.txt:94:11:554664300.139:E: non SGML character number 50689
C:\Program Files (x86)\한국정보화진흥원\KW3C 2.0\onsgmls.exe:E:\git project\foodSen\foodSen\&DTDS\foodSen HTML\git project\foodSen\foodSen\WebContent\view\menu6\research\researchList.jsp.txt:94:12:554664300.139:E: non SGML character number 50669
C:\Program Files (x86)\한국정보화진흥원\KW3C 2.0\onsgmls.exe:E:\git project\foodSen\foodSen\&DTDS\foodSen HTML\git project\foodSen\foodSen\WebContent\view\menu6\research\researchList.jsp.txt:97:95:554664300.139:E: non SGML character number 49444
C:\Program Files (x86)\한국정보화진흥원\KW3C 2.0\onsgmls.exe:E:\git project\foodSen\foodSen\&DTDS\foodSen HTML\git project\foodSen\foodSen\WebContent\view\menu6\research\researchList.jsp.txt:97:96:554664300.139:E: non SGML character number 47928
C:\Program Files (x86)\한국정보화진흥원\KW3C 2.0\onsgmls.exe:E:\git project\foodSen\foodSen\&DTDS\foodSen HTML\git project\foodSen\foodSen\WebContent\view\menu6\research\researchList.jsp.txt:97:97:554664300.139:E: non SGML character number 51312
C:\Program Files (x86)\한국정보화진흥원\KW3C 2.0\onsgmls.exe:E:\git project\foodSen\foodSen\&DTDS\foodSen HTML\git project\foodSen\foodSen\WebContent\view\menu6\research\researchList.jsp.txt:97:98:554664300.139:E: non SGML character number 49324
C:\Program Files (x86)\한국정보화진흥원\KW3C 2.0\onsgmls.exe:E:\git project\foodSen\foodSen\&DTDS\foodSen HTML\git project\foodSen\foodSen\WebContent\view\menu6\research\researchList.jsp.txt:99:14:554664300.139:E: non SGML character number 49444
C:\Program Files (x86)\한국정보화진흥원\KW3C 2.0\onsgmls.exe:E:\git project\foodSen\foodSen\&DTDS\foodSen HTML\git project\foodSen\foodSen\WebContent\view\menu6\research\researchList.jsp.txt:99:15:554664300.139:E: non SGML character number 47928
C:\Program Files (x86)\한국정보화진흥원\KW3C 2.0\onsgmls.exe:E:\git project\foodSen\foodSen\&DTDS\foodSen HTML\git project\foodSen\foodSen\WebContent\view\menu6\research\researchList.jsp.txt:99:16:554664300.139:E: non SGML character number 51312
C:\Program Files (x86)\한국정보화진흥원\KW3C 2.0\onsgmls.exe:E:\git project\foodSen\foodSen\&DTDS\foodSen HTML\git project\foodSen\foodSen\WebContent\view\menu6\research\researchList.jsp.txt:99:17:554664300.139:E: non SGML character number 49324
C:\Program Files (x86)\한국정보화진흥원\KW3C 2.0\onsgmls.exe:E:\git project\foodSen\foodSen\&DTDS\foodSen HTML\git project\foodSen\foodSen\WebContent\view\menu6\research\researchList.jsp.txt:112:23:554664300.139:E: non SGML character number 51228
C:\Program Files (x86)\한국정보화진흥원\KW3C 2.0\onsgmls.exe:E:\git project\foodSen\foodSen\&DTDS\foodSen HTML\git project\foodSen\foodSen\WebContent\view\menu6\research\researchList.jsp.txt:112:24:554664300.139:E: non SGML character number 47785
C:\Program Files (x86)\한국정보화진흥원\KW3C 2.0\onsgmls.exe:E:\git project\foodSen\foodSen\&DTDS\foodSen HTML\git project\foodSen\foodSen\WebContent\view\menu6\research\researchList.jsp.txt:113:23:554664300.139:E: non SGML character number 49884
C:\Program Files (x86)\한국정보화진흥원\KW3C 2.0\onsgmls.exe:E:\git project\foodSen\foodSen\&DTDS\foodSen HTML\git project\foodSen\foodSen\WebContent\view\menu6\research\researchList.jsp.txt:113:24:554664300.139:E: non SGML character number 51089
C:\Program Files (x86)\한국정보화진흥원\KW3C 2.0\onsgmls.exe:E:\git project\foodSen\foodSen\&DTDS\foodSen HTML\git project\foodSen\foodSen\WebContent\view\menu6\research\researchList.jsp.txt:113:25:554664300.139:E: non SGML character number 51068
C:\Program Files (x86)\한국정보화진흥원\KW3C 2.0\onsgmls.exe:E:\git project\foodSen\foodSen\&DTDS\foodSen HTML\git project\foodSen\foodSen\WebContent\view\menu6\research\researchList.jsp.txt:114:23:554664300.139:E: non SGML character number 47560
C:\Program Files (x86)\한국정보화진흥원\KW3C 2.0\onsgmls.exe:E:\git project\foodSen\foodSen\&DTDS\foodSen HTML\git project\foodSen\foodSen\WebContent\view\menu6\research\researchList.jsp.txt:114:24:554664300.139:E: non SGML character number 44048
C:\Program Files (x86)\한국정보화진흥원\KW3C 2.0\onsgmls.exe:E:\git project\foodSen\foodSen\&DTDS\foodSen HTML\git project\foodSen\foodSen\WebContent\view\menu6\research\researchList.jsp.txt:114:25:554664300.139:E: non SGML character number 51068
C:\Program Files (x86)\한국정보화진흥원\KW3C 2.0\onsgmls.exe:E:\git project\foodSen\foodSen\&DTDS\foodSen HTML\git project\foodSen\foodSen\WebContent\view\menu6\research\researchList.jsp.txt:115:23:554664300.139:E: non SGML character number 50756
C:\Program Files (x86)\한국정보화진흥원\KW3C 2.0\onsgmls.exe:E:\git project\foodSen\foodSen\&DTDS\foodSen HTML\git project\foodSen\foodSen\WebContent\view\menu6\research\researchList.jsp.txt:115:24:554664300.139:E: non SGML character number 47308
C:\Program Files (x86)\한국정보화진흥원\KW3C 2.0\onsgmls.exe:E:\git project\foodSen\foodSen\&DTDS\foodSen HTML\git project\foodSen\foodSen\WebContent\view\menu6\research\researchList.jsp.txt:115:25:554664300.139:E: non SGML character number 50668
C:\Program Files (x86)\한국정보화진흥원\KW3C 2.0\onsgmls.exe:E:\git project\foodSen\foodSen\&DTDS\foodSen HTML\git project\foodSen\foodSen\WebContent\view\menu6\research\researchList.jsp.txt:115:26:554664300.139:E: non SGML character number 48512
C:\Program Files (x86)\한국정보화진흥원\KW3C 2.0\onsgmls.exe:E:\git project\foodSen\foodSen\&DTDS\foodSen HTML\git project\foodSen\foodSen\WebContent\view\menu6\research\researchList.jsp.txt:116:23:554664300.139:E: non SGML character number 51312
C:\Program Files (x86)\한국정보화진흥원\KW3C 2.0\onsgmls.exe:E:\git project\foodSen\foodSen\&DTDS\foodSen HTML\git project\foodSen\foodSen\WebContent\view\menu6\research\researchList.jsp.txt:116:24:554664300.139:E: non SGML character number 54924
C:\Program Files (x86)\한국정보화진흥원\KW3C 2.0\onsgmls.exe:E:\git project\foodSen\foodSen\&DTDS\foodSen HTML\git project\foodSen\foodSen\WebContent\view\menu6\research\researchList.jsp.txt:116:25:554664300.139:E: non SGML character number 49688
C:\Program Files (x86)\한국정보화진흥원\KW3C 2.0\onsgmls.exe:E:\git project\foodSen\foodSen\&DTDS\foodSen HTML\git project\foodSen\foodSen\WebContent\view\menu6\research\researchList.jsp.txt:119:8:554664300.81:E: character ":" not allowed in attribute specification list
C:\Program Files (x86)\한국정보화진흥원\KW3C 2.0\onsgmls.exe:E:\git project\foodSen\foodSen\&DTDS\foodSen HTML\git project\foodSen\foodSen\WebContent\view\menu6\research\researchList.jsp.txt:121:39:554664300.139:E: non SGML character number 44172
C:\Program Files (x86)\한국정보화진흥원\KW3C 2.0\onsgmls.exe:E:\git project\foodSen\foodSen\&DTDS\foodSen HTML\git project\foodSen\foodSen\WebContent\view\menu6\research\researchList.jsp.txt:121:40:554664300.139:E: non SGML character number 49884
C:\Program Files (x86)\한국정보화진흥원\KW3C 2.0\onsgmls.exe:E:\git project\foodSen\foodSen\&DTDS\foodSen HTML\git project\foodSen\foodSen\WebContent\view\menu6\research\researchList.jsp.txt:121:41:554664300.139:E: non SGML character number 44544
C:\Program Files (x86)\한국정보화진흥원\KW3C 2.0\onsgmls.exe:E:\git project\foodSen\foodSen\&DTDS\foodSen HTML\git project\foodSen\foodSen\WebContent\view\menu6\research\researchList.jsp.txt:121:42:554664300.139:E: non SGML character number 51060
C:\Program Files (x86)\한국정보화진흥원\KW3C 2.0\onsgmls.exe:E:\git project\foodSen\foodSen\&DTDS\foodSen HTML\git project\foodSen\foodSen\WebContent\view\menu6\research\researchList.jsp.txt:121:44:554664300.139:E: non SGML character number 50630
C:\Program Files (x86)\한국정보화진흥원\KW3C 2.0\onsgmls.exe:E:\git project\foodSen\foodSen\&DTDS\foodSen HTML\git project\foodSen\foodSen\WebContent\view\menu6\research\researchList.jsp.txt:121:45:554664300.139:E: non SGML character number 49845
C:\Program Files (x86)\한국정보화진흥원\KW3C 2.0\onsgmls.exe:E:\git project\foodSen\foodSen\&DTDS\foodSen HTML\git project\foodSen\foodSen\WebContent\view\menu6\research\researchList.jsp.txt:121:46:554664300.139:E: non SGML character number 45768
C:\Program Files (x86)\한국정보화진흥원\KW3C 2.0\onsgmls.exe:E:\git project\foodSen\foodSen\&DTDS\foodSen HTML\git project\foodSen\foodSen\WebContent\view\menu6\research\researchList.jsp.txt:121:47:554664300.139:E: non SGML character number 45796
C:\Program Files (x86)\한국정보화진흥원\KW3C 2.0\onsgmls.exe:E:\git project\foodSen\foodSen\&DTDS\foodSen HTML\git project\foodSen\foodSen\WebContent\view\menu6\research\researchList.jsp.txt:123:9:554664300.61:E: character ":" not allowed in end tag
C:\Program Files (x86)\한국정보화진흥원\KW3C 2.0\onsgmls.exe:E:\git project\foodSen\foodSen\&DTDS\foodSen HTML\git project\foodSen\foodSen\WebContent\view\menu6\research\researchList.jsp.txt:125:8:554664300.81:E: character ":" not allowed in attribute specification list
C:\Program Files (x86)\한국정보화진흥원\KW3C 2.0\onsgmls.exe:E:\git project\foodSen\foodSen\&DTDS\foodSen HTML\git project\foodSen\foodSen\WebContent\view\menu6\research\researchList.jsp.txt:127:9:554664300.81:E: character ":" not allowed in attribute specification list
C:\Program Files (x86)\한국정보화진흥원\KW3C 2.0\onsgmls.exe:E:\git project\foodSen\foodSen\&DTDS\foodSen HTML\git project\foodSen\foodSen\WebContent\view\menu6\research\researchList.jsp.txt:129:10:554664300.81:E: character ":" not allowed in attribute specification list
C:\Program Files (x86)\한국정보화진흥원\KW3C 2.0\onsgmls.exe:E:\git project\foodSen\foodSen\&DTDS\foodSen HTML\git project\foodSen\foodSen\WebContent\view\menu6\research\researchList.jsp.txt:130:11:554664300.81:E: character ":" not allowed in attribute specification list
C:\Program Files (x86)\한국정보화진흥원\KW3C 2.0\onsgmls.exe:E:\git project\foodSen\foodSen\&DTDS\foodSen HTML\git project\foodSen\foodSen\WebContent\view\menu6\research\researchList.jsp.txt:131:11:554664300.81:E: character ":" not allowed in attribute specification list
C:\Program Files (x86)\한국정보화진흥원\KW3C 2.0\onsgmls.exe:E:\git project\foodSen\foodSen\&DTDS\foodSen HTML\git project\foodSen\foodSen\WebContent\view\menu6\research\researchList.jsp.txt:132:11:554664300.81:E: character ":" not allowed in attribute specification list
C:\Program Files (x86)\한국정보화진흥원\KW3C 2.0\onsgmls.exe:E:\git project\foodSen\foodSen\&DTDS\foodSen HTML\git project\foodSen\foodSen\WebContent\view\menu6\research\researchList.jsp.txt:133:11:554664300.81:E: character ":" not allowed in attribute specification list
C:\Program Files (x86)\한국정보화진흥원\KW3C 2.0\onsgmls.exe:E:\git project\foodSen\foodSen\&DTDS\foodSen HTML\git project\foodSen\foodSen\WebContent\view\menu6\research\researchList.jsp.txt:134:12:554664300.81:E: character ":" not allowed in attribute specification list
C:\Program Files (x86)\한국정보화진흥원\KW3C 2.0\onsgmls.exe:E:\git project\foodSen\foodSen\&DTDS\foodSen HTML\git project\foodSen\foodSen\WebContent\view\menu6\research\researchList.jsp.txt:135:12:554664300.81:E: character ":" not allowed in attribute specification list
C:\Program Files (x86)\한국정보화진흥원\KW3C 2.0\onsgmls.exe:E:\git project\foodSen\foodSen\&DTDS\foodSen HTML\git project\foodSen\foodSen\WebContent\view\menu6\research\researchList.jsp.txt:136:12:554664300.61:E: character ":" not allowed in end tag
C:\Program Files (x86)\한국정보화진흥원\KW3C 2.0\onsgmls.exe:E:\git project\foodSen\foodSen\&DTDS\foodSen HTML\git project\foodSen\foodSen\WebContent\view\menu6\research\researchList.jsp.txt:137:11:554664300.61:E: character ":" not allowed in end tag
C:\Program Files (x86)\한국정보화진흥원\KW3C 2.0\onsgmls.exe:E:\git project\foodSen\foodSen\&DTDS\foodSen HTML\git project\foodSen\foodSen\WebContent\view\menu6\research\researchList.jsp.txt:141:12:554664300.81:E: character ":" not allowed in attribute specification list
C:\Program Files (x86)\한국정보화진흥원\KW3C 2.0\onsgmls.exe:E:\git project\foodSen\foodSen\&DTDS\foodSen HTML\git project\foodSen\foodSen\WebContent\view\menu6\research\researchList.jsp.txt:142:12:554664300.81:E: character ":" not allowed in attribute specification list
C:\Program Files (x86)\한국정보화진흥원\KW3C 2.0\onsgmls.exe:E:\git project\foodSen\foodSen\&DTDS\foodSen HTML\git project\foodSen\foodSen\WebContent\view\menu6\research\researchList.jsp.txt:145:18:554664300.82:E: an attribute value must be a literal unless it contains only name characters
C:\Program Files (x86)\한국정보화진흥원\KW3C 2.0\onsgmls.exe:E:\git project\foodSen\foodSen\&DTDS\foodSen HTML\git project\foodSen\foodSen\WebContent\view\menu6\research\researchList.jsp.txt:150:12:554664300.81:E: character ":" not allowed in attribute specification list
C:\Program Files (x86)\한국정보화진흥원\KW3C 2.0\onsgmls.exe:E:\git project\foodSen\foodSen\&DTDS\foodSen HTML\git project\foodSen\foodSen\WebContent\view\menu6\research\researchList.jsp.txt:151:11:554664300.139:E: non SGML character number 50756
C:\Program Files (x86)\한국정보화진흥원\KW3C 2.0\onsgmls.exe:E:\git project\foodSen\foodSen\&DTDS\foodSen HTML\git project\foodSen\foodSen\WebContent\view\menu6\research\researchList.jsp.txt:151:12:554664300.139:E: non SGML character number 47308
C:\Program Files (x86)\한국정보화진흥원\KW3C 2.0\onsgmls.exe:E:\git project\foodSen\foodSen\&DTDS\foodSen HTML\git project\foodSen\foodSen\WebContent\view\menu6\research\researchList.jsp.txt:152:13:554664300.61:E: character ":" not allowed in end tag
C:\Program Files (x86)\한국정보화진흥원\KW3C 2.0\onsgmls.exe:E:\git project\foodSen\foodSen\&DTDS\foodSen HTML\git project\foodSen\foodSen\WebContent\view\menu6\research\researchList.jsp.txt:153:12:554664300.81:E: character ":" not allowed in attribute specification list
C:\Program Files (x86)\한국정보화진흥원\KW3C 2.0\onsgmls.exe:E:\git project\foodSen\foodSen\&DTDS\foodSen HTML\git project\foodSen\foodSen\WebContent\view\menu6\research\researchList.jsp.txt:154:11:554664300.139:E: non SGML character number 51652
C:\Program Files (x86)\한국정보화진흥원\KW3C 2.0\onsgmls.exe:E:\git project\foodSen\foodSen\&DTDS\foodSen HTML\git project\foodSen\foodSen\WebContent\view\menu6\research\researchList.jsp.txt:154:12:554664300.139:E: non SGML character number 54665
C:\Program Files (x86)\한국정보화진흥원\KW3C 2.0\onsgmls.exe:E:\git project\foodSen\foodSen\&DTDS\foodSen HTML\git project\foodSen\foodSen\WebContent\view\menu6\research\researchList.jsp.txt:154:13:554664300.139:E: non SGML character number 51473
C:\Program Files (x86)\한국정보화진흥원\KW3C 2.0\onsgmls.exe:E:\git project\foodSen\foodSen\&DTDS\foodSen HTML\git project\foodSen\foodSen\WebContent\view\menu6\research\researchList.jsp.txt:155:13:554664300.61:E: character ":" not allowed in end tag
C:\Program Files (x86)\한국정보화진흥원\KW3C 2.0\onsgmls.exe:E:\git project\foodSen\foodSen\&DTDS\foodSen HTML\git project\foodSen\foodSen\WebContent\view\menu6\research\researchList.jsp.txt:159:10:554664300.61:E: character ":" not allowed in end tag
C:\Program Files (x86)\한국정보화진흥원\KW3C 2.0\onsgmls.exe:E:\git project\foodSen\foodSen\&DTDS\foodSen HTML\git project\foodSen\foodSen\WebContent\view\menu6\research\researchList.jsp.txt:162:9:554664300.61:E: character ":" not allowed in end tag
C:\Program Files (x86)\한국정보화진흥원\KW3C 2.0\onsgmls.exe:E:\git project\foodSen\foodSen\&DTDS\foodSen HTML\git project\foodSen\foodSen\WebContent\view\menu6\research\researchList.jsp.txt:168:9:554664300.139:E: non SGML character number 54168
C:\Program Files (x86)\한국정보화진흥원\KW3C 2.0\onsgmls.exe:E:\git project\foodSen\foodSen\&DTDS\foodSen HTML\git project\foodSen\foodSen\WebContent\view\menu6\research\researchList.jsp.txt:168:10:554664300.139:E: non SGML character number 51060
C:\Program Files (x86)\한국정보화진흥원\KW3C 2.0\onsgmls.exe:E:\git project\foodSen\foodSen\&DTDS\foodSen HTML\git project\foodSen\foodSen\WebContent\view\menu6\research\researchList.jsp.txt:168:11:554664300.139:E: non SGML character number 51669
C:\Program Files (x86)\한국정보화진흥원\KW3C 2.0\onsgmls.exe:E:\git project\foodSen\foodSen\&DTDS\foodSen HTML\git project\foodSen\foodSen\WebContent\view\menu6\research\researchList.jsp.txt:172:12:554664300.139:E: non SGML character number 54168
C:\Program Files (x86)\한국정보화진흥원\KW3C 2.0\onsgmls.exe:E:\git project\foodSen\foodSen\&DTDS\foodSen HTML\git project\foodSen\foodSen\WebContent\view\menu6\research\researchList.jsp.txt:172:13:554664300.139:E: non SGML character number 51060
C:\Program Files (x86)\한국정보화진흥원\KW3C 2.0\onsgmls.exe:E:\git project\foodSen\foodSen\&DTDS\foodSen HTML\git project\foodSen\foodSen\WebContent\view\menu6\research\researchList.jsp.txt:172:14:554664300.139:E: non SGML character number 51669
C:\Program Files (x86)\한국정보화진흥원\KW3C 2.0\onsgmls.exe:E:\git project\foodSen\foodSen\&DTDS\foodSen HTML\git project\foodSen\foodSen\WebContent\view\menu6\research\researchList.jsp.txt:175:9:554664300.139:E: non SGML character number 47785
C:\Program Files (x86)\한국정보화진흥원\KW3C 2.0\onsgmls.exe:E:\git project\foodSen\foodSen\&DTDS\foodSen HTML\git project\foodSen\foodSen\WebContent\view\menu6\research\researchList.jsp.txt:175:10:554664300.139:E: non SGML character number 47197
C:\Program Files (x86)\한국정보화진흥원\KW3C 2.0\onsgmls.exe:E:\git project\foodSen\foodSen\&DTDS\foodSen HTML\git project\foodSen\foodSen\WebContent\view\menu6\research\researchList.jsp.txt:175:14:554664300.139:E: non SGML character number 46321
C:\Program Files (x86)\한국정보화진흥원\KW3C 2.0\onsgmls.exe:E:\git project\foodSen\foodSen\&DTDS\foodSen HTML\git project\foodSen\foodSen\WebContent\view\menu6\research\researchList.jsp.txt:175:15:554664300.139:E: non SGML character number 47197
C:\Program Files (x86)\한국정보화진흥원\KW3C 2.0\onsgmls.exe:E:\git project\foodSen\foodSen\&DTDS\foodSen HTML\git project\foodSen\foodSen\WebContent\view\menu6\research\researchList.jsp.txt:175:17:554664300.139:E: non SGML character number 48260
C:\Program Files (x86)\한국정보화진흥원\KW3C 2.0\onsgmls.exe:E:\git project\foodSen\foodSen\&DTDS\foodSen HTML\git project\foodSen\foodSen\WebContent\view\menu6\research\researchList.jsp.txt:175:18:554664300.139:E: non SGML character number 53948
C:\Program Files (x86)\한국정보화진흥원\KW3C 2.0\onsgmls.exe:E:\git project\foodSen\foodSen\&DTDS\foodSen HTML\git project\foodSen\foodSen\WebContent\view\menu6\research\researchList.jsp.txt:178:55:554664300.139:E: non SGML character number 47785
C:\Program Files (x86)\한국정보화진흥원\KW3C 2.0\onsgmls.exe:E:\git project\foodSen\foodSen\&DTDS\foodSen HTML\git project\foodSen\foodSen\WebContent\view\menu6\research\researchList.jsp.txt:178:56:554664300.139:E: non SGML character number 47197
C:\Program Files (x86)\한국정보화진흥원\KW3C 2.0\onsgmls.exe:E:\git project\foodSen\foodSen\&DTDS\foodSen HTML\git project\foodSen\foodSen\WebContent\view\menu6\research\researchList.jsp.txt:181:10:554664300.139:E: non SGML character number 44288
C:\Program Files (x86)\한국정보화진흥원\KW3C 2.0\onsgmls.exe:E:\git project\foodSen\foodSen\&DTDS\foodSen HTML\git project\foodSen\foodSen\WebContent\view\menu6\research\researchList.jsp.txt:181:11:554664300.139:E: non SGML character number 47532
C:\Program Files (x86)\한국정보화진흥원\KW3C 2.0\onsgmls.exe:E:\git project\foodSen\foodSen\&DTDS\foodSen HTML\git project\foodSen\foodSen\WebContent\view\menu6\research\researchList.jsp.txt:181:12:554664300.139:E: non SGML character number 51088
C:\Program Files (x86)\한국정보화진흥원\KW3C 2.0\onsgmls.exe:E:\git project\foodSen\foodSen\&DTDS\foodSen HTML\git project\foodSen\foodSen\WebContent\view\menu6\research\researchList.jsp.txt:181:13:554664300.139:E: non SGML character number 51064
C:\Program Files (x86)\한국정보화진흥원\KW3C 2.0\onsgmls.exe:E:\git project\foodSen\foodSen\&DTDS\foodSen HTML\git project\foodSen\foodSen\WebContent\view\menu6\research\researchList.jsp.txt:181:15:554664300.139:E: non SGML character number 44221
C:\Program Files (x86)\한국정보화진흥원\KW3C 2.0\onsgmls.exe:E:\git project\foodSen\foodSen\&DTDS\foodSen HTML\git project\foodSen\foodSen\WebContent\view\menu6\research\researchList.jsp.txt:181:16:554664300.139:E: non SGML character number 50864
C:\Program Files (x86)\한국정보화진흥원\KW3C 2.0\onsgmls.exe:E:\git project\foodSen\foodSen\&DTDS\foodSen HTML\git project\foodSen\foodSen\WebContent\view\menu6\research\researchList.jsp.txt:181:17:554664300.139:E: non SGML character number 47564
C:\Program Files (x86)\한국정보화진흥원\KW3C 2.0\onsgmls.exe:E:\git project\foodSen\foodSen\&DTDS\foodSen HTML\git project\foodSen\foodSen\WebContent\view\menu6\research\researchList.jsp.txt:181:19:554664300.139:E: non SGML character number 46321
C:\Program Files (x86)\한국정보화진흥원\KW3C 2.0\onsgmls.exe:E:\git project\foodSen\foodSen\&DTDS\foodSen HTML\git project\foodSen\foodSen\WebContent\view\menu6\research\researchList.jsp.txt:181:20:554664300.139:E: non SGML character number 47197
C:\Program Files (x86)\한국정보화진흥원\KW3C 2.0\onsgmls.exe:E:\git project\foodSen\foodSen\&DTDS\foodSen HTML\git project\foodSen\foodSen\WebContent\view\menu6\research\researchList.jsp.txt:181:21:554664300.139:E: non SGML character number 48260
C:\Program Files (x86)\한국정보화진흥원\KW3C 2.0\onsgmls.exe:E:\git project\foodSen\foodSen\&DTDS\foodSen HTML\git project\foodSen\foodSen\WebContent\view\menu6\research\researchList.jsp.txt:181:22:554664300.139:E: non SGML character number 53948
C:\Program Files (x86)\한국정보화진흥원\KW3C 2.0\onsgmls.exe:E:\git project\foodSen\foodSen\&DTDS\foodSen HTML\git project\foodSen\foodSen\WebContent\view\menu6\research\researchList.jsp.txt:181:24:554664300.139:E: non SGML character number 45432
C:\Program Files (x86)\한국정보화진흥원\KW3C 2.0\onsgmls.exe:E:\git project\foodSen\foodSen\&DTDS\foodSen HTML\git project\foodSen\foodSen\WebContent\view\menu6\research\researchList.jsp.txt:181:25:554664300.139:E: non SGML character number 52636
C:\Program Files (x86)\한국정보화진흥원\KW3C 2.0\onsgmls.exe:E:\git project\foodSen\foodSen\&DTDS\foodSen HTML\git project\foodSen\foodSen\WebContent\view\menu6\research\researchList.jsp.txt:182:7:554664300.81:E: character ":" not allowed in attribute specification list
C:\Program Files (x86)\한국정보화진흥원\KW3C 2.0\onsgmls.exe:E:\git project\foodSen\foodSen\&DTDS\foodSen HTML\git project\foodSen\foodSen\WebContent\view\menu6\research\researchList.jsp.txt:184:62:554664300.139:E: non SGML character number 46321
C:\Program Files (x86)\한국정보화진흥원\KW3C 2.0\onsgmls.exe:E:\git project\foodSen\foodSen\&DTDS\foodSen HTML\git project\foodSen\foodSen\WebContent\view\menu6\research\researchList.jsp.txt:184:63:554664300.139:E: non SGML character number 47197
C:\Program Files (x86)\한국정보화진흥원\KW3C 2.0\onsgmls.exe:E:\git project\foodSen\foodSen\&DTDS\foodSen HTML\git project\foodSen\foodSen\WebContent\view\menu6\research\researchList.jsp.txt:186:8:554664300.61:E: character ":" not allowed in end tag
C:\Program Files (x86)\한국정보화진흥원\KW3C 2.0\onsgmls.exe:E:\git project\foodSen\foodSen\&DTDS\foodSen HTML\git project\foodSen\foodSen\WebContent\view\menu6\research\researchList.jsp.txt:187:13:554664300.139:E: non SGML character number 44288
C:\Program Files (x86)\한국정보화진흥원\KW3C 2.0\onsgmls.exe:E:\git project\foodSen\foodSen\&DTDS\foodSen HTML\git project\foodSen\foodSen\WebContent\view\menu6\research\researchList.jsp.txt:187:14:554664300.139:E: non SGML character number 47532
C:\Program Files (x86)\한국정보화진흥원\KW3C 2.0\onsgmls.exe:E:\git project\foodSen\foodSen\&DTDS\foodSen HTML\git project\foodSen\foodSen\WebContent\view\menu6\research\researchList.jsp.txt:187:15:554664300.139:E: non SGML character number 51088
C:\Program Files (x86)\한국정보화진흥원\KW3C 2.0\onsgmls.exe:E:\git project\foodSen\foodSen\&DTDS\foodSen HTML\git project\foodSen\foodSen\WebContent\view\menu6\research\researchList.jsp.txt:187:16:554664300.139:E: non SGML character number 51064
C:\Program Files (x86)\한국정보화진흥원\KW3C 2.0\onsgmls.exe:E:\git project\foodSen\foodSen\&DTDS\foodSen HTML\git project\foodSen\foodSen\WebContent\view\menu6\research\researchList.jsp.txt:187:18:554664300.139:E: non SGML character number 44221
C:\Program Files (x86)\한국정보화진흥원\KW3C 2.0\onsgmls.exe:E:\git project\foodSen\foodSen\&DTDS\foodSen HTML\git project\foodSen\foodSen\WebContent\view\menu6\research\researchList.jsp.txt:187:19:554664300.139:E: non SGML character number 50864
C:\Program Files (x86)\한국정보화진흥원\KW3C 2.0\onsgmls.exe:E:\git project\foodSen\foodSen\&DTDS\foodSen HTML\git project\foodSen\foodSen\WebContent\view\menu6\research\researchList.jsp.txt:187:20:554664300.139:E: non SGML character number 47564
C:\Program Files (x86)\한국정보화진흥원\KW3C 2.0\onsgmls.exe:E:\git project\foodSen\foodSen\&DTDS\foodSen HTML\git project\foodSen\foodSen\WebContent\view\menu6\research\researchList.jsp.txt:187:22:554664300.139:E: non SGML character number 46321
C:\Program Files (x86)\한국정보화진흥원\KW3C 2.0\onsgmls.exe:E:\git project\foodSen\foodSen\&DTDS\foodSen HTML\git project\foodSen\foodSen\WebContent\view\menu6\research\researchList.jsp.txt:187:23:554664300.139:E: non SGML character number 47197
C:\Program Files (x86)\한국정보화진흥원\KW3C 2.0\onsgmls.exe:E:\git project\foodSen\foodSen\&DTDS\foodSen HTML\git project\foodSen\foodSen\WebContent\view\menu6\research\researchList.jsp.txt:187:24:554664300.139:E: non SGML character number 48260
C:\Program Files (x86)\한국정보화진흥원\KW3C 2.0\onsgmls.exe:E:\git project\foodSen\foodSen\&DTDS\foodSen HTML\git project\foodSen\foodSen\WebContent\view\menu6\research\researchList.jsp.txt:187:25:554664300.139:E: non SGML character number 53948
C:\Program Files (x86)\한국정보화진흥원\KW3C 2.0\onsgmls.exe:E:\git project\foodSen\foodSen\&DTDS\foodSen HTML\git project\foodSen\foodSen\WebContent\view\menu6\research\researchList.jsp.txt:187:27:554664300.139:E: non SGML character number 45432
C:\Program Files (x86)\한국정보화진흥원\KW3C 2.0\onsgmls.exe:E:\git project\foodSen\foodSen\&DTDS\foodSen HTML\git project\foodSen\foodSen\WebContent\view\menu6\research\researchList.jsp.txt:187:28:554664300.139:E: non SGML character number 52636
C:\Program Files (x86)\한국정보화진흥원\KW3C 2.0\onsgmls.exe:E:\git project\foodSen\foodSen\&DTDS\foodSen HTML\git project\foodSen\foodSen\WebContent\view\menu6\research\researchList.jsp.txt:190:12:554664300.139:E: non SGML character number 47785
C:\Program Files (x86)\한국정보화진흥원\KW3C 2.0\onsgmls.exe:E:\git project\foodSen\foodSen\&DTDS\foodSen HTML\git project\foodSen\foodSen\WebContent\view\menu6\research\researchList.jsp.txt:190:13:554664300.139:E: non SGML character number 47197
C:\Program Files (x86)\한국정보화진흥원\KW3C 2.0\onsgmls.exe:E:\git project\foodSen\foodSen\&DTDS\foodSen HTML\git project\foodSen\foodSen\WebContent\view\menu6\research\researchList.jsp.txt:190:15:554664300.139:E: non SGML character number 46321
C:\Program Files (x86)\한국정보화진흥원\KW3C 2.0\onsgmls.exe:E:\git project\foodSen\foodSen\&DTDS\foodSen HTML\git project\foodSen\foodSen\WebContent\view\menu6\research\researchList.jsp.txt:190:16:554664300.139:E: non SGML character number 47197
C:\Program Files (x86)\한국정보화진흥원\KW3C 2.0\onsgmls.exe:E:\git project\foodSen\foodSen\&DTDS\foodSen HTML\git project\foodSen\foodSen\WebContent\view\menu6\research\researchList.jsp.txt:190:18:554664300.139:E: non SGML character number 48260
C:\Program Files (x86)\한국정보화진흥원\KW3C 2.0\onsgmls.exe:E:\git project\foodSen\foodSen\&DTDS\foodSen HTML\git project\foodSen\foodSen\WebContent\view\menu6\research\researchList.jsp.txt:190:19:554664300.139:E: non SGML character number 53948
C:\Program Files (x86)\한국정보화진흥원\KW3C 2.0\onsgmls.exe:E:\git project\foodSen\foodSen\&DTDS\foodSen HTML\git project\foodSen\foodSen\WebContent\view\menu6\research\researchList.jsp.txt:193:11:554664300.139:E: non SGML character number 44172
C:\Program Files (x86)\한국정보화진흥원\KW3C 2.0\onsgmls.exe:E:\git project\foodSen\foodSen\&DTDS\foodSen HTML\git project\foodSen\foodSen\WebContent\view\menu6\research\researchList.jsp.txt:193:12:554664300.139:E: non SGML character number 49884
C:\Program Files (x86)\한국정보화진흥원\KW3C 2.0\onsgmls.exe:E:\git project\foodSen\foodSen\&DTDS\foodSen HTML\git project\foodSen\foodSen\WebContent\view\menu6\research\researchList.jsp.txt:193:13:554664300.139:E: non SGML character number 54032
C:\Program Files (x86)\한국정보화진흥원\KW3C 2.0\onsgmls.exe:E:\git project\foodSen\foodSen\&DTDS\foodSen HTML\git project\foodSen\foodSen\WebContent\view\menu6\research\researchList.jsp.txt:193:14:554664300.139:E: non SGML character number 50689
C:\Program Files (x86)\한국정보화진흥원\KW3C 2.0\onsgmls.exe:E:\git project\foodSen\foodSen\&DTDS\foodSen HTML\git project\foodSen\foodSen\WebContent\view\menu6\research\researchList.jsp.txt:193:15:554664300.139:E: non SGML character number 50669
C:\Program Files (x86)\한국정보화진흥원\KW3C 2.0\onsgmls.exe:E:\git project\foodSen\foodSen\&DTDS\foodSen HTML\git project\foodSen\foodSen\WebContent\view\menu6\research\researchList.jsp.txt:197:8:554664300.139:E: non SGML character number 44160
C:\Program Files (x86)\한국정보화진흥원\KW3C 2.0\onsgmls.exe:E:\git project\foodSen\foodSen\&DTDS\foodSen HTML\git project\foodSen\foodSen\WebContent\view\menu6\research\researchList.jsp.txt:197:9:554664300.139:E: non SGML character number 49353
C:\Program Files (x86)\한국정보화진흥원\KW3C 2.0\onsgmls.exe:E:\git project\foodSen\foodSen\&DTDS\foodSen HTML\git project\foodSen\foodSen\WebContent\view\menu6\research\researchList.jsp.txt:197:11:554664300.139:E: non SGML character number 44277
C:\Program Files (x86)\한국정보화진흥원\KW3C 2.0\onsgmls.exe:E:\git project\foodSen\foodSen\&DTDS\foodSen HTML\git project\foodSen\foodSen\WebContent\view\menu6\research\researchList.jsp.txt:197:12:554664300.139:E: non SGML character number 44036
C:\Program Files (x86)\한국정보화진흥원\KW3C 2.0\onsgmls.exe:E:\git project\foodSen\foodSen\&DTDS\foodSen HTML\git project\foodSen\foodSen\WebContent\view\menu6\research\researchList.jsp.txt:201:36:554664300.139:E: non SGML character number 51228
C:\Program Files (x86)\한국정보화진흥원\KW3C 2.0\onsgmls.exe:E:\git project\foodSen\foodSen\&DTDS\foodSen HTML\git project\foodSen\foodSen\WebContent\view\menu6\research\researchList.jsp.txt:201:37:554664300.139:E: non SGML character number 47785
C:\Program Files (x86)\한국정보화진흥원\KW3C 2.0\onsgmls.exe:E:\git project\foodSen\foodSen\&DTDS\foodSen HTML\git project\foodSen\foodSen\WebContent\view\menu6\research\researchList.jsp.txt:204:91:554664300.139:E: non SGML character number 44160
C:\Program Files (x86)\한국정보화진흥원\KW3C 2.0\onsgmls.exe:E:\git project\foodSen\foodSen\&DTDS\foodSen HTML\git project\foodSen\foodSen\WebContent\view\menu6\research\researchList.jsp.txt:204:92:554664300.139:E: non SGML character number 49353
C:\Program Files (x86)\한국정보화진흥원\KW3C 2.0\onsgmls.exe:E:\git project\foodSen\foodSen\&DTDS\foodSen HTML\git project\foodSen\foodSen\WebContent\view\menu6\research\researchList.jsp.txt:207:11:554664300.139:E: non SGML character number 44160
C:\Program Files (x86)\한국정보화진흥원\KW3C 2.0\onsgmls.exe:E:\git project\foodSen\foodSen\&DTDS\foodSen HTML\git project\foodSen\foodSen\WebContent\view\menu6\research\researchList.jsp.txt:207:12:554664300.139:E: non SGML character number 49353
C:\Program Files (x86)\한국정보화진흥원\KW3C 2.0\onsgmls.exe:E:\git project\foodSen\foodSen\&DTDS\foodSen HTML\git project\foodSen\foodSen\WebContent\view\menu6\research\researchList.jsp.txt:207:14:554664300.139:E: non SGML character number 44277
C:\Program Files (x86)\한국정보화진흥원\KW3C 2.0\onsgmls.exe:E:\git project\foodSen\foodSen\&DTDS\foodSen HTML\git project\foodSen\foodSen\WebContent\view\menu6\research\researchList.jsp.txt:207:15:554664300.139:E: non SGML character number 44036
C:\Program Files (x86)\한국정보화진흥원\KW3C 2.0\onsgmls.exe:E:\git project\foodSen\foodSen\&DTDS\foodSen HTML\git project\foodSen\foodSen\WebContent\view\menu6\research\researchList.jsp.txt:211:10:554664300.139:E: non SGML character number 50864
C:\Program Files (x86)\한국정보화진흥원\KW3C 2.0\onsgmls.exe:E:\git project\foodSen\foodSen\&DTDS\foodSen HTML\git project\foodSen\foodSen\WebContent\view\menu6\research\researchList.jsp.txt:211:11:554664300.139:E: non SGML character number 52769
C:\Program Files (x86)\한국정보화진흥원\KW3C 2.0\onsgmls.exe:E:\git project\foodSen\foodSen\&DTDS\foodSen HTML\git project\foodSen\foodSen\WebContent\view\menu6\research\researchList.jsp.txt:211:13:554664300.139:E: non SGML character number 52968
C:\Program Files (x86)\한국정보화진흥원\KW3C 2.0\onsgmls.exe:E:\git project\foodSen\foodSen\&DTDS\foodSen HTML\git project\foodSen\foodSen\WebContent\view\menu6\research\researchList.jsp.txt:211:14:554664300.139:E: non SGML character number 53584
C:\Program Files (x86)\한국정보화진흥원\KW3C 2.0\onsgmls.exe:E:\git project\foodSen\foodSen\&DTDS\foodSen HTML\git project\foodSen\foodSen\WebContent\view\menu6\research\researchList.jsp.txt:211:15:554664300.139:E: non SGML character number 52768
C:\Program Files (x86)\한국정보화진흥원\KW3C 2.0\onsgmls.exe:E:\git project\foodSen\foodSen\&DTDS\foodSen HTML\git project\foodSen\foodSen\WebContent\view\menu6\research\researchList.jsp.txt:219:4:554664300.81:E: character ":" not allowed in attribute specification list
