C:\Program Files (x86)\한국정보화진흥원\KW3C 2.0\onsgmls.exe:E:\git project\foodSen\foodSen\&DTDS\foodSen_view\git project\foodSen\foodSen\WebContent\view\menu2\inspectionResultView.jsp.txt:1:0:554664300.46:E: character "<%" not allowed in prolog
C:\Program Files (x86)\한국정보화진흥원\KW3C 2.0\onsgmls.exe:E:\git project\foodSen\foodSen\&DTDS\foodSen_view\git project\foodSen\foodSen\WebContent\view\menu2\inspectionResultView.jsp.txt:3:0:554664300.46:E: character "<%" not allowed in prolog
C:\Program Files (x86)\한국정보화진흥원\KW3C 2.0\onsgmls.exe:E:\git project\foodSen\foodSen\&DTDS\foodSen_view\git project\foodSen\foodSen\WebContent\view\menu2\inspectionResultView.jsp.txt:4:0:554664300.46:E: character "<%" not allowed in prolog
C:\Program Files (x86)\한국정보화진흥원\KW3C 2.0\onsgmls.exe:E:\git project\foodSen\foodSen\&DTDS\foodSen_view\git project\foodSen\foodSen\WebContent\view\menu2\inspectionResultView.jsp.txt:7:0:554664300.435:E: prolog can't be omitted unless CONCUR NO and LINK EXPLICIT NO and either IMPLYDEF ELEMENT YES or IMPLYDEF DOCTYPE YES
C:\Program Files (x86)\한국정보화진흥원\KW3C 2.0\onsgmls.exe:E:\git project\foodSen\foodSen\&DTDS\foodSen_view\git project\foodSen\foodSen\WebContent\view\menu2\inspectionResultView.jsp.txt:7:0:554664300.187:E: no document type declaration; will parse without validation
C:\Program Files (x86)\한국정보화진흥원\KW3C 2.0\onsgmls.exe:E:\git project\foodSen\foodSen\&DTDS\foodSen_view\git project\foodSen\foodSen\WebContent\view\menu2\inspectionResultView.jsp.txt:8:61:554664300.64:E: document type does not allow element "link" here
C:\Program Files (x86)\한국정보화진흥원\KW3C 2.0\onsgmls.exe:E:\git project\foodSen\foodSen\&DTDS\foodSen_view\git project\foodSen\foodSen\WebContent\view\menu2\inspectionResultView.jsp.txt:9:63:554664300.64:E: document type does not allow element "link" here
C:\Program Files (x86)\한국정보화진흥원\KW3C 2.0\onsgmls.exe:E:\git project\foodSen\foodSen\&DTDS\foodSen_view\git project\foodSen\foodSen\WebContent\view\menu2\inspectionResultView.jsp.txt:12:30:554664300.64:E: document type does not allow element "script" here
C:\Program Files (x86)\한국정보화진흥원\KW3C 2.0\onsgmls.exe:E:\git project\foodSen\foodSen\&DTDS\foodSen_view\git project\foodSen\foodSen\WebContent\view\menu2\inspectionResultView.jsp.txt:18:58:554664300.338:W: cannot generate system identifier for general entity "pw"
C:\Program Files (x86)\한국정보화진흥원\KW3C 2.0\onsgmls.exe:E:\git project\foodSen\foodSen\&DTDS\foodSen_view\git project\foodSen\foodSen\WebContent\view\menu2\inspectionResultView.jsp.txt:18:58:554664300.25:E: general entity "pw" not defined and no default entity
C:\Program Files (x86)\한국정보화진흥원\KW3C 2.0\onsgmls.exe:E:\git project\foodSen\foodSen\&DTDS\foodSen_view\git project\foodSen\foodSen\WebContent\view\menu2\inspectionResultView.jsp.txt:18:60:554664300.325:E: reference to entity "pw" for which no system identifier could be generated
C:\Program Files (x86)\한국정보화진흥원\KW3C 2.0\onsgmls.exe:E:\git project\foodSen\foodSen\&DTDS\foodSen_view\git project\foodSen\foodSen\WebContent\view\menu2\inspectionResultView.jsp.txt:18:57: entity was defined here
C:\Program Files (x86)\한국정보화진흥원\KW3C 2.0\onsgmls.exe:E:\git project\foodSen\foodSen\&DTDS\foodSen_view\git project\foodSen\foodSen\WebContent\view\menu2\inspectionResultView.jsp.txt:28:66:554664300.338:W: cannot generate system identifier for general entity "currentPage"
C:\Program Files (x86)\한국정보화진흥원\KW3C 2.0\onsgmls.exe:E:\git project\foodSen\foodSen\&DTDS\foodSen_view\git project\foodSen\foodSen\WebContent\view\menu2\inspectionResultView.jsp.txt:28:66:554664300.25:E: general entity "currentPage" not defined and no default entity
C:\Program Files (x86)\한국정보화진흥원\KW3C 2.0\onsgmls.exe:E:\git project\foodSen\foodSen\&DTDS\foodSen_view\git project\foodSen\foodSen\WebContent\view\menu2\inspectionResultView.jsp.txt:28:77:554664300.325:E: reference to entity "currentPage" for which no system identifier could be generated
C:\Program Files (x86)\한국정보화진흥원\KW3C 2.0\onsgmls.exe:E:\git project\foodSen\foodSen\&DTDS\foodSen_view\git project\foodSen\foodSen\WebContent\view\menu2\inspectionResultView.jsp.txt:28:65: entity was defined here
C:\Program Files (x86)\한국정보화진흥원\KW3C 2.0\onsgmls.exe:E:\git project\foodSen\foodSen\&DTDS\foodSen_view\git project\foodSen\foodSen\WebContent\view\menu2\inspectionResultView.jsp.txt:28:94:554664300.338:W: cannot generate system identifier for general entity "searchingNow"
C:\Program Files (x86)\한국정보화진흥원\KW3C 2.0\onsgmls.exe:E:\git project\foodSen\foodSen\&DTDS\foodSen_view\git project\foodSen\foodSen\WebContent\view\menu2\inspectionResultView.jsp.txt:28:94:554664300.25:E: general entity "searchingNow" not defined and no default entity
C:\Program Files (x86)\한국정보화진흥원\KW3C 2.0\onsgmls.exe:E:\git project\foodSen\foodSen\&DTDS\foodSen_view\git project\foodSen\foodSen\WebContent\view\menu2\inspectionResultView.jsp.txt:28:106:554664300.325:E: reference to entity "searchingNow" for which no system identifier could be generated
C:\Program Files (x86)\한국정보화진흥원\KW3C 2.0\onsgmls.exe:E:\git project\foodSen\foodSen\&DTDS\foodSen_view\git project\foodSen\foodSen\WebContent\view\menu2\inspectionResultView.jsp.txt:28:93: entity was defined here
C:\Program Files (x86)\한국정보화진흥원\KW3C 2.0\onsgmls.exe:E:\git project\foodSen\foodSen\&DTDS\foodSen_view\git project\foodSen\foodSen\WebContent\view\menu2\inspectionResultView.jsp.txt:50:19:554664300.64:E: document type does not allow element "div" here
C:\Program Files (x86)\한국정보화진흥원\KW3C 2.0\onsgmls.exe:E:\git project\foodSen\foodSen\&DTDS\foodSen_view\git project\foodSen\foodSen\WebContent\view\menu2\inspectionResultView.jsp.txt:126:95:554664300.338:W: cannot generate system identifier for general entity "userinput"
C:\Program Files (x86)\한국정보화진흥원\KW3C 2.0\onsgmls.exe:E:\git project\foodSen\foodSen\&DTDS\foodSen_view\git project\foodSen\foodSen\WebContent\view\menu2\inspectionResultView.jsp.txt:126:95:554664300.25:E: general entity "userinput" not defined and no default entity
C:\Program Files (x86)\한국정보화진흥원\KW3C 2.0\onsgmls.exe:E:\git project\foodSen\foodSen\&DTDS\foodSen_view\git project\foodSen\foodSen\WebContent\view\menu2\inspectionResultView.jsp.txt:126:104:554664300.325:E: reference to entity "userinput" for which no system identifier could be generated
C:\Program Files (x86)\한국정보화진흥원\KW3C 2.0\onsgmls.exe:E:\git project\foodSen\foodSen\&DTDS\foodSen_view\git project\foodSen\foodSen\WebContent\view\menu2\inspectionResultView.jsp.txt:126:94: entity was defined here
C:\Program Files (x86)\한국정보화진흥원\KW3C 2.0\onsgmls.exe:E:\git project\foodSen\foodSen\&DTDS\foodSen_view\git project\foodSen\foodSen\WebContent\view\menu2\inspectionResultView.jsp.txt:126:129:554664300.325:E: reference to entity "currentPage" for which no system identifier could be generated
C:\Program Files (x86)\한국정보화진흥원\KW3C 2.0\onsgmls.exe:E:\git project\foodSen\foodSen\&DTDS\foodSen_view\git project\foodSen\foodSen\WebContent\view\menu2\inspectionResultView.jsp.txt:28:65: entity was defined here
C:\Program Files (x86)\한국정보화진흥원\KW3C 2.0\onsgmls.exe:E:\git project\foodSen\foodSen\&DTDS\foodSen_view\git project\foodSen\foodSen\WebContent\view\menu2\inspectionResultView.jsp.txt:151:45:554664300.64:E: document type does not allow element "jsp:include" here
