C:\Program Files (x86)\한국정보화진흥원\KW3C 2.0\onsgmls.exe:E:\git project\foodSen\foodSen\&DTDS\foodSen\git project\foodSen\foodSen\WebContent\images\sub\food\img_05.gif.txt:1:0:554664300.46:E: character "G" not allowed in prolog
C:\Program Files (x86)\한국정보화진흥원\KW3C 2.0\onsgmls.exe:E:\git project\foodSen\foodSen\&DTDS\foodSen\git project\foodSen\foodSen\WebContent\images\sub\food\img_05.gif.txt:2:0:554664300.139:E: non SGML character number 26
C:\Program Files (x86)\한국정보화진흥원\KW3C 2.0\onsgmls.exe:E:\git project\foodSen\foodSen\&DTDS\foodSen\git project\foodSen\foodSen\WebContent\images\sub\food\img_05.gif.txt:2:1:554664300.46:E: character "鸚" not allowed in prolog
C:\Program Files (x86)\한국정보화진흥원\KW3C 2.0\onsgmls.exe:E:\git project\foodSen\foodSen\&DTDS\foodSen\git project\foodSen\foodSen\WebContent\images\sub\food\img_05.gif.txt:3:0:554664300.46:E: character "行" not allowed in prolog
C:\Program Files (x86)\한국정보화진흥원\KW3C 2.0\onsgmls.exe:E:\git project\foodSen\foodSen\&DTDS\foodSen\git project\foodSen\foodSen\WebContent\images\sub\food\img_05.gif.txt:4:0:554664300.46:E: character "?" not allowed in prolog
C:\Program Files (x86)\한국정보화진흥원\KW3C 2.0\onsgmls.exe:E:\git project\foodSen\foodSen\&DTDS\foodSen\git project\foodSen\foodSen\WebContent\images\sub\food\img_05.gif.txt:5:92:554664300.139:E: non SGML character number 25
C:\Program Files (x86)\한국정보화진흥원\KW3C 2.0\onsgmls.exe:E:\git project\foodSen\foodSen\&DTDS\foodSen\git project\foodSen\foodSen\WebContent\images\sub\food\img_05.gif.txt:5:97:554664300.139:E: non SGML character number 26
C:\Program Files (x86)\한국정보화진흥원\KW3C 2.0\onsgmls.exe:E:\git project\foodSen\foodSen\&DTDS\foodSen\git project\foodSen\foodSen\WebContent\images\sub\food\img_05.gif.txt:5:102:554664300.139:E: non SGML character number 11
C:\Program Files (x86)\한국정보화진흥원\KW3C 2.0\onsgmls.exe:E:\git project\foodSen\foodSen\&DTDS\foodSen\git project\foodSen\foodSen\WebContent\images\sub\food\img_05.gif.txt:5:166:554664300.139:E: non SGML character number 22
C:\Program Files (x86)\한국정보화진흥원\KW3C 2.0\onsgmls.exe:E:\git project\foodSen\foodSen\&DTDS\foodSen\git project\foodSen\foodSen\WebContent\images\sub\food\img_05.gif.txt:5:175:554664300.139:E: non SGML character number 25
C:\Program Files (x86)\한국정보화진흥원\KW3C 2.0\onsgmls.exe:E:\git project\foodSen\foodSen\&DTDS\foodSen\git project\foodSen\foodSen\WebContent\images\sub\food\img_05.gif.txt:5:192:554664300.139:E: non SGML character number 15
C:\Program Files (x86)\한국정보화진흥원\KW3C 2.0\onsgmls.exe:E:\git project\foodSen\foodSen\&DTDS\foodSen\git project\foodSen\foodSen\WebContent\images\sub\food\img_05.gif.txt:5:195:554664300.139:E: non SGML character number 30
C:\Program Files (x86)\한국정보화진흥원\KW3C 2.0\onsgmls.exe:E:\git project\foodSen\foodSen\&DTDS\foodSen\git project\foodSen\foodSen\WebContent\images\sub\food\img_05.gif.txt:5:204:554664300.139:E: non SGML character number 29
C:\Program Files (x86)\한국정보화진흥원\KW3C 2.0\onsgmls.exe:E:\git project\foodSen\foodSen\&DTDS\foodSen\git project\foodSen\foodSen\WebContent\images\sub\food\img_05.gif.txt:5:224:554664300.139:E: non SGML character number 11
C:\Program Files (x86)\한국정보화진흥원\KW3C 2.0\onsgmls.exe:E:\git project\foodSen\foodSen\&DTDS\foodSen\git project\foodSen\foodSen\WebContent\images\sub\food\img_05.gif.txt:5:225:554664300.139:E: non SGML character number 26
C:\Program Files (x86)\한국정보화진흥원\KW3C 2.0\onsgmls.exe:E:\git project\foodSen\foodSen\&DTDS\foodSen\git project\foodSen\foodSen\WebContent\images\sub\food\img_05.gif.txt:5:236:554664300.139:E: non SGML character number 15
C:\Program Files (x86)\한국정보화진흥원\KW3C 2.0\onsgmls.exe:E:\git project\foodSen\foodSen\&DTDS\foodSen\git project\foodSen\foodSen\WebContent\images\sub\food\img_05.gif.txt:5:242:554664300.139:E: non SGML character number 11
C:\Program Files (x86)\한국정보화진흥원\KW3C 2.0\onsgmls.exe:E:\git project\foodSen\foodSen\&DTDS\foodSen\git project\foodSen\foodSen\WebContent\images\sub\food\img_05.gif.txt:5:248:554664300.139:E: non SGML character number 3
C:\Program Files (x86)\한국정보화진흥원\KW3C 2.0\onsgmls.exe:E:\git project\foodSen\foodSen\&DTDS\foodSen\git project\foodSen\foodSen\WebContent\images\sub\food\img_05.gif.txt:5:267:554664300.139:E: non SGML character number 17
C:\Program Files (x86)\한국정보화진흥원\KW3C 2.0\onsgmls.exe:E:\git project\foodSen\foodSen\&DTDS\foodSen\git project\foodSen\foodSen\WebContent\images\sub\food\img_05.gif.txt:5:274:554664300.139:E: non SGML character number 19
C:\Program Files (x86)\한국정보화진흥원\KW3C 2.0\onsgmls.exe:E:\git project\foodSen\foodSen\&DTDS\foodSen\git project\foodSen\foodSen\WebContent\images\sub\food\img_05.gif.txt:5:284:554664300.139:E: non SGML character number 15
C:\Program Files (x86)\한국정보화진흥원\KW3C 2.0\onsgmls.exe:E:\git project\foodSen\foodSen\&DTDS\foodSen\git project\foodSen\foodSen\WebContent\images\sub\food\img_05.gif.txt:5:294:554664300.139:E: non SGML character number 25
C:\Program Files (x86)\한국정보화진흥원\KW3C 2.0\onsgmls.exe:E:\git project\foodSen\foodSen\&DTDS\foodSen\git project\foodSen\foodSen\WebContent\images\sub\food\img_05.gif.txt:5:298:554664300.139:E: non SGML character number 27
C:\Program Files (x86)\한국정보화진흥원\KW3C 2.0\onsgmls.exe:E:\git project\foodSen\foodSen\&DTDS\foodSen\git project\foodSen\foodSen\WebContent\images\sub\food\img_05.gif.txt:5:312:554664300.139:E: non SGML character number 6
C:\Program Files (x86)\한국정보화진흥원\KW3C 2.0\onsgmls.exe:E:\git project\foodSen\foodSen\&DTDS\foodSen\git project\foodSen\foodSen\WebContent\images\sub\food\img_05.gif.txt:5:318:554664300.139:E: non SGML character number 20
C:\Program Files (x86)\한국정보화진흥원\KW3C 2.0\onsgmls.exe:E:\git project\foodSen\foodSen\&DTDS\foodSen\git project\foodSen\foodSen\WebContent\images\sub\food\img_05.gif.txt:5:339:554664300.139:E: non SGML character number 2
C:\Program Files (x86)\한국정보화진흥원\KW3C 2.0\onsgmls.exe:E:\git project\foodSen\foodSen\&DTDS\foodSen\git project\foodSen\foodSen\WebContent\images\sub\food\img_05.gif.txt:5:340:554664300.139:E: non SGML character number 29
C:\Program Files (x86)\한국정보화진흥원\KW3C 2.0\onsgmls.exe:E:\git project\foodSen\foodSen\&DTDS\foodSen\git project\foodSen\foodSen\WebContent\images\sub\food\img_05.gif.txt:5:342:554664300.139:E: non SGML character number 14
C:\Program Files (x86)\한국정보화진흥원\KW3C 2.0\onsgmls.exe:E:\git project\foodSen\foodSen\&DTDS\foodSen\git project\foodSen\foodSen\WebContent\images\sub\food\img_05.gif.txt:5:368:554664300.139:E: non SGML character number 7
C:\Program Files (x86)\한국정보화진흥원\KW3C 2.0\onsgmls.exe:E:\git project\foodSen\foodSen\&DTDS\foodSen\git project\foodSen\foodSen\WebContent\images\sub\food\img_05.gif.txt:5:374:554664300.139:E: non SGML character number 31
C:\Program Files (x86)\한국정보화진흥원\KW3C 2.0\onsgmls.exe:E:\git project\foodSen\foodSen\&DTDS\foodSen\git project\foodSen\foodSen\WebContent\images\sub\food\img_05.gif.txt:5:382:554664300.139:E: non SGML character number 23
C:\Program Files (x86)\한국정보화진흥원\KW3C 2.0\onsgmls.exe:E:\git project\foodSen\foodSen\&DTDS\foodSen\git project\foodSen\foodSen\WebContent\images\sub\food\img_05.gif.txt:5:395:554664300.139:E: non SGML character number 19
C:\Program Files (x86)\한국정보화진흥원\KW3C 2.0\onsgmls.exe:E:\git project\foodSen\foodSen\&DTDS\foodSen\git project\foodSen\foodSen\WebContent\images\sub\food\img_05.gif.txt:5:396:554664300.139:E: non SGML character number 31
C:\Program Files (x86)\한국정보화진흥원\KW3C 2.0\onsgmls.exe:E:\git project\foodSen\foodSen\&DTDS\foodSen\git project\foodSen\foodSen\WebContent\images\sub\food\img_05.gif.txt:5:413:554664300.46:E: character "낝" not allowed in prolog
C:\Program Files (x86)\한국정보화진흥원\KW3C 2.0\onsgmls.exe:E:\git project\foodSen\foodSen\&DTDS\foodSen\git project\foodSen\foodSen\WebContent\images\sub\food\img_05.gif.txt:6:0:554664300.46:E: character "챷" not allowed in prolog
C:\Program Files (x86)\한국정보화진흥원\KW3C 2.0\onsgmls.exe:E:\git project\foodSen\foodSen\&DTDS\foodSen\git project\foodSen\foodSen\WebContent\images\sub\food\img_05.gif.txt:7:0:554664300.46:E: character "a" not allowed in prolog
C:\Program Files (x86)\한국정보화진흥원\KW3C 2.0\onsgmls.exe:E:\git project\foodSen\foodSen\&DTDS\foodSen\git project\foodSen\foodSen\WebContent\images\sub\food\img_05.gif.txt:9:0:554664300.46:E: character "紐" not allowed in prolog
C:\Program Files (x86)\한국정보화진흥원\KW3C 2.0\onsgmls.exe:E:\git project\foodSen\foodSen\&DTDS\foodSen\git project\foodSen\foodSen\WebContent\images\sub\food\img_05.gif.txt:9:58:554664300.139:E: non SGML character number 29
C:\Program Files (x86)\한국정보화진흥원\KW3C 2.0\onsgmls.exe:E:\git project\foodSen\foodSen\&DTDS\foodSen\git project\foodSen\foodSen\WebContent\images\sub\food\img_05.gif.txt:9:72:554664300.139:E: non SGML character number 128
C:\Program Files (x86)\한국정보화진흥원\KW3C 2.0\onsgmls.exe:E:\git project\foodSen\foodSen\&DTDS\foodSen\git project\foodSen\foodSen\WebContent\images\sub\food\img_05.gif.txt:9:94:554664300.139:E: non SGML character number 7
C:\Program Files (x86)\한국정보화진흥원\KW3C 2.0\onsgmls.exe:E:\git project\foodSen\foodSen\&DTDS\foodSen\git project\foodSen\foodSen\WebContent\images\sub\food\img_05.gif.txt:9:102:554664300.139:E: non SGML character number 11
C:\Program Files (x86)\한국정보화진흥원\KW3C 2.0\onsgmls.exe:E:\git project\foodSen\foodSen\&DTDS\foodSen\git project\foodSen\foodSen\WebContent\images\sub\food\img_05.gif.txt:9:143:554664300.139:E: non SGML character number 25
C:\Program Files (x86)\한국정보화진흥원\KW3C 2.0\onsgmls.exe:E:\git project\foodSen\foodSen\&DTDS\foodSen\git project\foodSen\foodSen\WebContent\images\sub\food\img_05.gif.txt:9:150:554664300.139:E: non SGML character number 26
C:\Program Files (x86)\한국정보화진흥원\KW3C 2.0\onsgmls.exe:E:\git project\foodSen\foodSen\&DTDS\foodSen\git project\foodSen\foodSen\WebContent\images\sub\food\img_05.gif.txt:10:17:554664300.139:E: non SGML character number 26
C:\Program Files (x86)\한국정보화진흥원\KW3C 2.0\onsgmls.exe:E:\git project\foodSen\foodSen\&DTDS\foodSen\git project\foodSen\foodSen\WebContent\images\sub\food\img_05.gif.txt:10:24:554664300.139:E: non SGML character number 29
C:\Program Files (x86)\한국정보화진흥원\KW3C 2.0\onsgmls.exe:E:\git project\foodSen\foodSen\&DTDS\foodSen\git project\foodSen\foodSen\WebContent\images\sub\food\img_05.gif.txt:10:51:554664300.139:E: non SGML character number 29
C:\Program Files (x86)\한국정보화진흥원\KW3C 2.0\onsgmls.exe:E:\git project\foodSen\foodSen\&DTDS\foodSen\git project\foodSen\foodSen\WebContent\images\sub\food\img_05.gif.txt:10:61:554664300.139:E: non SGML character number 28
C:\Program Files (x86)\한국정보화진흥원\KW3C 2.0\onsgmls.exe:E:\git project\foodSen\foodSen\&DTDS\foodSen\git project\foodSen\foodSen\WebContent\images\sub\food\img_05.gif.txt:10:76:554664300.139:E: non SGML character number 5
C:\Program Files (x86)\한국정보화진흥원\KW3C 2.0\onsgmls.exe:E:\git project\foodSen\foodSen\&DTDS\foodSen\git project\foodSen\foodSen\WebContent\images\sub\food\img_05.gif.txt:10:81:554664300.139:E: non SGML character number 11
C:\Program Files (x86)\한국정보화진흥원\KW3C 2.0\onsgmls.exe:E:\git project\foodSen\foodSen\&DTDS\foodSen\git project\foodSen\foodSen\WebContent\images\sub\food\img_05.gif.txt:10:88:554664300.139:E: non SGML character number 31
C:\Program Files (x86)\한국정보화진흥원\KW3C 2.0\onsgmls.exe:E:\git project\foodSen\foodSen\&DTDS\foodSen\git project\foodSen\foodSen\WebContent\images\sub\food\img_05.gif.txt:10:93:554664300.139:E: non SGML character number 29
C:\Program Files (x86)\한국정보화진흥원\KW3C 2.0\onsgmls.exe:E:\git project\foodSen\foodSen\&DTDS\foodSen\git project\foodSen\foodSen\WebContent\images\sub\food\img_05.gif.txt:10:95:554664300.139:E: non SGML character number 11
C:\Program Files (x86)\한국정보화진흥원\KW3C 2.0\onsgmls.exe:E:\git project\foodSen\foodSen\&DTDS\foodSen\git project\foodSen\foodSen\WebContent\images\sub\food\img_05.gif.txt:10:103:554664300.139:E: non SGML character number 12
C:\Program Files (x86)\한국정보화진흥원\KW3C 2.0\onsgmls.exe:E:\git project\foodSen\foodSen\&DTDS\foodSen\git project\foodSen\foodSen\WebContent\images\sub\food\img_05.gif.txt:10:115:554664300.46:E: character "間" not allowed in prolog
C:\Program Files (x86)\한국정보화진흥원\KW3C 2.0\onsgmls.exe:E:\git project\foodSen\foodSen\&DTDS\foodSen\git project\foodSen\foodSen\WebContent\images\sub\food\img_05.gif.txt:13:77:554664300.47:E: end of document in prolog
