C:\Program Files (x86)\한국정보화진흥원\KW3C 2.0\onsgmls.exe:E:\git project\foodSen\foodSen\&DTDS\foodSen_view\git project\foodSen\foodSen\WebContent\view\menu7\trainingEvent\trainingEventResEdit.jsp.txt:1:0:554664300.46:E: character "<%" not allowed in prolog
C:\Program Files (x86)\한국정보화진흥원\KW3C 2.0\onsgmls.exe:E:\git project\foodSen\foodSen\&DTDS\foodSen_view\git project\foodSen\foodSen\WebContent\view\menu7\trainingEvent\trainingEventResEdit.jsp.txt:3:0:554664300.46:E: character "<%" not allowed in prolog
C:\Program Files (x86)\한국정보화진흥원\KW3C 2.0\onsgmls.exe:E:\git project\foodSen\foodSen\&DTDS\foodSen_view\git project\foodSen\foodSen\WebContent\view\menu7\trainingEvent\trainingEventResEdit.jsp.txt:4:0:554664300.46:E: character "<%" not allowed in prolog
C:\Program Files (x86)\한국정보화진흥원\KW3C 2.0\onsgmls.exe:E:\git project\foodSen\foodSen\&DTDS\foodSen_view\git project\foodSen\foodSen\WebContent\view\menu7\trainingEvent\trainingEventResEdit.jsp.txt:8:0:554664300.435:E: prolog can't be omitted unless CONCUR NO and LINK EXPLICIT NO and either IMPLYDEF ELEMENT YES or IMPLYDEF DOCTYPE YES
C:\Program Files (x86)\한국정보화진흥원\KW3C 2.0\onsgmls.exe:E:\git project\foodSen\foodSen\&DTDS\foodSen_view\git project\foodSen\foodSen\WebContent\view\menu7\trainingEvent\trainingEventResEdit.jsp.txt:8:0:554664300.187:E: no document type declaration; will parse without validation
C:\Program Files (x86)\한국정보화진흥원\KW3C 2.0\onsgmls.exe:E:\git project\foodSen\foodSen\&DTDS\foodSen_view\git project\foodSen\foodSen\WebContent\view\menu7\trainingEvent\trainingEventResEdit.jsp.txt:9:61:554664300.64:E: document type does not allow element "link" here
C:\Program Files (x86)\한국정보화진흥원\KW3C 2.0\onsgmls.exe:E:\git project\foodSen\foodSen\&DTDS\foodSen_view\git project\foodSen\foodSen\WebContent\view\menu7\trainingEvent\trainingEventResEdit.jsp.txt:10:63:554664300.64:E: document type does not allow element "link" here
C:\Program Files (x86)\한국정보화진흥원\KW3C 2.0\onsgmls.exe:E:\git project\foodSen\foodSen\&DTDS\foodSen_view\git project\foodSen\foodSen\WebContent\view\menu7\trainingEvent\trainingEventResEdit.jsp.txt:14:30:554664300.64:E: document type does not allow element "script" here
C:\Program Files (x86)\한국정보화진흥원\KW3C 2.0\onsgmls.exe:E:\git project\foodSen\foodSen\&DTDS\foodSen_view\git project\foodSen\foodSen\WebContent\view\menu7\trainingEvent\trainingEventResEdit.jsp.txt:168:23:554664300.81:E: character ";" not allowed in attribute specification list
C:\Program Files (x86)\한국정보화진흥원\KW3C 2.0\onsgmls.exe:E:\git project\foodSen\foodSen\&DTDS\foodSen_view\git project\foodSen\foodSen\WebContent\view\menu7\trainingEvent\trainingEventResEdit.jsp.txt:177:31:554664300.81:E: character ";" not allowed in attribute specification list
C:\Program Files (x86)\한국정보화진흥원\KW3C 2.0\onsgmls.exe:E:\git project\foodSen\foodSen\&DTDS\foodSen_view\git project\foodSen\foodSen\WebContent\view\menu7\trainingEvent\trainingEventResEdit.jsp.txt:192:8:554664300.70:E: end tag for "str.length" omitted, but OMITTAG NO was specified
C:\Program Files (x86)\한국정보화진흥원\KW3C 2.0\onsgmls.exe:E:\git project\foodSen\foodSen\&DTDS\foodSen_view\git project\foodSen\foodSen\WebContent\view\menu7\trainingEvent\trainingEventResEdit.jsp.txt:177:20: start tag was here
C:\Program Files (x86)\한국정보화진흥원\KW3C 2.0\onsgmls.exe:E:\git project\foodSen\foodSen\&DTDS\foodSen_view\git project\foodSen\foodSen\WebContent\view\menu7\trainingEvent\trainingEventResEdit.jsp.txt:192:8:554664300.70:E: end tag for "str.length" omitted, but OMITTAG NO was specified
C:\Program Files (x86)\한국정보화진흥원\KW3C 2.0\onsgmls.exe:E:\git project\foodSen\foodSen\&DTDS\foodSen_view\git project\foodSen\foodSen\WebContent\view\menu7\trainingEvent\trainingEventResEdit.jsp.txt:168:12: start tag was here
C:\Program Files (x86)\한국정보화진흥원\KW3C 2.0\onsgmls.exe:E:\git project\foodSen\foodSen\&DTDS\foodSen_view\git project\foodSen\foodSen\WebContent\view\menu7\trainingEvent\trainingEventResEdit.jsp.txt:196:19:554664300.64:E: document type does not allow element "div" here
C:\Program Files (x86)\한국정보화진흥원\KW3C 2.0\onsgmls.exe:E:\git project\foodSen\foodSen\&DTDS\foodSen_view\git project\foodSen\foodSen\WebContent\view\menu7\trainingEvent\trainingEventResEdit.jsp.txt:245:100:554664300.106:E: "readonly" is not a member of a group specified for any attribute
C:\Program Files (x86)\한국정보화진흥원\KW3C 2.0\onsgmls.exe:E:\git project\foodSen\foodSen\&DTDS\foodSen_view\git project\foodSen\foodSen\WebContent\view\menu7\trainingEvent\trainingEventResEdit.jsp.txt:249:100:554664300.106:E: "readonly" is not a member of a group specified for any attribute
C:\Program Files (x86)\한국정보화진흥원\KW3C 2.0\onsgmls.exe:E:\git project\foodSen\foodSen\&DTDS\foodSen_view\git project\foodSen\foodSen\WebContent\view\menu7\trainingEvent\trainingEventResEdit.jsp.txt:336:92:554664300.338:W: cannot generate system identifier for general entity "userinput"
C:\Program Files (x86)\한국정보화진흥원\KW3C 2.0\onsgmls.exe:E:\git project\foodSen\foodSen\&DTDS\foodSen_view\git project\foodSen\foodSen\WebContent\view\menu7\trainingEvent\trainingEventResEdit.jsp.txt:336:92:554664300.25:E: general entity "userinput" not defined and no default entity
C:\Program Files (x86)\한국정보화진흥원\KW3C 2.0\onsgmls.exe:E:\git project\foodSen\foodSen\&DTDS\foodSen_view\git project\foodSen\foodSen\WebContent\view\menu7\trainingEvent\trainingEventResEdit.jsp.txt:336:101:554664300.325:E: reference to entity "userinput" for which no system identifier could be generated
C:\Program Files (x86)\한국정보화진흥원\KW3C 2.0\onsgmls.exe:E:\git project\foodSen\foodSen\&DTDS\foodSen_view\git project\foodSen\foodSen\WebContent\view\menu7\trainingEvent\trainingEventResEdit.jsp.txt:336:91: entity was defined here
C:\Program Files (x86)\한국정보화진흥원\KW3C 2.0\onsgmls.exe:E:\git project\foodSen\foodSen\&DTDS\foodSen_view\git project\foodSen\foodSen\WebContent\view\menu7\trainingEvent\trainingEventResEdit.jsp.txt:336:115:554664300.338:W: cannot generate system identifier for general entity "currentPage"
C:\Program Files (x86)\한국정보화진흥원\KW3C 2.0\onsgmls.exe:E:\git project\foodSen\foodSen\&DTDS\foodSen_view\git project\foodSen\foodSen\WebContent\view\menu7\trainingEvent\trainingEventResEdit.jsp.txt:336:115:554664300.25:E: general entity "currentPage" not defined and no default entity
C:\Program Files (x86)\한국정보화진흥원\KW3C 2.0\onsgmls.exe:E:\git project\foodSen\foodSen\&DTDS\foodSen_view\git project\foodSen\foodSen\WebContent\view\menu7\trainingEvent\trainingEventResEdit.jsp.txt:336:126:554664300.325:E: reference to entity "currentPage" for which no system identifier could be generated
C:\Program Files (x86)\한국정보화진흥원\KW3C 2.0\onsgmls.exe:E:\git project\foodSen\foodSen\&DTDS\foodSen_view\git project\foodSen\foodSen\WebContent\view\menu7\trainingEvent\trainingEventResEdit.jsp.txt:336:114: entity was defined here
C:\Program Files (x86)\한국정보화진흥원\KW3C 2.0\onsgmls.exe:E:\git project\foodSen\foodSen\&DTDS\foodSen_view\git project\foodSen\foodSen\WebContent\view\menu7\trainingEvent\trainingEventResEdit.jsp.txt:358:45:554664300.64:E: document type does not allow element "jsp:include" here
