C:\Program Files (x86)\한국정보화진흥원\KW3C 2.0\onsgmls.exe:E:\git project\foodSen\foodSen\&DTDS\foodSen_view\git project\foodSen\foodSen\WebContent\view\menu7\trainingEvent\trainingEventResCreate.jsp.txt:1:0:554664300.46:E: character "<%" not allowed in prolog
C:\Program Files (x86)\한국정보화진흥원\KW3C 2.0\onsgmls.exe:E:\git project\foodSen\foodSen\&DTDS\foodSen_view\git project\foodSen\foodSen\WebContent\view\menu7\trainingEvent\trainingEventResCreate.jsp.txt:3:0:554664300.46:E: character "<%" not allowed in prolog
C:\Program Files (x86)\한국정보화진흥원\KW3C 2.0\onsgmls.exe:E:\git project\foodSen\foodSen\&DTDS\foodSen_view\git project\foodSen\foodSen\WebContent\view\menu7\trainingEvent\trainingEventResCreate.jsp.txt:4:0:554664300.46:E: character "<%" not allowed in prolog
C:\Program Files (x86)\한국정보화진흥원\KW3C 2.0\onsgmls.exe:E:\git project\foodSen\foodSen\&DTDS\foodSen_view\git project\foodSen\foodSen\WebContent\view\menu7\trainingEvent\trainingEventResCreate.jsp.txt:6:0:554664300.435:E: prolog can't be omitted unless CONCUR NO and LINK EXPLICIT NO and either IMPLYDEF ELEMENT YES or IMPLYDEF DOCTYPE YES
C:\Program Files (x86)\한국정보화진흥원\KW3C 2.0\onsgmls.exe:E:\git project\foodSen\foodSen\&DTDS\foodSen_view\git project\foodSen\foodSen\WebContent\view\menu7\trainingEvent\trainingEventResCreate.jsp.txt:6:0:554664300.187:E: no document type declaration; will parse without validation
C:\Program Files (x86)\한국정보화진흥원\KW3C 2.0\onsgmls.exe:E:\git project\foodSen\foodSen\&DTDS\foodSen_view\git project\foodSen\foodSen\WebContent\view\menu7\trainingEvent\trainingEventResCreate.jsp.txt:7:61:554664300.64:E: document type does not allow element "link" here
C:\Program Files (x86)\한국정보화진흥원\KW3C 2.0\onsgmls.exe:E:\git project\foodSen\foodSen\&DTDS\foodSen_view\git project\foodSen\foodSen\WebContent\view\menu7\trainingEvent\trainingEventResCreate.jsp.txt:8:63:554664300.64:E: document type does not allow element "link" here
C:\Program Files (x86)\한국정보화진흥원\KW3C 2.0\onsgmls.exe:E:\git project\foodSen\foodSen\&DTDS\foodSen_view\git project\foodSen\foodSen\WebContent\view\menu7\trainingEvent\trainingEventResCreate.jsp.txt:10:80:554664300.64:E: document type does not allow element "script" here
C:\Program Files (x86)\한국정보화진흥원\KW3C 2.0\onsgmls.exe:E:\git project\foodSen\foodSen\&DTDS\foodSen_view\git project\foodSen\foodSen\WebContent\view\menu7\trainingEvent\trainingEventResCreate.jsp.txt:11:82:554664300.64:E: document type does not allow element "script" here
C:\Program Files (x86)\한국정보화진흥원\KW3C 2.0\onsgmls.exe:E:\git project\foodSen\foodSen\&DTDS\foodSen_view\git project\foodSen\foodSen\WebContent\view\menu7\trainingEvent\trainingEventResCreate.jsp.txt:12:110:554664300.64:E: document type does not allow element "link" here
C:\Program Files (x86)\한국정보화진흥원\KW3C 2.0\onsgmls.exe:E:\git project\foodSen\foodSen\&DTDS\foodSen_view\git project\foodSen\foodSen\WebContent\view\menu7\trainingEvent\trainingEventResCreate.jsp.txt:47:4:554664300.106:E: "if" is not a member of a group specified for any attribute
C:\Program Files (x86)\한국정보화진흥원\KW3C 2.0\onsgmls.exe:E:\git project\foodSen\foodSen\&DTDS\foodSen_view\git project\foodSen\foodSen\WebContent\view\menu7\trainingEvent\trainingEventResCreate.jsp.txt:47:4:554664300.81:E: character "(" not allowed in attribute specification list
C:\Program Files (x86)\한국정보화진흥원\KW3C 2.0\onsgmls.exe:E:\git project\foodSen\foodSen\&DTDS\foodSen_view\git project\foodSen\foodSen\WebContent\view\menu7\trainingEvent\trainingEventResCreate.jsp.txt:90:2:554664300.106:E: "일경우" is not a member of a group specified for any attribute
C:\Program Files (x86)\한국정보화진흥원\KW3C 2.0\onsgmls.exe:E:\git project\foodSen\foodSen\&DTDS\foodSen_view\git project\foodSen\foodSen\WebContent\view\menu7\trainingEvent\trainingEventResCreate.jsp.txt:90:6:554664300.106:E: "var" is not a member of a group specified for any attribute
C:\Program Files (x86)\한국정보화진흥원\KW3C 2.0\onsgmls.exe:E:\git project\foodSen\foodSen\&DTDS\foodSen_view\git project\foodSen\foodSen\WebContent\view\menu7\trainingEvent\trainingEventResCreate.jsp.txt:90:12:554664300.257:E: an attribute value specification must be an attribute value literal unless SHORTTAG YES is specified
C:\Program Files (x86)\한국정보화진흥원\KW3C 2.0\onsgmls.exe:E:\git project\foodSen\foodSen\&DTDS\foodSen_view\git project\foodSen\foodSen\WebContent\view\menu7\trainingEvent\trainingEventResCreate.jsp.txt:90:13:554664300.82:E: an attribute value must be a literal unless it contains only name characters
C:\Program Files (x86)\한국정보화진흥원\KW3C 2.0\onsgmls.exe:E:\git project\foodSen\foodSen\&DTDS\foodSen_view\git project\foodSen\foodSen\WebContent\view\menu7\trainingEvent\trainingEventResCreate.jsp.txt:91:6:554664300.106:E: "var" is not a member of a group specified for any attribute
C:\Program Files (x86)\한국정보화진흥원\KW3C 2.0\onsgmls.exe:E:\git project\foodSen\foodSen\&DTDS\foodSen_view\git project\foodSen\foodSen\WebContent\view\menu7\trainingEvent\trainingEventResCreate.jsp.txt:91:13:554664300.257:E: an attribute value specification must be an attribute value literal unless SHORTTAG YES is specified
C:\Program Files (x86)\한국정보화진흥원\KW3C 2.0\onsgmls.exe:E:\git project\foodSen\foodSen\&DTDS\foodSen_view\git project\foodSen\foodSen\WebContent\view\menu7\trainingEvent\trainingEventResCreate.jsp.txt:91:14:554664300.82:E: an attribute value must be a literal unless it contains only name characters
C:\Program Files (x86)\한국정보화진흥원\KW3C 2.0\onsgmls.exe:E:\git project\foodSen\foodSen\&DTDS\foodSen_view\git project\foodSen\foodSen\WebContent\view\menu7\trainingEvent\trainingEventResCreate.jsp.txt:92:6:554664300.106:E: "var" is not a member of a group specified for any attribute
C:\Program Files (x86)\한국정보화진흥원\KW3C 2.0\onsgmls.exe:E:\git project\foodSen\foodSen\&DTDS\foodSen_view\git project\foodSen\foodSen\WebContent\view\menu7\trainingEvent\trainingEventResCreate.jsp.txt:92:13:554664300.257:E: an attribute value specification must be an attribute value literal unless SHORTTAG YES is specified
C:\Program Files (x86)\한국정보화진흥원\KW3C 2.0\onsgmls.exe:E:\git project\foodSen\foodSen\&DTDS\foodSen_view\git project\foodSen\foodSen\WebContent\view\menu7\trainingEvent\trainingEventResCreate.jsp.txt:92:14:554664300.82:E: an attribute value must be a literal unless it contains only name characters
C:\Program Files (x86)\한국정보화진흥원\KW3C 2.0\onsgmls.exe:E:\git project\foodSen\foodSen\&DTDS\foodSen_view\git project\foodSen\foodSen\WebContent\view\menu7\trainingEvent\trainingEventResCreate.jsp.txt:93:6:554664300.106:E: "var" is not a member of a group specified for any attribute
C:\Program Files (x86)\한국정보화진흥원\KW3C 2.0\onsgmls.exe:E:\git project\foodSen\foodSen\&DTDS\foodSen_view\git project\foodSen\foodSen\WebContent\view\menu7\trainingEvent\trainingEventResCreate.jsp.txt:93:13:554664300.257:E: an attribute value specification must be an attribute value literal unless SHORTTAG YES is specified
C:\Program Files (x86)\한국정보화진흥원\KW3C 2.0\onsgmls.exe:E:\git project\foodSen\foodSen\&DTDS\foodSen_view\git project\foodSen\foodSen\WebContent\view\menu7\trainingEvent\trainingEventResCreate.jsp.txt:93:14:554664300.82:E: an attribute value must be a literal unless it contains only name characters
C:\Program Files (x86)\한국정보화진흥원\KW3C 2.0\onsgmls.exe:E:\git project\foodSen\foodSen\&DTDS\foodSen_view\git project\foodSen\foodSen\WebContent\view\menu7\trainingEvent\trainingEventResCreate.jsp.txt:95:3:554664300.407:E: NET-enabling start-tag not immediately followed by null end-tag
C:\Program Files (x86)\한국정보화진흥원\KW3C 2.0\onsgmls.exe:E:\git project\foodSen\foodSen\&DTDS\foodSen_view\git project\foodSen\foodSen\WebContent\view\menu7\trainingEvent\trainingEventResCreate.jsp.txt:118:23:554664300.81:E: character ";" not allowed in attribute specification list
C:\Program Files (x86)\한국정보화진흥원\KW3C 2.0\onsgmls.exe:E:\git project\foodSen\foodSen\&DTDS\foodSen_view\git project\foodSen\foodSen\WebContent\view\menu7\trainingEvent\trainingEventResCreate.jsp.txt:129:31:554664300.81:E: character ";" not allowed in attribute specification list
C:\Program Files (x86)\한국정보화진흥원\KW3C 2.0\onsgmls.exe:E:\git project\foodSen\foodSen\&DTDS\foodSen_view\git project\foodSen\foodSen\WebContent\view\menu7\trainingEvent\trainingEventResCreate.jsp.txt:148:8:554664300.70:E: end tag for "str.length" omitted, but OMITTAG NO was specified
C:\Program Files (x86)\한국정보화진흥원\KW3C 2.0\onsgmls.exe:E:\git project\foodSen\foodSen\&DTDS\foodSen_view\git project\foodSen\foodSen\WebContent\view\menu7\trainingEvent\trainingEventResCreate.jsp.txt:129:20: start tag was here
C:\Program Files (x86)\한국정보화진흥원\KW3C 2.0\onsgmls.exe:E:\git project\foodSen\foodSen\&DTDS\foodSen_view\git project\foodSen\foodSen\WebContent\view\menu7\trainingEvent\trainingEventResCreate.jsp.txt:148:8:554664300.70:E: end tag for "str.length" omitted, but OMITTAG NO was specified
C:\Program Files (x86)\한국정보화진흥원\KW3C 2.0\onsgmls.exe:E:\git project\foodSen\foodSen\&DTDS\foodSen_view\git project\foodSen\foodSen\WebContent\view\menu7\trainingEvent\trainingEventResCreate.jsp.txt:118:12: start tag was here
C:\Program Files (x86)\한국정보화진흥원\KW3C 2.0\onsgmls.exe:E:\git project\foodSen\foodSen\&DTDS\foodSen_view\git project\foodSen\foodSen\WebContent\view\menu7\trainingEvent\trainingEventResCreate.jsp.txt:148:8:554664300.70:E: end tag for "아아아아아" omitted, but OMITTAG NO was specified
C:\Program Files (x86)\한국정보화진흥원\KW3C 2.0\onsgmls.exe:E:\git project\foodSen\foodSen\&DTDS\foodSen_view\git project\foodSen\foodSen\WebContent\view\menu7\trainingEvent\trainingEventResCreate.jsp.txt:46:10: start tag was here
C:\Program Files (x86)\한국정보화진흥원\KW3C 2.0\onsgmls.exe:E:\git project\foodSen\foodSen\&DTDS\foodSen_view\git project\foodSen\foodSen\WebContent\view\menu7\trainingEvent\trainingEventResCreate.jsp.txt:155:14:554664300.257:E: an attribute value specification must be an attribute value literal unless SHORTTAG YES is specified
C:\Program Files (x86)\한국정보화진흥원\KW3C 2.0\onsgmls.exe:E:\git project\foodSen\foodSen\&DTDS\foodSen_view\git project\foodSen\foodSen\WebContent\view\menu7\trainingEvent\trainingEventResCreate.jsp.txt:155:16:554664300.407:E: NET-enabling start-tag not immediately followed by null end-tag
C:\Program Files (x86)\한국정보화진흥원\KW3C 2.0\onsgmls.exe:E:\git project\foodSen\foodSen\&DTDS\foodSen_view\git project\foodSen\foodSen\WebContent\view\menu7\trainingEvent\trainingEventResCreate.jsp.txt:202:100:554664300.106:E: "readonly" is not a member of a group specified for any attribute
C:\Program Files (x86)\한국정보화진흥원\KW3C 2.0\onsgmls.exe:E:\git project\foodSen\foodSen\&DTDS\foodSen_view\git project\foodSen\foodSen\WebContent\view\menu7\trainingEvent\trainingEventResCreate.jsp.txt:206:100:554664300.106:E: "readonly" is not a member of a group specified for any attribute
C:\Program Files (x86)\한국정보화진흥원\KW3C 2.0\onsgmls.exe:E:\git project\foodSen\foodSen\&DTDS\foodSen_view\git project\foodSen\foodSen\WebContent\view\menu7\trainingEvent\trainingEventResCreate.jsp.txt:288:1:554664300.70:E: end tag for "link" omitted, but OMITTAG NO was specified
C:\Program Files (x86)\한국정보화진흥원\KW3C 2.0\onsgmls.exe:E:\git project\foodSen\foodSen\&DTDS\foodSen_view\git project\foodSen\foodSen\WebContent\view\menu7\trainingEvent\trainingEventResCreate.jsp.txt:12:0: start tag was here
