C:\Program Files (x86)\한국정보화진흥원\KW3C 2.0\onsgmls.exe:E:\git project\foodSen\foodSen\&DTDS\foodSen\git project\foodSen\foodSen\WebContent\images\sub\particiation\sub_title_01.gif.txt:1:0:554664300.46:E: character "G" not allowed in prolog
C:\Program Files (x86)\한국정보화진흥원\KW3C 2.0\onsgmls.exe:E:\git project\foodSen\foodSen\&DTDS\foodSen\git project\foodSen\foodSen\WebContent\images\sub\particiation\sub_title_01.gif.txt:1:214:554664300.435:E: prolog can't be omitted unless CONCUR NO and LINK EXPLICIT NO and either IMPLYDEF ELEMENT YES or IMPLYDEF DOCTYPE YES
C:\Program Files (x86)\한국정보화진흥원\KW3C 2.0\onsgmls.exe:E:\git project\foodSen\foodSen\&DTDS\foodSen\git project\foodSen\foodSen\WebContent\images\sub\particiation\sub_title_01.gif.txt:1:214:554664300.187:E: no document type declaration; will parse without validation
C:\Program Files (x86)\한국정보화진흥원\KW3C 2.0\onsgmls.exe:E:\git project\foodSen\foodSen\&DTDS\foodSen\git project\foodSen\foodSen\WebContent\images\sub\particiation\sub_title_01.gif.txt:1:940:554664300.139:E: non SGML character number 1
C:\Program Files (x86)\한국정보화진흥원\KW3C 2.0\onsgmls.exe:E:\git project\foodSen\foodSen\&DTDS\foodSen\git project\foodSen\foodSen\WebContent\images\sub\particiation\sub_title_01.gif.txt:1:940:554664300.63:E: character data is not allowed here
C:\Program Files (x86)\한국정보화진흥원\KW3C 2.0\onsgmls.exe:E:\git project\foodSen\foodSen\&DTDS\foodSen\git project\foodSen\foodSen\WebContent\images\sub\particiation\sub_title_01.gif.txt:1:1005:554664300.139:E: non SGML character number 128
C:\Program Files (x86)\한국정보화진흥원\KW3C 2.0\onsgmls.exe:E:\git project\foodSen\foodSen\&DTDS\foodSen\git project\foodSen\foodSen\WebContent\images\sub\particiation\sub_title_01.gif.txt:1:1006:554664300.139:E: non SGML character number 127
C:\Program Files (x86)\한국정보화진흥원\KW3C 2.0\onsgmls.exe:E:\git project\foodSen\foodSen\&DTDS\foodSen\git project\foodSen\foodSen\WebContent\images\sub\particiation\sub_title_01.gif.txt:1:1102:554664300.139:E: non SGML character number 31
C:\Program Files (x86)\한국정보화진흥원\KW3C 2.0\onsgmls.exe:E:\git project\foodSen\foodSen\&DTDS\foodSen\git project\foodSen\foodSen\WebContent\images\sub\particiation\sub_title_01.gif.txt:1:1103:554664300.139:E: non SGML character number 30
C:\Program Files (x86)\한국정보화진흥원\KW3C 2.0\onsgmls.exe:E:\git project\foodSen\foodSen\&DTDS\foodSen\git project\foodSen\foodSen\WebContent\images\sub\particiation\sub_title_01.gif.txt:1:1104:554664300.139:E: non SGML character number 29
C:\Program Files (x86)\한국정보화진흥원\KW3C 2.0\onsgmls.exe:E:\git project\foodSen\foodSen\&DTDS\foodSen\git project\foodSen\foodSen\WebContent\images\sub\particiation\sub_title_01.gif.txt:1:1105:554664300.139:E: non SGML character number 28
C:\Program Files (x86)\한국정보화진흥원\KW3C 2.0\onsgmls.exe:E:\git project\foodSen\foodSen\&DTDS\foodSen\git project\foodSen\foodSen\WebContent\images\sub\particiation\sub_title_01.gif.txt:1:1106:554664300.139:E: non SGML character number 27
C:\Program Files (x86)\한국정보화진흥원\KW3C 2.0\onsgmls.exe:E:\git project\foodSen\foodSen\&DTDS\foodSen\git project\foodSen\foodSen\WebContent\images\sub\particiation\sub_title_01.gif.txt:1:1107:554664300.139:E: non SGML character number 26
C:\Program Files (x86)\한국정보화진흥원\KW3C 2.0\onsgmls.exe:E:\git project\foodSen\foodSen\&DTDS\foodSen\git project\foodSen\foodSen\WebContent\images\sub\particiation\sub_title_01.gif.txt:1:1108:554664300.139:E: non SGML character number 25
C:\Program Files (x86)\한국정보화진흥원\KW3C 2.0\onsgmls.exe:E:\git project\foodSen\foodSen\&DTDS\foodSen\git project\foodSen\foodSen\WebContent\images\sub\particiation\sub_title_01.gif.txt:1:1109:554664300.139:E: non SGML character number 24
C:\Program Files (x86)\한국정보화진흥원\KW3C 2.0\onsgmls.exe:E:\git project\foodSen\foodSen\&DTDS\foodSen\git project\foodSen\foodSen\WebContent\images\sub\particiation\sub_title_01.gif.txt:1:1110:554664300.139:E: non SGML character number 23
C:\Program Files (x86)\한국정보화진흥원\KW3C 2.0\onsgmls.exe:E:\git project\foodSen\foodSen\&DTDS\foodSen\git project\foodSen\foodSen\WebContent\images\sub\particiation\sub_title_01.gif.txt:1:1111:554664300.139:E: non SGML character number 22
C:\Program Files (x86)\한국정보화진흥원\KW3C 2.0\onsgmls.exe:E:\git project\foodSen\foodSen\&DTDS\foodSen\git project\foodSen\foodSen\WebContent\images\sub\particiation\sub_title_01.gif.txt:1:1112:554664300.139:E: non SGML character number 21
C:\Program Files (x86)\한국정보화진흥원\KW3C 2.0\onsgmls.exe:E:\git project\foodSen\foodSen\&DTDS\foodSen\git project\foodSen\foodSen\WebContent\images\sub\particiation\sub_title_01.gif.txt:1:1113:554664300.139:E: non SGML character number 20
C:\Program Files (x86)\한국정보화진흥원\KW3C 2.0\onsgmls.exe:E:\git project\foodSen\foodSen\&DTDS\foodSen\git project\foodSen\foodSen\WebContent\images\sub\particiation\sub_title_01.gif.txt:1:1114:554664300.139:E: non SGML character number 19
C:\Program Files (x86)\한국정보화진흥원\KW3C 2.0\onsgmls.exe:E:\git project\foodSen\foodSen\&DTDS\foodSen\git project\foodSen\foodSen\WebContent\images\sub\particiation\sub_title_01.gif.txt:1:1115:554664300.139:E: non SGML character number 18
C:\Program Files (x86)\한국정보화진흥원\KW3C 2.0\onsgmls.exe:E:\git project\foodSen\foodSen\&DTDS\foodSen\git project\foodSen\foodSen\WebContent\images\sub\particiation\sub_title_01.gif.txt:1:1116:554664300.139:E: non SGML character number 17
C:\Program Files (x86)\한국정보화진흥원\KW3C 2.0\onsgmls.exe:E:\git project\foodSen\foodSen\&DTDS\foodSen\git project\foodSen\foodSen\WebContent\images\sub\particiation\sub_title_01.gif.txt:1:1117:554664300.139:E: non SGML character number 16
C:\Program Files (x86)\한국정보화진흥원\KW3C 2.0\onsgmls.exe:E:\git project\foodSen\foodSen\&DTDS\foodSen\git project\foodSen\foodSen\WebContent\images\sub\particiation\sub_title_01.gif.txt:1:1118:554664300.139:E: non SGML character number 15
C:\Program Files (x86)\한국정보화진흥원\KW3C 2.0\onsgmls.exe:E:\git project\foodSen\foodSen\&DTDS\foodSen\git project\foodSen\foodSen\WebContent\images\sub\particiation\sub_title_01.gif.txt:1:1119:554664300.139:E: non SGML character number 14
C:\Program Files (x86)\한국정보화진흥원\KW3C 2.0\onsgmls.exe:E:\git project\foodSen\foodSen\&DTDS\foodSen\git project\foodSen\foodSen\WebContent\images\sub\particiation\sub_title_01.gif.txt:1:1120:554664300.139:E: non SGML character number 12
C:\Program Files (x86)\한국정보화진흥원\KW3C 2.0\onsgmls.exe:E:\git project\foodSen\foodSen\&DTDS\foodSen\git project\foodSen\foodSen\WebContent\images\sub\particiation\sub_title_01.gif.txt:1:1121:554664300.139:E: non SGML character number 11
C:\Program Files (x86)\한국정보화진흥원\KW3C 2.0\onsgmls.exe:E:\git project\foodSen\foodSen\&DTDS\foodSen\git project\foodSen\foodSen\WebContent\images\sub\particiation\sub_title_01.gif.txt:2:1:554664300.139:E: non SGML character number 8
C:\Program Files (x86)\한국정보화진흥원\KW3C 2.0\onsgmls.exe:E:\git project\foodSen\foodSen\&DTDS\foodSen\git project\foodSen\foodSen\WebContent\images\sub\particiation\sub_title_01.gif.txt:2:2:554664300.139:E: non SGML character number 7
C:\Program Files (x86)\한국정보화진흥원\KW3C 2.0\onsgmls.exe:E:\git project\foodSen\foodSen\&DTDS\foodSen\git project\foodSen\foodSen\WebContent\images\sub\particiation\sub_title_01.gif.txt:2:3:554664300.139:E: non SGML character number 6
C:\Program Files (x86)\한국정보화진흥원\KW3C 2.0\onsgmls.exe:E:\git project\foodSen\foodSen\&DTDS\foodSen\git project\foodSen\foodSen\WebContent\images\sub\particiation\sub_title_01.gif.txt:2:4:554664300.139:E: non SGML character number 5
C:\Program Files (x86)\한국정보화진흥원\KW3C 2.0\onsgmls.exe:E:\git project\foodSen\foodSen\&DTDS\foodSen\git project\foodSen\foodSen\WebContent\images\sub\particiation\sub_title_01.gif.txt:2:5:554664300.139:E: non SGML character number 4
C:\Program Files (x86)\한국정보화진흥원\KW3C 2.0\onsgmls.exe:E:\git project\foodSen\foodSen\&DTDS\foodSen\git project\foodSen\foodSen\WebContent\images\sub\particiation\sub_title_01.gif.txt:2:6:554664300.139:E: non SGML character number 3
C:\Program Files (x86)\한국정보화진흥원\KW3C 2.0\onsgmls.exe:E:\git project\foodSen\foodSen\&DTDS\foodSen\git project\foodSen\foodSen\WebContent\images\sub\particiation\sub_title_01.gif.txt:2:7:554664300.139:E: non SGML character number 2
C:\Program Files (x86)\한국정보화진흥원\KW3C 2.0\onsgmls.exe:E:\git project\foodSen\foodSen\&DTDS\foodSen\git project\foodSen\foodSen\WebContent\images\sub\particiation\sub_title_01.gif.txt:2:8:554664300.139:E: non SGML character number 1
C:\Program Files (x86)\한국정보화진흥원\KW3C 2.0\onsgmls.exe:E:\git project\foodSen\foodSen\&DTDS\foodSen\git project\foodSen\foodSen\WebContent\images\sub\particiation\sub_title_01.gif.txt:2:27:554664300.139:E: non SGML character number 6
C:\Program Files (x86)\한국정보화진흥원\KW3C 2.0\onsgmls.exe:E:\git project\foodSen\foodSen\&DTDS\foodSen\git project\foodSen\foodSen\WebContent\images\sub\particiation\sub_title_01.gif.txt:2:33:554664300.139:E: non SGML character number 26
C:\Program Files (x86)\한국정보화진흥원\KW3C 2.0\onsgmls.exe:E:\git project\foodSen\foodSen\&DTDS\foodSen\git project\foodSen\foodSen\WebContent\images\sub\particiation\sub_title_01.gif.txt:2:43:554664300.139:E: non SGML character number 128
C:\Program Files (x86)\한국정보화진흥원\KW3C 2.0\onsgmls.exe:E:\git project\foodSen\foodSen\&DTDS\foodSen\git project\foodSen\foodSen\WebContent\images\sub\particiation\sub_title_01.gif.txt:2:46:554664300.139:E: non SGML character number 8
C:\Program Files (x86)\한국정보화진흥원\KW3C 2.0\onsgmls.exe:E:\git project\foodSen\foodSen\&DTDS\foodSen\git project\foodSen\foodSen\WebContent\images\sub\particiation\sub_title_01.gif.txt:2:48:554664300.139:E: non SGML character number 8
C:\Program Files (x86)\한국정보화진흥원\KW3C 2.0\onsgmls.exe:E:\git project\foodSen\foodSen\&DTDS\foodSen\git project\foodSen\foodSen\WebContent\images\sub\particiation\sub_title_01.gif.txt:2:50:554664300.139:E: non SGML character number 20
C:\Program Files (x86)\한국정보화진흥원\KW3C 2.0\onsgmls.exe:E:\git project\foodSen\foodSen\&DTDS\foodSen\git project\foodSen\foodSen\WebContent\images\sub\particiation\sub_title_01.gif.txt:2:51:554664300.139:E: non SGML character number 8
C:\Program Files (x86)\한국정보화진흥원\KW3C 2.0\onsgmls.exe:E:\git project\foodSen\foodSen\&DTDS\foodSen\git project\foodSen\foodSen\WebContent\images\sub\particiation\sub_title_01.gif.txt:2:62:554664300.81:E: character "?" not allowed in attribute specification list
C:\Program Files (x86)\한국정보화진흥원\KW3C 2.0\onsgmls.exe:E:\git project\foodSen\foodSen\&DTDS\foodSen\git project\foodSen\foodSen\WebContent\images\sub\particiation\sub_title_01.gif.txt:2:62:554664300.64:E: document type does not allow element "Y킶" here
C:\Program Files (x86)\한국정보화진흥원\KW3C 2.0\onsgmls.exe:E:\git project\foodSen\foodSen\&DTDS\foodSen\git project\foodSen\foodSen\WebContent\images\sub\particiation\sub_title_01.gif.txt:2:66:554664300.139:E: non SGML character number 2
C:\Program Files (x86)\한국정보화진흥원\KW3C 2.0\onsgmls.exe:E:\git project\foodSen\foodSen\&DTDS\foodSen\git project\foodSen\foodSen\WebContent\images\sub\particiation\sub_title_01.gif.txt:2:68:554664300.139:E: non SGML character number 1
C:\Program Files (x86)\한국정보화진흥원\KW3C 2.0\onsgmls.exe:E:\git project\foodSen\foodSen\&DTDS\foodSen\git project\foodSen\foodSen\WebContent\images\sub\particiation\sub_title_01.gif.txt:2:69:554664300.139:E: non SGML character number 127
C:\Program Files (x86)\한국정보화진흥원\KW3C 2.0\onsgmls.exe:E:\git project\foodSen\foodSen\&DTDS\foodSen\git project\foodSen\foodSen\WebContent\images\sub\particiation\sub_title_01.gif.txt:2:72:554664300.139:E: non SGML character number 30
C:\Program Files (x86)\한국정보화진흥원\KW3C 2.0\onsgmls.exe:E:\git project\foodSen\foodSen\&DTDS\foodSen\git project\foodSen\foodSen\WebContent\images\sub\particiation\sub_title_01.gif.txt:2:73:554664300.139:E: non SGML character number 2
C:\Program Files (x86)\한국정보화진흥원\KW3C 2.0\onsgmls.exe:E:\git project\foodSen\foodSen\&DTDS\foodSen\git project\foodSen\foodSen\WebContent\images\sub\particiation\sub_title_01.gif.txt:2:74:554664300.139:E: non SGML character number 11
C:\Program Files (x86)\한국정보화진흥원\KW3C 2.0\onsgmls.exe:E:\git project\foodSen\foodSen\&DTDS\foodSen\git project\foodSen\foodSen\WebContent\images\sub\particiation\sub_title_01.gif.txt:2:78:554664300.139:E: non SGML character number 5
C:\Program Files (x86)\한국정보화진흥원\KW3C 2.0\onsgmls.exe:E:\git project\foodSen\foodSen\&DTDS\foodSen\git project\foodSen\foodSen\WebContent\images\sub\particiation\sub_title_01.gif.txt:2:84:554664300.139:E: non SGML character number 11
C:\Program Files (x86)\한국정보화진흥원\KW3C 2.0\onsgmls.exe:E:\git project\foodSen\foodSen\&DTDS\foodSen\git project\foodSen\foodSen\WebContent\images\sub\particiation\sub_title_01.gif.txt:2:85:554664300.139:E: non SGML character number 17
C:\Program Files (x86)\한국정보화진흥원\KW3C 2.0\onsgmls.exe:E:\git project\foodSen\foodSen\&DTDS\foodSen\git project\foodSen\foodSen\WebContent\images\sub\particiation\sub_title_01.gif.txt:2:98:554664300.139:E: non SGML character number 12
C:\Program Files (x86)\한국정보화진흥원\KW3C 2.0\onsgmls.exe:E:\git project\foodSen\foodSen\&DTDS\foodSen\git project\foodSen\foodSen\WebContent\images\sub\particiation\sub_title_01.gif.txt:2:105:554664300.338:W: cannot generate system identifier for general entity "둆"
C:\Program Files (x86)\한국정보화진흥원\KW3C 2.0\onsgmls.exe:E:\git project\foodSen\foodSen\&DTDS\foodSen\git project\foodSen\foodSen\WebContent\images\sub\particiation\sub_title_01.gif.txt:2:105:554664300.25:E: general entity "둆" not defined and no default entity
C:\Program Files (x86)\한국정보화진흥원\KW3C 2.0\onsgmls.exe:E:\git project\foodSen\foodSen\&DTDS\foodSen\git project\foodSen\foodSen\WebContent\images\sub\particiation\sub_title_01.gif.txt:2:106:554664300.325:E: reference to entity "둆" for which no system identifier could be generated
C:\Program Files (x86)\한국정보화진흥원\KW3C 2.0\onsgmls.exe:E:\git project\foodSen\foodSen\&DTDS\foodSen\git project\foodSen\foodSen\WebContent\images\sub\particiation\sub_title_01.gif.txt:2:104: entity was defined here
C:\Program Files (x86)\한국정보화진흥원\KW3C 2.0\onsgmls.exe:E:\git project\foodSen\foodSen\&DTDS\foodSen\git project\foodSen\foodSen\WebContent\images\sub\particiation\sub_title_01.gif.txt:2:106:554664300.139:E: non SGML character number 15
C:\Program Files (x86)\한국정보화진흥원\KW3C 2.0\onsgmls.exe:E:\git project\foodSen\foodSen\&DTDS\foodSen\git project\foodSen\foodSen\WebContent\images\sub\particiation\sub_title_01.gif.txt:2:109:554664300.139:E: non SGML character number 5
C:\Program Files (x86)\한국정보화진흥원\KW3C 2.0\onsgmls.exe:E:\git project\foodSen\foodSen\&DTDS\foodSen\git project\foodSen\foodSen\WebContent\images\sub\particiation\sub_title_01.gif.txt:2:119:554664300.139:E: non SGML character number 21
C:\Program Files (x86)\한국정보화진흥원\KW3C 2.0\onsgmls.exe:E:\git project\foodSen\foodSen\&DTDS\foodSen\git project\foodSen\foodSen\WebContent\images\sub\particiation\sub_title_01.gif.txt:2:125:554664300.139:E: non SGML character number 2
C:\Program Files (x86)\한국정보화진흥원\KW3C 2.0\onsgmls.exe:E:\git project\foodSen\foodSen\&DTDS\foodSen\git project\foodSen\foodSen\WebContent\images\sub\particiation\sub_title_01.gif.txt:2:129:554664300.139:E: non SGML character number 17
C:\Program Files (x86)\한국정보화진흥원\KW3C 2.0\onsgmls.exe:E:\git project\foodSen\foodSen\&DTDS\foodSen\git project\foodSen\foodSen\WebContent\images\sub\particiation\sub_title_01.gif.txt:2:131:554664300.139:E: non SGML character number 2
C:\Program Files (x86)\한국정보화진흥원\KW3C 2.0\onsgmls.exe:E:\git project\foodSen\foodSen\&DTDS\foodSen\git project\foodSen\foodSen\WebContent\images\sub\particiation\sub_title_01.gif.txt:2:142:554664300.139:E: non SGML character number 15
C:\Program Files (x86)\한국정보화진흥원\KW3C 2.0\onsgmls.exe:E:\git project\foodSen\foodSen\&DTDS\foodSen\git project\foodSen\foodSen\WebContent\images\sub\particiation\sub_title_01.gif.txt:2:146:554664300.139:E: non SGML character number 14
C:\Program Files (x86)\한국정보화진흥원\KW3C 2.0\onsgmls.exe:E:\git project\foodSen\foodSen\&DTDS\foodSen\git project\foodSen\foodSen\WebContent\images\sub\particiation\sub_title_01.gif.txt:2:150:554664300.139:E: non SGML character number 31
C:\Program Files (x86)\한국정보화진흥원\KW3C 2.0\onsgmls.exe:E:\git project\foodSen\foodSen\&DTDS\foodSen\git project\foodSen\foodSen\WebContent\images\sub\particiation\sub_title_01.gif.txt:2:155:554664300.338:W: cannot generate system identifier for general entity "苧"
C:\Program Files (x86)\한국정보화진흥원\KW3C 2.0\onsgmls.exe:E:\git project\foodSen\foodSen\&DTDS\foodSen\git project\foodSen\foodSen\WebContent\images\sub\particiation\sub_title_01.gif.txt:2:155:554664300.25:E: general entity "苧" not defined and no default entity
C:\Program Files (x86)\한국정보화진흥원\KW3C 2.0\onsgmls.exe:E:\git project\foodSen\foodSen\&DTDS\foodSen\git project\foodSen\foodSen\WebContent\images\sub\particiation\sub_title_01.gif.txt:2:156:554664300.325:E: reference to entity "苧" for which no system identifier could be generated
C:\Program Files (x86)\한국정보화진흥원\KW3C 2.0\onsgmls.exe:E:\git project\foodSen\foodSen\&DTDS\foodSen\git project\foodSen\foodSen\WebContent\images\sub\particiation\sub_title_01.gif.txt:2:154: entity was defined here
C:\Program Files (x86)\한국정보화진흥원\KW3C 2.0\onsgmls.exe:E:\git project\foodSen\foodSen\&DTDS\foodSen\git project\foodSen\foodSen\WebContent\images\sub\particiation\sub_title_01.gif.txt:2:158:554664300.139:E: non SGML character number 16
C:\Program Files (x86)\한국정보화진흥원\KW3C 2.0\onsgmls.exe:E:\git project\foodSen\foodSen\&DTDS\foodSen\git project\foodSen\foodSen\WebContent\images\sub\particiation\sub_title_01.gif.txt:2:164:554664300.139:E: non SGML character number 16
C:\Program Files (x86)\한국정보화진흥원\KW3C 2.0\onsgmls.exe:E:\git project\foodSen\foodSen\&DTDS\foodSen\git project\foodSen\foodSen\WebContent\images\sub\particiation\sub_title_01.gif.txt:2:167:554664300.139:E: non SGML character number 1
C:\Program Files (x86)\한국정보화진흥원\KW3C 2.0\onsgmls.exe:E:\git project\foodSen\foodSen\&DTDS\foodSen\git project\foodSen\foodSen\WebContent\images\sub\particiation\sub_title_01.gif.txt:2:168:554664300.139:E: non SGML character number 28
C:\Program Files (x86)\한국정보화진흥원\KW3C 2.0\onsgmls.exe:E:\git project\foodSen\foodSen\&DTDS\foodSen\git project\foodSen\foodSen\WebContent\images\sub\particiation\sub_title_01.gif.txt:2:170:554664300.139:E: non SGML character number 18
C:\Program Files (x86)\한국정보화진흥원\KW3C 2.0\onsgmls.exe:E:\git project\foodSen\foodSen\&DTDS\foodSen\git project\foodSen\foodSen\WebContent\images\sub\particiation\sub_title_01.gif.txt:2:171:554664300.139:E: non SGML character number 2
C:\Program Files (x86)\한국정보화진흥원\KW3C 2.0\onsgmls.exe:E:\git project\foodSen\foodSen\&DTDS\foodSen\git project\foodSen\foodSen\WebContent\images\sub\particiation\sub_title_01.gif.txt:2:186:554664300.139:E: non SGML character number 21
C:\Program Files (x86)\한국정보화진흥원\KW3C 2.0\onsgmls.exe:E:\git project\foodSen\foodSen\&DTDS\foodSen\git project\foodSen\foodSen\WebContent\images\sub\particiation\sub_title_01.gif.txt:2:190:554664300.139:E: non SGML character number 4
C:\Program Files (x86)\한국정보화진흥원\KW3C 2.0\onsgmls.exe:E:\git project\foodSen\foodSen\&DTDS\foodSen\git project\foodSen\foodSen\WebContent\images\sub\particiation\sub_title_01.gif.txt:2:192:554664300.139:E: non SGML character number 11
C:\Program Files (x86)\한국정보화진흥원\KW3C 2.0\onsgmls.exe:E:\git project\foodSen\foodSen\&DTDS\foodSen\git project\foodSen\foodSen\WebContent\images\sub\particiation\sub_title_01.gif.txt:2:198:554664300.139:E: non SGML character number 28
C:\Program Files (x86)\한국정보화진흥원\KW3C 2.0\onsgmls.exe:E:\git project\foodSen\foodSen\&DTDS\foodSen\git project\foodSen\foodSen\WebContent\images\sub\particiation\sub_title_01.gif.txt:2:210:554664300.139:E: non SGML character number 8
C:\Program Files (x86)\한국정보화진흥원\KW3C 2.0\onsgmls.exe:E:\git project\foodSen\foodSen\&DTDS\foodSen\git project\foodSen\foodSen\WebContent\images\sub\particiation\sub_title_01.gif.txt:2:211:554664300.139:E: non SGML character number 29
C:\Program Files (x86)\한국정보화진흥원\KW3C 2.0\onsgmls.exe:E:\git project\foodSen\foodSen\&DTDS\foodSen\git project\foodSen\foodSen\WebContent\images\sub\particiation\sub_title_01.gif.txt:2:216:554664300.139:E: non SGML character number 3
C:\Program Files (x86)\한국정보화진흥원\KW3C 2.0\onsgmls.exe:E:\git project\foodSen\foodSen\&DTDS\foodSen\git project\foodSen\foodSen\WebContent\images\sub\particiation\sub_title_01.gif.txt:2:223:554664300.139:E: non SGML character number 22
C:\Program Files (x86)\한국정보화진흥원\KW3C 2.0\onsgmls.exe:E:\git project\foodSen\foodSen\&DTDS\foodSen\git project\foodSen\foodSen\WebContent\images\sub\particiation\sub_title_01.gif.txt:2:224:554664300.139:E: non SGML character number 20
C:\Program Files (x86)\한국정보화진흥원\KW3C 2.0\onsgmls.exe:E:\git project\foodSen\foodSen\&DTDS\foodSen\git project\foodSen\foodSen\WebContent\images\sub\particiation\sub_title_01.gif.txt:2:225:554664300.139:E: non SGML character number 128
C:\Program Files (x86)\한국정보화진흥원\KW3C 2.0\onsgmls.exe:E:\git project\foodSen\foodSen\&DTDS\foodSen\git project\foodSen\foodSen\WebContent\images\sub\particiation\sub_title_01.gif.txt:2:236:554664300.139:E: non SGML character number 17
C:\Program Files (x86)\한국정보화진흥원\KW3C 2.0\onsgmls.exe:E:\git project\foodSen\foodSen\&DTDS\foodSen\git project\foodSen\foodSen\WebContent\images\sub\particiation\sub_title_01.gif.txt:2:254:554664300.139:E: non SGML character number 17
C:\Program Files (x86)\한국정보화진흥원\KW3C 2.0\onsgmls.exe:E:\git project\foodSen\foodSen\&DTDS\foodSen\git project\foodSen\foodSen\WebContent\images\sub\particiation\sub_title_01.gif.txt:2:255:554664300.139:E: non SGML character number 6
C:\Program Files (x86)\한국정보화진흥원\KW3C 2.0\onsgmls.exe:E:\git project\foodSen\foodSen\&DTDS\foodSen\git project\foodSen\foodSen\WebContent\images\sub\particiation\sub_title_01.gif.txt:2:256:554664300.139:E: non SGML character number 2
C:\Program Files (x86)\한국정보화진흥원\KW3C 2.0\onsgmls.exe:E:\git project\foodSen\foodSen\&DTDS\foodSen\git project\foodSen\foodSen\WebContent\images\sub\particiation\sub_title_01.gif.txt:2:262:554664300.338:W: cannot generate system identifier for general entity "j9"
C:\Program Files (x86)\한국정보화진흥원\KW3C 2.0\onsgmls.exe:E:\git project\foodSen\foodSen\&DTDS\foodSen\git project\foodSen\foodSen\WebContent\images\sub\particiation\sub_title_01.gif.txt:2:262:554664300.25:E: general entity "j9" not defined and no default entity
C:\Program Files (x86)\한국정보화진흥원\KW3C 2.0\onsgmls.exe:E:\git project\foodSen\foodSen\&DTDS\foodSen\git project\foodSen\foodSen\WebContent\images\sub\particiation\sub_title_01.gif.txt:2:264:554664300.325:E: reference to entity "j9" for which no system identifier could be generated
C:\Program Files (x86)\한국정보화진흥원\KW3C 2.0\onsgmls.exe:E:\git project\foodSen\foodSen\&DTDS\foodSen\git project\foodSen\foodSen\WebContent\images\sub\particiation\sub_title_01.gif.txt:2:261: entity was defined here
C:\Program Files (x86)\한국정보화진흥원\KW3C 2.0\onsgmls.exe:E:\git project\foodSen\foodSen\&DTDS\foodSen\git project\foodSen\foodSen\WebContent\images\sub\particiation\sub_title_01.gif.txt:2:264:554664300.139:E: non SGML character number 128
C:\Program Files (x86)\한국정보화진흥원\KW3C 2.0\onsgmls.exe:E:\git project\foodSen\foodSen\&DTDS\foodSen\git project\foodSen\foodSen\WebContent\images\sub\particiation\sub_title_01.gif.txt:2:266:554664300.139:E: non SGML character number 19
C:\Program Files (x86)\한국정보화진흥원\KW3C 2.0\onsgmls.exe:E:\git project\foodSen\foodSen\&DTDS\foodSen\git project\foodSen\foodSen\WebContent\images\sub\particiation\sub_title_01.gif.txt:2:275:554664300.139:E: non SGML character number 128
C:\Program Files (x86)\한국정보화진흥원\KW3C 2.0\onsgmls.exe:E:\git project\foodSen\foodSen\&DTDS\foodSen\git project\foodSen\foodSen\WebContent\images\sub\particiation\sub_title_01.gif.txt:2:281:554664300.139:E: non SGML character number 26
C:\Program Files (x86)\한국정보화진흥원\KW3C 2.0\onsgmls.exe:E:\git project\foodSen\foodSen\&DTDS\foodSen\git project\foodSen\foodSen\WebContent\images\sub\particiation\sub_title_01.gif.txt:2:284:554664300.139:E: non SGML character number 4
C:\Program Files (x86)\한국정보화진흥원\KW3C 2.0\onsgmls.exe:E:\git project\foodSen\foodSen\&DTDS\foodSen\git project\foodSen\foodSen\WebContent\images\sub\particiation\sub_title_01.gif.txt:2:285:554664300.139:E: non SGML character number 7
C:\Program Files (x86)\한국정보화진흥원\KW3C 2.0\onsgmls.exe:E:\git project\foodSen\foodSen\&DTDS\foodSen\git project\foodSen\foodSen\WebContent\images\sub\particiation\sub_title_01.gif.txt:2:286:554664300.139:E: non SGML character number 30
C:\Program Files (x86)\한국정보화진흥원\KW3C 2.0\onsgmls.exe:E:\git project\foodSen\foodSen\&DTDS\foodSen\git project\foodSen\foodSen\WebContent\images\sub\particiation\sub_title_01.gif.txt:3:25:554664300.139:E: non SGML character number 20
C:\Program Files (x86)\한국정보화진흥원\KW3C 2.0\onsgmls.exe:E:\git project\foodSen\foodSen\&DTDS\foodSen\git project\foodSen\foodSen\WebContent\images\sub\particiation\sub_title_01.gif.txt:3:56:554664300.139:E: non SGML character number 16
C:\Program Files (x86)\한국정보화진흥원\KW3C 2.0\onsgmls.exe:E:\git project\foodSen\foodSen\&DTDS\foodSen\git project\foodSen\foodSen\WebContent\images\sub\particiation\sub_title_01.gif.txt:3:67:554664300.139:E: non SGML character number 3
C:\Program Files (x86)\한국정보화진흥원\KW3C 2.0\onsgmls.exe:E:\git project\foodSen\foodSen\&DTDS\foodSen\git project\foodSen\foodSen\WebContent\images\sub\particiation\sub_title_01.gif.txt:4:16:554664300.139:E: non SGML character number 17
C:\Program Files (x86)\한국정보화진흥원\KW3C 2.0\onsgmls.exe:E:\git project\foodSen\foodSen\&DTDS\foodSen\git project\foodSen\foodSen\WebContent\images\sub\particiation\sub_title_01.gif.txt:4:18:554664300.139:E: non SGML character number 17
C:\Program Files (x86)\한국정보화진흥원\KW3C 2.0\onsgmls.exe:E:\git project\foodSen\foodSen\&DTDS\foodSen\git project\foodSen\foodSen\WebContent\images\sub\particiation\sub_title_01.gif.txt:4:20:554664300.139:E: non SGML character number 26
C:\Program Files (x86)\한국정보화진흥원\KW3C 2.0\onsgmls.exe:E:\git project\foodSen\foodSen\&DTDS\foodSen\git project\foodSen\foodSen\WebContent\images\sub\particiation\sub_title_01.gif.txt:4:25:554664300.139:E: non SGML character number 24
C:\Program Files (x86)\한국정보화진흥원\KW3C 2.0\onsgmls.exe:E:\git project\foodSen\foodSen\&DTDS\foodSen\git project\foodSen\foodSen\WebContent\images\sub\particiation\sub_title_01.gif.txt:4:34:554664300.139:E: non SGML character number 4
C:\Program Files (x86)\한국정보화진흥원\KW3C 2.0\onsgmls.exe:E:\git project\foodSen\foodSen\&DTDS\foodSen\git project\foodSen\foodSen\WebContent\images\sub\particiation\sub_title_01.gif.txt:4:38:554664300.139:E: non SGML character number 19
C:\Program Files (x86)\한국정보화진흥원\KW3C 2.0\onsgmls.exe:E:\git project\foodSen\foodSen\&DTDS\foodSen\git project\foodSen\foodSen\WebContent\images\sub\particiation\sub_title_01.gif.txt:4:41:554664300.139:E: non SGML character number 24
C:\Program Files (x86)\한국정보화진흥원\KW3C 2.0\onsgmls.exe:E:\git project\foodSen\foodSen\&DTDS\foodSen\git project\foodSen\foodSen\WebContent\images\sub\particiation\sub_title_01.gif.txt:4:42:554664300.139:E: non SGML character number 21
C:\Program Files (x86)\한국정보화진흥원\KW3C 2.0\onsgmls.exe:E:\git project\foodSen\foodSen\&DTDS\foodSen\git project\foodSen\foodSen\WebContent\images\sub\particiation\sub_title_01.gif.txt:4:47:554664300.139:E: non SGML character number 22
C:\Program Files (x86)\한국정보화진흥원\KW3C 2.0\onsgmls.exe:E:\git project\foodSen\foodSen\&DTDS\foodSen\git project\foodSen\foodSen\WebContent\images\sub\particiation\sub_title_01.gif.txt:4:53:554664300.139:E: non SGML character number 23
C:\Program Files (x86)\한국정보화진흥원\KW3C 2.0\onsgmls.exe:E:\git project\foodSen\foodSen\&DTDS\foodSen\git project\foodSen\foodSen\WebContent\images\sub\particiation\sub_title_01.gif.txt:4:55:554664300.139:E: non SGML character number 3
C:\Program Files (x86)\한국정보화진흥원\KW3C 2.0\onsgmls.exe:E:\git project\foodSen\foodSen\&DTDS\foodSen\git project\foodSen\foodSen\WebContent\images\sub\particiation\sub_title_01.gif.txt:4:58:554664300.139:E: non SGML character number 14
C:\Program Files (x86)\한국정보화진흥원\KW3C 2.0\onsgmls.exe:E:\git project\foodSen\foodSen\&DTDS\foodSen\git project\foodSen\foodSen\WebContent\images\sub\particiation\sub_title_01.gif.txt:4:62:554664300.139:E: non SGML character number 6
C:\Program Files (x86)\한국정보화진흥원\KW3C 2.0\onsgmls.exe:E:\git project\foodSen\foodSen\&DTDS\foodSen\git project\foodSen\foodSen\WebContent\images\sub\particiation\sub_title_01.gif.txt:4:64:554664300.139:E: non SGML character number 19
C:\Program Files (x86)\한국정보화진흥원\KW3C 2.0\onsgmls.exe:E:\git project\foodSen\foodSen\&DTDS\foodSen\git project\foodSen\foodSen\WebContent\images\sub\particiation\sub_title_01.gif.txt:4:68:554664300.139:E: non SGML character number 27
C:\Program Files (x86)\한국정보화진흥원\KW3C 2.0\onsgmls.exe:E:\git project\foodSen\foodSen\&DTDS\foodSen\git project\foodSen\foodSen\WebContent\images\sub\particiation\sub_title_01.gif.txt:4:70:554664300.139:E: non SGML character number 30
C:\Program Files (x86)\한국정보화진흥원\KW3C 2.0\onsgmls.exe:E:\git project\foodSen\foodSen\&DTDS\foodSen\git project\foodSen\foodSen\WebContent\images\sub\particiation\sub_title_01.gif.txt:4:82:554664300.139:E: non SGML character number 5
C:\Program Files (x86)\한국정보화진흥원\KW3C 2.0\onsgmls.exe:E:\git project\foodSen\foodSen\&DTDS\foodSen\git project\foodSen\foodSen\WebContent\images\sub\particiation\sub_title_01.gif.txt:4:85:554664300.338:W: cannot generate system identifier for general entity "똠"
C:\Program Files (x86)\한국정보화진흥원\KW3C 2.0\onsgmls.exe:E:\git project\foodSen\foodSen\&DTDS\foodSen\git project\foodSen\foodSen\WebContent\images\sub\particiation\sub_title_01.gif.txt:4:85:554664300.25:E: general entity "똠" not defined and no default entity
C:\Program Files (x86)\한국정보화진흥원\KW3C 2.0\onsgmls.exe:E:\git project\foodSen\foodSen\&DTDS\foodSen\git project\foodSen\foodSen\WebContent\images\sub\particiation\sub_title_01.gif.txt:4:86:554664300.325:E: reference to entity "똠" for which no system identifier could be generated
C:\Program Files (x86)\한국정보화진흥원\KW3C 2.0\onsgmls.exe:E:\git project\foodSen\foodSen\&DTDS\foodSen\git project\foodSen\foodSen\WebContent\images\sub\particiation\sub_title_01.gif.txt:4:84: entity was defined here
C:\Program Files (x86)\한국정보화진흥원\KW3C 2.0\onsgmls.exe:E:\git project\foodSen\foodSen\&DTDS\foodSen\git project\foodSen\foodSen\WebContent\images\sub\particiation\sub_title_01.gif.txt:4:86:554664300.139:E: non SGML character number 14
C:\Program Files (x86)\한국정보화진흥원\KW3C 2.0\onsgmls.exe:E:\git project\foodSen\foodSen\&DTDS\foodSen\git project\foodSen\foodSen\WebContent\images\sub\particiation\sub_title_01.gif.txt:4:87:554664300.139:E: non SGML character number 21
C:\Program Files (x86)\한국정보화진흥원\KW3C 2.0\onsgmls.exe:E:\git project\foodSen\foodSen\&DTDS\foodSen\git project\foodSen\foodSen\WebContent\images\sub\particiation\sub_title_01.gif.txt:4:98:554664300.139:E: non SGML character number 23
C:\Program Files (x86)\한국정보화진흥원\KW3C 2.0\onsgmls.exe:E:\git project\foodSen\foodSen\&DTDS\foodSen\git project\foodSen\foodSen\WebContent\images\sub\particiation\sub_title_01.gif.txt:4:104:554664300.139:E: non SGML character number 127
C:\Program Files (x86)\한국정보화진흥원\KW3C 2.0\onsgmls.exe:E:\git project\foodSen\foodSen\&DTDS\foodSen\git project\foodSen\foodSen\WebContent\images\sub\particiation\sub_title_01.gif.txt:4:107:554664300.139:E: non SGML character number 22
C:\Program Files (x86)\한국정보화진흥원\KW3C 2.0\onsgmls.exe:E:\git project\foodSen\foodSen\&DTDS\foodSen\git project\foodSen\foodSen\WebContent\images\sub\particiation\sub_title_01.gif.txt:4:111:554664300.139:E: non SGML character number 18
C:\Program Files (x86)\한국정보화진흥원\KW3C 2.0\onsgmls.exe:E:\git project\foodSen\foodSen\&DTDS\foodSen\git project\foodSen\foodSen\WebContent\images\sub\particiation\sub_title_01.gif.txt:4:112:554664300.139:E: non SGML character number 20
C:\Program Files (x86)\한국정보화진흥원\KW3C 2.0\onsgmls.exe:E:\git project\foodSen\foodSen\&DTDS\foodSen\git project\foodSen\foodSen\WebContent\images\sub\particiation\sub_title_01.gif.txt:4:114:554664300.139:E: non SGML character number 2
C:\Program Files (x86)\한국정보화진흥원\KW3C 2.0\onsgmls.exe:E:\git project\foodSen\foodSen\&DTDS\foodSen\git project\foodSen\foodSen\WebContent\images\sub\particiation\sub_title_01.gif.txt:4:115:554664300.139:E: non SGML character number 20
C:\Program Files (x86)\한국정보화진흥원\KW3C 2.0\onsgmls.exe:E:\git project\foodSen\foodSen\&DTDS\foodSen\git project\foodSen\foodSen\WebContent\images\sub\particiation\sub_title_01.gif.txt:4:116:554664300.139:E: non SGML character number 12
C:\Program Files (x86)\한국정보화진흥원\KW3C 2.0\onsgmls.exe:E:\git project\foodSen\foodSen\&DTDS\foodSen\git project\foodSen\foodSen\WebContent\images\sub\particiation\sub_title_01.gif.txt:4:118:554664300.139:E: non SGML character number 128
C:\Program Files (x86)\한국정보화진흥원\KW3C 2.0\onsgmls.exe:E:\git project\foodSen\foodSen\&DTDS\foodSen\git project\foodSen\foodSen\WebContent\images\sub\particiation\sub_title_01.gif.txt:4:119:554664300.139:E: non SGML character number 5
C:\Program Files (x86)\한국정보화진흥원\KW3C 2.0\onsgmls.exe:E:\git project\foodSen\foodSen\&DTDS\foodSen\git project\foodSen\foodSen\WebContent\images\sub\particiation\sub_title_01.gif.txt:4:120:554664300.139:E: non SGML character number 27
C:\Program Files (x86)\한국정보화진흥원\KW3C 2.0\onsgmls.exe:E:\git project\foodSen\foodSen\&DTDS\foodSen\git project\foodSen\foodSen\WebContent\images\sub\particiation\sub_title_01.gif.txt:4:123:554664300.81:E: character "?" not allowed in attribute specification list
C:\Program Files (x86)\한국정보화진흥원\KW3C 2.0\onsgmls.exe:E:\git project\foodSen\foodSen\&DTDS\foodSen\git project\foodSen\foodSen\WebContent\images\sub\particiation\sub_title_01.gif.txt:4:131:554664300.139:E: non SGML character number 12
C:\Program Files (x86)\한국정보화진흥원\KW3C 2.0\onsgmls.exe:E:\git project\foodSen\foodSen\&DTDS\foodSen\git project\foodSen\foodSen\WebContent\images\sub\particiation\sub_title_01.gif.txt:4:134:554664300.139:E: non SGML character number 24
C:\Program Files (x86)\한국정보화진흥원\KW3C 2.0\onsgmls.exe:E:\git project\foodSen\foodSen\&DTDS\foodSen\git project\foodSen\foodSen\WebContent\images\sub\particiation\sub_title_01.gif.txt:4:135:554664300.139:E: non SGML character number 12
C:\Program Files (x86)\한국정보화진흥원\KW3C 2.0\onsgmls.exe:E:\git project\foodSen\foodSen\&DTDS\foodSen\git project\foodSen\foodSen\WebContent\images\sub\particiation\sub_title_01.gif.txt:4:138:554664300.139:E: non SGML character number 18
C:\Program Files (x86)\한국정보화진흥원\KW3C 2.0\onsgmls.exe:E:\git project\foodSen\foodSen\&DTDS\foodSen\git project\foodSen\foodSen\WebContent\images\sub\particiation\sub_title_01.gif.txt:4:141:554664300.139:E: non SGML character number 4
C:\Program Files (x86)\한국정보화진흥원\KW3C 2.0\onsgmls.exe:E:\git project\foodSen\foodSen\&DTDS\foodSen\git project\foodSen\foodSen\WebContent\images\sub\particiation\sub_title_01.gif.txt:4:142:554664300.139:E: non SGML character number 1
C:\Program Files (x86)\한국정보화진흥원\KW3C 2.0\onsgmls.exe:E:\git project\foodSen\foodSen\&DTDS\foodSen\git project\foodSen\foodSen\WebContent\images\sub\particiation\sub_title_01.gif.txt:4:143:554664300.139:E: non SGML character number 23
C:\Program Files (x86)\한국정보화진흥원\KW3C 2.0\onsgmls.exe:E:\git project\foodSen\foodSen\&DTDS\foodSen\git project\foodSen\foodSen\WebContent\images\sub\particiation\sub_title_01.gif.txt:4:144:554664300.139:E: non SGML character number 24
C:\Program Files (x86)\한국정보화진흥원\KW3C 2.0\onsgmls.exe:E:\git project\foodSen\foodSen\&DTDS\foodSen\git project\foodSen\foodSen\WebContent\images\sub\particiation\sub_title_01.gif.txt:4:146:554664300.139:E: non SGML character number 1
C:\Program Files (x86)\한국정보화진흥원\KW3C 2.0\onsgmls.exe:E:\git project\foodSen\foodSen\&DTDS\foodSen\git project\foodSen\foodSen\WebContent\images\sub\particiation\sub_title_01.gif.txt:4:147:554664300.139:E: non SGML character number 1
C:\Program Files (x86)\한국정보화진흥원\KW3C 2.0\onsgmls.exe:E:\git project\foodSen\foodSen\&DTDS\foodSen\git project\foodSen\foodSen\WebContent\images\sub\particiation\sub_title_01.gif.txt:4:153:554664300.139:E: non SGML character number 7
C:\Program Files (x86)\한국정보화진흥원\KW3C 2.0\onsgmls.exe:E:\git project\foodSen\foodSen\&DTDS\foodSen\git project\foodSen\foodSen\WebContent\images\sub\particiation\sub_title_01.gif.txt:4:158:554664300.139:E: non SGML character number 8
C:\Program Files (x86)\한국정보화진흥원\KW3C 2.0\onsgmls.exe:E:\git project\foodSen\foodSen\&DTDS\foodSen\git project\foodSen\foodSen\WebContent\images\sub\particiation\sub_title_01.gif.txt:4:168:554664300.139:E: non SGML character number 28
C:\Program Files (x86)\한국정보화진흥원\KW3C 2.0\onsgmls.exe:E:\git project\foodSen\foodSen\&DTDS\foodSen\git project\foodSen\foodSen\WebContent\images\sub\particiation\sub_title_01.gif.txt:4:172:554664300.139:E: non SGML character number 12
C:\Program Files (x86)\한국정보화진흥원\KW3C 2.0\onsgmls.exe:E:\git project\foodSen\foodSen\&DTDS\foodSen\git project\foodSen\foodSen\WebContent\images\sub\particiation\sub_title_01.gif.txt:4:174:554664300.139:E: non SGML character number 4
C:\Program Files (x86)\한국정보화진흥원\KW3C 2.0\onsgmls.exe:E:\git project\foodSen\foodSen\&DTDS\foodSen\git project\foodSen\foodSen\WebContent\images\sub\particiation\sub_title_01.gif.txt:4:175:554664300.139:E: non SGML character number 3
C:\Program Files (x86)\한국정보화진흥원\KW3C 2.0\onsgmls.exe:E:\git project\foodSen\foodSen\&DTDS\foodSen\git project\foodSen\foodSen\WebContent\images\sub\particiation\sub_title_01.gif.txt:4:177:554664300.139:E: non SGML character number 11
C:\Program Files (x86)\한국정보화진흥원\KW3C 2.0\onsgmls.exe:E:\git project\foodSen\foodSen\&DTDS\foodSen\git project\foodSen\foodSen\WebContent\images\sub\particiation\sub_title_01.gif.txt:4:181:554664300.139:E: non SGML character number 16
C:\Program Files (x86)\한국정보화진흥원\KW3C 2.0\onsgmls.exe:E:\git project\foodSen\foodSen\&DTDS\foodSen\git project\foodSen\foodSen\WebContent\images\sub\particiation\sub_title_01.gif.txt:4:183:554664300.139:E: non SGML character number 8
C:\Program Files (x86)\한국정보화진흥원\KW3C 2.0\onsgmls.exe:E:\git project\foodSen\foodSen\&DTDS\foodSen\git project\foodSen\foodSen\WebContent\images\sub\particiation\sub_title_01.gif.txt:4:186:554664300.139:E: non SGML character number 6
C:\Program Files (x86)\한국정보화진흥원\KW3C 2.0\onsgmls.exe:E:\git project\foodSen\foodSen\&DTDS\foodSen\git project\foodSen\foodSen\WebContent\images\sub\particiation\sub_title_01.gif.txt:4:189:554664300.139:E: non SGML character number 5
C:\Program Files (x86)\한국정보화진흥원\KW3C 2.0\onsgmls.exe:E:\git project\foodSen\foodSen\&DTDS\foodSen\git project\foodSen\foodSen\WebContent\images\sub\particiation\sub_title_01.gif.txt:4:190:554664300.139:E: non SGML character number 3
C:\Program Files (x86)\한국정보화진흥원\KW3C 2.0\onsgmls.exe:E:\git project\foodSen\foodSen\&DTDS\foodSen\git project\foodSen\foodSen\WebContent\images\sub\particiation\sub_title_01.gif.txt:4:197:554664300.139:E: non SGML character number 16
C:\Program Files (x86)\한국정보화진흥원\KW3C 2.0\onsgmls.exe:E:\git project\foodSen\foodSen\&DTDS\foodSen\git project\foodSen\foodSen\WebContent\images\sub\particiation\sub_title_01.gif.txt:4:198:554664300.139:E: non SGML character number 24
C:\Program Files (x86)\한국정보화진흥원\KW3C 2.0\onsgmls.exe:E:\git project\foodSen\foodSen\&DTDS\foodSen\git project\foodSen\foodSen\WebContent\images\sub\particiation\sub_title_01.gif.txt:4:203:554664300.139:E: non SGML character number 6
C:\Program Files (x86)\한국정보화진흥원\KW3C 2.0\onsgmls.exe:E:\git project\foodSen\foodSen\&DTDS\foodSen\git project\foodSen\foodSen\WebContent\images\sub\particiation\sub_title_01.gif.txt:6:4:554664300.139:E: non SGML character number 2
C:\Program Files (x86)\한국정보화진흥원\KW3C 2.0\onsgmls.exe:E:\git project\foodSen\foodSen\&DTDS\foodSen\git project\foodSen\foodSen\WebContent\images\sub\particiation\sub_title_01.gif.txt:6:5:554664300.139:E: non SGML character number 23
C:\Program Files (x86)\한국정보화진흥원\KW3C 2.0\onsgmls.exe:E:\git project\foodSen\foodSen\&DTDS\foodSen\git project\foodSen\foodSen\WebContent\images\sub\particiation\sub_title_01.gif.txt:6:11:554664300.139:E: non SGML character number 2
C:\Program Files (x86)\한국정보화진흥원\KW3C 2.0\onsgmls.exe:E:\git project\foodSen\foodSen\&DTDS\foodSen\git project\foodSen\foodSen\WebContent\images\sub\particiation\sub_title_01.gif.txt:6:21:554664300.139:E: non SGML character number 128
C:\Program Files (x86)\한국정보화진흥원\KW3C 2.0\onsgmls.exe:E:\git project\foodSen\foodSen\&DTDS\foodSen\git project\foodSen\foodSen\WebContent\images\sub\particiation\sub_title_01.gif.txt:6:22:554664300.139:E: non SGML character number 2
C:\Program Files (x86)\한국정보화진흥원\KW3C 2.0\onsgmls.exe:E:\git project\foodSen\foodSen\&DTDS\foodSen\git project\foodSen\foodSen\WebContent\images\sub\particiation\sub_title_01.gif.txt:6:23:554664300.139:E: non SGML character number 18
C:\Program Files (x86)\한국정보화진흥원\KW3C 2.0\onsgmls.exe:E:\git project\foodSen\foodSen\&DTDS\foodSen\git project\foodSen\foodSen\WebContent\images\sub\particiation\sub_title_01.gif.txt:6:28:554664300.139:E: non SGML character number 5
C:\Program Files (x86)\한국정보화진흥원\KW3C 2.0\onsgmls.exe:E:\git project\foodSen\foodSen\&DTDS\foodSen\git project\foodSen\foodSen\WebContent\images\sub\particiation\sub_title_01.gif.txt:6:38:554664300.139:E: non SGML character number 26
C:\Program Files (x86)\한국정보화진흥원\KW3C 2.0\onsgmls.exe:E:\git project\foodSen\foodSen\&DTDS\foodSen\git project\foodSen\foodSen\WebContent\images\sub\particiation\sub_title_01.gif.txt:7:13:554664300.139:E: non SGML character number 7
C:\Program Files (x86)\한국정보화진흥원\KW3C 2.0\onsgmls.exe:E:\git project\foodSen\foodSen\&DTDS\foodSen\git project\foodSen\foodSen\WebContent\images\sub\particiation\sub_title_01.gif.txt:7:16:554664300.139:E: non SGML character number 29
C:\Program Files (x86)\한국정보화진흥원\KW3C 2.0\onsgmls.exe:E:\git project\foodSen\foodSen\&DTDS\foodSen\git project\foodSen\foodSen\WebContent\images\sub\particiation\sub_title_01.gif.txt:7:19:554664300.139:E: non SGML character number 17
C:\Program Files (x86)\한국정보화진흥원\KW3C 2.0\onsgmls.exe:E:\git project\foodSen\foodSen\&DTDS\foodSen\git project\foodSen\foodSen\WebContent\images\sub\particiation\sub_title_01.gif.txt:7:20:554664300.139:E: non SGML character number 18
C:\Program Files (x86)\한국정보화진흥원\KW3C 2.0\onsgmls.exe:E:\git project\foodSen\foodSen\&DTDS\foodSen\git project\foodSen\foodSen\WebContent\images\sub\particiation\sub_title_01.gif.txt:7:27:554664300.139:E: non SGML character number 14
C:\Program Files (x86)\한국정보화진흥원\KW3C 2.0\onsgmls.exe:E:\git project\foodSen\foodSen\&DTDS\foodSen\git project\foodSen\foodSen\WebContent\images\sub\particiation\sub_title_01.gif.txt:7:29:554664300.139:E: non SGML character number 6
C:\Program Files (x86)\한국정보화진흥원\KW3C 2.0\onsgmls.exe:E:\git project\foodSen\foodSen\&DTDS\foodSen\git project\foodSen\foodSen\WebContent\images\sub\particiation\sub_title_01.gif.txt:7:40:554664300.139:E: non SGML character number 28
C:\Program Files (x86)\한국정보화진흥원\KW3C 2.0\onsgmls.exe:E:\git project\foodSen\foodSen\&DTDS\foodSen\git project\foodSen\foodSen\WebContent\images\sub\particiation\sub_title_01.gif.txt:7:42:554664300.139:E: non SGML character number 15
C:\Program Files (x86)\한국정보화진흥원\KW3C 2.0\onsgmls.exe:E:\git project\foodSen\foodSen\&DTDS\foodSen\git project\foodSen\foodSen\WebContent\images\sub\particiation\sub_title_01.gif.txt:7:44:554664300.139:E: non SGML character number 4
C:\Program Files (x86)\한국정보화진흥원\KW3C 2.0\onsgmls.exe:E:\git project\foodSen\foodSen\&DTDS\foodSen\git project\foodSen\foodSen\WebContent\images\sub\particiation\sub_title_01.gif.txt:7:45:554664300.139:E: non SGML character number 27
C:\Program Files (x86)\한국정보화진흥원\KW3C 2.0\onsgmls.exe:E:\git project\foodSen\foodSen\&DTDS\foodSen\git project\foodSen\foodSen\WebContent\images\sub\particiation\sub_title_01.gif.txt:7:57:554664300.139:E: non SGML character number 3
C:\Program Files (x86)\한국정보화진흥원\KW3C 2.0\onsgmls.exe:E:\git project\foodSen\foodSen\&DTDS\foodSen\git project\foodSen\foodSen\WebContent\images\sub\particiation\sub_title_01.gif.txt:7:60:554664300.139:E: non SGML character number 6
C:\Program Files (x86)\한국정보화진흥원\KW3C 2.0\onsgmls.exe:E:\git project\foodSen\foodSen\&DTDS\foodSen\git project\foodSen\foodSen\WebContent\images\sub\particiation\sub_title_01.gif.txt:7:61:554664300.139:E: non SGML character number 20
C:\Program Files (x86)\한국정보화진흥원\KW3C 2.0\onsgmls.exe:E:\git project\foodSen\foodSen\&DTDS\foodSen\git project\foodSen\foodSen\WebContent\images\sub\particiation\sub_title_01.gif.txt:7:66:554664300.139:E: non SGML character number 31
C:\Program Files (x86)\한국정보화진흥원\KW3C 2.0\onsgmls.exe:E:\git project\foodSen\foodSen\&DTDS\foodSen\git project\foodSen\foodSen\WebContent\images\sub\particiation\sub_title_01.gif.txt:7:73:554664300.139:E: non SGML character number 17
C:\Program Files (x86)\한국정보화진흥원\KW3C 2.0\onsgmls.exe:E:\git project\foodSen\foodSen\&DTDS\foodSen\git project\foodSen\foodSen\WebContent\images\sub\particiation\sub_title_01.gif.txt:7:75:554664300.139:E: non SGML character number 28
C:\Program Files (x86)\한국정보화진흥원\KW3C 2.0\onsgmls.exe:E:\git project\foodSen\foodSen\&DTDS\foodSen\git project\foodSen\foodSen\WebContent\images\sub\particiation\sub_title_01.gif.txt:7:77:554664300.139:E: non SGML character number 2
C:\Program Files (x86)\한국정보화진흥원\KW3C 2.0\onsgmls.exe:E:\git project\foodSen\foodSen\&DTDS\foodSen\git project\foodSen\foodSen\WebContent\images\sub\particiation\sub_title_01.gif.txt:7:78:554664300.139:E: non SGML character number 5
C:\Program Files (x86)\한국정보화진흥원\KW3C 2.0\onsgmls.exe:E:\git project\foodSen\foodSen\&DTDS\foodSen\git project\foodSen\foodSen\WebContent\images\sub\particiation\sub_title_01.gif.txt:7:82:554664300.139:E: non SGML character number 6
C:\Program Files (x86)\한국정보화진흥원\KW3C 2.0\onsgmls.exe:E:\git project\foodSen\foodSen\&DTDS\foodSen\git project\foodSen\foodSen\WebContent\images\sub\particiation\sub_title_01.gif.txt:7:83:554664300.139:E: non SGML character number 2
C:\Program Files (x86)\한국정보화진흥원\KW3C 2.0\onsgmls.exe:E:\git project\foodSen\foodSen\&DTDS\foodSen\git project\foodSen\foodSen\WebContent\images\sub\particiation\sub_title_01.gif.txt:7:84:554664300.139:E: non SGML character number 11
C:\Program Files (x86)\한국정보화진흥원\KW3C 2.0\onsgmls.exe:E:\git project\foodSen\foodSen\&DTDS\foodSen\git project\foodSen\foodSen\WebContent\images\sub\particiation\sub_title_01.gif.txt:7:93:554664300.139:E: non SGML character number 20
C:\Program Files (x86)\한국정보화진흥원\KW3C 2.0\onsgmls.exe:E:\git project\foodSen\foodSen\&DTDS\foodSen\git project\foodSen\foodSen\WebContent\images\sub\particiation\sub_title_01.gif.txt:7:135:554664300.139:E: non SGML character number 31
C:\Program Files (x86)\한국정보화진흥원\KW3C 2.0\onsgmls.exe:E:\git project\foodSen\foodSen\&DTDS\foodSen\git project\foodSen\foodSen\WebContent\images\sub\particiation\sub_title_01.gif.txt:7:139:554664300.139:E: non SGML character number 30
C:\Program Files (x86)\한국정보화진흥원\KW3C 2.0\onsgmls.exe:E:\git project\foodSen\foodSen\&DTDS\foodSen\git project\foodSen\foodSen\WebContent\images\sub\particiation\sub_title_01.gif.txt:7:165:554664300.139:E: non SGML character number 29
C:\Program Files (x86)\한국정보화진흥원\KW3C 2.0\onsgmls.exe:E:\git project\foodSen\foodSen\&DTDS\foodSen\git project\foodSen\foodSen\WebContent\images\sub\particiation\sub_title_01.gif.txt:7:176:554664300.139:E: non SGML character number 7
C:\Program Files (x86)\한국정보화진흥원\KW3C 2.0\onsgmls.exe:E:\git project\foodSen\foodSen\&DTDS\foodSen\git project\foodSen\foodSen\WebContent\images\sub\particiation\sub_title_01.gif.txt:7:177:554664300.139:E: non SGML character number 26
C:\Program Files (x86)\한국정보화진흥원\KW3C 2.0\onsgmls.exe:E:\git project\foodSen\foodSen\&DTDS\foodSen\git project\foodSen\foodSen\WebContent\images\sub\particiation\sub_title_01.gif.txt:7:178:554664300.139:E: non SGML character number 4
C:\Program Files (x86)\한국정보화진흥원\KW3C 2.0\onsgmls.exe:E:\git project\foodSen\foodSen\&DTDS\foodSen\git project\foodSen\foodSen\WebContent\images\sub\particiation\sub_title_01.gif.txt:7:179:554664300.139:E: non SGML character number 1
C:\Program Files (x86)\한국정보화진흥원\KW3C 2.0\onsgmls.exe:E:\git project\foodSen\foodSen\&DTDS\foodSen\git project\foodSen\foodSen\WebContent\images\sub\particiation\sub_title_01.gif.txt:7:183:554664300.70:E: end tag for "a" omitted, but OMITTAG NO was specified
C:\Program Files (x86)\한국정보화진흥원\KW3C 2.0\onsgmls.exe:E:\git project\foodSen\foodSen\&DTDS\foodSen\git project\foodSen\foodSen\WebContent\images\sub\particiation\sub_title_01.gif.txt:4:121: start tag was here
C:\Program Files (x86)\한국정보화진흥원\KW3C 2.0\onsgmls.exe:E:\git project\foodSen\foodSen\&DTDS\foodSen\git project\foodSen\foodSen\WebContent\images\sub\particiation\sub_title_01.gif.txt:7:183:554664300.70:E: end tag for "Y킶" omitted, but OMITTAG NO was specified
C:\Program Files (x86)\한국정보화진흥원\KW3C 2.0\onsgmls.exe:E:\git project\foodSen\foodSen\&DTDS\foodSen\git project\foodSen\foodSen\WebContent\images\sub\particiation\sub_title_01.gif.txt:2:59: start tag was here
